PocketMine-MP Crash Dump Fri Jan 6 14:02:51 GMT 2023

PocketMine-MP version: 4.12.2 [Protocol 560]
Git commit: 0ee6cdb058d4bd2e058352b3a710177366019c03
PHP version: 8.0.18
OS: WINNT, win

THIS CRASH WAS CAUSED BY A PLUGIN
BAD PLUGIN: EmporiumPrison

Error: Class "DataManager" not found
File: plugins/EmporiumPrison/src/Emporium/Prison/Listeners/Players/PlayerListener
Line: 42
Type: Error
Backtrace:
#0 pmsrc/src/event/RegisteredListener(60): Emporium\Prison\Listeners\Players\PlayerListener->onLogin(object pocketmine\event\player\PlayerPreLoginEvent#26043)
#1 pmsrc/src/event/Event(62): pocketmine\event\RegisteredListener->callEvent(object pocketmine\event\player\PlayerPreLoginEvent#26043)
#2 pmsrc/src/network/mcpe/handler/LoginPacketHandler(136): pocketmine\event\Event->call()
#3 pmsrc/vendor/pocketmine/bedrock-protocol/src/LoginPacket(105): pocketmine\network\mcpe\handler\LoginPacketHandler->handleLogin(object pocketmine\network\mcpe\protocol\LoginPacket#25988)
#4 pmsrc/src/network/mcpe/NetworkSession(418): pocketmine\network\mcpe\protocol\LoginPacket->handle(object pocketmine\network\mcpe\handler\LoginPacketHandler#25999)
#5 pmsrc/src/network/mcpe/NetworkSession(374): pocketmine\network\mcpe\NetworkSession->handleDataPacket(object pocketmine\network\mcpe\protocol\LoginPacket#25988, string[55515] ....0.......{"chain":["eyJhbGciOiJFUzM4NCIsIng1dSI6Ik1IWXdFQVlIS29aSXpqMENBUVlGS)
#6 pmsrc/src/network/mcpe/raklib/RakLibInterface(183): pocketmine\network\mcpe\NetworkSession->handleEncoded(string[12415] .}.r.8..$.*.....|ER.....HJ.H.'@D*5.....J.%..T.'..J..27.....,....|..5.W.....~....)
#7 pmsrc/vendor/pocketmine/raklib-ipc/src/RakLibToUserThreadMessageReceiver(42): pocketmine\network\mcpe\raklib\RakLibInterface->onPacketReceive(int 0, string[12416] ..}.r.8..$.*.....|ER.....HJ.H.'@D*5.....J.%..T.'..J..27.....,....|..5.W.....~...)
#8 pmsrc/src/network/mcpe/raklib/RakLibInterface(113): raklib\server\ipc\RakLibToUserThreadMessageReceiver->handle(object pocketmine\network\mcpe\raklib\RakLibInterface#61)
#9 pmsrc/vendor/pocketmine/snooze/src/SleeperHandler(123): pocketmine\network\mcpe\raklib\RakLibInterface->pocketmine\network\mcpe\raklib\{closure}()
#10 pmsrc/vendor/pocketmine/snooze/src/SleeperHandler(82): pocketmine\snooze\SleeperHandler->processNotifications()
#11 pmsrc/src/Server(1703): pocketmine\snooze\SleeperHandler->sleepUntil(float 1673013771.9189)
#12 pmsrc/src/Server(1061): pocketmine\Server->tickProcessor()
#13 pmsrc/src/PocketMine(339): pocketmine\Server->__construct(object BaseClassLoader#4, object pocketmine\utils\MainLogger#3, string[38] C:\Users\brant\Desktop\EmporiumPrison\, string[46] C:\Users\brant\Desktop\EmporiumPrison\plugins\)
#14 pmsrc/src/PocketMine(362): pocketmine\server()
#15 pmsrc(11): require(string[82] phar://C:/Users/brant/Desktop/EmporiumPrison/PocketMine-MP.phar/src/PocketMine.p)

Code:
[33]         $playerName = $event->getPlayerInfo()->getUsername();
[34]         # create player data file if it doesn't exist
[35]         if(file_exists("C:/Users/brant/Desktop/EmporiumPrison/plugin_data/EmporiumPrison/Players/" . $playerName . ".yml")) {
[36]             $this->main->getLogger()->info(TF::GREEN . $playerName . " Loaded successfully!");
[37]         } else {
[38]             new Config("C:/Users/brant/Desktop/EmporiumPrison/plugin_data/EmporiumPrison/Players/" . $playerName . ".yml", Config::YAML, $this->defaultPlayerConfigData);
[39]             $this->main->getLogger()->info(TF::GREEN . $playerName . " Data folder successfully created!");
[40]         }
[41]         # check if player is banned
[42]         $isBanned = (new DataManager)->getOfflinePlayerData($playerName, "Players", "banned");
[43]         if($isBanned) {
[44]             $event->setKickReason(PlayerPreLoginEvent::KICK_REASON_BANNED, TF::RED . "You are banned from" . TF::AQUA . "Emporium" . TF::DARK_AQUA . "MC");
[45]         }
[46] 
[47]     }
[48] 
[49]     public function onJoin(PlayerJoinEvent $event) {
[50] 
[51]         $player = $event->getPlayer();
[52]         $playerName = $player->getName();

Loaded plugins:
DevTools 1.15.0 by PocketMine Team for API(s) 4.0.0
EmporiumPrison 1.0.0 alpha by EmporiumNetwork for API(s) 4.0.0

uname -a: Windows NT BRANT-PC 10.0 build 19044 (Windows 10) AMD64
Zend version: 4.0.18
Composer libraries: 
- adhocore/json-comment 1.2.1@651023f9fe52e9efa2198cbaf6e481d1968e2377
- brick/math 0.10.2@459f2781e1a08d52ee56b0b1444086e038561e3f
- daverandom/callback-validator unknown@unknown
- fgrosse/phpasn1 v2.4.0@eef488991d53e58e60c9554b09b1201ca5ba9296
- netresearch/jsonmapper v4.1.0@cfa81ea1d35294d64adb9c68aa4cb9e92400e53f
- pocketmine/bedrock-data 1.13.0+bedrock-1.19.50@57337ddc9433a0e245a1ce48c51af05f0573d58d
- pocketmine/bedrock-protocol 17.1.0+bedrock-1.19.50@c572706cf5e3202718dd35a35dd30fe08cd671de
- pocketmine/binaryutils 0.2.4@5ac7eea91afbad8dc498f5ce34ce6297d5e6ea9a
- pocketmine/callback-validator 1.0.3@64787469766bcaa7e5885242e85c23c25e8c55a2
- pocketmine/classloader 0.2.0@49ea303993efdfb39cd302e2156d50aa78209e78
- pocketmine/color 0.2.0@09be6ea6d76f2e33d6813c39d29c22c46c17e1d2
- pocketmine/errorhandler 0.6.0@dae214a04348b911e8219ebf125ff1c5589cc878
- pocketmine/locale-data 2.11.0@4b33d8fa53eda53d9662a7478806ebae2e4a5c53
- pocketmine/log 0.4.0@e6c912c0f9055c81d23108ec2d179b96f404c043
- pocketmine/log-pthreads 0.4.0@61f709e8cf36bcc24e4efe02acded680a1ce23cd
- pocketmine/math 0.4.3@47a243d320b01c8099d65309967934c188111549
- pocketmine/nbt 0.3.3@f4321be50df1a18b9f4e94d428a2e68a6e2ac2b4
- pocketmine/pocketmine-mp 4.12.2@0ee6cdb058d4bd2e058352b3a710177366019c03
- pocketmine/raklib 0.14.5@85b4e5cb7117d37e010eeadb3ff53b21276c6f48
- pocketmine/raklib-ipc 0.1.1@922a6444b0c6c7daaa5aa5a832107e1ec4738aed
- pocketmine/snooze 0.3.1@0ac8fc2a781c419a1f64ebca4d5835028f59e29b
- ramsey/collection 1.2.2@cccc74ee5e328031b15640b51056ee8d3bb66c0a
- ramsey/uuid 4.6.0@ad63bc700e7d021039e30ce464eba384c4a1d40f
- rhumsaa/uuid unknown@unknown
- symfony/filesystem v5.4.13@ac09569844a9109a5966b9438fc29113ce77cf51
- symfony/polyfill-ctype v1.27.0@5bbc823adecdae860bb64756d639ecfec17b050a
- symfony/polyfill-mbstring v1.27.0@8ad114f6b39e2c98a8b0e3bd907732c207c2b534
- symfony/polyfill-php80 v1.27.0@7a6ff3f1959bb01aefccb463a0f2cd3d3d2fd936
- symfony/polyfill-php81 v1.27.0@707403074c8ea6e2edaf8794b0157a0bfa52157a
- webmozart/assert 1.11.0@11cb2199493b2f8a3b53e7f19068fc6aac760991
- webmozart/path-util 2.3.0@d939f7edc24c9a1bb9c0dee5cb05d8e859490725

----------------------REPORT THE DATA BELOW THIS LINE-----------------------

===BEGIN CRASH DUMP===
eNrtWwlz20aW/is9dLYiz4oUbgKcckqOpSRKbEsjyevshi6nATRERCDA4NCRbPa37/deN0iQkl3J
THZrq9aejA308frdV4O/jrKqXsr2/Y2qm7wqRzNvf9TmSzWa2cHUtWx3OrUnketOrXB/1K30lDOd
TKMwCv3ID60ocgN/f1TIpj2u66oezX4dtfcrLBvp9/3RUjWNvKKRF1jWiPnoSLbylSwxWM9Hoqxa
kVVdmWJt1hXFV3nBi2fz+ZsGiM3ncS3Ldj4/Us11W63m8+PlqqrzbnlW501VzuerorvKy+bhRFMn
m8H5vB9+mTetKhn0WSHvBw/9zGS1WBE6GhUD/2Ab/AGgr4cOzNga9IGBfLANGECLvARQzwGra5ng
8YfRE0uslgSO/q9uVNkenKsr2lKrtN+6F1hPZ+IfoWb8RVW+rEDCXhX/pJJWrKrkWrVLIDKf83HE
Q9rR7zyrFW84psknTmB57lOg/sR+gCev2AscoPYI1IdUjL9IZFHoXf8sNs4Am1K1t1V9fbBMVupg
Icu0UPUB7zqTBP4bPbRnu8HjqDJwjd0eQ3cNdIynVX2w2XIQq7TG23hVV22VVAUjMDhrz7b8nUMM
evM54TefGwQhvAcYjr/Qkx8U2A6oHoktWE8cPwpDJsP7EJNe65cLmCdsf8+zw4/j/OhBPba/A9GP
0EzoRhGj6/9OdN2p93F0t9f3eJLrMUL6p1i7L5q2zsurH3zft/13YoI/1kT/+XU+ShYyL+cw7flI
3X+7iL9O8tP826/e/PLKe/3ipDkpr+z04iQ4ubZP3n6ffvX3fytOLpxIXny/+vnV8esv3/xb8fUF
syP4EDtqeV3k8cG5vH6ZxyclbCyDM9mzQ/cfYctxmVSpSvcMUbbjMVG/TepJOJl8NvkrE/afx+f8
7zffTr6ZfH549FefX7+d/Mtkcjn5nJ4miA70Z5/XTyb+5C2//xf9xRRNP2hWmqRxvtLkatIuKwoC
l4tayfSVjiTnKlE5Qtae53ycVg0QXmibSeQOtSwNpL28bIW1FilRH5BI/1zymfrwj8rTJnn2hIAT
N2RBYFFP1Uf48wds8wOcehLYjHX0QZk1ZVX9opici0KplarXjtZx/0Hp/I49vyZF1XS1+k27atv6
BxAMd7VHL53Pt9cBHzh7cPZ11eZZnsgWdtOYc4fx8IKFs2dPLfd3Am7o/U3Z5sVeVlSyFcOsyw61
Q7SdR86wIJjtM/TM+Is2T67PNMJVbbB0BxDOeM8r7Nlz3egDQN6/T0BjW3fJ2k1+KRvF+dvLSqbw
2N6+eEStOtCC9OMVvB9cJvK7J+7arNzwnfgDSd16nxf8oX3rZFDT7n2A9gcZi7YtwzEThWB+ZH3q
5y6vVe8cQ+edWC1kPTs4eDE7YKwOGKkDg9Nunrg5dvzqbEJbd7CZrJ6O3v22P1J/Rgb9P5myAkcN
+H1e3lTFjVoiZ8JpKdiTtKN+llDfOhczFF+INNfFrDB/PtN53mu5VOKZ+EzpFOxKtRqDkzKr9p7y
ALG5xLK9p38DMNcbAHkiEji/VgkNTKTgjSA2iDwTeSvSSjXl561QdyCINvuDzXm2R0vf82SzNx/9
PpEaLtBRD6RtmAi5TLYInEBuk/tlMR89fSp+JUSCASLMjnaRN+MvlrAeJlqbEHEgJ05cfjWbfX1+
fPz6EcCCzTIVTZeQ6VMddf8XnMTcmg7O+U2oolH6/HDn/FLdihdVmeVX/0uM2DfHzWb//vzVy/2e
AanKZFcYJdArSOE1MdGfyLQjVpWqgEPb4pzRqLTnoGcNOUgD9rYCLlRyTepmVDBvRCzLUpFBes5Q
4fPmS56Auu8RuweGrBX9NMvI2jTtNLs3wHofSPc13ohe9Ck9lu62Yq8P0+rmebucM/bWqPY7RI1z
JSG2vUdKrtnsu5MX370/P35+cfr6/ZfPX78+PtoXxNnz4yPm5L9XnZC1MlSLrK6WLHZa8/zvb57z
onXp2s8cPT//7v16+tWLng5/l9tkKPRvr8g8GJrBXiFWXVzkici6MqEQLary2yrv6aFHpsVQrVni
WxqGbz90So85JO19fOfDLky/8ZbXxl399qnQ/1Tofyr0PxX6nwr9T4X+p0L/U6H/qdD/f13o91Vy
Q+Xwkbq5rKqCn6m+RWa5Htofre/lRvbE9icWhmTXLqq6oWRyA1dcKrkkyHKV04yHEGXRuyplXKAM
mUHEan+UQivLlDZjrqmy9mg4QCXU4Hxi/RoTaC2gjC4un59fvjnDwK2Km7wlfBdtu2rAo6u8XXTx
JKmWA4oP1jCQBu80BTYkP+gWDAkHKUIW4OY29f0eE+f+LOofpt2k4xsOnJ1eXL49PX95tMWD0W/U
GpE1yIF325FOrwyM0h2SYyKNJf6iqml3CITtEADjZCnbxXAEWSpQxN7hWLV8n1YtPObWqGkabQa6
uhi+o0bfms/yArgOR66Wq+HrQjZbuOTwFTfDgZ9Yipv3ZawtZ2usqltehfeJg4GmlURQOly0Srb5
cK6yQnEVNxxtmKPN9lAKWQ1HLs5ebh1/3/xclHSYeRLrqba6VmX+yzYL7u4M1YSujYF7uSQuOhOH
sf8lX2lrjCY+vSJIDbfj9W65zfWK0HMsy7VtJ8LA2dHpFulp9Z5R2x3EUL4tsAra2jRbCy/y5apQ
37/aonkHA7xSzrBD57K4rfMd+a9azi6Iw9qGgO1iR/cWXXnNzt9hJrnMlfwqzktZ32MIA5MpcQLV
VpHGZhGBSur7VVsNdoFZKQSt1ZL4bZn+JTVutvQyfSDSfEsLmFXucKhWUH+ys6tO61oP/z9gTuL0
LJHJYsBcWO9Peft+yU1KC5xYrAwSdDyVs7IY+Kst2ya7RczcfEQB5tlaW+IuL3C4Y1semNS8TxXs
J5NFA2/U1xyjmR/gRHhPwlKpIEljyw9TL04dhQfXd2JXTm3Lnk7dILDsKLFcwO4MLm9zZEK3jXh9
Kb48f/76cnz2QtjkM/lwYUeW54m9fpVtPRXPXx0F3oiJHLLsF8V24q21YbF6X5EuvD15/fqS9I9e
bnPdzYWbREB8DxnWss4VuzOZLkBRrQ7IMYyxxrSHYfgT+zDwbctxsyhTvqMilUnHjsIkllmgvNBO
7SgIlYOUiPhWI7k5ML4Q6FgT59Dzo8yZhraypRWmAKH8ILZi2/M8KwyU5YZ+YCs3Y08HWcDLIBJR
lR+jBBjfyCKHB6T+Olh3XVa35aH5l7Tuqq6aRh2AZtmU1A26cSbgxKFSmReGUWSnvqv8UAVWEvm+
F1tRbDuWnUg/lpETBYABf1yrRsk6WTADlnK1Yvu68Uj3DpNMAntpp5Bo5KWBJ9M4SoJQSi+JIxU5
nmUpnwl4pAVBHVbteWBN/9qPakdkHfpT152maRJ5rist5Xi+tBOwNfFtmVk+/pu6KZTqcdgbVRzZ
U8L1AfzEnzpTK0gyX7mO5UztMAUZ0vXxj5UpK0zSYGrDeLbhs1Ngb8FyBEsPfZlMlZIR8IplGqaJ
F4WZnyjXS1TgRNPUVwGm5TakR8VIqYF7GHjTcOoF0TQI4kTKKaQU+o7nqNBPHDdxfAUu+NLZAUgZ
blEZt0ioWYdepKRruVHkqizNYjdKQJyjHNsPUt8C6NCxIjUNdyBVRbWBAb0g/IN0GmSOct00CG03
caPUiRLHSbwgsafKTnew4Ysf0zZhUAFApRJHe9LyXC+MI9tWIQxGxZnt+Flmg6YwSpJwF52iopSh
VxfYHameFwOTMJPQ4RR/pVEQOHIKxoVWoGKcozzpJ767C+qKkWE7CJLIdhIriyzfT2CujmtboUqc
1J5GcRRknuUlQPUBhPEgqGhQgZ1NwccwyVxILHE85SmokCOTVIFdFmkuBLejq2tn4EHm3lQ6nptC
FWPYIH2Flga+i3+CaQRFssPQtm3fi7ZBlHFroo97mHmuY8fKt9LMljb4m3kKRuk5oXQUbDJQwMeJ
vW0Im8cxp0ra0R/+Aa/9oAuiHZw38Q9DP/aUn8RT256m7lRZNuDCR7hZ5ruxYzvTIAGfw8egUC+l
T1oOI8eRAdxibCVBMk2llD79F4JiC8qnEm/qhlLtMFjXroZB9qElkzBLoCWhnXh2JO0s8BQMzEuJ
OMuB0UbKiWKKtXLZqHsyhE3SRi7fOUzwZ+rBU8NrhMiAYpiSZ8UIBH6gVJi6cRwEiSU3QLou10GI
LECmgRsnU7jFaWoBeTdSrgW3RphIN/QSD97Us8hj1otu2UjZ73/o4Zv7ZVaV9weUXzT3TasoLbvx
oU62eygTK/KDKPQ8OCYrkj4MJIYvJQ7A8txETafwffYAzqoq7gGrGPd5941NPSG44jhOQseFZ0lg
wWFggUZvChcSAP0kU3AA0BSm+QGsQQLdgwtlatteFsAdKSeJQhnGlnLjNLKgWE7iWFOoqe96j4FD
NAutAaypDLLMzezIj2IYjlRZksRegIiROfB1+J+TpZEbfAiWPYRlTT3LxV9JqMha4FiycBpB6Wx/
Kq0YzsahJ10mLatfZN0ewOeqWmcE7JdsO4FiR5EXQcGzULqgRE2BoBWA9YFErAhg1fYWkBU8wZiC
Cvs3lzxl5EbZVKXwJQk0NUZYtVJFtmT5aYhAgAOsqePrKm2t8nQHCRhPBFV4IuF7xq7mto++P86q
WmylevPyibhcIMiLRrUtBNXwrVe7UKIqVYMH2YpElnQhHyuRl0nR0a0swOuuwwShFklBi4SJYF1U
S+zMCMAuzEZmal9UmKkbAilieNFrcV91tYFF941IWPMs5xOQeNElfHFPgF+r2zW4A3Od2ojbiu7B
KS2RtUApXcGp5hRa7wlDukfVdN8uVCm61VUtUwCYzMt52QObzUshnrxdKEJMtBVOQT4NEKaJAx4g
82ooqU/1NKOqo5IAPwvVMr+QCueJEjro0ciSIIPjiRoXktL2KzUTnCvTRLPoWiSw5dh8CzET89EP
886y5DTuS3ZxcX3/JU661uP1O6EfsrE4aURXItZfVcBRUKmPMlyWiZqPmKDnRVHdiiJviEhh+jPi
Jpfi752q72nNz/QwNlMzQS0F3nrMTQazR4AcQSmwgKDBS4IW3wsjAVqvexLj9fSAxidvYWhQJIhD
pqlAMqmlRtKgbp9YKkm9UMqq+YpZEdLgqfq5kwVx+yq/wVrkSJ0Se+ZQ4VhPCbo+UY1rBW61Y0iL
2nYzTPPZr7tlDEFBGZ8392VyKZtrQX0VqN+EF7xp6GIXp/WU0rJFXZVVB6FjebNPG1By6HqJzGhf
UKFQ6ysI5g3MmMaWXWkarBr4BWsFaIJy1tVdDsVUYANIYoUv18gRbw1CJxmpOK0hVd4Xefs52NfW
vC1VLbUsSdN2Nos90NDB3BxmC5MxNpTOGNSuiktWjrorSxJnSoVttWIhcInVTMSRujHPYplfLeAD
atks9oc2axSHOFLX3arVo5phxJglcDN0sXBhy1w/pdqO5E2Vp0D7cQxIR0jnUMPk0K7JQNGweKwX
9To7L5cKp91rU/66qGIoD7XDhB6HGSzzljzCUl3J+L4Fw8WF5rTFvM0bAs3bL0lotzkznhUKpn47
1oB6HWuYwCwHhvBjfAtLYLJaqf5IreMQVkfGLa4qyKkix0FKQQddMZpjRm0mLKICp7Pj1vnl/3kK
+AOVj+C/kHX6z+HftNWKUTBOd42SAdcIeI8VxeB0jRCduosVO4C3bBEGuebzPwE9tgnGh7yFSDrE
qxLxSqg7lXTseCuNr7ZGim/r1eouUSptNuRop3V6eTwTl9+cXIiXJ69OLsXzs7OXJ8cX4uz4XLw9
Pf/u+HxfYJG4PMWqY/H2m9OXx+Ls/PTF8cXFZNf8H2XGmarziiM4ueCGyNNf+xherN2sDbYjh0jZ
q/CSMZyg0g6WQb2oSlAJ1wxFImo/pGdav24XFIrBEXI+ehlD1kDgdDcuvLdrnHFK0YMSA94webia
1MD0xSG0lUoof9B8JXS1VPXeNQ3QLLVqNqS6lqG1efo4SoZy11B+JesYRjHeVAjsex7nLlsZoWN2
CbMLXnspy46zlSEmyOQ6aODT/T4a7Kpgr4Q6sGbIwFtN73JjfRNxqr29VnekG1VXpGtccoSP21Js
8G804BWjD0IDyzK04rSv2E88CI+sOhrCmjb6UKoPs3q3WTEeKuZQwkSNkeQD3RCPqNSWdlz0GSaJ
rMZJnA1pRU675UqnYzrnE2ZiTBO9vI5okdnAuDOaPQV4Q4CHqctHGIxwjZCHE26gZE3TKXIL7QJS
u+rTU/JXdNoGq/1ekDo7MFnoRGNDSz/Ip6W8G3OzuulxfyFXNJovkSnWFFhrAt5SFkiC7L/dYyw2
fCV7Maxki3moY8jOVwYjPnBMaXOHcGs7a5EdVXpuV6n1d2r9AXpxb0MamFk4JI2ThjF3sNfEHQEX
TlOQORL7gJ7OLTSUFX8FIfQeTeKGPGwzDNUE9SfT4k2iSxwsqHAwcD8O6mOKOC/NZf/MRAhkZYuq
0NllLNtkwUk4o4yECTpkYgw7N10rmVkdWWK1zjN1aHsyFFM/RX61vm8J+L4Y2wMJsvT44HHbIwO/
7QfGbW9SWL7VoOwx1ZRT9cM5Pm3GoEFrIr5BGsjfEFJeJ16cvdnH3oY/C01v8xR6z3mCdp9r+GOG
PxNBn3FvkvGGuTNYOxHPU3iqhSyyAxSfukJIFZTYHIVDBXU4ScEGlriJegNgwyrk+I7cGmWXspgI
QuLNWXnW59mbkpHKCELqFlGTNnarcjU27zuFzStjdk3+i1rLkzLyXowNRTyTLiFj1+oxiK1e5OhN
TyfizOwpZH3FG6SpXY0u8IlZLa+IBMgEbGtWBScsVJAugTxZu6xJTi+KHKt0hU3X/6ppxavLN4wp
asYVkR13LX9iz6LcHKfriknvbJZtN6ZdM8Z2WBqqkq++2NYzQa0EpEJIVnsyUTFnWZ5MBIephaQs
QORL8KYl2UEa/DNd+Kl9xgVCu2GkF8QJuF32xIjRkv15o0WqcwmsbY2OEiVKdxSMrzOF1NEp50hH
JxfPv0R6xOlUV7IOkcfmwplvbXWWkJMymu//02GpsaFzY+upirurWV+vfSFsqtNMurqAu+J5YYr6
RrchyJrLptLR21iETcA01hrai0VVNdyq6Ms01Rfim18BNPKmDxd4RNWtv86luUEFD8T4AwGdtZku
zk9VXupeAHPqc/F9XN2R5dfi5Ejsff/m5Ogp5A6zBw5YfwuxkWByxHsYB5VvdWr4o/MPWEO1kV0J
a//+y5c9fFPaDUY+58Poko8zBxavyUWYtqrvKZk4egf8xvR9xLMqy/hYzOXZ/fiuy9ONQJif4+12
ziX3Y7Sp6V+Eax6wpzd21TWmL2Q+jaeNZs9Y75kJc+dLx+gQYtyjOYVioCyv1vVJSduK3Vi836+6
ydXteB2hH2uhaeY+X1YdeY9MxzrjTMCynrUU3Mk7chcE4qfnmfB48znH6sFmJrxUuuqOlQYWq4xs
v1nJW1YK0lHz5TKpFg2vo763IZ8OWpMPHyjkLqrmizOcphBPH8PSehxNWdPvfYTs1R3I9pvp3zU2
7k5zJ6b+GNlZk6c6ZhA9EjKFwjVdPOTCFQVRrFCpDp38sg5t3GUyyiGTRBWKSwWt3nxqkV/jCKqR
2RMVEqRf1dVtu9B+DEdIsdDQBk4O1t+0OiQzsmPiRo/aeMMaTdrJUTOgi9w0SV5DE/oSeE2m6Tb1
aQ7v2RIS4I2BIkrk9VueqPUzlQMb6W7aXGsBTx5K2Hi0W5lzhYsIgwJQq9aqWnVFb0vmhZIAXmNi
ics5JBdHRDqfRGGY3BnyBFN20Ihp7M1M/kN9SC649bBOH4y6AZGN2043npDMdUzfB+8Mrb3F9rD5
SGIQ6OEkxvpzsPXKBYQ506hMVsvlapJXjDH83/2SSkbYd0t916TZoE6xy8yLzTyTwL5PXl3V6sq0
GE0/Uvdd6JcW17v0MX5wQKdHp/SR39hECp00kE+7VboukfwTKDqxYcQ3BPDYZHB3gOC95ny3om+r
tHAeMBUC1fNGw5Ae0bcRHOAGQegFtfjVsLe3r796g60ocvc14dAnqwgjmapRkYzJWZYUIfVsH9B0
OJFbvULzgcogAndIzJHwsMPt/ZoByFLW8/0ZD6Sq6RqKtc2Xm7BiQjQBpfWk9RRFSIrk2+lAboKa
TX3De7I5wMwMT+g59/EkwEQYLUltAYP+koEB8K3hZ99JWphB7ffqdXlhXAY15VHBpZwb5dkaEH0D
0NX64oZcUN9g0e4Y8IzL6oMwEjXZmOLtic4OGlMNchWnEy/KuNN0H2cukRqTBuAJRSw1hiXfujAU
TcCT54JEDmR4mBNaytPpYoq2cvKqkz+zX3fCDZCnPRT9SqE9p19ycV+ZuUDZeU1BQ5b3uyhgeYJ0
HOvj+/Xtye7lGdSuUUU2Mb0IygcMZbLUgHQLJ2dN+eEdyhgKIEia9sBTpWMSKX5+pzYn85r54FZv
Rm3Q+UgjTQzrb2Vk+bnuGj6BQPXJ6VMtAtoyw5E9ai96DvUCNcv3dRNJZ2E9+wX9+I3YDSfFR2bm
2mDNJW2MOTnhDiv2eiKe6tNK/mUfBU7SKZIZLe0JJBSI9/S5HlL5CSspw6F9VHR3je6KNdVScXn7
CFMMKrQFvKlqffLcfIpMw9tLtDrImCKK+GGHu+8GIqSbqo386AbNmBgD22uearnlLWujUXlK/bHK
OCQcYJ7e6Vm4YiMRztqxb1/snksFyDWpzpZO61QYhWFHHg8IkcP5jGt9anwzaojiQLJfsy8+c9gl
6cY5dTWFahONJ92nyRR0A5VqBUDvcLj4cT0MstXdj2L8hfgR0/zC+66hCIR9lyewGCAv7yGOE2rt
6MSSFgDcfKQB8usGltn3o/hXPD+6ldbORz+ukdSJDo6kFyL4M6c/le6YyQdQXflT15Au869GKHn8
zPlLj8IGCgOHx0MqU6YaIYa6PbxG7WPwzeq/MKpr0Zn8nm5S7syN65Y/0fdhEtLlX28P9Jp+uqwl
0642/GW10LXKup4ZXqdvuy9uLevUjWKqah8tLYTGhn0xNVG4JYnolK8KZeoi0yyR9AWuPpfH9SMg
UhLgWbrM2Jw4E1+9fH6pB6n7omBfzt/M93b7fnQHRS/VvnuX5nW7z7no30zxq2+eh41cncJQ7o/A
Ym5ZZGdiboFQldwL/euOru6zzr55Va/vrDmlAhxk6Al/StD0fBr3992QpO50PPmKcyk+itdvAeFW
gRj8JtyMjLnkHtTClW6H6F/dm75fck2do4Z7XEjt4rzI23tt0Gs9ASotpKJ/mjPR/QGikuGjWKzX
ySh9w7IrVPrY42wjYv3Lcv7kYQ6H+OSiK8Ur6HQoHGtm+TPLFl+/usSL49B8/1XCM4X0Eu/Lqk2f
nTX3yaKiLw+4mhCXlE/pX9fQGo3CmHzq7tLBNKUnz+zIdp2dwZuAh10avpLUT03Vs6arb3JUX4yD
vDNNjeaZY9HIVtX8zA5o7HaRt2pMvpl6AzRiOjb8TcOzqhwM5Sscqkf0xxjrc81WuiSji/T+fXWz
MuvTnNpYMJL7Z0zIWufXBcQz5iN3IJglL6s4vt+Mkc0MltCHVc/YWmqTaFM4MIcN2h38PvrtvwFh
tKMI
===END CRASH DUMP===
