PocketMine-MP Crash Dump Fri Jan 13 14:55:25 GMT 2023

PocketMine-MP version: 4.12.2 [Protocol 560]
Git commit: 0ee6cdb058d4bd2e058352b3a710177366019c03
PHP version: 8.0.18
OS: WINNT, win

A PLUGIN WAS INVOLVED IN THIS CRASH
BAD PLUGIN: EmporiumPrison

Error: Target directory path does not exist or is not a directory
File: pmsrc/src/utils/Filesystem
Line: 245
Type: RuntimeException
Backtrace:
#0 pmsrc/src/utils/Config(243): pocketmine\utils\Filesystem::safeFilePutContents(string[90] C:/Users/brant/Desktop/EmporiumPrison/plugin_data/EmporiumPrison/permissions/Pla, string[11] --- [].....)
#1 pmsrc/src/utils/Config(163): pocketmine\utils\Config->save()
#2 pmsrc/src/utils/Config(118): pocketmine\utils\Config->load(string[90] C:/Users/brant/Desktop/EmporiumPrison/plugin_data/EmporiumPrison/permissions/Pla, int 2, array[0])
#3 plugins/EmporiumPrison/src/Emporium/Prison/Managers/DataManager(64): pocketmine\utils\Config->__construct(string[90] C:/Users/brant/Desktop/EmporiumPrison/plugin_data/EmporiumPrison/permissions/Pla, int 2)
#4 plugins/EmporiumPrison/src/Emporium/Prison/commands/MinesCommand(26): Emporium\Prison\Managers\DataManager::getOfflinePlayerData(object pocketmine\player\Player#27633, string[11] permissions, string[28] emporiumprison.command.mines)
#5 pmsrc/src/command/SimpleCommandMap(205): Emporium\Prison\commands\MinesCommand->execute(object pocketmine\player\Player#27633, string[5] mines, array[0])
#6 pmsrc/src/Server(1444): pocketmine\command\SimpleCommandMap->dispatch(object pocketmine\player\Player#27633, string[5] mines)
#7 pmsrc/src/player/Player(1441): pocketmine\Server->dispatchCommand(object pocketmine\player\Player#27633, string[5] mines)
#8 pmsrc/src/network/mcpe/handler/InGamePacketHandler(729): pocketmine\player\Player->chat(string[6] /mines)
#9 pmsrc/vendor/pocketmine/bedrock-protocol/src/CommandRequestPacket(51): pocketmine\network\mcpe\handler\InGamePacketHandler->handleCommandRequest(object pocketmine\network\mcpe\protocol\CommandRequestPacket#157065)
#10 pmsrc/src/network/mcpe/NetworkSession(418): pocketmine\network\mcpe\protocol\CommandRequestPacket->handle(object pocketmine\network\mcpe\handler\InGamePacketHandler#151376)
#11 pmsrc/src/network/mcpe/NetworkSession(374): pocketmine\network\mcpe\NetworkSession->handleDataPacket(object pocketmine\network\mcpe\protocol\CommandRequestPacket#157065, string[27] M./mines.kB.[.[.CXG...U#...)
#12 pmsrc/src/network/mcpe/raklib/RakLibInterface(183): pocketmine\network\mcpe\NetworkSession->handleEncoded(string[30] ..e....K-f.v....>....g.^.r'...)
#13 pmsrc/vendor/pocketmine/raklib-ipc/src/RakLibToUserThreadMessageReceiver(42): pocketmine\network\mcpe\raklib\RakLibInterface->onPacketReceive(int 0, string[39] ....h..V....b....3.....m.1y_....+...E.Y)
#14 pmsrc/src/network/mcpe/raklib/RakLibInterface(113): raklib\server\ipc\RakLibToUserThreadMessageReceiver->handle(object pocketmine\network\mcpe\raklib\RakLibInterface#25870)
#15 pmsrc/vendor/pocketmine/snooze/src/SleeperHandler(123): pocketmine\network\mcpe\raklib\RakLibInterface->pocketmine\network\mcpe\raklib\{closure}()
#16 pmsrc/vendor/pocketmine/snooze/src/SleeperHandler(82): pocketmine\snooze\SleeperHandler->processNotifications()
#17 pmsrc/src/Server(1703): pocketmine\snooze\SleeperHandler->sleepUntil(float 1673621725.7721)
#18 pmsrc/src/Server(1061): pocketmine\Server->tickProcessor()
#19 pmsrc/src/PocketMine(339): pocketmine\Server->__construct(object BaseClassLoader#4, object pocketmine\utils\MainLogger#3, string[38] C:\Users\brant\Desktop\EmporiumPrison\, string[46] C:\Users\brant\Desktop\EmporiumPrison\plugins\)
#20 pmsrc/src/PocketMine(362): pocketmine\server()
#21 pmsrc(11): require(string[82] phar://C:/Users/brant/Desktop/EmporiumPrison/PocketMine-MP.phar/src/PocketMine.p)

Code:
[236] 	 * new contents.
[237] 	 *
[238] 	 * @param resource|null $context Context to pass to file_put_contents
[239] 	 *
[240] 	 * @throws \RuntimeException if the operation failed for any reason
[241] 	 */
[242] 	public static function safeFilePutContents(string $fileName, string $contents, int $flags = 0, $context = null) : void{
[243] 		$directory = dirname($fileName);
[244] 		if(!is_dir($directory)){
[245] 			throw new \RuntimeException("Target directory path does not exist or is not a directory");
[246] 		}
[247] 		if(is_dir($fileName)){
[248] 			throw new \RuntimeException("Target file path already exists and is not a file");
[249] 		}
[250] 
[251] 		$counter = 0;
[252] 		do{
[253] 			//we don't care about overwriting any preexisting tmpfile but we can't write if a directory is already here
[254] 			$temporaryFileName = $fileName . ".$counter.tmp";
[255] 			$counter++;

Loaded plugins:
BuilderTools 1.4.0 by CzechPMDevs, VixikHD for API(s) 4.0.0
DevTools 1.15.0 by PocketMine Team for API(s) 4.0.0
EmporiumPrison 1.0.0 by  for API(s) 4.0.0
VanillaCoordinates 1.1.0 by Shelly7w7 for API(s) 4.0.0

uname -a: Windows NT BRANT-PC 10.0 build 19044 (Windows 10) AMD64
Zend version: 4.0.18
Composer libraries: 
- adhocore/json-comment 1.2.1@651023f9fe52e9efa2198cbaf6e481d1968e2377
- brick/math 0.10.2@459f2781e1a08d52ee56b0b1444086e038561e3f
- daverandom/callback-validator unknown@unknown
- fgrosse/phpasn1 v2.4.0@eef488991d53e58e60c9554b09b1201ca5ba9296
- netresearch/jsonmapper v4.1.0@cfa81ea1d35294d64adb9c68aa4cb9e92400e53f
- pocketmine/bedrock-data 1.13.0+bedrock-1.19.50@57337ddc9433a0e245a1ce48c51af05f0573d58d
- pocketmine/bedrock-protocol 17.1.0+bedrock-1.19.50@c572706cf5e3202718dd35a35dd30fe08cd671de
- pocketmine/binaryutils 0.2.4@5ac7eea91afbad8dc498f5ce34ce6297d5e6ea9a
- pocketmine/callback-validator 1.0.3@64787469766bcaa7e5885242e85c23c25e8c55a2
- pocketmine/classloader 0.2.0@49ea303993efdfb39cd302e2156d50aa78209e78
- pocketmine/color 0.2.0@09be6ea6d76f2e33d6813c39d29c22c46c17e1d2
- pocketmine/errorhandler 0.6.0@dae214a04348b911e8219ebf125ff1c5589cc878
- pocketmine/locale-data 2.11.0@4b33d8fa53eda53d9662a7478806ebae2e4a5c53
- pocketmine/log 0.4.0@e6c912c0f9055c81d23108ec2d179b96f404c043
- pocketmine/log-pthreads 0.4.0@61f709e8cf36bcc24e4efe02acded680a1ce23cd
- pocketmine/math 0.4.3@47a243d320b01c8099d65309967934c188111549
- pocketmine/nbt 0.3.3@f4321be50df1a18b9f4e94d428a2e68a6e2ac2b4
- pocketmine/pocketmine-mp 4.12.2@0ee6cdb058d4bd2e058352b3a710177366019c03
- pocketmine/raklib 0.14.5@85b4e5cb7117d37e010eeadb3ff53b21276c6f48
- pocketmine/raklib-ipc 0.1.1@922a6444b0c6c7daaa5aa5a832107e1ec4738aed
- pocketmine/snooze 0.3.1@0ac8fc2a781c419a1f64ebca4d5835028f59e29b
- ramsey/collection 1.2.2@cccc74ee5e328031b15640b51056ee8d3bb66c0a
- ramsey/uuid 4.6.0@ad63bc700e7d021039e30ce464eba384c4a1d40f
- rhumsaa/uuid unknown@unknown
- symfony/filesystem v5.4.13@ac09569844a9109a5966b9438fc29113ce77cf51
- symfony/polyfill-ctype v1.27.0@5bbc823adecdae860bb64756d639ecfec17b050a
- symfony/polyfill-mbstring v1.27.0@8ad114f6b39e2c98a8b0e3bd907732c207c2b534
- symfony/polyfill-php80 v1.27.0@7a6ff3f1959bb01aefccb463a0f2cd3d3d2fd936
- symfony/polyfill-php81 v1.27.0@707403074c8ea6e2edaf8794b0157a0bfa52157a
- webmozart/assert 1.11.0@11cb2199493b2f8a3b53e7f19068fc6aac760991
- webmozart/path-util 2.3.0@d939f7edc24c9a1bb9c0dee5cb05d8e859490725

----------------------REPORT THE DATA BELOW THIS LINE-----------------------

===BEGIN CRASH DUMP===
eNrtPIly20aWv9JDuyrSRiBxH0zZJUdyEtdYltaSx5k1vU4DaJCIcAWHJCabf9/3XjcOUrInnslu
7VY5mYmJPl6/+0LDv82Sss55++FG1E1aFrOlfTRr01zMlobrWa5peKYz93zL1IOjWVepKXvuWI5r
2oGvB6brGLAp4037vK7Lerb8bdZuK1g2e90VuOH5XSRgJ0A/muWiafgaJ694vRYti9NaRG1Zb1nF
2w2LS9GwomyZuEublpU1S+UzH1cCmKTLsu/SDOFUG14vF4uT5eJNA0QswpoX7eJUNNdtWS2e51VZ
p11+UadNWSwuyuhatGdpIbSzizluXTR1tOjaNGsWCLDZNq3IYabCU9QJOa55aB2syQDWbGnaDvCt
5hH8fjd7pLP9PSdlkaTrA9O2DpesIixy2Lla0fRqNcJcLhueCHy+6FrY1oqibQ6atk6L9btAf8/+
GKVV1q3T4kPMW35vStR52qC4m8VFxo+YAm4Y75mmaezd+zn+cwjUPTI+RonhfoQSOa89bfiNOCAY
5kdhGP6nYWQlj/9nSU+LlplHjNc1377T3xO+FpMQmv3dSEA/tFBjZ7wAfQaUTuE49XDg2p+m68OH
CDBo6y5q/xfII6LszyEqKvOcF3GzQEtpTuTTgekCVf3S1UquXa16DqxWExYsl2Dc50mC5gGYbEWN
kwdl+DPY8A5rKpoFcPTnI9NzLWtHJSdEDeOm/54JhUlFeMwVznOE2hDJzkTv1OziMs2rTCiKznh1
YOrOg1T1LAD6JjzQnoo7EXWt+GxKnPeMMNvTNXeC46WowQ0fGLa9rz4KmdVqH33taZw24DijzT+N
EKHhTdCQuxZyE2Jj7GEj8RyP7vXjX8LAn2BQiPa2rK8XeVSJxQZAZ4DPi+J7nosLjsB/kGMHnhns
4bZ7oPY02vDBxNz3bDEeGKgDb0QRl/ViBLIIRVzDk1bVZVtGZUY4KSJfi1860bQSjQNnnzUK89UK
UV+tFO6r1QPIa0/l7C7gh5i4B7RHC93JfZweGY6nu4503vrHmPpKPlwKsqsD+54j/qwze1L+APKf
4gigblieK1E3/iDqlmd/GvXd9T2q6I2UEP8kjo++yXvPzuZS0+bX387fwb8nP34PEfXNoyGsmh8j
r+bXWRouXvPrl2n4AqJ/nUBWcWD41j9D5vMiKmMxxFALgsx8LjC6/1VL5jf44yn+Zz3/z3n91YCd
9VHbkOhpaSVRl2helRi2rja14PGZTPBei0ik6M1s89N4S4Cr1R7B2tOykOxVkA4wlOkDk60AKZnP
N/P53/DPEP9jUd6Sz43tB/zxNfz/+fzvkiT7cxluIMN77BpyeasV0N2j+gmiP8MePkL+I9PxPV1i
7nxUGE1Rlr8KGTsyISBQ9o7RMK1/ku1/YM9vUVY2XS1+l+md4f4TCPr7aiGXQnDZWQf4gCsG7r4q
2zRJI45lRKPO9R6InZ5u/UHADT6/gQIlO0ggz2zZtODxTEOe4T9whu5+LCK2aXR9IREua4VlMIEw
lh8HlhV8BMg0OVQK9C1vxAlUWM1LSIjBUdpH7AHVUknmGU+Ll+UakrBHY6y1fEwvVyvKL1crSjAh
YZMZ5mq1mxOuVsM+2/2sfSrHXK1k4q9/hHb3nvQla+Uu5frBBNECwdVC4dd7MN+EhPBPqPjG4Xl1
OHv/+9FM/O8Vr59TVgJmKuFPi5syuxE51IOwOy0kyFk/D2O7pMMMOn8kybRcmF617N9YIW5ZpKrK
OSwxLU9N0YPfrzuueM1zYH9TdnUk/quAips9pp13LTtRf7YlUN40+CdS9aHq2g89dIIXTIDb+gC8
3dTlbcPA/+xxmaUJazeClWCqZOws4QA4ZglwkxdbQIhL2kzbUOAW9GTSU9WFWRqB9sLmiCVdERGQ
j5fU7DEi/gpykV7nFZWwRNZPj5OMrxv2BKPPwIAnDBlyyJbspkzj3wgDizBYtY9HtXiCgi8A+MFw
zOE3tNhWi9Pk4C9p8wGWHYz7Dg8lREctWrXEMBLefZ4drP4FfVzNFEKuOut3evJG9HrsBgIUcv5n
Iof7JV48w6C5lWg1INZ4RAxXDTgFU5wcVB/6YfSMjsoOIxfKhjY4ppqJS8LRsQYcF4tbAQwpvmpZ
xGvBeFh2wBLwOrd12qLYUbuqWhBS+NzmFaEcwjrYG3Hci4sFKumEhYh8T9JG1IJOtoeTH7dUqfJ6
+53iIOA7cJPN2Wo27ymZw6GrmaRlFH4/+/XX38x+/9Jn+tJn+tJn+tJn+tJn+tJn+tJn+tJn+tJn
+tJn+tJn+tJn+tJn+n/QZ+qbNQ12Zb7t0gy4fFWWGT1jnwBqvp3ho9lwM2NmzO25DiO8azdl3WAF
ePKriDYXZ6fiBpf+Lb1Lr384xWN4leI8bIAt8CwKHmYini1B3uJoFoOKQtIJS2CuKZP2dDqQc2on
RQi8ymMADhKRWLWI1Wq1hyPWT7Dh4vzy6u3565enMHQrwgZKZRjdtG3VAB/XabvpQsyfFxO0Fzug
oLqFwX2ODEO73DCcfXaM3GZXgud/FiP681Ehb/Zovrx69vrqzcU/onjEbDHAAGL3OnYjyfdaeVPC
9T26/yQy7xcn0g38IwEjIX/jRZpl/KQs6zgteCum8ntgck+S+4K83Igs23q33p8lwqYHuFrdx+aP
E4rdWOyLCohjexrXmz1heNeKgipJ5MJJWeNuH/A3fAAYRjlvN9ORiGeAMeydjpX5h7hsITbujKru
9DjQ1dn0Gcr1nfkkzQDX6cg6r6aPG97s4JJCVLiZDvxMmjk+56H0kTtjJXgGXAXPcxMGmpYjQfF0
URXt8uG1SDJB/dnpaEMcbXaHYlDL6cjlxcud47fNL1mBh6lfbJhqy2tRpL/usuDuTlGN6BowsOU5
ctGcm4T9r2kl9TKYO/gI6ch0Ozze5btcLxE9U9ctwzADGLg4Pd8hPS4/EGr7gzCU7gqsBOVtmp2F
shr/8WyH5j0M4BEzxD0684waljuDVUu5JHLYVq7kYrOne5uuuKYwbxKTLOJKug7BXuotDMHA3ENO
iBuRxaFahKCielu15WQXMCsGQUu11JWpY/czLZJyRy/jeyJNd7SAWGVNh2oB6o92tu6krvXw/wPM
iZ1fRDzaTJgL1vtz2n7I6a2IDpzYVAoJPF4UoubZxG3t2DbaLWRH40VJYJ4htYVC42xpGroNTGo+
QMCcLROeNeCc+pJutnRcOBEiAmIphBvFoe74sR3GpoAflmOGFvcM3fAgO3R1I4h0C2B3Cpe3KeS8
tw17dcW+ff3s1ZV2ccIMEB6jw5kR6LbNDvpVhn7Inp2duvaMiJyy7FdBdmIP2rCpPpSoC29fvHp1
hfqHD7epfH0EEQFSnw8gw5rXqXTqPN4ARbVYoGPQsGUk30iB4c+NY9cxdNNKgkQ4pghEwk0j8KOQ
J66wfSM2AtcXpuWh8oQ1pLEL5QsBHX1uHttOkJiebwiD634MIITjhnqIvSrdd4Vu+Y5rCCshTwey
AC8D0RX8ZxZCFafd8CwFD4gv8oB110V5WxyrP1Hr1nXZNGIBNPOmwLcINybmVMdCJLbvB4ERO5Zw
fOHqUeA4dqgHoWHqRsSdkAdm4AIM8Me1aASvow0xIOdVRfZ1Y6PuHUcJB+y5EYNEAzt2bR6HQeT6
nNtRGIjAtHVdOETAA60gbLZKzwPW9HU/Kh2Rfux4luXFcRTYlsV1YdoONyJga+QYPNEd+J9nxaBU
D8MeVXFmeIjrPfiR45me7kaJIyxTNz3Dj4EMbjnwh54I3Y9i1zNisQefnAJ5C5IjsPTY4ZEnBA8A
r5DHfhzZgZ84kbDsSLhm4MWOcGGa70J6UIyY7ljHru35nu0GnuuGEeceSMl3TNsUvhOZVmQ6Arjg
cHMPINYyWancIqKmH9uB4JZuBYElkjgJrSAC4kxhGo4bOzqA9k09EJ6/B6nMyhEG6AXi78aem5jC
smLXN6zICmIziEwzst3I8IQR72FDb5hVY4pAuQAq5nC0zXXbsv0wMAzhg8GIMDFMJ0kMoMkPosjf
RycrMWXo1QXsDlXPDgETP+GgwzH8Jw5c1+QeMM7XXRHCOcLmTuRY+6DWhAzZgRsFhhnpSaA7TgTm
alqG7ovIjA0vCAM3sXU7AlTvQdAmQUWCco3EAz76UWKBxCLTFrYAFTJ5FAtgl46aC4Lb09XBGdgg
c9vjpm3FoIoh2KCvB0HsOhb84XoBKJLh+4ZhOHawC6IIWxV9rOPEtkwjFI4eJwY3gL+JLcAobdPn
pgCbdAXgY4b2LoTxp0apknT0x5/hte81sqSDs+fOse+EtnCi0DMML7Y8oRsAF3yElSSOFZqG6bkR
8Nl/CAq2w/qk5TgwTe6CWwz1yI28mHPu4P98oFgH5ROR7Vk+F3sMll0KxSDjWOeRn0SgJb4R2UbA
jcS1BRiYHSNxuglGGwgzCDHW8rwRWzSEMWlDl28eR/CPZ4OnBq/hQwYUginZegiBwHGF8GMrDF03
0vkIpOtSGYTQAnjsWmHkgVv0Yh2QtwJh6eDWEBNu+XZkgze1dfSY9abLG877/fc9fLPNk7LYLpLx
LgV4ZgfUybCOeaQHjhv4tg2OSQ+4AwYSgi9FDoDlWZHwPPB9xgROVWZbgJVpfd59AyR7gLQThpFv
WuBZIrBg39WBRtsDF+IC+lEiwAGAphDN92BNEugenM9jw7ATF9yRMKPA536oCyuMAx0Uy4xM3QM1
dSz7IXAQzXx9AsvjbpJYiRE4QQiGw0USRaHtQsRITPB18K+ZxIHlfgyWMYWle7ZuwX8iX6C1gGNJ
fC8ApTMcj+shOBsTf8kyKS9/5XW7AJ8rapkRkF8yjAgUOwjsABQ88bkFlAgPENRdYL3LIVa4YNXG
DhC8KKBhUCH/ZqGnDKwg8UQMviQCTQ0hrOqxQFvSndiHQAAH6J7pyCptUPn5lhLlR0zWeHj5JUnX
XX+7BN/w492SnWRvVTxiVxsI86wRLV4GaBjeGaCLKYVo4AfHawQFXlkIBUuLKOvArcEPJjtMcwi2
kBa0kDIhrMsyh510s2UfJr6EP2IlzNQNgmQh+NFrti27WsHC2waQsqZJSidA6oX3DrItAn4lbgdw
C0izeZe1Dbulaw6YmPCaQVVd5ngbBoLrFjFsN2kj6b7diIJ11brmUAiv56tiVfTAlquCsUdvNwIR
w+s9DWbUAEI17IAHkHs1mNbHcppQlXEJb5pkoiV+QTKcRoLJsIcjOUIGjkdCyzgm7muxZJQt40Sz
6VpIYQtN3bVastXs3arTde6FfX+CqfYEjdbvmfyRaOxFw7oCZLwu8f4GVv5QhvMiEqsZkfMsy8pb
lqn7HaoTx25Szv69E/UW1/yCPzQ1NcHr0XNqOqhNdGUFc2AGcgZWIrhwy5QAcL3sUWjD9BTUW7A0
0COQBo9jvGElhYbCwMYuywXHtjem1Xi1JBSINbBU/NLxDJm9Tm9gLSRJnWAH6lBm6ocIXZ4otFoA
s1oNhIUd2iVM09mvujwEOYEuPmu2RXTFm2uGvXfQvjkteNOoy1Y9pbhsU5dF2YHMYXlzhBug5pAF
E1rREcNKoZavhIg3YMc4lneF6qVL4JekFHhdpgI871LQSwFsAJJI34sBOeStQuhFghqOa1CTj1ja
fgXsa2vaFosWu9OoaHub2QHQ0IG1mcQWIkNTlC4J1L6Gc9KOuisKFGeMlW1ZkRCoxmrm7FTcqN8s
T9cbcAE1bzZHU5NVmoMcqeuuauWoZBgyJgfcFF0kXDBlKqBiaUYcb5MB2g9jgDqCOgdFTAraNZ8o
GizW5KIlw7YY2nIu4LSttOTvszIE5cH2GJPjYAd52qJDyMWah9sWGM4uJad14m3aIGjafoVCu02J
8aRQYOm3mgTU65i8yJWkeLmqYIB8QbCSWoj+SKnjIKwObZut8X4aXsEipcCD1oSmRqgtmY5UwOnK
c8sU8/88Deh3Pk3Bhtfxv0ZB05YVIaH87oCUAtcw8CB4M1PEA0p46j5e5ATeklUo5Jqv/gT0yC4I
H/QYLOogZBUQspi81YLaXUp8pUX2tz5ptbiLhIibkRzpuM6vni/Z1Q8vLtnLF2cvrtizi4uXL55f
sovnr9nb89d/ff76iMEidnUOq56ztz+cv3zOLl6fnzy/vJzvu4AHmXEh6rSkII5umC61RhtBDpl4
MbhaA9gOaURMnoWWaOAIhXSyBArv06UFuGdQJaT2Y5omNex2g9EYOIIOSC4jyBIION7Rjfe2DWec
YwTB3IA2zO+vRjVQvXIQWiUiTCEkXxFdKVW5d6ABNEtUzUiqpStam8OHUVKUW4ryNa9DMAttLBPI
/zzMXbIzREftYmoXeO6cFx0lLFNMIJ3rQAMPj/qIsK+CvRLK4JpAGt5KetEAlILP2bn0+FLdIeMo
uywecEkhhNwWbMS/kYArQh8IdXVd0QqnfUee4l6IJNWREAbakrrM+1Ard6sV2lQxpxJGapQk7+kG
e0CldrTjsk8yUWQ1nEQpkVTkuMsrmZHJtI+pCQ0nenmd4iK1gXAnNHsK4AmCPJg6f4DBELIh7MEJ
N6BkTdMJdAvtBqS27jNU9Fd42ojVUS9ImSGoRHQuscGlH+VTzu806lg3Pe4nvMLRNO/wBjumhAi8
xVQQBcnk7S2JxchXtBfFSrKY+zoGCXqlMKIDNcycOwi5hjmI7LSUc/tKjakROj15gFzc25AEphZO
SaPEQaM29kDcKeBCqQpkj3RPuVT5hYRS0W0WJvdIEkfyYJtiqCSoPxkX9+dKDmZYOyi4nwb1KUVc
Fepux1JFCMjMNmUmM8wQL/VRJk4o03V7pmIMOTdZLqlZGVlCMeSaMrQ9moqpn0K/Wm9bBH7ENGMi
QZIeHay1PTLgtx1Xue0xjaVXG5hBxpJyLIAoz8fNMKjQmrMfIBWkO+iY27GTizdHsBdwCMHAbtMY
9J4yBek+B/gawV8yt8+6x4S8Ie5M1s7Zsxg81YZnyQLqT1klxAKUWB0FhzJsc6KCTSxxjHoTYDtF
zR26NcwweTZniMSbi+Kiz7XHqhFLCUTqFqImbuyqotLU815xc6bMrkl/FYM8MSvvxdhgxFMJE2Tt
Uj0msdUOTLnpcM4u1J4MvyDADVyVr0oX6MSk5mskAWQCbGuqjBIWrElzQB6tndcop5MsxSvuVGTX
8mIdO7t6Q5hC4Vgh2XjXH4t6EuV4nKwt5r2zydtOw11LwnZaHoqC3n+RrScMuwmQCkG62pMJRXOS
pNGcUZjacMwCWJoDb1qUHUiD/j4O8FNHhAsI7YaQ3iAnwO2SJ4YYzcmfN1KkMpeAta3SUaREyKaC
8nWqmDo9pxzp9MXls28hPaJ0qitIh9BjU/VMr25llpCiMqrvjuJpuTHSOdp6LMJuvexrtqfMwFpN
pasbcFc0z1Rd38hOBFpz0ZQyeiuLMBCYxFpCO9mUZUPdir5UE30xTm4cu+Cs4Td9uMAvAjQ5Rx3y
0bEhYnRpQGZtqpHzc5kWsiFAnPqK/RiWd2j5NXtxyg5+fPPi9BDkDmYPOMD6WxAbCiaFeJ9tqYSr
Y8UfmX+ANZSj7Aqw9h+/fdnDV+XdZOQrOgzf9FHmQOJVuQjRVvZtJRVH7wA/DW9LPCmThI6FuTTZ
anddGo8CIX5qux2dK2rJSFOTf/WL5AF5emVXXaNaQxE4kVa6WbVHk3uWTL34xWNkCFHuUZ2CMZAX
66E+KXBbth+Lj/pVN6m41YYI/VAXTTL3WY4fwlCNT/FeOhP8CE2xFoM7ekfqhID48feS2bT5NcXq
yWYivBCy8g6FBBaKBG2/qfgtKQXqqLrsjaqFw0PUt0fy8aCBfPCBjO+jqi4YwmkC4ulDWOoPo8lr
gBQz3qs7INtvxj8HbKy9Bk+YlRGZb5PGMmbQV074Ad1XUB6GUy7g91m4QsQydNLDENqo06SUg0eR
yASVClK96dQsvYYjsEomT5RxIH1dl7ftRvoxjp92bSS0iZMD629aGZIJWQ250aOmjayRpL04bSZ0
oZtGyUtoTL4JHshUHac+zaE9O0ICeBqgCCXy8JRGYviN5cAo3bHVNQh4fl/CyqPdcvk9GUQYKACl
alVl1WW9LakHTAJojYolFuWQVBwh6XQShmF0Z5AnqLIDR1Rzb6nyH+xFUsEth2X6oNQNEBnddjx6
QjRXDe9s7w0N3mJ3WN2UmAR6cBKavOc2rNyAMJcSlXmV59U8LQlj8H/bHEtG+iqzAQqbEXWMXWqe
jfNEAvk+vl7XYq3ajKonKTsv+Bnc9T59hB84oPPTc7zTqalIIZMG9Gm3QtYlnL5XxBMbQnwkgMbm
kxcIELwHzncVXrCSwrnHVBConFcaBukRXpCgADcJQifY5RfT/t4RRIxqw8FWBLr7GnHok1UII4mo
oSLR0FkWGCHlbB/QZDjhO/1CdUtlEoE7SMwh4SGH2/s1BZCkLOf7M+5JVdI1FWub5mNYUSEageJ6
1HqMIihF9O14IDVC1aa+6T0fD1Az0xN6zn06CVARRkpSWsCkv6RgAPhW8bPvJG3UoPR79VBeKJeB
jXmo4GLKjdJkAIQXAbpavruhT2tVg0W6Y4CnXFYfhCFR440q3h7J7KBR1SBVcTLxwow7jo/gzBxS
Y9QA+AVFrPogiykokoBHzxiKHJChYUpoMU/Hd1O4lZJXmfz1X5dRN1wBOeyhyEcM7aDlMX26KrmA
2XmNQQM/id1DAZZHkI7D+nA7vELZf38GateILJmrXgTmA4oyXkhAsoWTkqa8ew9lDAYQSJoOgKdC
xiRU/PROjCfTmtXk1d4S26CrmUQaGda/mcFPdeXJIFB5cnwoRYBblnBkj9rAoV6gavmRbCLJLKxn
P/s7yArZDU6KjkzUq4OBS9IYU3TC+MH8QU/EoTytoO/MMXDSN8SwApf2BCIK/RfJkMrPSUkJDu7D
ortrZFesKXNB5e0DTFGo4BbgTVnLk1fq5jkO7y6R6sBDjCjs3R53309EiG+rRvnhazRlYvKzvOZQ
yi1tSRuVymPqD6uUQ4ID1K/3chZcsZIIZe2w74jtn4sFyDWqzo5Oy1QYCsMul9/qo8N5bIx/JcGG
uq+AZL/miD02ySXJxjl2NZloI4knvlPjMdANqJQVAHoPh7OfhmEgW9z9xLSn7CeYpgfadw2KgNh3
aQQWA8jzLYjjBbZ2ZGKJCwDcaiYB0uMIS+37iX0Nvx/cimtXs58GJGWiA0fiAxL82OxPxdfM6AOw
rvy5a1CX6UMhTB4fm3/pURihEHDweJDKFLFEiKDuDg+ofQq+Wv0XQnUQncrv8V1K/1n9jj+R78Q4
SBe0Ji4neg0xSHn+thr5S2oha5Whnpm+Ud91X9RalqkbxlTRPlhaMIkN+WJsolBLEqJTWmVC1UWq
WcLxGq48l8blT4CISYCtyzJjPHHJvnv57EoOYvdFgH2Z36hLd0dOcAeKXogj6y5O6/aIctFvVPEr
Xz9PG7kyhcHcHwKLesvCOxVzMwhV0ZbJj3m6us86++ZVPby3ppQK4ECGHtFtgqbnk9a/9Ma/10C6
hO8ol6KjaP0OEGoVsMk34mpEo5J7UguXsh2i/q4H2feLrrFz1FCPC1K7MM3SdisNetATQKUFqcgv
seayP4BUEnwoFushGcWLLPtCxRsfF6OI5Qfx8i+XAIf46LIr2BnotM9Mfak7S91g359dwYNp4nx/
MeGJgPQSnvOyjZ/sXz+o8bYEfUqFfvTJ3idK4yxmJE+MwLDMvcEbl4YtHF5zbKHG4knT1TcpFFx0
LL9TfYzmiQHpPwztVMpPDBfHbjdpKzT0x9gPwBHVpaHLDE8kMmooreBUtUpewhhOluvwxRi+QO8X
VTeVmolTbF2BYWyfECWDng9FwxPiHXUdiCUvyzDcjmNoJ5MleKPqCVlIrZJrDAHqsEmLg55nv/83
QJa4UA==
===END CRASH DUMP===
