PocketMine-MP Crash Dump Fri Jan 13 16:27:32 GMT 2023

PocketMine-MP version: 4.12.2 [Protocol 560]
Git commit: 0ee6cdb058d4bd2e058352b3a710177366019c03
PHP version: 8.0.18
OS: WINNT, win

THIS CRASH WAS CAUSED BY A PLUGIN
BAD PLUGIN: EmporiumPrison

Error: Object of class pocketmine\block\Opaque could not be converted to int
File: plugins/EmporiumPrison/src/Emporium/Prison/listeners/world/WorldListener
Line: 47
Type: ErrorException
Backtrace:
#0 (): pocketmine\errorhandler\ErrorToExceptionHandler::handle(int 8, string[69] Object of class pocketmine\block\Opaque could not be converted to int, string[114] C:\Users\brant\Desktop\EmporiumPrison\plugins\EmporiumPrison\src\Emporium\Prison, int 47)
#1 plugins/EmporiumPrison/src/Emporium/Prison/listeners/world/WorldListener(47): in_array(object pocketmine\block\Opaque#191168, array[4])
#2 pmsrc/src/event/RegisteredListener(60): Emporium\Prison\listeners\world\WorldListener->onBlockBreak(object pocketmine\event\block\BlockBreakEvent#193985)
#3 pmsrc/src/event/Event(62): pocketmine\event\RegisteredListener->callEvent(object pocketmine\event\block\BlockBreakEvent#193985)
#4 pmsrc/src/world/World(1849): pocketmine\event\Event->call()
#5 pmsrc/src/player/Player(1685): pocketmine\world\World->useBreakOn(object pocketmine\math\Vector3#193990, object pocketmine\item\Pickaxe#194003, object pocketmine\player\Player#27449, true)
#6 pmsrc/src/network/mcpe/handler/InGamePacketHandler(451): pocketmine\player\Player->breakBlock(object pocketmine\math\Vector3#193994)
#7 pmsrc/src/network/mcpe/handler/InGamePacketHandler(257): pocketmine\network\mcpe\handler\InGamePacketHandler->handleUseItemTransaction(object pocketmine\network\mcpe\protocol\types\inventory\UseItemTransactionData#194008)
#8 pmsrc/vendor/pocketmine/bedrock-protocol/src/PlayerAuthInputPacket(251): pocketmine\network\mcpe\handler\InGamePacketHandler->handlePlayerAuthInput(object pocketmine\network\mcpe\protocol\PlayerAuthInputPacket#194023)
#9 pmsrc/src/network/mcpe/NetworkSession(418): pocketmine\network\mcpe\protocol\PlayerAuthInputPacket->handle(object pocketmine\network\mcpe\handler\InGamePacketHandler#152800)
#10 pmsrc/src/network/mcpe/NetworkSession(374): pocketmine\network\mcpe\NetworkSession->handleDataPacket(object pocketmine\network\mcpe\protocol\PlayerAuthInputPacket#194023, string[182] ..<.7B.....5..r=.B.O............................................................)
#11 pmsrc/src/network/mcpe/raklib/RakLibInterface(183): pocketmine\network\mcpe\NetworkSession->handleEncoded(string[117] ..g......2..3r100.1.$.&......6...6..N.x..b2=v.........`. .. 8.......(..7a.^.._.Q)
#12 pmsrc/vendor/pocketmine/raklib-ipc/src/RakLibToUserThreadMessageReceiver(42): pocketmine\network\mcpe\raklib\RakLibInterface->onPacketReceive(int 0, string[126] .....zYQ6...Q.I.F.F.V..E.F.C^$...j....K..R....,#.............}.,'...%.N..v..W...)
#13 pmsrc/src/network/mcpe/raklib/RakLibInterface(113): raklib\server\ipc\RakLibToUserThreadMessageReceiver->handle(object pocketmine\network\mcpe\raklib\RakLibInterface#25873)
#14 pmsrc/vendor/pocketmine/snooze/src/SleeperHandler(123): pocketmine\network\mcpe\raklib\RakLibInterface->pocketmine\network\mcpe\raklib\{closure}()
#15 pmsrc/vendor/pocketmine/snooze/src/SleeperHandler(82): pocketmine\snooze\SleeperHandler->processNotifications()
#16 pmsrc/src/Server(1703): pocketmine\snooze\SleeperHandler->sleepUntil(float 1673627252.8936)
#17 pmsrc/src/Server(1061): pocketmine\Server->tickProcessor()
#18 pmsrc/src/PocketMine(339): pocketmine\Server->__construct(object BaseClassLoader#4, object pocketmine\utils\MainLogger#3, string[38] C:\Users\brant\Desktop\EmporiumPrison\, string[46] C:\Users\brant\Desktop\EmporiumPrison\plugins\)
#19 pmsrc/src/PocketMine(362): pocketmine\server()
#20 pmsrc(11): require(string[82] phar://C:/Users/brant/Desktop/EmporiumPrison/PocketMine-MP.phar/src/PocketMine.p)

Code:
[38]             $player->sendMessage(Variables::ERROR_PREFIX . "You can not do that!");
[39]         }
[40] 
[41]         # dungeon
[42]         $block = $event->getBlock();
[43]         $ores = array(15, 16, 17, 18); # set all ids
[44]         $blockX = $block->getPosition()->getX();
[45]         $blockY = $block->getPosition()->getY();
[46]         $blockZ = $block->getPosition()->getZ();
[47]         if(in_array($block, $ores)) {
[48]             $block->getPosition()->getWorld()->setBlockAt($blockX, $blockY, $blockZ, VanillaBlocks::BEDROCK());
[49]             switch($block) {
[50] 
[51]                 case VanillaBlocks::COAL_ORE():
[52]                 case VanillaBlocks::IRON_ORE():
[53]                 case VanillaBlocks::LAPIS_LAZULI():
[54]                 case VanillaBlocks::REDSTONE_ORE():
[55]                     $this->plugin->getScheduler()->scheduleDelayedTask(new DelayTask($this, $block), 20 * 30); # 30 seconds
[56]                     break;
[57] 

Loaded plugins:
BuilderTools 1.4.0 by CzechPMDevs, VixikHD for API(s) 4.0.0
DevTools 1.15.0 by PocketMine Team for API(s) 4.0.0
EmporiumPrison 1.0.0 by  for API(s) 4.0.0
VanillaCoordinates 1.1.0 by Shelly7w7 for API(s) 4.0.0

uname -a: Windows NT BRANT-PC 10.0 build 19044 (Windows 10) AMD64
Zend version: 4.0.18
Composer libraries: 
- adhocore/json-comment 1.2.1@651023f9fe52e9efa2198cbaf6e481d1968e2377
- brick/math 0.10.2@459f2781e1a08d52ee56b0b1444086e038561e3f
- daverandom/callback-validator unknown@unknown
- fgrosse/phpasn1 v2.4.0@eef488991d53e58e60c9554b09b1201ca5ba9296
- netresearch/jsonmapper v4.1.0@cfa81ea1d35294d64adb9c68aa4cb9e92400e53f
- pocketmine/bedrock-data 1.13.0+bedrock-1.19.50@57337ddc9433a0e245a1ce48c51af05f0573d58d
- pocketmine/bedrock-protocol 17.1.0+bedrock-1.19.50@c572706cf5e3202718dd35a35dd30fe08cd671de
- pocketmine/binaryutils 0.2.4@5ac7eea91afbad8dc498f5ce34ce6297d5e6ea9a
- pocketmine/callback-validator 1.0.3@64787469766bcaa7e5885242e85c23c25e8c55a2
- pocketmine/classloader 0.2.0@49ea303993efdfb39cd302e2156d50aa78209e78
- pocketmine/color 0.2.0@09be6ea6d76f2e33d6813c39d29c22c46c17e1d2
- pocketmine/errorhandler 0.6.0@dae214a04348b911e8219ebf125ff1c5589cc878
- pocketmine/locale-data 2.11.0@4b33d8fa53eda53d9662a7478806ebae2e4a5c53
- pocketmine/log 0.4.0@e6c912c0f9055c81d23108ec2d179b96f404c043
- pocketmine/log-pthreads 0.4.0@61f709e8cf36bcc24e4efe02acded680a1ce23cd
- pocketmine/math 0.4.3@47a243d320b01c8099d65309967934c188111549
- pocketmine/nbt 0.3.3@f4321be50df1a18b9f4e94d428a2e68a6e2ac2b4
- pocketmine/pocketmine-mp 4.12.2@0ee6cdb058d4bd2e058352b3a710177366019c03
- pocketmine/raklib 0.14.5@85b4e5cb7117d37e010eeadb3ff53b21276c6f48
- pocketmine/raklib-ipc 0.1.1@922a6444b0c6c7daaa5aa5a832107e1ec4738aed
- pocketmine/snooze 0.3.1@0ac8fc2a781c419a1f64ebca4d5835028f59e29b
- ramsey/collection 1.2.2@cccc74ee5e328031b15640b51056ee8d3bb66c0a
- ramsey/uuid 4.6.0@ad63bc700e7d021039e30ce464eba384c4a1d40f
- rhumsaa/uuid unknown@unknown
- symfony/filesystem v5.4.13@ac09569844a9109a5966b9438fc29113ce77cf51
- symfony/polyfill-ctype v1.27.0@5bbc823adecdae860bb64756d639ecfec17b050a
- symfony/polyfill-mbstring v1.27.0@8ad114f6b39e2c98a8b0e3bd907732c207c2b534
- symfony/polyfill-php80 v1.27.0@7a6ff3f1959bb01aefccb463a0f2cd3d3d2fd936
- symfony/polyfill-php81 v1.27.0@707403074c8ea6e2edaf8794b0157a0bfa52157a
- webmozart/assert 1.11.0@11cb2199493b2f8a3b53e7f19068fc6aac760991
- webmozart/path-util 2.3.0@d939f7edc24c9a1bb9c0dee5cb05d8e859490725

----------------------REPORT THE DATA BELOW THIS LINE-----------------------

===BEGIN CRASH DUMP===
eNrtfAtz20aW7l/pkbwb6S5J4U2As07ZlpSJamxLI8lxJqHXaQANEjEJMHjokan89/ud0w0SpGRP
ksnWbtVaiS2i0X36vF/d9D/2srJayub9jarqvCz2Jt5gr8mXam9iB2M3cMaO74zCwPejcLDXrvQr
3x6FkRuO3ciJovHYcwZ7C1k3p1VVVnuTf+w19yvM2uPn07tEYRlAD/aWqq7ljF6dxz+qpBFlJhKs
rMWqTD6oZpkXajqNF3iYTs9X8qdWiaRsF6koykbE9FAA0UaloilFXjSAmbWLxVf5goAeT6bTNzUI
AYxKFs10eqLqD025mk5Pl6uyytvlRZXXZTGdrhbtLC/qhy/qKtkMTqfd8CKvG1Uw6NuyWqTT6Vv6
9dIMj1bzFeGi8TDAj7ZhHwH0eujIjK3hHjHYoy2ogLgARyCTMYRSyQQfv9/bt8TB4WSLY4oYPZdF
ulAVsKen63LN+K/1i8lEzzgA30Q4EHVT5cXs+yB6J/4gaaxh2rb3Tvy3SWNAewlvfAj+7Nvij+L2
ASBOAPq9rCp5f1BqnnyUFft2ZNsB+MjTv/feMTqOWC1pZ/qjblTRHF2qGW1Qqc1GgYWNfrOODb8s
ixeEwYtKyQ+P4ccbrtHczD2lceDrRqHPWLoPsOQpB4Gzq1ga4kMahl8mcrHQq/4VTLweJj2ZHNih
Fz2OC4PQ2x8wCL8HYrWQ96o6uuBfBxCPvwOkz9jhl22tGK3z4jEi4Bbn0+k3GC4rl5GOrIF4ZGLe
KBJjnnyQd6QXnmW5j07U6GEq/953xp4XDURTtYopCXqUFKoBrh+OlslKHRnTPjor/iKX6kISRGPV
B55v79C4vcvwy5hIZBn8Sio9xmb8e7Bx/PEONmYpNsLa6XTtpR5ZPfxSv4XXOANLr+E1apmQC3sM
8R3Aq6psyqRcTKcUfWBDeUGaUlb37IZ2AJ7IRmpJhUxsaIjFkrSsjjb7HMUqrfA07OAzPzRrn7fN
/KxYtY2mAsTb/zrxO6B/E+WPosVkOi6TGX1Mpq/1wxUCNLHbs8NPU/JP9uyI+RXYf4on+7bvhJal
Hb31K3F3x96ncd+e36FKGmHk+EexfBMPQ+edGI3+czR+MaIffzSqno5ejM5H/8KP5or9Ma5U8sMi
j48u5YeXeXxWwHtnSCDgWN3fw53TIilTlR6sA/yYCJppTJzRyK1syxrZoyejf9djgf7zenQ3GsXO
05s12j+MsFCE5ulgNBrL0X+NRu9Hf9MEOR+1RE3RMF9pajVl1yXlGNdz+Lj0lU4vL1Wi8htyjc6n
SdUAEd62eUSBVsvRQOKMydpI0wmIePz8/Pe/EZ1/G52NvsJ/34xGp/h1/F9PMPgjTfjraHRJvwf7
W6L7ZTT4Ar/+DewZgTNv19J0f6s0bZJmRwcYcUOWBA51RH2CPb/BRj/CqH3HRw2gMfc+Kra6KMuf
FZN0tVBqpaouWNiO+zsF9CvW/CNZlHVbqV90lmD7vwPBcFeB9NTpdHse8EGIAHdfl02e5YmkCFOb
fftB/YoFdGCPLfdXAq7p+U3R5IuDbFHKRvSrssgN9B7jR/awgt1gpN8Mv2yQqFxohMvKYBn2IFzw
mldYc+C60UeAvH+P7B8G0SZrf/lC1uqY6oeXpUzhvL1Hc6AWtCA6v5J58bKczTBv4yfd8DeVDet1
XvD7yg1Ne/QR2h9kw9q+NMccE45ggmSB6qc2r1TnHsndr+aymhwdHU+OGKsjRurI4LRbrGy2Hb66
GNHSHWxGq8O9d78M9tT/SIn931bWgiIN9T2ytXJxo5ZI2bBVCmYmtLV+S4RubYo3FI+IEW6It6L3
82Rl8t4alm583sE3ssplvFD1ZHJ6eXl++f7i8vSrs2/FSEz3/l62IpEFMyAtRTOXzZ+me4d/xiZu
1AP+CwY8CwP02+692BdpW8wUo+U5vRdPmM/iqXiidNUyU41OxBm65/bnlpWqMVVXn7Y/gKnjzxh/
wsM/Y49aNQJFj8jTmtZ6D/b5ljbiT7zRRVnnnDsf8uO3Zk//wbq/f3Ld38264MG67z657juzbtxb
l2cH6/parxxoug8PxT9o8gNZfhS8LhMPScqapc8bA/LbQUdX9+G7gfhGFvliIXkmdODF6cnl+fFf
Dw41jtHOtvVt3iRzA0+j5hvB+/bOXPpJ4Pl2tzg+f/7y/fnl6cHhhJY5v3LZ2eX5694y91cue/n8
4uzq/cvn3715eWaWer9y6eXpydX1+evT3q7+I0tZHM08rxHt2ChZDFfJXKUtxUoShXk4UWSB6bWs
PxwU6lbwMz8xgE4shwMBL/r/hGuxfrsWVBzeh9XbDz6CAhezJDSfFGvvl8+Nsc+Nsc+Nsc+Nsc+N
sc+Nsc+Nsc+Nsc+Nsc+Nsc+Nsc+Nsc+Nsf9DjbGuT1RTQ+hFmy/A5euyXPBzIenKyvbwYG9932XP
HnkjCyMSoaqsaqokj39Wyfzi1Ym6oanf5Hf5h69PaBu5yuk9FmAJnlVBTaV0b0Kp6mAvhYpS/Tr5
Hu/qMmtO+gNLyZ2shICvlimAQyIaq4awQj2wjSP0GqD3Ls6vrt+eX748wdCtimtk1RidN82qBh9n
eTNv41FSLo96aB9tgUKVjMFdjqyHtrlh+7vs2HBbXCu5/KMY0e1PCnmzQ/PV9fPL6zcX/4ziDWZH
axggdqdZuCH5QRexT7i1Q/cfRObDela7gX8mYCLEtGqOy7JK80I2qi+/R17uSHJXkFdztVjcj2/H
f5QI6w4gCqUH2Px6QqkNLCtQhTi2o3Gd2TOGdyixiTrmwnFZ0eoQ+NshAMYJVWz9EZTCwBhr+2Pl
8n1aNoiNW6Omnb4ZaKtF/zmVzdb7LF8A1/7IbLnqP85lvYVLTj2h/sCPrJmb52WsfeTWWAnPQLMo
g3QwUDeSCEr7k1bJNh8uVbZQXMv1R2vmaL09lEIt+yNXFy+3tr+vf1oUtJn5JNavmvKDKvKft1lw
d2eoJnRtDNzLJXHRQSJM2P+cr7ReRiOfHpGO9Jfj8W65zfWS0HMsy7VtJ8LAxcn5Fulp+Z5R2x3E
UL4tsBLKW9dbE6/y5Wqhvn21RfMOBnikDHGHzuXitsp35L9qOJckDnvGlVzMd3Rv3hYfOMw7zCSX
uZLPYthLdY8hDIzGxAl1oxZpbCYRqKS6XzVlbxWYlULQWi0tY+p0UJMXWbmll+kDkeZbWsCscvtD
lYL6k53NWq1rHfzvYE7i/CKRybzHXFjvj3nzfskHMhY4MV8ZJGh7aorJRc9tbdk22S2yo831UzDP
1trCoXFv4tiWBybV7xEw9yaZXNRwTl2ZuTfxA+yIiEBYKhUkaWz5YerFqaPwwfWd2JVj27LHyA4D
y44SywXs1uDyNkfOe1uL19fixeXz19fDi2NhQ3iCNxd2ZHmeOOhm2daheP7qJPD2mMg+y35WbCfe
Whvmq/cl6cLbs9evr0n/6OE21ydXiAhIfd5DhpWscu3UZToHRZU6IscwxBxzFAbDH9nPAt9G3ZxF
mfIdFalMOnYUJrHMAuWFdmpHQagcd0zKE1dIY4+MLwQ61sh55vlR5oxDW9nSClOAUH4QW7HteZ4V
BspyQz+wlZuxp4Ms4GUQXamVGKPeG97IRQ4PSCePYN2HorwtnpnfpHWzqqxrdQSaZV3Q+ciNQznV
M6UyLwyjyE59V/mhCqwk8n0vtqLYdiw7kX4sIycKAAP+uFK1klUyZwYs5WrF9nXjke49SzIJ7KWd
QqKRlwaeTOMoCUIpvSSOVOR4lqV8JuCRFhVwl9rzwJr+oxvVjsh65o9dd5ymSeS5rrSU4/nSTsDW
xLdlZvn4f+ymUKrHYW9Ucc8eE64P4Cf+2BlbQZL5ynUsZ2yHKciQro9fVqasMEmDsQ3j2YbPToG9
BcsRLH3my2SslIyAVyzTME28KMz8RLleogInGqe+CvBabkN6VIyU7rjPAm8cjr0gGgdBnEg5hpRC
3/EcFfqJ4yaOr8AFXzo7AKmWWZTGLRJq1jMvUtK13ChyVZZmsRslIM5Rju0HqW8BdOhYkRqHO5DK
RbmBAb0g/IN0HGSOct00CG03caPUiRLHSbwgscfKTnew6Z/xMKgAoFKJrT1pea4XxpFtqxAGo+LM
dvwss0FTGCVJuIvOoqSUoVMX2B2pnhcDkzCT0OEUf6VREDhyDMaFVqBi7KM86Se+uwtqxsiwHQRJ
ZDuJlUWW7ycwV8e1rVAlTmqPozgKMs/yEqD6AMKwF1Q0qMDOxuBjmGQuJJY4nvIUVMiRSarALos0
F4Lb0dW1M/Agc28sHc9NoYoxbDC0oigNfBe/gnEERbLD0LZt34u2QRRxY6KP+yzzXMeOlW+lmS1t
8DfzFIzSc0LpKNhkoICPE3vbEDYfh5wqaUf/7Dd47QctL+3gvJH/LPRjT/lJPLbtceqOlWUDLnyE
m2W+Gzu2Mw4S8Dl8DAo1zrqk5VnkODKAW4ytJEjGqZTSp/9DUGxB+VTijd1Qqh0G6y6FYZD9zJJJ
mCXQktBOPDuSdhZ4CgbmpUSc5cBoI+VEMcVauazVPRnCJmkjl+88S/Az9uCp4TVCZEAxTMmzYgQC
P1AqTN04DoLEkhsgbZvrIEQWINPAjZMx3OI4tYC8GynXglsjTKQbeokHb+pZ5DGrebuspezWP/Tw
9f0yK4v7I8ov6vu6UZSW3fhQJ9t9JhMr8oMo9Dw4JiuSPgwkhi8lDsDy3ESNx/B9dg/OqlzcA9Zi
2OXdNyB5DKT9OE5Cx4VnSWDBYWCBRm8MFxIA/SRTcADQFKb5AaxeAt2BC2Vq214WwB0pJ4lCGcaW
cuM0sqBYTuJYY6ip73qPgUM0C60erLEMsszN7MiPYhiOVFmSxF6AiJE58HX4z8nSyA0+Bsvuw7LG
nuXiryRUZC1wLFk4jqB0tj+WVgxn49AnXSYty59l1RzB56pKZwTsl2w7gWJHkRdBwbNQuqBEjYGg
FYD1gUSsCGDV9haQFTzBkIIK+zeXPGXkRtlYpfAlCTQ1Rli1UkW2ZPlpiECADayx4+sqba3yo3tO
lPeFrvHoyDvLZ23FLT5BiiKyshJbyd602BfXc4R5usvSQFS1kJUSzVyJslA137yhmzjmFD0vkkUL
t4YPQneYRgi2SAsapEwE66pcKjqbbx7CrGWmBqLEm6rmyz181ifuy7YysESeCaSseZbzDki96MrR
4p4Av1a3a3BHSLNlu2hqcVsWXzSCEhNZCVTVJdxqTsH1njCkmw2a7tu5KkS7mlUShfBsNC2mRQds
Mi2E2H87V4QYXQ6gO0p8q0frLnhAR3GU1qf6NaOq45IAPxeqYX4hGc4TJXTYo5ElQQbHEzVcSErc
Z2oiOFumF/W8bZDCFkNzPWwipnvfT1vLkuO4608I057g0eqd0B+yoTirRVtAxrMSGAqq/FGGyyJR
0z0m5/liUd4KOqSn96YTJ25yKf7Wquqe5vxEH4bmVQ+v/VNuOphFAtQIyoEF5AxWErj4XhgB0Hzd
oxiuX/dBvYWlQY8gDZmmAtmkFhoJgxq7Yqkktb0prRYQVawIa7BU/dTKBTF7lt9gLpKkVokDs6lw
rEOCrndUw0qBWc0QwqIO7QSvee/X7TKGnKCLz+v7IqG7LoJ679C+EU94U0OgZBAdpTRtXpVF2ULm
mF4PBB/BC10wkRUNBFUKlT5vYt7Ajmls2Raml66BX7FSgCboZlXe5dBLBTaAJNb3Yo0c8dYgdJbx
hTLMIU0eiLz5AuxrKl6Wqoa606RoO4vFAWhoYW0Os4XJGBpKJwxqV8Mla0fVFgWJM6XKtlyxELjG
qkfiRN2Yz2KZz+ZwAZWs54O+yRrNIY5UVbtq9KhmGDFmCdwMXSxcmDIXUKk2I3lT5inQfhwD0hHS
ORQxObRr1FM0TB7qSRO+jUC2vFTY7V5b8l8WZQzlofaY0OOwg2XekENYqpmM7xswXFxpTlvM27wm
0Lz8moR2mzPjWaFg6bdDDajTsZoJzHJgCDfGdz0ITFYp1W2pdRzCasm2xayEnEryG6QUtNGM0Rwy
ahNhERXY3XhunWL+r6eB/M6nKZjLKv3XKKibcsVIGL+7RsqAqwU8yIoCcbpGiXbdxYudwFu2CoNc
/cUfgB7bBeNDHkMkLUJWgZAl1J1KWva+pcZXWySFuPVsdZcoldYbcrTjOr8+nYjrr8+uxMuzV2fX
4vnFxcuz0ytxcXop3p5f/vX0ciAwSVyfY9apePv1+ctTcXF5fnx6dTXadQGPMuNCVXnJQZzccE3k
JXPFDpl5sXa1trn/x56FpwzhCJV2sgzquCxAJdwzVImo/ZimaQ27nVM0BkfIAelpDFkDgePduPHO
trHHOUUQyg14wejhbFID0yuH0FYqoRRC85XQ1VLVa9c0QLPUqt6QurnrePg4SoZy11A+k1UMsxhu
ygT2P49zl+2M0DGrhFkFz72URcsJSx8TpHMtNPBw0EWEXRXslFAH1wxpeKPpJQMwCj4S59rja3VH
xsEXIjtccoSQ20Js8K814BWjD0IDyzK0Yrev2FM8CJGsOhrCmrasKpddqNWrzYxhXzH7EiZqjCQf
6IZ4RKW2tOOqSzJJZBV24pRIK3LaLlc6I9NpnzAvhvSik9cJTTILGHdGs6MATwjyMHX5CIMRshH2
sMMNlKyuW0VuoZlDarMuQyV/RbttsBp0gtQZgklERxobmvpRPi3l3ZA71nWH+7Fc0Wi+RLJYUXCt
CHhDqSAJUuj7dRqLDV/JXgwr2WIe6hgS9JXBiDccUubcIuTazlpkJ6V+t6vUlBqR09Mb6MmdDWlg
ZmKfNE4chtzGXhN3Alw4VUH2SOwDejq/0FBWfO9F6DWaxA15WGYYqgnqdqbJ3b6agwuqHQzcT4P6
lCJOC3O3Y2IiBDKzebnQGWYsm2TOmTijXNOtYGFiDDs3XS6Ztzqy8J1lnWvq0LbfF1P3ivxqdd8Q
8IEY2j0JsvR442HTIQO/7QfGbW/SWD7aoAwy1ZRTAcR5Pi3GoEFrJL5GKghlesq5nTi+eDPAWuAQ
w8Bu8xR6z5mCdp9r+EOGPxFBl3VvEvKaudObOxLPU3iquVxkR6g/dZWQ0l11sxU2FdTmJAXrWeIm
6vWAbRU1d+TWKMOUi5EgJN5cFBddrr2pGqmUIKRuETVpYbsqVkPzvFPcvDJmV+c/q7U8KSvvxFhT
xDMJE7J2rR692OpFjl50OBIXZs1CVjNeIE35anSBd8wqOSMSIBOwrV4tOGGhmnQJ5MnaZUVyOl7k
mKWLbLrtoepGvLp+w5iicFwR2XHb8NV4FuVmO11bjDpns2zaIa2aMLb98lAVfP7Ftp4J6iYgFUK6
2pGJojnL8mQkOEzNJWUBIl+CNw3JDtLgf+UEfmrAuEBoN4z0nDgBt8ueGDFasj+vtUh1LoG5jdFR
okTppoLxdaaYOjnnHOnk7Or5C6RHnE61BesQeWyunvnoVmcJOSmj+cJT2i83NnRubD1VcTubdDXb
l8KmWs2kq3O4K34vTF1f604EfwOhLnX0NhZhEzCNtYZ2PC/LmrsVXammumKc3Th1wUUtb7pwgY+o
vPXVaXq3cWyEGF8a0FmbaeT8WOaFbggwp74Q38blHVl+Jc5OxMG3b85ODiF3mD1wwPxbiI0EkyPe
wziohKtSwx+df8Aayo3sClj7ty9edvBNedcb+YI3o5M+zhxYvCYXYdrKrq1k4ugd8BvSbYmnZZbx
tniXZ/fDuzZPNwJhfg63OzrX3JLRpqb/QR3NA/b0xq7a2rSGEjiRRrtZs2ao10yEOfilbXQIMe7R
7EIxUBazdX1S0LLFbiwedLNucnU7XEfox7pomrnPl2Vb6G+5cLzXzgQs61hLwZ28I3dCIH76PBEe
L77kWN1bzIQXSlfesdLAYpWR7dcrectKQTpqruOTatHwOup7G/JpozX58IFC7qJqLhhiN4V4+hiW
1uNoygqQUiE7dQey3WL6vcbG3Wnw8Fc3yM7qPNUxg+iRkCkUrm7jPhdmFEQxQ6U6dPLDOrRxp8ko
h0wStVBcKmj15l0X+QdsQVUye6KFBOmzqrxt5tqPYQsp5hpaz8nB+utGh2RGdkjc6FAbblijSTs7
qXt0kZsmyWtoQp8Er8k0HacuzdHfzusLCfCGQBEl8vopT9T6M5UDG+luWl1rAY8eSth4tFuZc4WL
CIMCUKvWqly1i86WzAMlATzHxBKXc0gujoh03onCMLkz5Amm7KAR09ybmPyHepFccOthnT4YdQMi
G7edbjwhmeuQLoTvDK29xfawuSnRC/RwEkN9z209cw5hTjQqo9VyuRrlJWMM/3e/pJIR9t1Q8zWp
N6hT7DLvxeY9k8C+T85mlZqZNqPpSerOC32d7sMufYwfHND5yTnd6RyaSKGTBvJpt0rXJVLQF/5o
x5oR3xDAY6PeAQKC95rz7YouWGnhPGAqBKrfGw1DekQXJDjA9YLQMXX5Vb+/N0DEWM0lbEWRu68I
hy5ZRRjJVIWKZEjOsqAIqd92AU2HE7nVLzS3VHoRuEVijoSHHW7n1wxAlrJ+3+3xQKqarr5Ym3y5
CSsmRBNQmk9aT1GEpEi+nTbkRqhZ1DW9R5sNzJv+Dh3nPp0EmAijJaktoNdfMjAAvjH87DpJczOo
/V61Li+My6DGPCq4lHOjPFsDoosAbaXPbsgFdQ0W7Y4Bz7isLggjUZO1Kd72dXZQm2qQqzideFHG
naYD7LlEakwagE8oYqk5LPnghaFoAvafCxI5kOFhTmgpT6ezKVrKyatO/sx63Q03QA47KPqRQju0
PBXcW2YuUHZeUdCQxf0uCpieIB3H/Ph+fYSye34GtavVIhuZXgTlA4YyWWhAuoWTs6Z8/w5lDAUQ
JE0H4KnSMYkUP79Tm515zrR3tDehNuh0TyNNDOtOZmTxhe4a7kOgeuf0UIuAlkywZYfamkOdQM30
gW4i6SysY7/ovoEPJ8VbZuboYM0lbYw5OeEWMw46Ig71bpTjDThwkk7xl+Sbek0goUC8pzt7SOVH
rKQMh9ZR0d3WuitWl0vF5e0jTDGo0BLwpqz0zlNz85yGt6dodZAxRRTx/Q533/VESKdVG/nRMZox
MQZ2UB9queUNa6NReUr9Mcs4JGxgPr3Tb+GKjUQ4a8e6gdjdlwqQD6Q6WzqtU2EUhi15PCBEDucJ
1/rU+GbUEMWBZDdnIJ447JJ045y6mkI1icaTztRkCrqBSrkCoHfYXPywHgbZ6u4HMfxS/IDX/MDr
PkARCPs2T2AxQF7eQxxn1NrRiSVNALjpngbIjxtYZt0P4j/w+dGlNHe698MaSZ3oYEt6IIKfON2u
dMxMPoDqyh/bmnSZvyhEyeMT508dChsoDBweD6lMkWqEGOr28Bq1T8E3s//EqK5FZ/J7Oku5M8eu
W/5En4lJSDfnf9Jio9eIQcbzN6sNf1ktdK2yrmf6J+rb7otbyzp1o5iqmkdLC6GxYV9MTRRuSSI6
5auFMnWRaZZIuoar9+Vx/REQKQnwLF1mbHaciK9ePr/Wg9R9UbAv58/m0t3Aj+6g6IUauHdpXjUD
zkX/bIpfffzcb+TqFIZyfwQWc8oiWxNzFwhVyb3QX+Zpqy7r7JpX1frcmlMqwEGGnvBtgrrj07A7
9IYkdadj/yvOpXgrnr8FhFsFZuR9b2TIJXevFi51O4TlX5u+X/KBOkc197iQ2sX5Im/utUGv9QSo
NJCK/ibWSPcHiEqGj2KxWiejdJFlV6h04+NiI+JjvvTBtx6mcIj7V20hXkGnQ+FYE8ufWLb4y6tr
PDgOve8uJjxVSC/xvCyb9Onu9YOKbkvwV6nIjz7d+YrS5i1lJE/tyHadncGbgIddGp5JaqGm6mnd
Vjc5Ci7eVt6ZPkb91Eb6j6GtSvmpHdDY7Txv1JD8MfUDaMR0afgyw1ONjBnKV9jVzNKXMNY763l0
MEYH6N2k1c3KvElzal3BMO6fMiVrPV8XDU+Zd9x1YJa8LOP4fjNGdtKbQjeqnrKFVCa5phBgNuu1
OPh575f/D7GZzCo=
===END CRASH DUMP===
