PocketMine-MP Crash Dump Fri Jan 13 14:48:34 GMT 2023

PocketMine-MP version: 4.12.2 [Protocol 560]
Git commit: 0ee6cdb058d4bd2e058352b3a710177366019c03
PHP version: 8.0.18
OS: WINNT, win

THIS CRASH WAS CAUSED BY A PLUGIN
BAD PLUGIN: EmporiumPrison

Error: Class "Emporium\Prison\listeners\WorldListener" not found
File: plugins/EmporiumPrison/src/Emporium/Prison/Loader
Line: 45
Type: Error
Backtrace:
#0 pmsrc/src/plugin/PluginBase(118): Emporium\Prison\Loader->onEnable()
#1 pmsrc/src/plugin/PluginManager(454): pocketmine\plugin\PluginBase->onEnableStateChange(true)
#2 pmsrc/src/Server(1417): pocketmine\plugin\PluginManager->enablePlugin(object Emporium\Prison\Loader#21896)
#3 pmsrc/src/Server(1030): pocketmine\Server->enablePlugins(object pocketmine\plugin\PluginEnableOrder#21899)
#4 pmsrc/src/PocketMine(339): pocketmine\Server->__construct(object BaseClassLoader#4, object pocketmine\utils\MainLogger#3, string[38] C:\Users\brant\Desktop\EmporiumPrison\, string[46] C:\Users\brant\Desktop\EmporiumPrison\plugins\)
#5 pmsrc/src/PocketMine(362): pocketmine\server()
#6 pmsrc(11): require(string[82] phar://C:/Users/brant/Desktop/EmporiumPrison/PocketMine-MP.phar/src/PocketMine.p)

Code:
[36]         @mkdir($this->getDataFolder() . "Players/");
[37]         if(!file_exists(Variables::DIRECTORY . "Server/settings.yml")) {
[38]             new Config(Variables::DIRECTORY . "Server/settings.yml", Config::YAML, $this->defaultServerSettingsData);
[39]             $this->getLogger()->info(Variables::FILE_CREATED_PREFIX . " SERVER SETTINGS FILE");
[40]         } else {
[41]             $this->getLogger()->info(Variables::FILE_LOADED_PREFIX . " SERVER SETTINGS FILE");
[42]         }
[43] 
[44]         # listeners
[45]         $this->getServer()->getPluginManager()->registerEvents(new WorldListener(), $this);
[46]         $this->getServer()->getPluginManager()->registerEvents(new PlayerListener($this), $this);
[47]         # commands
[48]         $this->getServer()->getCommandMap()->register("mines", new MinesCommand($this));
[49]         # load worlds
[50]         $this->getServer()->getWorldManager()->loadWorld("Lobby");
[51]         $this->getServer()->getWorldManager()->loadWorld("Warzone");
[52]         $this->getServer()->getWorldManager()->loadWorld("TutorialMine");
[53]         $this->getServer()->getWorldManager()->loadWorld("CoalMine");
[54]         $this->getServer()->getWorldManager()->loadWorld("IronMine");
[55]         $this->getServer()->getWorldManager()->loadWorld("RedstoneMine");

Loaded plugins:
BuilderTools 1.4.0 by CzechPMDevs, VixikHD for API(s) 4.0.0
DevTools 1.15.0 by PocketMine Team for API(s) 4.0.0
EmporiumPrison 1.0.0 by  for API(s) 4.0.0
VanillaCoordinates 1.1.0 by Shelly7w7 for API(s) 4.0.0

uname -a: Windows NT BRANT-PC 10.0 build 19044 (Windows 10) AMD64
Zend version: 4.0.18
Composer libraries: 
- adhocore/json-comment 1.2.1@651023f9fe52e9efa2198cbaf6e481d1968e2377
- brick/math 0.10.2@459f2781e1a08d52ee56b0b1444086e038561e3f
- daverandom/callback-validator unknown@unknown
- fgrosse/phpasn1 v2.4.0@eef488991d53e58e60c9554b09b1201ca5ba9296
- netresearch/jsonmapper v4.1.0@cfa81ea1d35294d64adb9c68aa4cb9e92400e53f
- pocketmine/bedrock-data 1.13.0+bedrock-1.19.50@57337ddc9433a0e245a1ce48c51af05f0573d58d
- pocketmine/bedrock-protocol 17.1.0+bedrock-1.19.50@c572706cf5e3202718dd35a35dd30fe08cd671de
- pocketmine/binaryutils 0.2.4@5ac7eea91afbad8dc498f5ce34ce6297d5e6ea9a
- pocketmine/callback-validator 1.0.3@64787469766bcaa7e5885242e85c23c25e8c55a2
- pocketmine/classloader 0.2.0@49ea303993efdfb39cd302e2156d50aa78209e78
- pocketmine/color 0.2.0@09be6ea6d76f2e33d6813c39d29c22c46c17e1d2
- pocketmine/errorhandler 0.6.0@dae214a04348b911e8219ebf125ff1c5589cc878
- pocketmine/locale-data 2.11.0@4b33d8fa53eda53d9662a7478806ebae2e4a5c53
- pocketmine/log 0.4.0@e6c912c0f9055c81d23108ec2d179b96f404c043
- pocketmine/log-pthreads 0.4.0@61f709e8cf36bcc24e4efe02acded680a1ce23cd
- pocketmine/math 0.4.3@47a243d320b01c8099d65309967934c188111549
- pocketmine/nbt 0.3.3@f4321be50df1a18b9f4e94d428a2e68a6e2ac2b4
- pocketmine/pocketmine-mp 4.12.2@0ee6cdb058d4bd2e058352b3a710177366019c03
- pocketmine/raklib 0.14.5@85b4e5cb7117d37e010eeadb3ff53b21276c6f48
- pocketmine/raklib-ipc 0.1.1@922a6444b0c6c7daaa5aa5a832107e1ec4738aed
- pocketmine/snooze 0.3.1@0ac8fc2a781c419a1f64ebca4d5835028f59e29b
- ramsey/collection 1.2.2@cccc74ee5e328031b15640b51056ee8d3bb66c0a
- ramsey/uuid 4.6.0@ad63bc700e7d021039e30ce464eba384c4a1d40f
- rhumsaa/uuid unknown@unknown
- symfony/filesystem v5.4.13@ac09569844a9109a5966b9438fc29113ce77cf51
- symfony/polyfill-ctype v1.27.0@5bbc823adecdae860bb64756d639ecfec17b050a
- symfony/polyfill-mbstring v1.27.0@8ad114f6b39e2c98a8b0e3bd907732c207c2b534
- symfony/polyfill-php80 v1.27.0@7a6ff3f1959bb01aefccb463a0f2cd3d3d2fd936
- symfony/polyfill-php81 v1.27.0@707403074c8ea6e2edaf8794b0157a0bfa52157a
- webmozart/assert 1.11.0@11cb2199493b2f8a3b53e7f19068fc6aac760991
- webmozart/path-util 2.3.0@d939f7edc24c9a1bb9c0dee5cb05d8e859490725

----------------------REPORT THE DATA BELOW THIS LINE-----------------------

===BEGIN CRASH DUMP===
eNrtW+ty20aWfpUeOlWRakgKdxKcckqOpExUa0daSYkzG7qcBtAgEYEAg4skeirvvt853SBBWs5s
1qmt/TGZTAQ0us/9DvCfg7SsVrJ5/6CqOiuLwcwbDppspQYzO5i4gWO7tje2fN+xp8NBu9aPrLHv
uu7UDt1p6HquEzjDQS7r5qKqymow++eg2ayxbaDvh4OVqmu5oJUzbKvFfHCxWpdV1q7m8+sqq8ti
Ps+zulEFqJjP35ZVnrw29/OBKMpGpGVbJACVtnn+TZYzrNl8/n3NJ6JKFs18fq7q+6Zcz+cd+A74
Om8XWVF//KCu4t3ijpjXpUxUNV4v14RSozMwTvZBnADCdunErOnjOJpnBY56PmRayRiXPw1eWGK9
okP0fw3z5Jr/fC1rdWTb0+OZ+BRFo6/K4qKQUa6OjgH+hf0pWG9kAYFXR57vAdy6jO9VswIxnSgA
eItzB/S2kY06W8pioY6aqlWMw+nhuFUVDOXI9uzJ74I16EdfKYarF4/K6BcVN59k7gVsLAwYp/sM
Tsu1DnDqJ/tI6g7Lp4nTvF5VHcqQUXo9lNd89g3OHrlu+Ams79/HZVFDTHHT4SRpsoUbhryheIaa
tslymOIbmRWvywXE9MIdCgDKisVP7vSd+AN2vT3nBX/o3NYfmHX/E6wHzgHrtVYFHwr0IRgsNlXq
1zar1JGhZuq8E+ulrGYnJ2ezE6bphEk6MRQdOtEO6+jN9ZiOHhAzXh8P3v02HKj/gwjz+e4OQvXx
91nxUOYPaqWKBjATyChuBt1Ton8POp7EZaKIPzfAU2H+OV3d4+jRF80yq0dfLVRzLhv5TZknpAwx
BrfXudyQlOeD478Bijvpnc7So78QU+/VEziuj36QVUYeUM9m55c3F2d3Vzf/YCDask9q1TTQYj3e
rHLAOxb/JIjTHkT6p1CP4qws0mzxBwEOzbHZ7B+v3rweCsNVolLZ5o0+cmtOEJ+aofAA/U4W2oeO
jkdfZUVa9on55vL1xfuzm4tXdxfn769vLr65/JHJErcXNz9c3ODP3d3ld3+/FbTRSM6zeoh+Eyqv
FfPv2f9bAl5fvTr/A/idPn5acLFAf73egxdia8z0yO892tFlAucx3+ynBaxVakEgqosH2GZ9ROrc
84qjY6MaTVbw56DQdrrFoRHsIZrssRmXq5UsEuZy+q9JONPb38h1H//RfEDxqybbIyIooNRmqyFB
4w73RQy3Fo8kE0LvW/8aPQuwJwCCwGug4HUZRRujZN/+PFhvZfWhREA20JzPg3bXNohBMiexdCDd
zwN5Vu6D8z4P3GVVFn1w/ueBu1FJ3UB+W5C//bs++3d99u/67HPrs66uqamA+brNqD65K8uc7wtJ
neP+8nCwbTsH9hh9JlZk2yxLpDW44tkHFS+v35yrB9r6Q/aU3X97TmjkOqPnOIAjuNcGlgxm5BTD
QaLWinLG7Cc8q8u0Oe8vrCRXXjEBX68SAIc+NFUNUTWfH9BIoQMHrq9u795e3bw+x9KjiuqsIX6W
TbOuIcdF1izbaIx8ddIj+2QPFMIMFg8lsl3al4btH4pjJ21xp+TqzxJEh5/M8eGA59u7Vzd331//
K453lJ1sYYDZg+J2x/JHVW+fceuA7z+JzU9FtX+lYGLkB1lkeS7PyrJKsgIxuK+/Zx4eaPJQkbdL
leebyePkz1Jh3QGczz+m5n/OKLUtsgJXjTq0uM7tmcInFG/EHUvhrKzo9BT021MAjOKVbJb9lVjm
oBhn+2vl6n1SNoVq9lZNV7dbaKu8f5/IZu852hrQ2l9ZrNb926Ws92jJkBMe+gu/sGXu7leRjpF7
ayUiA+3C/djBQt1IYijpb1rH+3K4UWmOzJLtg69ZovX+UgKz7K/cXr/eQ7+pf80LQmauxPZRU96r
IvuwL4KnJ8M1kWtjYSNXJEVn7DD1H7K1tstw7NNtnkX947h9Wu1LvSTyHMtybdsJsXB9frXHelK+
Z9IOF7GU7SushPHW9d7G22y1ztWPb/Z4PqAAt5ViI95ffKyyA/2vmyXtJAl7JpRcLw9sb9kW95zk
HRaSy1LJFhH8pdpgCQvjCUlCPag8icwmAhVXm3VT9k5BWGhcc22WlnF1arapFdyzy+QjlWZ7VsCi
cvtLlYL5k58tWm1rHfz/gjuJq+tYxsuecOG9v2TN+xUPECxIYrk2RBB6ardk3gtbe75NfovaaDcF
hvBsbS2cGgczx7Y8CKl+j4Q5mKUSfTFQVGVTxiXA+gEwIiMQlUoFcRJZ/jTxosRRuHB9J3LlxLbs
ycQNAssOY8sF7NbQ8jYrkvKxFt/dia9vXn13N7o+EzaUJxi5sEPL88RRt8u2jsWrN+eBN2Am+yL7
oNhPvK01LNfvS7KFt5fffXdH9kc3j5metCAjoPR5Dx1W6Nl1UJfJEhxV6oQCw4jaTz26geOP7dPA
ty3HTcNU+Y4KVSodO5zGkUwD5U3txA6DqXLcCRlPVGXx/YmJhSDHGjunnh+mzmRqK1ta0wQglB9E
VmR7nmdNA2W5Uz+wlZtypIMuEGWQXRE/80jG96MHmWeIgDQAg+jui/KxODV/yeoWVVnX6gQ8y7qg
DvPBoZrqVKnUm6KMthPfVf5UBVYc+r4XWWFkO5YdSz+SoRMGgIF4XKlaySpesgBWcr1m/3rwyPZO
41SCemkn0GjoJYEnkyiMg6mUXhyFKnQ8y1I+M7CrS08ilVS4G4F2qSMPvOmv3aoORNapP3HdSZLE
oee60lKO50s7hlhj35ap5ePfiZvAqJ6HvTPFgT0hWj+CH/sTZ2IFceor17GciT1NwIZ0ffyxUmVN
4ySY2HCeffgcFDhasB4h0lNfxhOlZAi6IplMk9gLp6kfK9eLVeCEk8RXAR7LfUjPqpHKHfc08CbT
iReEkyCIYikn0NLUdzxHTf3YcWPHV5CCL50DgNTJ5KUJi0SadeqFSrqWG4auSpM0csMYzDnKsf0g
8S2AnjpWqCbTA0hlXu5gwC6I/iCZBKmjXDcJprYbu2HihLHjxF4Q2xNlJwfU8GQWrWmSG3ICgEok
UHvS8lxvGoW2raZwGBWltuOnqQ2epmEcTw/JyUsqGTpzgd+R6XkRKJmmEjac4D9JGASOnEBwUytQ
EfAoT/qx7x6CWjAx7AdBHNpObKWh5fsx3NVxbWuqYiexJ2EUBqlneTFI/QjCqJdUNKjATieQ4zRO
XWgsdjzlKZiQI+NEQVwWWS4Ud2Cr22DgQefeRDqem8AUI/jg1ArDJPBd/AkmIQzJnk5t2/a9cB9E
ETUm+7inqec6dqR8K0ltaUO+qafglJ4zlY6CTwYK9DiRtw9hdzniUkkH+tM/ELV7wCp5r6sHBDhv
7J9O/chTfhxNbHuSuBNl2YCLGOGmqe9Gju1Mghhynj4HZZSt465oOQ0dRwYIi5EVB/EkkVL69O8U
HFswPhV7E3cq1YGA66IsPygjIPvUkvE0jWElUzv27FDaaeApOJiXEHOWA6cNlRNGlGvlqlYbcoRd
0UYh3zmN8c/EQ6RG1JiiAorgSp4VIRH4gVLTxI2iIIgtuQPStplOQuQBMgncKJ4gLE4SC8S7oXIt
hDWiRLpTL/YQTT2LIma1bFe1lN35jyN8vVmlZbE5ofqi3tSNorLswYc52e6pjK3QD8Kp5yEwWaH0
4SARYilJAJ7nxmoyQeyze3DWZb4BrHzU1d0PYHkCov0oiqeOi8gSw4OngQUevQlCSADy41QhAMBS
mOePYPUK6A7cVCa27aUBwpFy4nAqp5Gl3CgJLRiWEzvWBGbqu95z4JDNplYP1kQGaeqmduiHERxH
qjSOIy9AxkgdxDr8z0mT0A0+Bcvuw7ImnuXiP/FUkbcgsKTTSQijs/2JtCIEG4eudJu0Kj/IqjlB
zFWVrgg4Ltl2DMMOQy+EgadT6YITNQGBVgDRBxK5IoBX23tA1ogEI0oqHN9cipShG6YTlSCWxLDU
CGnVShT5kuUnUyQCILAmjq+7tK3J0ysVwHghdI8nYn610laSbFiQoYi0rMResTcvXoi7JdK86F7M
CFkp0SyVKAtV40I2IpYFvRSLlMiKOG8R1nAh9IBpjGSLsqBByUSwbssVTqYE4BBmLVM1FCWeVDWB
FBHi6L3YlG1lYIksFShZszRjDCi96BVZviHA36nHLbgT836oFo9l8WUjqDCRlUBXXSKsZpRcN0Qh
TYM1349LVYh2vagkGuHFeF7Miw7YbF4I8eLtUhFhoimBBRU1QJhxHWSA2qumsj7Rj5lUnZcE5Jmr
huWFYjiLldBpj1ZWBBkSj9Uol1S4L9RMcLVMD+pl26CELUbmdeVMzAc/zVvLkpOom08IM57g1eqd
0BfpSFzWoi2g40UJCgV1/mjDZRGr+YDZeZXn5SO/F6LnZhInHjIp/rNV1Yb2/EoXI/OoR9cLPXI1
hwS4EVQDC+gZoiRw0UYYBdB+PaMYbR/3Qb2Fp8GOoA2ZJALVpFYaKQNquhcrJeu24jeiAqqKFFEN
kapfW5mTsBfZA/aiSGqVODJIhWMdE3SNUY0qBWE1IyiL5rMzPGbc37WrCHqCLb6qN0V8J+t7eoFz
D+sb84bvayiUHKLjlLYtq7IoW+gc2+uhfuMjdMNEXjSkl1BrMEKdEcsGfswvptoCdkdbNPBbNgrw
BNusyqcMdqkgBrDE9l5siSPZGoIuU7Jw2kOWPBRZ8yXE11R8LFENzabJ0A4OiyPw0MLbHBYLszEy
nM4Y1KGFS7aOqi0KUmdCnW25ZiVwj1WPxbl6MNdilS2WCAGVrJfDvssayyGJVFW7bvSqFhgJZgXa
DF+sXLgyN1CJdiP5UGYJyH6eArIRsjk0MRmsa9wzNGwe6U0zQWMx8uWVAraN9uS/52UE46HxmNDr
8INV1lBAWKmFjDYNBC5utaQtlm1WE2g+fkdKe8xY8GxQ8PTHkQbU2VjNDKYZKEQYU/RGk8CklVId
Sm3jUFZLvi0WJfRUUtwgoyBECyZzxKTNhEVcALuJ3LrE/H/PA8Wd3+dgKavk8ziom3LNRJi4uyXK
gKsFIsiaEnGyJYmwHtLFQeAte4Uhrv7yTyCP/YLpoYgh4hYpq0DKEupJxS1H31LTqz2SUtx2t3qK
lUrqHTs6cF3dXczE3beXt+L15ZvLO/Hq+vr15cWtuL64EW+vbv7j4mYosEncXWHXhXj77dXrC3F9
c3V2cXs7PgwBzwrjWlVZyUmcwnBN7MVLxQGZZbENtTbEjjIi4cjCW0YIhEoHWQZ1VhbgEuEZpkTc
fsrStIU9LikbQyIUgPQ2hqyBIPDuwnjn28BxRRmEagM+MP54N5mBmZVDaWsVUwmh5Urkaq3qs1se
YFlqXe9YdS3Da338PEmGc9dwvpBVBLcY7doEjj/PS5f9jMgxp4Q5hci9kkXLBUufEpRzLSzweNhl
hEMT7IxQJ9cUZXij+SUHMAY+Flc64mtzR8VRtnmypSVDCnksxI7+WgNeM/lgNLAswyuwfcOR4qMU
yaajIWx5S6ty1aVafdrsGPUNs69h4sZo8iPbEM+Y1J51dN8HscoqYOKSSBty0q7WuiLTZZ8wD0b0
oNPXOW0yB5h2JrPjAHdI8nB1+YyAkbKR9oDhAUZW162isNAsobVFV6FSvCJsO6qGnSJ1hWAK0bGm
hrZ+Uk4r+TTiiXXd0X4m17SarVAsVpRcKwLeUClIikSWpm9sNBU7uZK/GFGyx3xsYyjQ14YiRjii
yrlFyrWdrcrOS/3s0KipNKKgpxHozZ0PaWBmY581LhxGPMbeMncOWrhUQfVI4gN5ur7QUNaSGhmh
z2gWd+zhmBGoZqjDTJs7vFqCOfUOBu7vg/o9Q5wXhWpIYzOTIVCZLctcV5iRbOIlV+JMMoom2JDJ
MRzcdLtknurMEqltralT24u+mrpHFFerTUPAh2Jk9zTI2mPEo6YjBnHbD0zY3pWx/GqDKshEc04N
ENf5dBiLhqyx+BalIIzpJdd24uz6+yHOgoYIDvaYJbB7rhR0+NzCHzH8mQi6qntXkNcsnd7esXiV
IFItZZ6eoP/UXUKiYMQGFZDqb7FAd88Td1mvB2yvqXmisEYVpszHgoj4/rq47mrtXddIrQQR9Yis
SQfbdbEemfuD5uaNcbs6+6C2+qSqvFNjTRnPFEyo2rV59HKrFzr60PFYXJszuawWfECa9tXYAmNM
K7kgFqATiK1e51ywUE+6AvHk7bIiPZ3lGX1kx002fe2h6ka8ufueKUXjuCa2o7bhL11ZlTt0urcY
d8Fm1bQjOjVjavvtoSr4/Rf7espf0aEUQrnasYmmOU2zeCw4TS0lVQEiW0E2DekO2uAfGyBODZkW
KI2/DMTWmMMuR2LkaMnxvNYq1bUE9jbGRokTpYcKJtaZZur8imuk88vbV1+jPOJyqi3Yhihic/fM
r251lZCRMZoPdJN+u7Hjc+friYraxazr2b4SNvVqplxdIlzxc2H6+lpPIsibi7rU2dt4hE3ANNUa
2tmyLGueVnStmuqacQ7jNAUXtXzo0gUu0XnzM56Q7wIbEcYfDeiqzQxyfimzQg8EWFJfih+j8ok8
vxKX5+Lox+8vz4+hd7g9aMD+R6iNFJMh38M5qIWrEiMfXX/AG8qd7gp4+49fv+7gm/aut/IlI6M3
fVw5sHpNLcK8ld1YyeTRJ9A3oq8lXpZpymjxLEs3o6c2S3YKYXmO9ic6dzyS0a6mf9eiZaA/4tTa
amszGooRRBodZs2ZkT4zE+bFL6HRKcSER4OFciB9g9f1JwUdyw9z8bDb9ZCpx9E2Qz83RdPCfbUq
W4oeqc51JphAZJ1oKblTdORJCNRP1zPh8eEbztW9w8x4oXTnHSkNLFIp+X69lo9sFGSjGjqbFi1v
s763Y58QbdlHDBTykFTwEnPWEgr59DkqrefJlBV9di9kZ+4gtjtMf7fUuAcDnigvY3bfOkt0ziB+
JHQKg6vbqC+FBSVR7FCJTp18s01tPGkyxiHjWOWKWwVt3ow1z+6BgrpkjkS5BOuLqnxsljqOAYUU
Sw2tF+Tg/XWjUzITOyJpdKSNdqLRrF2e1z2+KEyT5jU0od8Eb9k0E6euzOEze0oCvBFIRIu8vcti
tb2mdmCn3d2oa6vg8ccaNhHtUWbc4SLDoAHUprUu123e+ZK5oSKA95hc4nINyc0Rsc6YKA1TOEOd
YNoOWjHDvZmpf2gWyQ23XtblgzE3ELIL28kuEpK7juiXFAdL22ixv2y+lOglegSJkf7ObbtzCWXO
NCnj9Wq1HmclU4z4t1lRywj/bmj4Gtc70il3medi95xZ4NgnF4tKLcyY0cwk9eSFvke+P+SP6UMA
ujq/om86RyZT6KKBYtqj0n2J5O/cCWPNhO8Y4LVx7wUCkvdW8u2aPrDSyvlIqFCofm4sDOURfSDB
Ca6XhM5oyq/6870hMsZ6KeErisJ9RTR0xSrSSKoqdCQjCpYFZUj9tEtoOp3IvXmh+Uqll4FbFOYo
eDjgdnHNAGQt6+cdjo+0qvnqq7XJVru0YlI0AaX9ZPWURUiLFNsJIQ9CzaFu6D3eITBP+hg6yf1+
EWAyjNak9oDefMnAAPjGyLObJC3Noo571ba9MCGDBvPo4BKujbJ0C4g+BGgr/e6GQlA3YNHhGPBM
yOqSMAo1WZvm7YWuDmrTDXIXpwsvqriTZAicK5TGZAG4QhNrftwhDBTNwItXglQOYniZC1qq0+nd
FB3l4lUXf92PQ3gaboAcd1D0LaV2WHkieLbMUqDqvKKkIYvNIQnYHqMcx/5os32Fcvj+DGZXqzwd
m1kE1QOGM1loQHqEk7Gl/PQObQwlEBRNR5Cp0jmJDD97UjvMvGfee7U3ozHofKCJJoF1b2Zk8aWe
Gr6AQjXm5FirgI7MgLIjbSuhTqFm+1APkXQV1olf/AO6InEjSDHK1Lw62EpJO2NGQbjFjqOOiWON
jWq8ISdOsinSGW3tGCQSSPb0zR5K+TEbKcOhc9R0t7WeitXlSnF7+4xQDCl0BLIpK415br48p+X9
LdocZEQZRfx0IN13PRXS26qd/ug1mnEx/TOh+ljrLWvYGo3JU+mPXSYgAYG5eqefIhQbjXDVjnND
cYiXGpB7Mp09m9alMBrDliIeCKKA8wX3+jT4ZtKQxUFkt2covnA4JOnBOU01hWpiTSe9U5MJ+AYp
5RqA3gG5+Hm7DLbV089i9JX4GY/5hs/dwxCI+jaL4TEgXm6gjksa7ejCkjYA3HygAfLtDpY597P4
K66fPUp754Oft0TqQgco6YYY/sLpsNJrZooB1Ff+0tZky7HCLioev3D+0pGwg8LAEfFQyhSJJoih
7i9vSfs9+Gb3X5jUrepMfU/vUp7Ma9e9eKLfiUloF1aTlD27pp8Vas0065182Sx0r7LtZ/pv1PfD
F4+WdelGOVU1z7YWQlPDsZiGKDySRHbK1rkyfZEZlkj6DFfj5XV9CYhUBHiWbjN2GGfim9ev7vQi
TV8U/Mv5m/nobuiHT/wTq6H7lGRVM+Ra9G+m+dWvn/uDXF3CUO2PxGLessjW5NwcqSreCP1Tnrbq
qs5ueFVt31tzSQU4qNBj/pqg7uQ06l56Q5N60vHiG66lGBXv3wPCowKz8r63MuKWu9cLl3ocon9Z
a+Z+8T1NjmqecaG0i7I8azbaobd2AlIaaIUrP534NJcMH81itS1G6UOWQ6XSFx/XOxXr39PyVw9z
BMQXt20h3sCmp8KxZpY/s2zx9zd3uHEcet59mPBSobzE/apskpfbzw9u7zf6CwTuKsQd1VX6J1W0
V5Myotj68uBHS7unVKW8tEPbdQ4WHwJedml5IWmsmqiXdVs9ZGjCmBT5ZGYb9UsbLQGW9rrnl3ZA
a4/LrFEjitE0I6AVM7nhDxxeamLMUrYGVrNLf5ixxaz30csyeqnebVo/rM2TJKNxFpxl85I52dr+
tpF4yfLkSQSLhH9Zulsj3+ltoa+sXrLXVKbgprRgkPXGHnw/+O2/Ae8tqx8=
===END CRASH DUMP===
