PocketMine-MP Crash Dump Fri Jan 13 22:31:35 GMT 2023

PocketMine-MP version: 4.12.2 [Protocol 560]
Git commit: 0ee6cdb058d4bd2e058352b3a710177366019c03
PHP version: 8.0.18
OS: WINNT, win

A PLUGIN WAS INVOLVED IN THIS CRASH
BAD PLUGIN: EmporiumPrison

Error: Position world is null or has been unloaded
File: pmsrc/src/world/Position
Line: 70
Type: pocketmine\utils\AssumptionFailedError
Backtrace:
#0 pmsrc/src/entity/Entity(1428): pocketmine\world\Position->getWorld()
#1 pmsrc/src/player/Player(2420): pocketmine\entity\Entity->teleport(object pocketmine\world\Position#166517, null, null)
#2 plugins/EmporiumPrison/src/Emporium/Prison/forms/Mines(132): pocketmine\player\Player->teleport(object pocketmine\world\Position#166517)
#3 plugins/EmporiumPrison/src/Emporium/Prison/library/formapi/Form(46): Emporium\Prison\forms\Mines->Emporium\Prison\forms\{closure}(object pocketmine\player\Player#27432, int 0)
#4 pmsrc/src/player/Player(2049): Emporium\Prison\library\formapi\Form->handleResponse(object pocketmine\player\Player#27432, int 0)
#5 pmsrc/src/network/mcpe/handler/InGamePacketHandler(867): pocketmine\player\Player->onFormSubmit(int 0, int 0)
#6 pmsrc/vendor/pocketmine/bedrock-protocol/src/ModalFormResponsePacket(63): pocketmine\network\mcpe\handler\InGamePacketHandler->handleModalFormResponse(object pocketmine\network\mcpe\protocol\ModalFormResponsePacket#166541)
#7 pmsrc/src/network/mcpe/NetworkSession(418): pocketmine\network\mcpe\protocol\ModalFormResponsePacket->handle(object pocketmine\network\mcpe\handler\InGamePacketHandler#152883)
#8 pmsrc/src/network/mcpe/NetworkSession(374): pocketmine\network\mcpe\NetworkSession->handleDataPacket(object pocketmine\network\mcpe\protocol\ModalFormResponsePacket#166541, string[7] e...0..)
#9 pmsrc/src/network/mcpe/raklib/RakLibInterface(183): pocketmine\network\mcpe\NetworkSession->handleEncoded(string[10] cOe`d2.b..)
#10 pmsrc/vendor/pocketmine/raklib-ipc/src/RakLibToUserThreadMessageReceiver(42): pocketmine\network\mcpe\raklib\RakLibInterface->onPacketReceive(int 0, string[19] .......q./.....%..m)
#11 pmsrc/src/network/mcpe/raklib/RakLibInterface(113): raklib\server\ipc\RakLibToUserThreadMessageReceiver->handle(object pocketmine\network\mcpe\raklib\RakLibInterface#25873)
#12 pmsrc/vendor/pocketmine/snooze/src/SleeperHandler(123): pocketmine\network\mcpe\raklib\RakLibInterface->pocketmine\network\mcpe\raklib\{closure}()
#13 pmsrc/vendor/pocketmine/snooze/src/SleeperHandler(82): pocketmine\snooze\SleeperHandler->processNotifications()
#14 pmsrc/src/Server(1703): pocketmine\snooze\SleeperHandler->sleepUntil(float 1673649095.0862)
#15 pmsrc/src/Server(1061): pocketmine\Server->tickProcessor()
#16 pmsrc/src/PocketMine(339): pocketmine\Server->__construct(object BaseClassLoader#4, object pocketmine\utils\MainLogger#3, string[38] C:\Users\brant\Desktop\EmporiumPrison\, string[46] C:\Users\brant\Desktop\EmporiumPrison\plugins\)
#17 pmsrc/src/PocketMine(362): pocketmine\server()
#18 pmsrc(11): require(string[82] phar://C:/Users/brant/Desktop/EmporiumPrison/PocketMine-MP.phar/src/PocketMine.p)

Code:
[61] 	}
[62] 
[63] 	/**
[64] 	 * Returns the position's world if valid. Throws an error if the world is unexpectedly invalid.
[65] 	 *
[66] 	 * @throws AssumptionFailedError
[67] 	 */
[68] 	public function getWorld() : World{
[69] 		if($this->world === null || !$this->world->isLoaded()){
[70] 			throw new AssumptionFailedError("Position world is null or has been unloaded");
[71] 		}
[72] 
[73] 		return $this->world;
[74] 	}
[75] 
[76] 	/**
[77] 	 * Checks if this object has a valid reference to a loaded world
[78] 	 */
[79] 	public function isValid() : bool{
[80] 		if($this->world !== null && !$this->world->isLoaded()){

Loaded plugins:
BuilderTools 1.4.0 by CzechPMDevs, VixikHD for API(s) 4.0.0
DevTools 1.15.0 by PocketMine Team for API(s) 4.0.0
EmporiumPrison 1.0.0 by  for API(s) 4.0.0
VanillaCoordinates 1.1.0 by Shelly7w7 for API(s) 4.0.0

uname -a: Windows NT BRANT-PC 10.0 build 19044 (Windows 10) AMD64
Zend version: 4.0.18
Composer libraries: 
- adhocore/json-comment 1.2.1@651023f9fe52e9efa2198cbaf6e481d1968e2377
- brick/math 0.10.2@459f2781e1a08d52ee56b0b1444086e038561e3f
- daverandom/callback-validator unknown@unknown
- fgrosse/phpasn1 v2.4.0@eef488991d53e58e60c9554b09b1201ca5ba9296
- netresearch/jsonmapper v4.1.0@cfa81ea1d35294d64adb9c68aa4cb9e92400e53f
- pocketmine/bedrock-data 1.13.0+bedrock-1.19.50@57337ddc9433a0e245a1ce48c51af05f0573d58d
- pocketmine/bedrock-protocol 17.1.0+bedrock-1.19.50@c572706cf5e3202718dd35a35dd30fe08cd671de
- pocketmine/binaryutils 0.2.4@5ac7eea91afbad8dc498f5ce34ce6297d5e6ea9a
- pocketmine/callback-validator 1.0.3@64787469766bcaa7e5885242e85c23c25e8c55a2
- pocketmine/classloader 0.2.0@49ea303993efdfb39cd302e2156d50aa78209e78
- pocketmine/color 0.2.0@09be6ea6d76f2e33d6813c39d29c22c46c17e1d2
- pocketmine/errorhandler 0.6.0@dae214a04348b911e8219ebf125ff1c5589cc878
- pocketmine/locale-data 2.11.0@4b33d8fa53eda53d9662a7478806ebae2e4a5c53
- pocketmine/log 0.4.0@e6c912c0f9055c81d23108ec2d179b96f404c043
- pocketmine/log-pthreads 0.4.0@61f709e8cf36bcc24e4efe02acded680a1ce23cd
- pocketmine/math 0.4.3@47a243d320b01c8099d65309967934c188111549
- pocketmine/nbt 0.3.3@f4321be50df1a18b9f4e94d428a2e68a6e2ac2b4
- pocketmine/pocketmine-mp 4.12.2@0ee6cdb058d4bd2e058352b3a710177366019c03
- pocketmine/raklib 0.14.5@85b4e5cb7117d37e010eeadb3ff53b21276c6f48
- pocketmine/raklib-ipc 0.1.1@922a6444b0c6c7daaa5aa5a832107e1ec4738aed
- pocketmine/snooze 0.3.1@0ac8fc2a781c419a1f64ebca4d5835028f59e29b
- ramsey/collection 1.2.2@cccc74ee5e328031b15640b51056ee8d3bb66c0a
- ramsey/uuid 4.6.0@ad63bc700e7d021039e30ce464eba384c4a1d40f
- rhumsaa/uuid unknown@unknown
- symfony/filesystem v5.4.13@ac09569844a9109a5966b9438fc29113ce77cf51
- symfony/polyfill-ctype v1.27.0@5bbc823adecdae860bb64756d639ecfec17b050a
- symfony/polyfill-mbstring v1.27.0@8ad114f6b39e2c98a8b0e3bd907732c207c2b534
- symfony/polyfill-php80 v1.27.0@7a6ff3f1959bb01aefccb463a0f2cd3d3d2fd936
- symfony/polyfill-php81 v1.27.0@707403074c8ea6e2edaf8794b0157a0bfa52157a
- webmozart/assert 1.11.0@11cb2199493b2f8a3b53e7f19068fc6aac760991
- webmozart/path-util 2.3.0@d939f7edc24c9a1bb9c0dee5cb05d8e859490725

----------------------REPORT THE DATA BELOW THIS LINE-----------------------

===BEGIN CRASH DUMP===
eNrtewtz20a25l/pkbI38lyRxPvBKafkWM7EtXastZTx7IYupwE0SEQgwOChR+bmv+93TjdIkJI9
STZVu1Vr22USje7T5/3q5r+O8rpZy+7DjWraoq6O5t7pUVes1dHcDkI38GIr9qdW4NiOc3rUb/Qr
x5ranh25kRW6oWt54elRKdvuRdPUzdH8X0fd/QazjjZ1eq26dVGpxaLvirJdLJ61bb8GlLr6Rhal
yvSS06O1alu5pEUXdVvQe3FbN2UmilZUfVmKuhEr2YpEqUr0VVnLTGVYl+PdNwBEu61kM5/Nns9n
37cgZpY0supm56q97urN7MV6UzdFv75oirauZheM2mugNnl9MaWls7ZJZ7znbEAB4xvaw8Bf04yH
szCjBJyjeWiBdY1M8fWHo2NL7Baoqiu6+9kL/jixPSd6Mhdj7jDExWIAOflqqbp3NHbyBOCP7RGs
TSnvVTO74I8Tx3OsA1h6s8VC7zb5qlOlAu3dSZ38pNLuU/se20Hg2+Eps1z/z/s7YlP2y6JqD9lI
CA1DMzNGCtXOiLXtie06B9hp9LElf/4R7Bgj9/dgVBbQheaeMZObYvYNPk+8AJgNM7EJT10sGPvF
gtGffPXR9/9Ky7rtG/XrY3jv03jshJ7rnIqi6oTFyHsfF6flxY+iZUjQ+4OGxYKImHy1klVWqreq
3dRVq/4IMv4ImUp14Pn1bJ1u1EyDbmYvq7/LtbqQBPJbPXYSBeG/kSsMHAhe9sm66E54t/Gmgdn0
RlVZ3cx2gGaJyho8TTZN3dVpXTJer+tMlgRvIFRjcxK4B1gYAhYLomCxMCQsFo/QMPDuAezHmHgA
d0AOevI4Zqyqns20hh9j8Hf64RKuD9p9Aof6aWr+7a4DSb+Bgk9x5tj2nShyGfnoNyLvht6nkd+f
P2B6LjtpZPnncf1UtF1TVMsfwvdCTadTazplWuKP0dLIa9jX7K28flUkL6tONTm8+AkC3B+h6UWV
1ghOJwYJ23ov0jfqx8yZJgYR2/qo+mtUJsVGo6lRuqopol2tGiWz1zpQvlWpKhCzTzzn0zhqgIvF
AXFkoJppBtJgowPW8Xsx1X9+ns74879Np2uNvv17GWkTIwdMQMoNaR5oHND6BIG/Q6c/Quqx40eh
1mbb+Sjj26quf1FM0mWp1EY1g6+zHfcPsvg3rNnFEY2g+wcQjA5VQE9dLPbnAR94VnD3u7or8iKV
FFNbs+84JF2ygE7s0HJ/I+CWnr9HvlGe5EjNOjHOHaPA0Xv4j+xhBfbBHvoNEoMivb7QCNeNwTIY
QdhlcCeuG38EyIcPKWjsmj7dOpivZaueI1ttX1EO2Rx7p+IR1TLp6mtZVK/q5RLz3K1tuNF78Xy+
WHCauVhwnrlYmEQTeddeQrJYbNd5we9aZxKcxULTHn6E9uCB9DVr9Srjv2GCZIHq575o1OCZIue9
+DOS5t3wdPPk6P2vp0fq/0Ih8JuTdOCnWfuhqG7q8katkTFjaVFlYE7aHQ3vMbbPALwh106EBTbe
LrpfMRQ4+EqfLg/N/vpXevD4QfxVvFVd31St6FYKYtLYfNkOROXiRpZFNhVwfvVtK2QlmHn0hlZs
ae8rdbcBdior75FI6VW0kW82ou/BsOlZp8F9jMtBaGbO6CHih02flEUq8r5Kme27EkTMBX/7F02O
efICLuTki25VIEnWOD59+lQL6L/+S/xl/GbyVaFtDZCeEIjQMiAWHaMpKnX7OKYni9+jBYujJ38j
8LYBT8IJjXBC1ww2LA4xRpAXeVt5hr5ZEozkGQ4ME89XKr1utXyAjfEdhIzUsoSZ5apRVapEV2NQ
I6fxJ0jRiPVh/Cjri/YfBIk5n9R1SVyLrI8w/i8D4//jPz7J+F8/V6efq9PP1enn6vRzdfq5Ov1c
nX6uTj9Xp5+r0//vqtOhuGupivu6L0pw+QopNj9Xkk639odPj7ZHY0f21JtaGJF9t6qbljLp57+o
dHXx+lzd0NR/FHfF9bfntA3SIHqPBViCZ1XJBHXN0RzyVqdHGVS0yggE3rV13p2PB9aSy8+UgG/W
GYBDIhqrjrBaLA5wpCKDauY3l1fv3rx9dY6hW5UgMyV6Vl23acHHZdGt+mSa1uvZCO3ZHihUCRg8
5Mh2aJ8btn/Ijh23xZWS6z+LEcP+pJA3BzRfXj17e/X9xb+jeIfZbAsDxB5U+DuSH5T+Y8KtA7r/
JDIfZtbaDfw7ARMh/5BVUZbyeV03WVHJTo3l98jLA0keCvJypcryPrwN/ywRtgPAxeIhNr+dUOre
yAZUIY4daNxg9ozhXacqoo658LxuaHUE/O0IAJN0LbvVeCSVJTDG2vFYvf6Q1R1i496o6WntBvqm
HD9nstt7nxclcB2PLNeb8eNKtnu4FIgKN+OBn1gzd8/rRPvIvTFUqTwLz1MHA20niaBsPGmT7vPh
rcpLxS2H8WjLHG33hzKo5Xjk8uLV3vb37c9lRZuZb2L7qquvVVX8ss+CuztDNaFrY+BeromLztRh
7H8pNlov46lPj0hHxsvxeLfe53pN6DmW5dq2E2Pg4vzNHulZ/YFROxzEULEvsBrK27Z7Ey+L9aZU
/3y9R/MBBnikDPGAznV52xQH8t90nEsShz3jSi5WB7q36qtrDvMOM8llrhTLBPbS3GMIA9OQOKFu
VJklZhKBSpv7TVePVoFZGQSt1dIypk790qLK6z29zB6ItNjTAmaVOx5qFNSf7GzZa10b4P8vmJN4
c5HKdDViLqz3p6L7sOYuqgVOrDYGCdpeVaqR5cht7dk22S2yo91NFTDP1trCofFo7tiWBya1HxAw
j+a5LFs4p6EuO5r7AXZERCAslQrSLLH8KPOSzFH44vpO4srQtuwQ2WFg2XFquYDdG1zeFch5b1vx
3ZX4+u2z764mF8+FDeEJ3lzYseV54mSYZVtPxLPX54F3xESOWfaLYjvxttqw2nyoSRfevfzuuyvS
P3q4LXS7GREBqc8H3WEptFOX2QoUNWpGjmGCOaaDDcOf2meBb1uOm8e58h0Vq1w6dhylicwD5UV2
ZsdBpBw3JOVJGqSxM+MLgY41dc48P86dMLKVLa0oAwjlB4mV2J7nIVlWlhv5ga3cnD0dZAEvg+gK
/1kmqNgm3AKVHbX/wbrrqr6tzswnad2yqdtWzUCzbCtq1N44lFOdKZV7URTHdua7yo9UYKWx73uJ
FSe2Y9mp9BMZO3EAGPDHjWqVbNIVM2AtNxu2rxuPdO8szSWwl3YGicZeFngyS+I0iKT00iRWseNZ
lvKZgEc6O8Bdas8Da/rPYVQ7IuvMD103zLI09lxXWsrxfGmnYGvq2zK3fPwL3QxK9TjsnSoe2SHh
+gB+6odOaAVp7ivXsZzQjjKQIV0fH1aurCjNgtCG8ezDZ6fA3oLlCJae+TINlZIx8EpkFmWpF0e5
nyrXS1XgxGHmqwCv5T6kR8VI6Y57FnhhFHpBHAZBkkoZQkqR73iOivzUcVPHV+CCL50DgFTLlLVx
i4SadebFSrqWG8euyrM8ceMUxDnKsf0g8y2AjhwrVmF0AKku6x0M6AXhH2RhkDvKdbMgst3UjTMn
Th0n9YLUDpWdHWDDRyumucSgAoDKJLb2pOW5XpTEtq0iGIxKctvx89wGTVGcptEhOmVNKcOgLrA7
Uj0vASZRLqHDGf7L4iBwZAjGRVagEuyjPOmnvnsIasnIsB0EaWw7qZXHlu+nMFfHta1IpU5mh3ES
B7lneSlQfQBhMgoqGlRg5yH4GKW5C4mljqc8BRVyZJopsMsizYXgDnR16ww8yNwLpeO5GVQxgQ1G
Vhxnge/iIwhjKJIdRbZt+168D6JKOhN93LPccx07Ub6V5ba0wd/cUzBKz4mko2CTgQI+TuLtQ9h9
nXCqpB392e/w2g+aVtrBeVP/LPITT/lpEtp2mLmhsmzAhY9w89x3E8d2wiAFn6PHoFDra0hazmLH
kQHcYmKlQRpmUkqf/kWg2ILyqdQL3UiqAwbrLoVhkH1myTTKU2hJZKeeHUs7DzwFA/MyIs5yYLSx
cuKEYq1ct+qeDGGXtJHLd85S/Ak9eGp4jQgZUAJT8qwEgcAPlIoyN0mCILXkDkjfFzoIkQXILHCT
NIRbDDMLyLuxci24NcJEupGXevCmnkUes1n161bKYf1DD9/er/O6up9RftHet52itOzGhzrZ7plM
rdgP4sjz4JisWPowkAS+lDgAy3NTFYbwffYIzqYu7wGrnAx59w1IDoG0nyRp5LjwLCksOAos0OiF
cCEB0E9zBQcATWGaH8AaJdADuEhmtu3lAdyRctI4klFiKTfJYguK5aSOFUJNfdd7DByiGZ/ODbBC
GeS5m9uxHycwHKnyNE28ABEjd+Dr8NfJs9gNPgbLHsOyQs9y8V8aKbIWOJY8CmMone2H0krgbBz6
psukdf2LbLoZfK5qdEbAfsm2Uyh2HHsxFDyPpAtKVAgErQCsDyRiRQCrtveAbOAJJhRU2L+55Clj
N85DlcGXpNDUBGHVyhTZkuVnEQIBNrBCx9dV2lblp/ecKB8LXeMJlDd5sewbbvEJUhSR143YS/YW
1bG4WiHMi1Z1HUTVCtkoPhKvK0Wn6bITqayquhOJEkWVlj2dshaV0B2mKYIt0oIOKRPBuqzXWMln
6ocwW5mrU1HjTdMSSJHAj16L+7pvDCw67EXKWuQF74DUi+4JlPcE+Dt1uwU3Q5ot+7Kj0/3qy05Q
YiIbgaq6hlstKLjS2b0+OGa6b1d0fr1ZNhKF8HK6qBbVAGy+qIQ4frdShBidJLeUUQOEadiBB8i9
WkrrM/2aUdVxic7HS9Uxv5AMF6kSOuzRyJogg+OpmpSSEvelmgvOlulFu+o7pLDVxNzEmIvF0Q+L
3rJkmAz9CWHaEzzavBf6Sz4RL+miAmS8rIGhoMofZbisUrU4YnKelWV9K8qiJRKHQ1JxU0jxP3rV
3NOcn+nLxLwa4XX8gpsOZpEANYJyYAE5g5UELrkXRgA0X/coJtvXY1DvCrpCUEEaMqPz+lYLjYRB
jV2xVpLa3pRW042DRBHWYKn6uZclMXtZ3GAukqReiROzqXCsJwRd76gmDZ8cTyAs6tDO8Zr3/q5f
J5ATdPFZe1+lV7K9prsB19C+KU/4voVAySAGSmnaqqmruofMMb09NZchdMFEVnQqqFJo9FEP8wZ2
TGPrvjK9dA38kpUCNEE3m/qugF4qsAEksb5XW+SItwahlzlpOF9mgCafiqL7EuzrGl6WqY6606Ro
B4vFCWjoYW0Os4XJmBhK5wzqUMMla0fTVxWJM6PKtt6wELjGaqfiXN2Y72JdLFdwAY1sV6djkzWa
Qxxpmn7T6VHNMGLMGrgZuli4MGUuoDJtRvKmLjKg/TgGpCMN3+NpC2jXdKRomDzRk+aC2mJky2uF
3e61Jf+9rBMoD7XHhB6HHayLjhzCWi1lct+B4eJSc9pi3hYtgeblVyS024IZzwoFS7+daECDjrVM
YF4AQ7pHdEN4A0zeKDVsqXUcwurJtsWyhpxq8hukFLTRktGcMGpzYREV2N14bp1i/j9PA/mdT1Ow
kk32f0ZB29UbRsL43S1SBlwr4EE2FIizLUq06yFe7ATesVUY5Nov/wT02C4YH/IYIu0RsiqELKHu
VNqz962r4YbZtdreN+PZ6i5VKmt35GjH9ebqxVxcffvyUrx6+frllXh2cfHq5YtLcfHirXj35u1/
f/H2VGCSuHqDWS/Eu2/fvHohLt6+ef7i8nJ66AIeZcaFaoqagzi54ZbIS+m61cCLrau1wXakERl7
Fp4ygSNU2skyqOd1BSrhnqFKRO3HNE1r2O2KojE4Qg5IT2PIGggc786ND7aNPd5QBKHcgBdMH84m
NTC9cghto1JKITRfCV0tVb12SwM0S23aHamuZWhtnzyOkqHcNZQvZZPALCa7MoH9z+PcZTsjdMwq
YVbBc69l1XPCMsYE6VwPDXxyOkSEQxUclFAH1xxpeKfpJQMwCj4Vb7TH1+qOjKPuy2yLS4EQcluJ
Hf6tBrxh9EFoYFmGVuz2DXuKByGSVUdD2NKWN/V6CLV6tZkxGSvmWMJEjZHkA90Qj6jUnnZcDkkm
iazBTpwSaUXO+vVGZ2Q67RPmxYReDPI6p0lmAePOaA4U4AlBHqYuH2EwQjbCHna4gZK1ba/ILXQr
SG05ZKjkr2i3HVangyB1hmAS0anGhqZ+lE9reTfhjnU74P5cbmi0WCNZbCi4NgS8o1SQBCn0hSyN
xY6vZC+GlWwxD3UMCfrGYMQbTihz7hFybWcrsvNavztUakqNyOnpDfTkwYY0MDNxTJq+Sclt7C1x
58CFUxVkj8Q+oKfzCw1lwzdXhF6jSdyRh2WGoZqgYWeaPOyrOVhS7WDgfhrUpxRxUZm7HXMTIZCZ
repSZ5iJ7NIVZ+KMckuX4ISJMezcdLlk3urIkqhtrqlD2/FYTMMr8qvNfUfAT8XEHkmQpccbT7oB
GfhtPzBue5fG8tEGZZCZppwKIM7zaTEGDVpT8S1SQSjTU87txPOL70+xFjgkMLDbIoPec6ag3ecW
/oThz0UwZN27hLxl7ozmTsWzDJ5qJct8hvpTVwmZghKbrbApX/QlBRtZ4i7qjYDtFTV35NYow5Tl
VBAS319UF0OuvasaqZQgpG4RNWlhv6k2E/N8UNy8NmbXFr+orTwpKx/E2FLEMwkTsnatHqPY6sWO
XvRkKi7MmlI2S14gTflqdIF3zBu5JBIgE7Ct3ZScsFBNugbyZO2yITk9LwvM0kU23fZQbSdeX33P
mKJw3BDZSd8JKupZlLvtdG0xHZzNuusntGrO2I7LQ1Xx+Rfbei6om4BUCOnqQCaK5jwvUrpwX7T6
2nYlijV405HsIA2+wwo/dcq4QGg3jPSKOAG3y54YMVqyP2+1SHUugbmd0VGiROmmgvF1ppg6f8M5
0vnLy2dfIz3idKqvWIfIY3P1zEe3OksoSBnN7xSycbmxo3Nn65lK+uV8qNm+EjbVaiZdXcFd8Xth
6vpWdyLImqu21tHbWIRNwDTWGtrzVV233K0YSjU1FOPsxqkLLlp5M4QLfEXlre/a0rudYyPE+NKA
ztpMI+enuqh0Q4A59aX4Z1LfkeU34uW5OPnn9y/Pn0DuMHvggPm3EBsJpkC8h3FQCddkhj86/4A1
1DvZVbD2f379aoBvyrvRyJe8GZ30cebA4jW5CNNWD20lE0fvgN+Ebks8rfOct8W7Ir+f3PVFthMI
83Oy39G54paMNjX923vNA/b0xq761rSGUjiRTrtZs2ai18yFOfilbXQIMe7R7EIxUFbLbX1S0bLy
MBafDrNuCnU72Ubox7pomrnP1nVP3iPXsc44E7BsYC0Fd/KO3AmB+On7XHi8+C3H6tFiJrxSuvJO
lAaWqJxsv93IW1YK/uGMvr9NqkXD26jv7cinjbbkwwcKeYiquWCI3RTi6WNYWo+jKRtAyoQc1B3I
Dovpc4uNe9DgScqafypStUWmYwbRIyFTKFzbJ2MuLCmIYobKdOjkh21o406TUQ6ZpqpUXCpo9eZd
y+IaW1CVzJ6olCB92dS33Ur7MWwhxUpDGzk5WH/b6ZDMyE6IGwNqkx1rNGkvz9sRXeSmSfIamtAn
wVsyTcdpSHN4zZ6QAG8CFFEib5+KVG2/Uzmwk+6u1bUV8PShhI1Hu5UFV7iIML0yqrWpN3052JJ5
oCSA55hY4nIOycURkc47URgmd4Y8wZQdNGKae3OT/1AvkgtuPazTB6NuQGTntrOdJyRzndBd7IOh
rbfYHzY3JUaBHk5iou+5bWeuIMy5RmW6Wa8306JmjOH/7tdUMsK+O2q+pu0OdYpd5r3YvWcS2PfJ
5bJRS9NmND1J3XmhnxNdH9LH+MEBvTl/Q3c6JyZS6KSBfNqt0nWJ5N990Y4tI74jgMemowMEBO8t
5/sNXbDSwnnAVAhUvzcahvSILkhwgBsFoefU5Vfj/t4pIsZmJWEritx9QzgMyeqGf9CFimRCzrKi
CKnfDgFNhxO51y80t1RGEbhHYo6Ehx3u4NcMQJayfj/s8UCqmq6xWLtivQsrJkQTUJpPWk9RhKRI
vp025EaoWTQ0vae7Dcyb8Q4D5z6dBJgIoyWpLWDUXzIwAL4z/Bw6SSszqP1esy0vjMugxjwquIxz
oyLfAqKLAH2jz27IBQ0NFu2OAc+4rCEII1GTrSnejnV20JpqkKs4nXhRxp1lp9hzjdSYNADfUMRS
c1jywQtD0QQcPxMkciDDw5zQUp5OZ1O0lJNXnfyZ9bobboA8GaDoRwrt0PJMcG+ZuUDZeUNBQ1b3
hyhgeop0HPOT++0RyuH5GdSuVWU+Nb0IygcMZbLSgHQLp2BN+eE9yhgKIEiaTsBTpWMSKX5xp3Y7
85zF6GhvTm3QxZFGmhg2nMzI6kvdNTyGQPXO2RMtAloyx5YDalsODQI10091E0lnYQP7xf+ErIjd
cFK8ZW6ODrZc0sZYkBOmH0WeDEQ80btRjnfKgZN0imRGUwcCCQXiPd3ZQyo/ZSVlOLSOf4fb6q5Y
W68Vl7ePMMWgQkvAm7rROy/MzXMa3p+i1UEmFFHEDwfcfT8SIZ1W7eRHx2jGxBjYSftEy63oWBuN
ylPqj1nGIWED8+29fgtXbCTCWbukn1Ye7ksFyDWpzp5O61QYhWFPHg8IkcP5gmt9anwzaojiQHKY
cyq+cNgl6cY5dTWF6lKNJ52pyQx0A5V6A0Dvsbn4cTsMstXdj2LylfgRr/mB111DEQj7vkhhMUBe
3kMcL6m1oxNLmgBwiyMNkB93sMy6H8V/4vujS2nu4ujHLZI60cGW9EAEf+EMu9IxM/kAqit/6lvS
Zf6hECWPXzh/GVDYQWHg8HhIZapMI8RQ94e3qH0Kvpn9F0Z1KzqT39NZyp05dt3zJ/pMTEK60Jqs
Huk1YpDx/N1mx19WC12rbOuZ8Yn6vvvi1rJO3Simqu7R0kJobNgXUxOFW5KITsWmNL+Ab02zRNI1
XL0vj+uvgEhJgGfpMmO341x88+rZlR6k7ouCfTl/M5fuTv34DopeqVP3Liua7pRz0b+Z4lcfP48b
uTqFodwfgcWcssjexNwSoSq9F/rHPH0zZJ1D86rZnltzSgU4yNBTvk3QDnyaDIfekKTudBx/w7kU
b8Xz94Bwq8CMfBiNTLjkHtXCtW6HsPxb0/dLr6lz1HKPC6ldUpRFd68NeqsnQKWDVPQvsaa6P0BU
MnwUi802GaWLLIdCpRsfFzsRP+dLH3zrYQGHeHzZV+I1dDoSjjW3/Llli7+/vsKD49D74WLCU4X0
Es/rusueHl4/aOi2BP+Uivzo04OfKO3eUkby1I5t1zkYvAl42KXhpaQWaqaetn1zU6Dg4m3lnelj
tE9tpP8Y2quUn9oBjd2uik5NyB9TP4BGTJeGLzM81ciYoWKDXc0sfQlju7OeRwdjdIA+TNrcbMyb
rKDWFQzj/ilTstXzbdHwlHnHXQdmyas6Se53Y2Qnoyl0o+opW0hjkmsKAWazUYuDn49+/d9h9XFe
===END CRASH DUMP===
