PocketMine-MP Crash Dump Fri Jan 13 14:56:28 GMT 2023

PocketMine-MP version: 4.12.2 [Protocol 560]
Git commit: 0ee6cdb058d4bd2e058352b3a710177366019c03
PHP version: 8.0.18
OS: WINNT, win

A PLUGIN WAS INVOLVED IN THIS CRASH
BAD PLUGIN: EmporiumPrison

Error: pocketmine\player\Player::broadcastSound(): Argument #2 ($targets) must be of type ?array, pocketmine\player\Player given, called in C:\Users\brant\Desktop\EmporiumPrison\plugins\EmporiumPrison\src\Emporium\Prison\forms\Mines.php on line 32
File: pmsrc/src/player/Player
Line: 2402
Type: TypeError
Backtrace:
#0 plugins/EmporiumPrison/src/Emporium/Prison/forms/Mines(32): pocketmine\player\Player->broadcastSound(object pocketmine\world\sound\EndermanTeleportSound#157839, object pocketmine\player\Player#27633)
#1 plugins/EmporiumPrison/src/Emporium/Prison/library/formapi/Form(46): Emporium\Prison\forms\Mines->Emporium\Prison\forms\{closure}(object pocketmine\player\Player#27633, int 0)
#2 pmsrc/src/player/Player(2049): Emporium\Prison\library\formapi\Form->handleResponse(object pocketmine\player\Player#27633, int 0)
#3 pmsrc/src/network/mcpe/handler/InGamePacketHandler(867): pocketmine\player\Player->onFormSubmit(int 0, int 0)
#4 pmsrc/vendor/pocketmine/bedrock-protocol/src/ModalFormResponsePacket(63): pocketmine\network\mcpe\handler\InGamePacketHandler->handleModalFormResponse(object pocketmine\network\mcpe\protocol\ModalFormResponsePacket#157843)
#5 pmsrc/src/network/mcpe/NetworkSession(418): pocketmine\network\mcpe\protocol\ModalFormResponsePacket->handle(object pocketmine\network\mcpe\handler\InGamePacketHandler#151269)
#6 pmsrc/src/network/mcpe/NetworkSession(374): pocketmine\network\mcpe\NetworkSession->handleDataPacket(object pocketmine\network\mcpe\protocol\ModalFormResponsePacket#157843, string[7] e...0..)
#7 pmsrc/src/network/mcpe/raklib/RakLibInterface(183): pocketmine\network\mcpe\NetworkSession->handleEncoded(string[10] cOe`d2.b..)
#8 pmsrc/vendor/pocketmine/raklib-ipc/src/RakLibToUserThreadMessageReceiver(42): pocketmine\network\mcpe\raklib\RakLibInterface->onPacketReceive(int 0, string[19] .H...9..]o?. ;...E.)
#9 pmsrc/src/network/mcpe/raklib/RakLibInterface(113): raklib\server\ipc\RakLibToUserThreadMessageReceiver->handle(object pocketmine\network\mcpe\raklib\RakLibInterface#25870)
#10 pmsrc/vendor/pocketmine/snooze/src/SleeperHandler(123): pocketmine\network\mcpe\raklib\RakLibInterface->pocketmine\network\mcpe\raklib\{closure}()
#11 pmsrc/vendor/pocketmine/snooze/src/SleeperHandler(82): pocketmine\snooze\SleeperHandler->processNotifications()
#12 pmsrc/src/Server(1703): pocketmine\snooze\SleeperHandler->sleepUntil(float 1673621788.9941)
#13 pmsrc/src/Server(1061): pocketmine\Server->tickProcessor()
#14 pmsrc/src/PocketMine(339): pocketmine\Server->__construct(object BaseClassLoader#4, object pocketmine\utils\MainLogger#3, string[38] C:\Users\brant\Desktop\EmporiumPrison\, string[46] C:\Users\brant\Desktop\EmporiumPrison\plugins\)
#15 pmsrc/src/PocketMine(362): pocketmine\server()
#16 pmsrc(11): require(string[82] phar://C:/Users/brant/Desktop/EmporiumPrison/PocketMine-MP.phar/src/PocketMine.p)

Code:
[2393] 
[2394] 	public function broadcastAnimation(Animation $animation, ?array $targets = null) : void{
[2395] 		if($this->spawned && $targets === null){
[2396] 			$targets = $this->getViewers();
[2397] 			$targets[] = $this;
[2398] 		}
[2399] 		parent::broadcastAnimation($animation, $targets);
[2400] 	}
[2401] 
[2402] 	public function broadcastSound(Sound $sound, ?array $targets = null) : void{
[2403] 		if($this->spawned && $targets === null){
[2404] 			$targets = $this->getViewers();
[2405] 			$targets[] = $this;
[2406] 		}
[2407] 		parent::broadcastSound($sound, $targets);
[2408] 	}
[2409] 
[2410] 	/**
[2411] 	 * TODO: remove this
[2412] 	 */

Loaded plugins:
BuilderTools 1.4.0 by CzechPMDevs, VixikHD for API(s) 4.0.0
DevTools 1.15.0 by PocketMine Team for API(s) 4.0.0
EmporiumPrison 1.0.0 by  for API(s) 4.0.0
VanillaCoordinates 1.1.0 by Shelly7w7 for API(s) 4.0.0

uname -a: Windows NT BRANT-PC 10.0 build 19044 (Windows 10) AMD64
Zend version: 4.0.18
Composer libraries: 
- adhocore/json-comment 1.2.1@651023f9fe52e9efa2198cbaf6e481d1968e2377
- brick/math 0.10.2@459f2781e1a08d52ee56b0b1444086e038561e3f
- daverandom/callback-validator unknown@unknown
- fgrosse/phpasn1 v2.4.0@eef488991d53e58e60c9554b09b1201ca5ba9296
- netresearch/jsonmapper v4.1.0@cfa81ea1d35294d64adb9c68aa4cb9e92400e53f
- pocketmine/bedrock-data 1.13.0+bedrock-1.19.50@57337ddc9433a0e245a1ce48c51af05f0573d58d
- pocketmine/bedrock-protocol 17.1.0+bedrock-1.19.50@c572706cf5e3202718dd35a35dd30fe08cd671de
- pocketmine/binaryutils 0.2.4@5ac7eea91afbad8dc498f5ce34ce6297d5e6ea9a
- pocketmine/callback-validator 1.0.3@64787469766bcaa7e5885242e85c23c25e8c55a2
- pocketmine/classloader 0.2.0@49ea303993efdfb39cd302e2156d50aa78209e78
- pocketmine/color 0.2.0@09be6ea6d76f2e33d6813c39d29c22c46c17e1d2
- pocketmine/errorhandler 0.6.0@dae214a04348b911e8219ebf125ff1c5589cc878
- pocketmine/locale-data 2.11.0@4b33d8fa53eda53d9662a7478806ebae2e4a5c53
- pocketmine/log 0.4.0@e6c912c0f9055c81d23108ec2d179b96f404c043
- pocketmine/log-pthreads 0.4.0@61f709e8cf36bcc24e4efe02acded680a1ce23cd
- pocketmine/math 0.4.3@47a243d320b01c8099d65309967934c188111549
- pocketmine/nbt 0.3.3@f4321be50df1a18b9f4e94d428a2e68a6e2ac2b4
- pocketmine/pocketmine-mp 4.12.2@0ee6cdb058d4bd2e058352b3a710177366019c03
- pocketmine/raklib 0.14.5@85b4e5cb7117d37e010eeadb3ff53b21276c6f48
- pocketmine/raklib-ipc 0.1.1@922a6444b0c6c7daaa5aa5a832107e1ec4738aed
- pocketmine/snooze 0.3.1@0ac8fc2a781c419a1f64ebca4d5835028f59e29b
- ramsey/collection 1.2.2@cccc74ee5e328031b15640b51056ee8d3bb66c0a
- ramsey/uuid 4.6.0@ad63bc700e7d021039e30ce464eba384c4a1d40f
- rhumsaa/uuid unknown@unknown
- symfony/filesystem v5.4.13@ac09569844a9109a5966b9438fc29113ce77cf51
- symfony/polyfill-ctype v1.27.0@5bbc823adecdae860bb64756d639ecfec17b050a
- symfony/polyfill-mbstring v1.27.0@8ad114f6b39e2c98a8b0e3bd907732c207c2b534
- symfony/polyfill-php80 v1.27.0@7a6ff3f1959bb01aefccb463a0f2cd3d3d2fd936
- symfony/polyfill-php81 v1.27.0@707403074c8ea6e2edaf8794b0157a0bfa52157a
- webmozart/assert 1.11.0@11cb2199493b2f8a3b53e7f19068fc6aac760991
- webmozart/path-util 2.3.0@d939f7edc24c9a1bb9c0dee5cb05d8e859490725

----------------------REPORT THE DATA BELOW THIS LINE-----------------------

===BEGIN CRASH DUMP===
eNrtW3lz20aW/yo9UmoizYgUbgKcckaO5Uxc60NryePshi6nATRIRCDA4JDEpPLd9/deN0iQkh0n
m9raPzyTsoBG9+t3X9385SCr6qVs39+ousmr8mDqnRy0+VIdTO1g4gaOPQnDceR7vhWcHHQr88kb
+67rR17oBRPH9wIsKmTTPq3rqj6Y/nLQrleYdnCFP3rs5GCpmkbOaXRVJdeqXealms1WhVyreja7
4L/TaVxXMk0A6rLqyvToeCoe1/NuqcpWHDri6ItW1nPVNsdi2TWtiJWoMkGbiX/KupbrE/Fh4GKe
36jyRCSyKFQq8lI8mc5mbxoQPpvFtSzb2excNddttZrNni5XVZ13y4s6b6qSQHXzvGzuf2jqZDuI
rcwwcRWzXwCPZrxarERVigIvwnXAi6wrim/ygpmxkPX09PTJ9JQxOWVETg0ep7u7nV4wcQR09OJi
TEtPsf+ppvNUk0m70RYG/JIm3JuECYTNwdTxLAcCr2WCl+8PDi1hKN3fmkD0Q6dmjIk8ZRqPXAey
+jDzR1/tSbaKf1RJu7PitqqLFByl7+BpmSpoZnmlCoVt9bJD25+EbnQiHli+u+GhMwlc9xiEHtq/
h6YihwTqNdMmV/npN/h75AUg7uNCHn31we+/JEXVdLX69egTsT6BcrbCYuQd8QERHjmWFz2IliFB
7w8aZjMiYvTVQpZpoV6rZlWVjfojyLgDZErVQmDXp8tkpU416Pr0WfkvuVQXkkB+q8eOwmDyG6pR
lYTgZRcv8/aIdxtu6plNYbxpVZ9uAZ3GKq3xNlrVVVslVcF4vahSWRC8nlCNzVHg7mFhCJjNiILZ
zJAwmz1AQ8+7e7AfYuIe3B456MnDmLFOe1pV/Q8x+KV+uYQThZc+8uzw49T85q49SZ9Awcc4A+Rt
J4gY+eATkXcn3seR353fY3ouW2lk+edx/UQ0bZ2X8+8n74Qaj8fWeMy0TD5ESy2vYV+nr+X18zx+
VraqzuA7j+zQ/SM0PS2TKlXpkUHCtt6J5JX6IXXGsUEk/KD2a0xG+UpjqTG6qiiMXC1qJdMXOuK+
VolC5KuPPOfjKGqAs9kebWSfmmcGUm+iPdLROzH+FryLxuN31T/H4h94fqqxj34vG21iY48IKLkh
vQOJPVYfoe93aPQHKD10/HCinY5tfZDvTVlVPysm6bJQaqXq3tPZjvsHOfwJa7ZRRCNo/wEEw30N
0FNns915wAd+Fdx9WbV5lieyhco2Zt9hQLpkAR3ZE8v9RMANvb8p27w4yopKtmKYZUaerfdwH9jD
Cuy9PfSX0VdtnlxfaISr2mDpDSBss6Yj140+AOT9+wQ0tnWXbNzL17JRT5DWNs+RucDVeQ+mHR1o
oSRA5uXzaj7HvK1TccN3vyfJ3Kzzgnd/KDnVtPsfoD24J33NWr3KeG+YIFmg+qnLa9X7pdB5J/6M
RHU7PF4dH7z79eRAfa4YPq1i+PR0HlzVe7/Py5uquFHEC6zNyxQiTdqD/jvGdnHDFwpHJA7HjVx8
xwiePDzN2lUXF3kisq5MyB+IDeMfl/mSXcTR5kl8IfvHE8No0UtCPBIl6p9jMRU3VZ7+ovfweY8Z
/A1EtsiRTzcreVuC7X/962DpI7PYrArMqlk7gG7W4+3fubqFsI6O/6GnT+5N//5dv8BMCc2UX/Vr
ZF5XsgYXB9q2JXpI6kbbGJpnWbz8V/1iG4ZCRh9nqNZk/ld8weXQJzHRs9w/wETP8n4PEz3L/y0m
elYwZKJnTT7ERE1oT+I+88Ih86Keebbm6enf/qZfbX4VfxNXr85fkedaVjdKEDL6u2O+nx78+rnQ
/Vzofi50Pxe6nwvdz4Xu50L3c6H7udD9XOj+nxS6fcXVUGn1dZcX4PJVVRX8Xko6UtsdPjnYnMcd
2GNvbGFEdu2iqhvKXp/8rJLFxYtzdUNT/53f5dffntM2SILoOxZgCd5VKWOUrgdTyFudHKRQ0TIl
EPjWVFl7PhxYSq4JEwK+WqYADolorFrCajbbwxF6DdAHF68ur96+ev38HEO3Km7yluhZtO2qAR/n
ebvo4nFSLU8HaJ/ugEJmjsF9jmyGdrlh+/vs2HJbXCm5/LMY0e9PCnmzR/Pl1ePXV28ufoviLWan
Gxggdq/s3pJ8rx4fEm7t0f0nkXk/r9Zu4LcETIT8G7VvUcgnVVWneSlbNZTfAx/3JLkvyMuFKor1
5HbyZ4mw6QHOZvex+XRCqaUia1CFOLancb3ZM4Z3rSqJOubCk6qm1SHwt0MAjJOlbBfDkUQWwBhr
h2PV8n1atYiNO6OmPbYd6Opi+J7Kdud7lhfAdTgyX66GrwvZ7OCSIyrcDAd+ZM3cvi9j7SN3xlCu
8iy8j6lN1bSSCEqHk1bJLh9eq6xQ3PEYjjbM0WZ3KIVaDkcuL57vbL9ufipK2sw8ic2ntrpWZf7z
Lgvu7gzVhK6NgbVcEhedscPY/5yvtF5GY59ekY4Ml+P1brnL9YrQcyzLtW0nwsDF+asd0tPqPaO2
P4ihfFdgFZS3aXYmXubLVaG+e7FD8x4GeKUMcY/OZXFb53vyX7WcSxKHPeNKLhZ7urfoymsO8w4z
yWWu5PMY9lKvMYSB8YQ4oW5UkcZmEoFK6vWqrQarwKwUgtZqaRlTpy5mXmbVjl6m90Sa72gBs8od
DtUK6k92Nu+0rvXw/xvmJF5dJDJZDJgL6/0xb98vubVpgROLlUGCtlelqmUxcFs7tk12i+xoez0G
zLO1tnBoPJg6tuWBSc17BMyDaSaLBs6pr8oOpn6AHRERCEulgiSNLT9MvTh1FB5c34ldObEte4Ls
MLDsKLFcwO4MLm9z5Ly3jXh5Jb5+/fjl1ejiibAhPMGbCzuyPE8c9bNs61g8fnEeeAdM5JBlPyu2
E2+jDYvV+4p04e2zly+vSP/o5TbXPWBEBKQ+73V/JddOXaYLUFSrU3IMI8wxbWUY/tg+C3zbctws
ypTvqEhl0rGjMIllFigvtFM7CkLluBNSnrhGGntqfCHQscbOmedHmTMJbWVLK0wBQvlBbMW253lW
GCjLDf3AVm7Gng6ygJdBdKW+fIyCbXQjixwekE4SwLrrsrotz8xf0rp5XTWNOgXNsimpX3jjUE51
plTmhWEU2anvKj9UgZVEvu/FVhTbjmUn0o9l5EQBYMAf16pRsk4WzIClXK3Yvm480r2zJJPAXtop
JBp5aeDJNI6SIJTSS+JIRdQLVj4T8EBfB7hL7XlgTX/vR7Ujss78ietO0jSJPNeVlnI8X9oJ2Jr4
tswsH/9N3BRK9TDsrSoe2BPC9R78xJ84EytIMl+5juVM7DAFGdL18cfKlBUmaTCxYTy78NkpsLdg
OYKlZ75MJkrJCHjFMg3TxIvCzE+U6yUqcKJJ6qsAn+UupAfFSOmOexZ4k3DiBdEkCOJEygmkFPqO
56jQTxw3cXwFLvjS2QNItUxRGbdIqFlnXqSka7lR5KoszWI3SkCcoxzbD1LfAujQsSI1CfcgVUW1
hQG9IPyDdBJkjnLdNAhtN3Gj1IkSx0m8ILEnyk73sOEjLtNaYlABQKUSW3vS8lwvjCPbViEMRsWZ
7fhZZoOmMEqScB+doqKUoVcX2B2pnhcDkzCT0OEU/6RREDhyAsaFVqBi7KM86Se+uw9qzsiwHQRJ
ZDuJlUWW7ycwV8e1rVAlTmpPojgKMs/yEqB6D8JoEFQ0qMDOJuBjmGQuJJY4nvIUVMiRSarALos0
F4Lb09WNM/Agc28iHc9NoYoxbDC0oigNfBd/gkkERbLD0LZt34t2QZRxa6KPe5Z5rmPHyrfSzJY2
+Jt5CkbpOaF0FGwyUMDHib1dCNvHEadK2tGf/Q6vfa9npR2cN/bPQj/2lJ/EE9uepO5EWTbgwke4
Wea7sWM7kyABn8OHoFDnq09aziLHkQHcYmwlQTJJpZQ+/ReCYgvKpxJv4oZS7TFYdykMg+wzSyZh
lkBLQjvx7EjaWeApGJiXEnGWA6ONlBPFFGvlslFrMoRt0kYu3zlL8L+JB08NrxEiA4phSp4VIxD4
gVJh6sZxECSW3ALpulwHIbIAmQZunEzgFiepBeTdSLkW3BphIt3QSzx4U88ij1kvumUjZb/+vodv
1susKtenlF8066ZVlJbd+FAn2z2TiRX5QRR6HhyTFUkfBhLDlxIHYHluoiYT+D57AGdVFWvAKkZ9
3n0DkidA2o/jJHRceJYEFhwGFmj0JnAhAdBPMgUHAE1hmu/BGiTQPbhQprbtZQHckXKSKJRhbCk3
TiMLiuUkjjWBmvqu9xA4RLPQGsCayCDL3MyO/CiG4UiVJUnsBYgYmQNfh/87WRq5wYdg2UNY1sSz
XPyThIqsBY4lCycRlM72J9KK4WwcetJl0rL6WdbtKXyuqnVGwH7JthModhR5ERQ8C6ULStQECFoB
WB9IxIoAVm3vAFnBE4woqLB/c8lTRm6UTVQKX5JAU2OEVStVZEuWn4YIBNjAmji+rtI2Kj9ec6J8
KHSNJ1DeZPm8q/XxNCmKyKpa7CR7s/JQXC0Q5kWj2haiaoSs6SxRiapUDR5kKxJZlhVfJMjLpOhS
fTFAd5jGCLZIC1qkTATrslrq6wb3YTYyUyeiwpe6IZAihh+9Fuuqqw0skWcCKWue5bwDUi86vC/W
BPilut2AO0WaLbuibcRtVX7ZCkpMZC1QVVd0Kk3BdU0Y0omopvt2oUrRrea1RCE8H8/KWdkDm85K
IQ7fLhQhJtoKuyCjBgjTsAMPkHs1lNan+jOjquOSAD8L1TK/kAzniRI67NHIkiCD44kaFZIS97ma
Cs6W6UOz6FqksOXI3PmYitnB97POsuQk7vsTwrQneLR+J/RDNhLPGtHRGeq8AoaCKn+U4bJM1OyA
yXlcFNWtKPKGSOyPSMVNLsV/dqpe05yf6GFkPg3wOnzKTQezSIAaQTmwgJzBSgIXr4URAM3XPYrR
5vMQ1FtYGvQI0pBpKpBNaqGRMKixK5ZKUtubb65AVLEirMFS9VMnC2I230YRSJI6JY7MpsKxjgm6
3lGNaj5CHkFY1KGd4jPv/bJbxpATdPFxsy6TK9lcC+q9Q/vGPOFNA4GSQfSU0rRFXZVVB5ljenMi
+Nha6IJJX3egSqHWBz3MG9gxjS270vTSNfBLVgrQBN2sqzu6LaHABpDE+l5ukCPeGoSeZaThNIc0
+UTk7ZdgX1vzslS11J0mRdtbLI5AQwdrc5gtTMbIUDplUPsaLlk76q4sSZwpVbbVioXANVYzFufq
xjyLZT5fwAXUslmcDE3WaA5xpK67VatHNcOIMUvgZuhi4cKUuYBKtRlJusMBtB/GgHSEdA5FTA7t
Gg8UDZNHetJUUFuMbHmpsNtaW/K/iiqG8lB7TOhx2MEyb8khLNVcxusWDBeXmtMW8zZvCDQvvyKh
3ebMeFYoWPrtSAPqdaxhArMcGMKNAfmSYWW1Uv2WWschrI5sW8wryKkiv0FKQRvNGc0RozYVFlGB
3Y3n1inm/3sayO98nIKFrNP/HQVNW60YCeN3N0gZcI2AB1lRIE43KNGu+3ixE3jLVmGQa778E9Bj
u2B8yGOIpKvpvg8sXd2ppGPvW2l8tUVSiNvMVneJUmmzJUc7rldXT6fi6ttnl+L5sxfPrsTji4vn
z55eiounr8XbV6//4+nrE4FJ4uoVZj0Vb7999fypuHj96snTy8vxvgt4kBkXqs4rDuLkhhsiL1ko
dsjMi42rtcF2pBEpexaeMoIjVNrJMqgnVQkq4Z6hSkTthzRNa9jtgqIxXfODA9LTGLIGAse7deO9
bWOPVxRBKDfgBeP7s0kNTK8cQluphFIIzVdCV0tVr93QAM1Sq2ZLqmsZWpvjh1EylLuG8rmsY5jF
aFsmsP95mLtsZ4SOWSXMKnjupSw7TliGmCCd66CBxyd9RNhXwV4JdXDNkIa3ml4yAKPgY/FKe3yt
7sg4qq5IN7jkCCG3pdji32jAK0YfhAaWZWjFbt+wp7gXIll1NIQNbVldLftQq1ebGaOhYg4lTNQY
Sd7TDfGASu1ox2WfZJLIauzEKZFW5LRbrnRGptM+YT6M6EMvr3OaZBYw7oxmTwHeEORh6vIBBiNk
I+xhhxsoWdN0itxCu4DU5n2GSv6KdttiddILUmcIJhEda2xo6gf5tJR3I+5YNz3uT+SKRvMlksWa
gmtNwFtKBUmQQl/H0lhs+Ur2YljJFnNfx5CgrwxGvOGIMucOIdd2NiI7r/S3faWm1Iicnt5AT+5t
SAMzE4ekceIw4jb2hrhz4MKpCrJHYh/Q0/mFhrLiiytCr9EkbsnDMsNQTVC/M03u99UcLKh2MHA/
Dupjijgrzd2OqYkQyMwWVaEzzFi2yYIzcUa5oStwwsQYdm66XDJfdWSJ1SbX1KHtcCim/hP51Xrd
EvATMbIHEmTp8cajtkcGftsPjNveprF8tEEZZKoppwKI83xajEGD1lh8i1QQyvSIczvx5OLNCdYC
hxgGdpun0HvOFLT73MAfMfypCPqse5uQN8ydwdyxeJzCUy1kkZ2i/tRVQqoKurTOW2FTQW1OUrCB
JW6j3gDYTlFzR26NMkxZjAUh8eaivOhz7W3VSKUEIXWLqEkLu1W5Gpn3veLmhTG7Jv9ZbeRJWXkv
xoYinkmYkLVr9RjEVi9y9KLjsbgwawq6D0wLpClfjS7wjlkt50QCZAK2NauCExaqSZd0XR/WLmuS
05MixyxdZNNtD9W04sXVG8YUheOKyI67VlBRz6Lcbqdri3HvbJZtN6JVU8Z2WB6qks+/2NYzQd0E
pEJIV3syUTRnWZ6MBYephaQsQORL8KYl2UEafIMVfuqEcYHQbhjpBXECbpc9MWK0ZH/eaJHqXAJz
W6OjRInSTQXj60wxdf6Kc6TzZ5ePv0Z6xOlUV7IOkcfm6pmPbnWWkJMymh8PpMNyY0vn1tZTFXfz
aV+zfSVsqtVMurqAu+LvwtT1je5EkDWXTaWjt7EIm4BprDW0J4uqarhb0Zdqqi/G2Y1TF1w08qYP
F3hE5a1v2tK3rWMjxPjSgM7aTCPnxyovdUOAOfWl+C6u7sjya/HsXBx99+bZ+THkDrMHDph/C7GR
YHLEexgHlXB1avij8w9YQ7WVXQlr/+7r5z18U94NRr7kzeikjzMHFq/JRZi2qm8rmTh6B/xGdFvi
UZVlvC2+5dl6dNfl6VYgzM/Rbkfnilsy2tT0D/41D9jTG7vqGtMaSuBEWu1mzZqRXjMV5uCXttEh
xLhHswvFQFnON/VJScuK/Vh80s+6ydXtaBOhH+qiaeY+XlYdeY9MxzrjTMCynrUU3Mk7cicE4qfn
qfB48WuO1YPFTHipdOUdKw0sVhnZPv9cgk1p0esZqxYNb6K+tyWfNtqQDx8o5D6q5oIhdlOIpw9h
aT2Mpqz59x+yV3cg2y+mvxts3L0GT1xUCZtvk6c6ZhA9EjKFwjVdPOTCnIIoZqhUh05+2YQ27jQZ
5ZBJogrFpYJWb961yK+xBVXJ7IkKCdLndXXbLrQfwxZSLDS0gZOD9TetDsmM7Ii40aM22rJGk/bs
vBnQRW6aJK+hCX0SvCHTdJz6NIfX7AgJ8EZAESXy5i1P1OaZyoGtdLetro2Ax/clbDzarcy5wkWE
QQGoVWtVrbqityXzQkkAzzGxxOUckosjIp13ojBM7gx5gik7aMQ096Ym/6FeJBfcelinD0bdgMjW
badbT0jmOqKb2HtDG2+xO2xuSgwCPZzESN9z28xcQJhTjcp4tVyuxnnFGMP/rZdUMsK+W2q+Js0W
dYpd5rvYfmcS2PfJ+bxWc9NmND1J3Xmhn/Bc79PH+MEBmZ8AjUyk0EkD+bRbpesSCcu/5R0bRnxL
AI+NBwcICN4bzncrumClhXOPqRCo/m40DOkRXZDgADcIQk+oy6+G/b0TRIzVQsJWFLn7mnDok1WE
kUzVqEhG5CxLipD6ax/QdDiRO/1Cc0tlEIE7JOZIeNjh9n7NAGQp6+/9HvekqukairXNl9uwYkI0
AaX5pPUURUiK5NtpQ26EmkV903u83cB8Ge7Qc+7jSYCJMFqS2gIG/SUDA+Bbw8++k7Qwg9rv1Zvy
wrgMasyjgks5N8qzDSC6CNDV+uyGXFDfYNHuGPCMy+qDMBI12Zji7VBnB42pBrmK04kXZdxpetL/
aA1swxOKWGoOSz54YSiagMPHgkQOZHiYE1rK0+lsipZy8qqTP7Ned8MNkOMein6l0J7TLwO5t8xc
oOy8pqAhy/U+CpieIB3H/Hi9OULZPz+D2jWqyMamF0H5gKFMlhqQbuHkrCnfv0MZQwEESdMReKp0
TCLFz+/UdmeeMxsc7U2pDTo70EgTw/qTGVl+qbuGhxCo3jk91iKgJVNs2aO24VAvUDP9RDeRdBbW
s1/8F2RF7IaT4i0zc3Sw4ZI2xpyccIcZRz0Rx3o3yvFOOHCSTpHMaGpPIKFAvKc7e0jlx6ykDIfW
UdHdNbor1lRLxeXtA0wxqNAS8Kaq9c4zc/OchnenaHWQMUUU8f0ed98NREinVVv50TGaMTEGdtQc
a7nlLWujUXlK/THLOCRsYJ7e6a9wxUYinLVj3YnY35cKkGtSnR2d1qmwND/xBkLkcL7gWp8a34wa
ojiQ7OeciC8cdkm6cU5dTaHaRONJZ2oyBd1ApVoB0DtsLn7YDINsdfeDGH0lfsBnfuF111AEwr7L
E1gMkJdriOMZtXZ0YkkTAG52oAHy6xaWWfeD+DueH1xKc2cHP2yQ1IkOtqQXIvgLp9+VjpnJB1Bd
+SP9yL3WPxSi5PEL5y89ClsoDBweD6lMmWqEGOru8Aa1j8E3s//CqG5EZ/J7Oku5M8euO/5En4lJ
SBdak1YDvUYMMp6/XW35y2qha5VNPTM8Ud91X9xa1qkbxVTVPlhaCI0N+2JqonBLEtEpXxXK1EWm
WSLpGq7el8f1IyBSEuBZuszY7jgV3zx/fKUHqfuiYF/OP8yluxM/uoOil+rEvUvzuj3hXPQfpvjV
x8/DRq5OYSj3R2AxpyyyMzG3QKhK1kL/mKer+6yzb17Vm3NrTqkABxl6wrcJmp5Po/7QG5LUnY7D
bziX4q14/g4QbhWYkfeDkRGX3INauNLtEJZ/Y/p+yTV1jhrucSG1i/Mib9faoDd6AlRaSEX/Emus
+wNEJcNHsVhvklG6yLIvVLrxcbEV8RO+9MG3HmZwiIeXXSleQKdD4VhTy59atvjXiyu8OA597y8m
PFJIL/G+rNr00f71g5puS/BPqciPPtr7idL2K2Ukj+zIdp29wZuAh10anktqoabqUdPVNzkKLt5W
3pk+RvPIRvqPoZ1K+ZEd0NjtIm/ViPwx9QNoxHRp+DLDI42MGcpX2NXM0pcwNjvreXQwRgfo/aTV
zcp8SXNqXcEw1o+Yko2eb4qGR8w77jowS55XcbzejpGdDKbQjapHbCG1Sa4pBJjNBi0Ofj/49X8A
zyKfUA==
===END CRASH DUMP===
