PocketMine-MP Crash Dump Sat Jan 7 23:41:52 GMT 2023

PocketMine-MP version: 4.12.2 [Protocol 560]
Git commit: 0ee6cdb058d4bd2e058352b3a710177366019c03
PHP version: 8.0.18
OS: WINNT, win

THIS CRASH WAS CAUSED BY A PLUGIN
BAD PLUGIN: EmporiumPrison

Error: Class "Emporium\Prison\Listeners\PlayerFirstJoinListener" not found
File: plugins/EmporiumPrison/src/Emporium/Prison/Main
Line: 40
Type: Error
Backtrace:
#0 pmsrc/src/plugin/PluginBase(118): Emporium\Prison\Main->onEnable()
#1 pmsrc/src/plugin/PluginManager(454): pocketmine\plugin\PluginBase->onEnableStateChange(true)
#2 pmsrc/src/Server(1417): pocketmine\plugin\PluginManager->enablePlugin(object Emporium\Prison\Main#21932)
#3 pmsrc/src/Server(1030): pocketmine\Server->enablePlugins(object pocketmine\plugin\PluginEnableOrder#21902)
#4 pmsrc/src/PocketMine(339): pocketmine\Server->__construct(object BaseClassLoader#4, object pocketmine\utils\MainLogger#3, string[38] C:\Users\brant\Desktop\EmporiumPrison\, string[46] C:\Users\brant\Desktop\EmporiumPrison\plugins\)
#5 pmsrc/src/PocketMine(362): pocketmine\server()
#6 pmsrc(11): require(string[82] phar://C:/Users/brant/Desktop/EmporiumPrison/PocketMine-MP.phar/src/PocketMine.p)

Code:
[31]         if(!file_exists(Variables::DIRECTORY . "Server/settings.yml")) {
[32]             new Config(Variables::DIRECTORY . "Server/settings.yml", Config::YAML, $this->defaultServerSettingsData);
[33]             $this->getLogger()->info(Variables::FILE_CREATED_PREFIX . " SERVER SETTINGS FILE");
[34]         } else {
[35]             $this->getLogger()->info(Variables::FILE_LOADED_PREFIX . " SERVER SETTINGS FILE");
[36]         }
[37] 
[38]         $this->getLogger()->info(TF::BOLD . TF::GREEN . Variables::PLUGIN_VERSION . " Enabled!");
[39] 
[40]         $this->getServer()->getPluginManager()->registerEvents(new PlayerFirstJoinListener($this), $this);
[41]     }
[42] 
[43]     public function onDisable(): void {
[44]         $this->getLogger()->info(TF::BOLD . TF::RED . "Emporium Prison Disabled!");
[45]     }
[46] }

Loaded plugins:
DevTools 1.15.0 by PocketMine Team for API(s) 4.0.0
EmporiumPrison 1.0.0 by  for API(s) 4.0.0

uname -a: Windows NT BRANT-PC 10.0 build 19044 (Windows 10) AMD64
Zend version: 4.0.18
Composer libraries: 
- adhocore/json-comment 1.2.1@651023f9fe52e9efa2198cbaf6e481d1968e2377
- brick/math 0.10.2@459f2781e1a08d52ee56b0b1444086e038561e3f
- daverandom/callback-validator unknown@unknown
- fgrosse/phpasn1 v2.4.0@eef488991d53e58e60c9554b09b1201ca5ba9296
- netresearch/jsonmapper v4.1.0@cfa81ea1d35294d64adb9c68aa4cb9e92400e53f
- pocketmine/bedrock-data 1.13.0+bedrock-1.19.50@57337ddc9433a0e245a1ce48c51af05f0573d58d
- pocketmine/bedrock-protocol 17.1.0+bedrock-1.19.50@c572706cf5e3202718dd35a35dd30fe08cd671de
- pocketmine/binaryutils 0.2.4@5ac7eea91afbad8dc498f5ce34ce6297d5e6ea9a
- pocketmine/callback-validator 1.0.3@64787469766bcaa7e5885242e85c23c25e8c55a2
- pocketmine/classloader 0.2.0@49ea303993efdfb39cd302e2156d50aa78209e78
- pocketmine/color 0.2.0@09be6ea6d76f2e33d6813c39d29c22c46c17e1d2
- pocketmine/errorhandler 0.6.0@dae214a04348b911e8219ebf125ff1c5589cc878
- pocketmine/locale-data 2.11.0@4b33d8fa53eda53d9662a7478806ebae2e4a5c53
- pocketmine/log 0.4.0@e6c912c0f9055c81d23108ec2d179b96f404c043
- pocketmine/log-pthreads 0.4.0@61f709e8cf36bcc24e4efe02acded680a1ce23cd
- pocketmine/math 0.4.3@47a243d320b01c8099d65309967934c188111549
- pocketmine/nbt 0.3.3@f4321be50df1a18b9f4e94d428a2e68a6e2ac2b4
- pocketmine/pocketmine-mp 4.12.2@0ee6cdb058d4bd2e058352b3a710177366019c03
- pocketmine/raklib 0.14.5@85b4e5cb7117d37e010eeadb3ff53b21276c6f48
- pocketmine/raklib-ipc 0.1.1@922a6444b0c6c7daaa5aa5a832107e1ec4738aed
- pocketmine/snooze 0.3.1@0ac8fc2a781c419a1f64ebca4d5835028f59e29b
- ramsey/collection 1.2.2@cccc74ee5e328031b15640b51056ee8d3bb66c0a
- ramsey/uuid 4.6.0@ad63bc700e7d021039e30ce464eba384c4a1d40f
- rhumsaa/uuid unknown@unknown
- symfony/filesystem v5.4.13@ac09569844a9109a5966b9438fc29113ce77cf51
- symfony/polyfill-ctype v1.27.0@5bbc823adecdae860bb64756d639ecfec17b050a
- symfony/polyfill-mbstring v1.27.0@8ad114f6b39e2c98a8b0e3bd907732c207c2b534
- symfony/polyfill-php80 v1.27.0@7a6ff3f1959bb01aefccb463a0f2cd3d3d2fd936
- symfony/polyfill-php81 v1.27.0@707403074c8ea6e2edaf8794b0157a0bfa52157a
- webmozart/assert 1.11.0@11cb2199493b2f8a3b53e7f19068fc6aac760991
- webmozart/path-util 2.3.0@d939f7edc24c9a1bb9c0dee5cb05d8e859490725

----------------------REPORT THE DATA BELOW THIS LINE-----------------------

===BEGIN CRASH DUMP===
eNrtW+ty20aWfpUeOVWRakgKdwKcckqOJGe0K1taSR5nNko5DaBBIgIBBhdJzFTefb9zukGCtJyq
zGxt7Y9xHAtodJ/7HdA/DrKqXsr206Oqm7wqD2be6KDNl+pgZgdT13a9yHYmtueEER50K/3ImriR
Y1mRZUehbweh509HB4Vs2vO6ruqD2T8O2vUK+w70/ehgqZpGzmnlFNsacX9wvlxVdd4t7++v67yp
yvv7y7xpVQkysFTItarf5nXT/keVl/2T+wNRVq3Iqq5MATTriuJtXjDU2f39h4bPxrUs2/v7M9U8
tNXq/r5H1KNZFd08L5vPHzR1sl3ckvVO5uVktVgRQo3MQDjeBXCM85ulY7NGh3GwyEsc9CyItpYJ
Ln84eGWJ1ZKO0P8a4vE1//hWNurQtsOjmXiZmvE3VXleyrhQh0cA/sr+EqR3soTQ60PP9wBsVSUP
ql2ClF4IJOge4xbobStbdbqQ5VwdtnWnGIczwHGraljLoe3Z098Fa9CPv1EMVy8eVvHPKmm/wNor
x45chzG6L2C0XGsPo36yi6LpcXyZNM3pVZ2qmlBaGqU3QHnNZ9/h7KHrRl/A+ulTUpUNhJS0PU6S
Jdv4ZSUJujcSL1DTtXnRaJYvqzmE9ModCQDKy/kPbvij+AP2vDnnBX/o3MYPmHX/C6wHzh7rjVYF
Hwr0IRgrNtXqly6v1aGhJnR+FKuFrGfHx6ezY6bpmEk6NhTtu88W6/jd9YSO7hEzWR0d/Pjb6ED9
n8aYf9XlQbA+/CkvH6viUS1V2QJiClkl7UH/lPjYgY0nSZUq4tO18VSYP3l2+Cci6pN6BsXN4d9k
nZMtN7PZ2cXN+end1c3fxQTMaxs9blTbQh/NZL0s7g+OjsQ/ANl1BhDpT6mexGlVZvn8DwIcmWOz
2d/fvLscia/aRd6Mv0lVJrui1UduzYkz2cqjvxB6dw+9OTVXrfaGw6PxN3mZVUNi3l5cnn86vTl/
c3d+9un65vztxfdMlrg9v/nb+Q1+3N1dvP/uVtBGcMqIvAGi34QqGqX59/9ZAi6v3pz9AfzBED8t
TLFAP8PBgy8iv3s7m317dXkGPHT53c35+XtcD2i6vvzw3cX7T8B/e3H1XtOjY1v6p56GSKP0rBdR
mtB6xDe7aQNrtZqTX9Tnj7Da5pDM5At+c8ggj4wFMGavt1vi3HMMGb3uV11c5InIujJpUXiIqjzL
G53UZuKxylPWlOf9E4K6OT9jUfQeJbRLCYNgIxrPHxJIuvrt4Ld/5+h/5+h/5+h/JUf3Oa2h5HWm
Hu+qquDrUlLzsF0aHWy6jgN7YvsTC0uyaxdV3ZD/beGKOyWXBFmucnriTSxsxr22qfRgRl4wOkjV
SpUpHcazpsras+HCUnKi7fGT4DeUFDAFPLu9e3Nz9+EaC08qbvKW6F207aqBjOZ5u+jiSVItBxwf
b2Agcuyl8C3Ln+X2IePWHt//S2y+7L1bVq+vbu8+Xt1cnu0we/AbVSyyBt2I+3tq6LXOJD0j7hMP
rNrTqqbTIQi2QwCMEzSVi+FKIguQiLPDtWr5Ka3aUrU7q6aw2y50dTG8T2W78xz1EGgdrsyXq+Ht
QjY7tOQICY/DhZ9ZXdv7ZaxdZGetqlvehfuJg4WmlcRQOty0SnblcKOyQnGCG642LNFmdymFroYr
t9eXO+jXzS9FScjMldg8aqsHVea/7org+dlwTeTaWFjLJUnRmThM/a/5SrtdNPHptsjj4XHcPi93
pV4ReWj7Xdt2Iixcn13tsJ5Wn5i0/UUs5bsKq2CtTbOz8TZfrgr1/bsdnvcowG2tKGLvLT7V+Z7+
V+2CdpKEPeNf14s921t05QPHeIeF5LJU8nmcl7JeYwkLkylJQj2qIo3NJgKV1OtVWw1OQVioeAtt
liRvy7QOVJ3s2GX6mUrzHStgUbnDJbQJHceKeadtrYf/33AncXWdyGQxEC689+e8/bTk3sGCJBYr
QwShp0pNFoPAtOPb5LdIjdtZEIRna2uJu7wAcse2PAip+ZQq+E8mUVADRV21VVIBrB8AI8IkUalU
kKSx5YepF6eOwoXrO7Erp7ZlT6duEFh2lFguYHeGlo95mVZPjXh/J769efP+bnx9KmwoTzBygRLA
88Rhv8u2jsSbd2eBd8BMDkX2q2I/8TbWsFh9qsgWPl68f39H9kc3T7lushAmkfk+QYc1CmvF4Uym
C3BUq2MKDGPsMV0bHH9inwS+bTluFmXKd1SEVgflSZjEMguUF9qpHQWhctwpGU9c58nDsYmFIMea
OCeeH2XONLSVLa0wBQjlB7EV257nWWGgLDf0A1u5GUc66AJRBikH8bOIZfIwfpRFjghIPTBE91BW
T+WJ+UlWN6+rplHH4Fk2JVXgj84EkjhRKvPCMIrs1HeVH6rASiLf92Irim3HshPpxzJyogAwEI9r
1ShZJwsWwFKuVuxfjx7Z3kmSSVAv7RQajbw08GQaR0kQSuklcaQix7Ms5TMD27LkOFZpjbsxaJc6
8sCb/tyv6kBknfhT152maRJ5rist5Xi+tBOINfFtmVk+/k7dFEb1MuytKR7YU6L1M/iJP3WmVpBk
vnIdy5naYQo2pOvjh5UpK0zSYGrDeXbhc1DgaMF6hEhPfJlMlZIR6IplGqaJF4WZnyjXS1TgRNPU
VwEey11IL6qRagD3JPCm4dQLomkQxImUU2gp9B3PUaGfOG7i+ApS8KWzB5AK2aIyYZFIs068SEnX
cqPIVVmaxW6UgDlHObYfpL4F0KFjRWoa7kGqimoLA3ZB9AfpNMgc5bppENpu4kapEyWOk3hBYk+V
ne5Rw8MZ9CVpYcgJACqVQO1Jy3O9MI5sW4VwGBVntuNnmQ2ewihJwn1yiopKht5c4Hdkel4MSsJM
woZT/JNGQeDIKQQXWoGKgUd50k98dx/UnIlhPwiSyHYSK4ss30/gro5rW6FKnNSeRnEUZJ7lJSD1
MwjjQVLRoAI7m0KOYZK50FjieMpTMCFHJqmCuCyyXChuz1Y3wcCDzr2pdDw3hSnG8MHQiqI08F38
CKYRDMkOQ9u2fS/aBVHGrck+7knmuY4dK99KM1vakG/mKTil54TSUfDJQIEeJ/Z2IWwvx1wq6UB/
8gei9gBYLR909YAA5038k9CPPeUn8dS2p6k7VZYNuIgRbpb5buzYzjRIIOfwJSjjfJX0RctJ5Dgy
QFiMrSRIpqmU0qe/ITi2YHwq8aZuKNWegJuyqn5VRkD2iSWTMEtgJaGdeHYk7SzwFBzMS4k5y4HT
RsqJYsq1ctmoNTnCtmijkO+cJPgz9RCpETVCVEAxXMmzYiQCP1AqTN04DoLEklsgXZfrJEQeINPA
jZMpwuI0tUC8GynXQlgjSqQbeomHaOpZFDHrRbdspOzPfx7hm/Uyq8r1MdUXzbppFZVljz7MyXZP
ZGJFfhCFnofAZEXSh4PEiKUkAXiem6jpFLHPHsBZVcUasIpxX3c/guUpiPbjOAkdF5ElgQeHgQUe
vSlCSADyk0whAMBSmOfPYA0K6B5cKFPb9rIA4Ug5SRTKMLaUG6eRBcNyEseawkx913sJHLJZaA1g
TWWQZW5mR34Uw3GkypIk9gJkjMxBrMN/TpZGbvAlWPYQljX1LBf/JKEib0FgycJpBKOz/am0YgQb
h650m7SsfpV1e4yYq2pdEXBcsu0Ehh1FXgQDz0LpghM1BYFWANEHErkigFfbO0BWiARjSioc31yK
lJEbZVOVIpYksNQYadVKFfmS5achEgEQWFPH113axuRpFgsYrwR1eCLhiWxXS56rkZmIrKrFTql3
X74SdwskedHPc4WslWgXSlSlanAhW5HIkmbhsRJ5mRQdghouhJ4uTJBqURS0KJgI1m21xMmMAOzD
bGSmRqLCk7ohkCJGFH0Q66qrDSyRZwIFa57ljAGFF83GizUBfq+eNuCOzVi5EU9V+XUrqCyRtUDn
XCGo5pRa10QhjQk1308LVYpuNa9lCgCT+/K+7IHN7kshXn1cKCJMtBWwoJ4GCDOrgQxQeTVU1Kf6
MZOqs5KAPAvVsrxQCueJEjrp0cqSIEPiiRoXksr2uZoJrpXpQbPoWhSw5di8r5iJ+4Mf7jvLktN4
b2CpV+sfhb7IxuKiEV2JTD+vQKGgRh9NuCwTdX/A7LwpiupJFHlDLAozhhGPuRT/1al6TXt+oYux
eTSg65Wet5lDAtwIqoAF9AxRErh4LYwCaL8eSYw3j4egPsLPYEfQhkxTgVpSK42UATU9iKWSTVfz
qxABVcWKqIZI1S+dLEjY8/wRe1EidUocGqTCsY4IusaoxrWCsNoxlEXDuRkeM+733TKGnmCLb5p1
mdzJ5gHmUj/A+ia84UMDhZJD9JzStkVdlVUHnWN7M6ID6Dh0u0ReNBLUJ4AR6otYNvBiWlt2JeyO
tmjgt2wU4Am2WVfPOexSQQxgie293BBHsjUEXWRk4bSHLHkk8vZriK+t+ViqWhpMkqHtHRaH4KGD
tzksFmZjbDidMah9C5dsHXVXlqTOlPraasVK4A6rmYgz9WiuxTKfLxACatksRkOXNZZDEqnrbtXq
VS0wEswStBm+WLlwZW6fUu1Gkkf7XfMyBWQjZHNoYXJY12RgaNg81ptmgqZg5MtLBWxr7cnfFVUM
46FpmNDr8INl3lJAWKq5jNctBC5utaQtlq1+H8DH70hpTzkLng0Knv401oB6G2uYwSwHhQhjit6J
EJisVqpHqW0cyurIt8W8gp4qihtkFIRozmSOmbSZsIgLYOe4rcvL//ccUNT5PfoXsk7/Nfqbtlox
CSbmbkgy4BqB6LGiFJxuCCKs+1RxAPjIHmGIa77+XyCPfYLpoWghkg7pqkS6EupZJR1H3krTq72R
0ttmt3pOlEqbLTs6aF3dnc/E3V8vbsXlxbuLO/Hm+vry4vxWXJ/fiI9XN/95fjMS2CTurrDrXHz8
69Xlubi+uTo9v72d7Lv/i8K4VnVecQKnENwQe8lCcTBmWWzCrA2xo4RIOarwljGCoNIBlkGdViW4
RGiGIRG3X7IzbV9PC8rEkAgFH72NIWsgCLrbEN77NXBcUfaguoAPTD7fTWZgxuJQ2kolVD5ouRK5
Wqv67IYHWJZaNVtWXcvw2hy9TJLh3DWcz2UdwynG2waBY8/L0mUvI3LMKWFOIWovZdlxsTKkBIVc
Bws8GvXZYN8EeyPUiTVDAd5qfpdb75uIKx3ttbmj2qi6It3QkiN9PJViS3+jAa+YfDAaWJbhFdje
cpz4LD2y6WgIG96yulr2aVafNjvGQ8Mcapi4MZr8zDbECya1Yx39JwWsshqYuBzShpx2y5WuxnTJ
J8yDMT3o9XVGm8wBpp3J7DnAHRI8XF2+IGCka6Q8YHiEkTVNpygstAtobd5XpxSvCNuWqlGvSF0d
mCJ0oqmhrV+U01I+j3lW3fS0n8oVreZLFIo1JdaagLdUBpIikaHpDb2mYitX8hcjSvaYz20MxfnK
UMQIx1Q1d0i3trNR2Vmln+0btX6D3yPQm3sf0sDMxiFrXDSMeYC9YY7e0XOZgsqRxAfydG2hoawk
NTFCn9EsbtnDMSNQzVCPmTb3eLUEC+obDNzfB/V7hnhflqoljc1MhkBVtqgKXV3Gsk0WXIUzySiY
YEMmx3Bw062SeaozS6w2daZOba+GauofUVyt1y0BH4mxPdAga48Rj9ueGMRtPzBhe1vC8ksNqh5T
zTk1P1zj02EsGrIm4q8oA2FMr7muE6fXH0Y4CxpiONhTnsLuuU7Q4XMDf8zwZyLoK+5tMd6wdAZ7
J+JNiki1kEV2jN5TdwipghEbVEAqaMBJBjbwxG3WGwDbaWieKaxRdSmLiSAiPlyX132dve0YqY0g
op6QNelgtypXY3O/19i8M27X5L+qjT6pIu/V2FDGM+USKnZtHoPc6kWOPnQ0EdfmTCHrOR+QpnU1
tsAYs1rOiQXoBGJrVgUXLNSPLkE8ebusSU+nRU6f6HCDTa/5VdOKd3cfmFI0jStiO+5a/riNVblF
p/uKSR9slm03plMzpnbYGqqS33yxr2eCJgkohVCs9myiYc6yPJkITlMLSVWAyJeQTUu6gzb4Y2PE
qRHTAqXxd0XYmnDY5UiMHC05njdapbqWwN7W2ChxovRAwcQ600idXXGNdHZx++ZblEdcTnUl2xBF
bO6c+aWtrhJyMkbzVV46bDW2fG59PVVxN5/1/do3wqY+zZSrC4Qrfi5MT9/oKQR5c9lUOnsbj7AJ
mKZaQztdVFXDk4q+TVN9I85hnObfopGPfbrAJbpufsaz8W1gI8L4+wBdtZkhzs9VXuphAEvqa/F9
XD2T59fi4kwcfv/h4uwIeofbgwbsf4LaSDE58j2cg9q3OjXy0fUHvKHa6q6Et3//7WUP37R2g5Wv
GRm94+PKgdVrahHmrepHSiaPPoO+MX0N8brKMkaLZ3m2Hj93ebpVCMtzvDvNueNxjHY1/V27lgFH
euNXXWPGQgmCSKvDrDkz1mdmwrzyJTQ6hZjwaLBQDqRPr/r+pKRjxX4uHvW7HnP1NN5k6JcmaFq4
b5ZVR9Ej07nOBBOIrBctJXeKjjwFgfrpeiY8PnzDuXpwmBkvle66Y6WBxSoj329W8omNgmxUQ2fT
ouVN1ve27BOiDfuIgULukwpeEs5aQiGfvkSl9TKZsqYvbYXszR3E9ofp54Yad2+4ExdVwu7b5KnO
GcSPhE5hcE0XD6UwpySKHSrVqZNvNqmNp0zGOGSSqEJxq6DNm7EW+QNQUI/MkaiQYH1eV0/tQscx
oJBioaENghy8v2l1SmZixySNnrTxVjSatYuzZsAXhWnSvIYm9DvgDZtm2tSXOXxmR0mANwaJaJE3
d3miNtfUDmy1ux1zbRQ8+VzDJqI9yZw7XGQYNIDatFbVqit6XzI3VATwHpNLXK4huTki1hkTpWEK
Z6gTTNtBK2awNzP1D80hueHWy7p8MOYGQrZhO91GQnLXMX0+vbe0iRa7y+YbiUGiR5AY68++NjsX
UOZMkzJZLZerSV4xxYh/6yW1jPDvlgavSbMlnXKXeS62z5kFjn1yPq/V3IwYzTxSz13oI9SHff6Y
PgSgq7Mr+phvbDKFLhoopj0p3ZdI/qKbMDZM+JYBXpsMXh0geW8k363o0yqtnM+ECoXq58bCUB7R
pxGc4AZJ6JQm/Go42xshY6wWEr6iKNzXRENfrCKNZKpGRzKmYFlShtRP+4Sm04ncmRWa71MGGbhD
YY6ChwNuH9cMQNayft7j+Eyrmq+hWtt8uU0rJkUTUNpPVk9ZhLRIsZ0Q8hDUHOoH3pMtAvNkiKGX
3O8XASbDaE1qDxjMlwwMgG+NPPtJ0sIs6rhXb9oLEzJoKI8OLuXaKM82gOgTgK7W720oBPUDFh2O
Ac+ErD4Jo1CTjWneXunqoDHdIHdxuvCiijtNR8C5RGlMFoArNLE0GJb80oWhaAZevRGkchDDy1zQ
Up1O76XoKBevuvgz5/Uk3AA56qHoW0rtsPJU8FyZpUDVeU1JQ5brfRKwPUE5jv3xevP6ZP/dGcyu
UUU2MbMIqgcMZ7LUgPQIJ2dL+eFHtDGUQFA0HUKmSuckMvz8WW0x8577wUu9GY1B7w800SSw/q2M
LL/WU8NXUKjGnB5pFdCRGVD2pJ32EuoVaraP9BBJV2G9+MXfoSsSN4IUo8zMa4ONlLQz5hSEO+w4
7Jk40tioxhtx4iSbIp3R1p5BIoFkT1/roZSfsJEyHDpHTXfX6KlYUy0Vt7cvCMWQQkcgm6rWmO/N
J8e0vLtFm4OMKaOIH/ak++NAhfSmaqs/eoVmXIyBHTZHWm95y9ZoTJ5Kf+wyAQkIzNWP+ilCsdEI
V+04NxL7eKkBeSDT2bFpXQqjMewo4oEgCjhfca9Pg28mLaPfwdjsGYmvHA5JenBOU02h2kTTSe/T
ZAq+QUq1AqAfgVz8tFkG2+r5JzH+RvyEx3zD5x5gCER9lyfwGBAv11DHBY12dGFJGwDu/kAD5Nst
LHPuJ/FnXL94lPbeH/y0IVIXOkBJN8TwV06PlV4xUwygvvLnriFbThR2UfH4lfOnnoQtFAaOiIdS
pkw1QQx1d3lD2u/BN7v/xKRuVGfqe3qT8mxeue7EE/0+TEK7sJq0Gtg1/SaS1ky72sqXzUL3Kpt+
Zvg2fTd88WhZl26UU1X7YmshNDUci2mIwiNJZKd8VSjTF5lhiaQPcDVeXteXgEhFgGfpNmOLcSbe
Xr6504s0fVHwL+cv5nO7kR89w9BLNXKf07xuR1yL/sU0v/rV83CQq0sYqv2RWMxbFtmZnFsgVSVr
oX+Ho6v7qrMfXtWbd9ZcUgEOKvSEvyRoejmN+xfe0KSedLx6y7UUo+L9O0B4VGBWPg1WxtxyD3rh
So9D9C/jmblf8kCTo4ZnXCjt4rzI27V26I2dgJQWWuHKTyc+zSXDR7NYb4pR+oRlX6n0rcf1VsX6
V/D4i4d7BMRXt10p3sGmQ+FYM8ufWbb47t0dbhyHnvcfJbxWKC9xv6za9PXm04Pbh7X++oC7CnFH
dZX+XRraq0kZU2x9vffbKtunVKW8tiPbdfYWHwNedml5LmmsmqrXTVc/5mjCmBT5bGYbzWsbLQGW
drrn13ZAa0+LvFVjitE0I6AVM7nhjxtea2LMUr4CVrNLf5Sxwaz30csyeqHeb1o9rsyTNKdxFpxl
/Zo52dj+ppF4zfLkSQSL5LKK4/V2jXxnsIW+r3rNXlObgpvSgkE2GHvw/cFv/wNrHVyb
===END CRASH DUMP===
