PocketMine-MP Crash Dump Sat Jan 7 23:53:15 GMT 2023

PocketMine-MP version: 4.12.2 [Protocol 560]
Git commit: 0ee6cdb058d4bd2e058352b3a710177366019c03
PHP version: 8.0.18
OS: WINNT, win

THIS CRASH WAS CAUSED BY A PLUGIN
BAD PLUGIN: EmporiumPrison

Error: Call to undefined method pocketmine\plugin\PluginLogger::getInfo()
File: plugins/EmporiumPrison/src/Emporium/Prison/Listeners/Player/PlayerFirstJoinListener
Line: 44
Type: Error
Backtrace:
#0 pmsrc/src/event/RegisteredListener(60): Emporium\Prison\Listeners\Player\PlayerFirstJoinListener->onLogin(object pocketmine\event\player\PlayerPreLoginEvent#26009)
#1 pmsrc/src/event/Event(62): pocketmine\event\RegisteredListener->callEvent(object pocketmine\event\player\PlayerPreLoginEvent#26009)
#2 pmsrc/src/network/mcpe/handler/LoginPacketHandler(136): pocketmine\event\Event->call()
#3 pmsrc/vendor/pocketmine/bedrock-protocol/src/LoginPacket(105): pocketmine\network\mcpe\handler\LoginPacketHandler->handleLogin(object pocketmine\network\mcpe\protocol\LoginPacket#25954)
#4 pmsrc/src/network/mcpe/NetworkSession(418): pocketmine\network\mcpe\protocol\LoginPacket->handle(object pocketmine\network\mcpe\handler\LoginPacketHandler#25965)
#5 pmsrc/src/network/mcpe/NetworkSession(374): pocketmine\network\mcpe\NetworkSession->handleDataPacket(object pocketmine\network\mcpe\protocol\LoginPacket#25954, string[55512] ....0.......{"chain":["eyJhbGciOiJFUzM4NCIsIng1dSI6Ik1IWXdFQVlIS29aSXpqMENBUVlGS)
#6 pmsrc/src/network/mcpe/raklib/RakLibInterface(183): pocketmine\network\mcpe\NetworkSession->handleEncoded(string[12346] .}.r.H..........L`!4..D......T.Q.....@,..Hq..o........8.(P....,.=....C..U....Y..)
#7 pmsrc/vendor/pocketmine/raklib-ipc/src/RakLibToUserThreadMessageReceiver(42): pocketmine\network\mcpe\raklib\RakLibInterface->onPacketReceive(int 0, string[12347] ..}.r.H..........L`!4..D......T.Q.....@,..Hq..o........8.(P....,.=....C..U....Y.)
#8 pmsrc/src/network/mcpe/raklib/RakLibInterface(113): raklib\server\ipc\RakLibToUserThreadMessageReceiver->handle(object pocketmine\network\mcpe\raklib\RakLibInterface#24563)
#9 pmsrc/vendor/pocketmine/snooze/src/SleeperHandler(123): pocketmine\network\mcpe\raklib\RakLibInterface->pocketmine\network\mcpe\raklib\{closure}()
#10 pmsrc/vendor/pocketmine/snooze/src/SleeperHandler(82): pocketmine\snooze\SleeperHandler->processNotifications()
#11 pmsrc/src/Server(1703): pocketmine\snooze\SleeperHandler->sleepUntil(float 1673135595.1322)
#12 pmsrc/src/Server(1061): pocketmine\Server->tickProcessor()
#13 pmsrc/src/PocketMine(339): pocketmine\Server->__construct(object BaseClassLoader#4, object pocketmine\utils\MainLogger#3, string[38] C:\Users\brant\Desktop\EmporiumPrison\, string[46] C:\Users\brant\Desktop\EmporiumPrison\plugins\)
#14 pmsrc/src/PocketMine(362): pocketmine\server()
#15 pmsrc(11): require(string[82] phar://C:/Users/brant/Desktop/EmporiumPrison/PocketMine-MP.phar/src/PocketMine.p)

Code:
[35]                 "banned" => false,
[36]                 "muted" => false
[37]             ]);
[38] 
[39]             $file->setNested("quest", [
[40]                 "level" => 1,
[41]                 "progress" => 0
[42]             ]);
[43]             # send player file created message
[44]             $this->main->getLogger()->getInfo(Variables::FILE_CREATED_PREFIX . $playerName . ".yml");
[45]         } else {
[46]             # send player file loaded message
[47]             $this->main->getLogger()->info(Variables::FILE_LOADED_PREFIX . $playerName . ".yml");
[48]         }
[49]     }
[50] 
[51] }

Loaded plugins:
DevTools 1.15.0 by PocketMine Team for API(s) 4.0.0
EmporiumPrison 1.0.0 by  for API(s) 4.0.0

uname -a: Windows NT BRANT-PC 10.0 build 19044 (Windows 10) AMD64
Zend version: 4.0.18
Composer libraries: 
- adhocore/json-comment 1.2.1@651023f9fe52e9efa2198cbaf6e481d1968e2377
- brick/math 0.10.2@459f2781e1a08d52ee56b0b1444086e038561e3f
- daverandom/callback-validator unknown@unknown
- fgrosse/phpasn1 v2.4.0@eef488991d53e58e60c9554b09b1201ca5ba9296
- netresearch/jsonmapper v4.1.0@cfa81ea1d35294d64adb9c68aa4cb9e92400e53f
- pocketmine/bedrock-data 1.13.0+bedrock-1.19.50@57337ddc9433a0e245a1ce48c51af05f0573d58d
- pocketmine/bedrock-protocol 17.1.0+bedrock-1.19.50@c572706cf5e3202718dd35a35dd30fe08cd671de
- pocketmine/binaryutils 0.2.4@5ac7eea91afbad8dc498f5ce34ce6297d5e6ea9a
- pocketmine/callback-validator 1.0.3@64787469766bcaa7e5885242e85c23c25e8c55a2
- pocketmine/classloader 0.2.0@49ea303993efdfb39cd302e2156d50aa78209e78
- pocketmine/color 0.2.0@09be6ea6d76f2e33d6813c39d29c22c46c17e1d2
- pocketmine/errorhandler 0.6.0@dae214a04348b911e8219ebf125ff1c5589cc878
- pocketmine/locale-data 2.11.0@4b33d8fa53eda53d9662a7478806ebae2e4a5c53
- pocketmine/log 0.4.0@e6c912c0f9055c81d23108ec2d179b96f404c043
- pocketmine/log-pthreads 0.4.0@61f709e8cf36bcc24e4efe02acded680a1ce23cd
- pocketmine/math 0.4.3@47a243d320b01c8099d65309967934c188111549
- pocketmine/nbt 0.3.3@f4321be50df1a18b9f4e94d428a2e68a6e2ac2b4
- pocketmine/pocketmine-mp 4.12.2@0ee6cdb058d4bd2e058352b3a710177366019c03
- pocketmine/raklib 0.14.5@85b4e5cb7117d37e010eeadb3ff53b21276c6f48
- pocketmine/raklib-ipc 0.1.1@922a6444b0c6c7daaa5aa5a832107e1ec4738aed
- pocketmine/snooze 0.3.1@0ac8fc2a781c419a1f64ebca4d5835028f59e29b
- ramsey/collection 1.2.2@cccc74ee5e328031b15640b51056ee8d3bb66c0a
- ramsey/uuid 4.6.0@ad63bc700e7d021039e30ce464eba384c4a1d40f
- rhumsaa/uuid unknown@unknown
- symfony/filesystem v5.4.13@ac09569844a9109a5966b9438fc29113ce77cf51
- symfony/polyfill-ctype v1.27.0@5bbc823adecdae860bb64756d639ecfec17b050a
- symfony/polyfill-mbstring v1.27.0@8ad114f6b39e2c98a8b0e3bd907732c207c2b534
- symfony/polyfill-php80 v1.27.0@7a6ff3f1959bb01aefccb463a0f2cd3d3d2fd936
- symfony/polyfill-php81 v1.27.0@707403074c8ea6e2edaf8794b0157a0bfa52157a
- webmozart/assert 1.11.0@11cb2199493b2f8a3b53e7f19068fc6aac760991
- webmozart/path-util 2.3.0@d939f7edc24c9a1bb9c0dee5cb05d8e859490725

----------------------REPORT THE DATA BELOW THIS LINE-----------------------

===BEGIN CRASH DUMP===
eNrtW3lz20aW/yo9VKoi15AUbgKcckqOJCea9aGx5HFmQ5fTABokIhJgcOhIyt99f+91gwQp2Ztk
prb2DysHiT5ev/tq8LdBVlYr2Xy4UVWdl8Vg6g0HTb5Sg6kdTFzb9f3IH9uuFXnBcNCuzVQ4DizP
s90oDBwrsHx/OFjKujmrqrIaTH8bNPdrLBvo5+FgpepazmnkRC6XoilFW6QqywuVipVqFmUq1mVy
rZoVhmaz9bKd58VsdsGfL8r5XFXT6Vw150VWHj4BwKxdLp/nS4Y4nc3e1sB+NosrWTSz2amqr5ty
PZudrdZllberiyqvy6KDWz+cqKtkO4hzzfCLvG5UwaAvlvJeVd3n87yqm7+XwM2sGK8Xa0JLo2TO
Odo95ginbIaOzNjmiCMN+egTBwD4EryBeEg+lUzw9cfBgSXWKwJL/6kbVTRHb9SctlQq7bYeBtaT
qfh3qBt9U5IU8uKwjH9WSbMjLD6WeNsHcVEp3nBGkwdOYFkRie3AfoAvrzgMHKD4CNSH1Iy+SaBC
ete/i43Tw6ZQzW1ZXR+tkrU6WsgiXUIYvOtCEvjv9dCh7QaPo8rANXasogeugY7xtKyOtluOYpVW
eBqtq7Ipk3LJCPTOOrQtf+8Qg95sRvjNZgZBCPEBhqNv9OQnBbYHqkNiB9aBA7P3mAzvU0x6pR8u
YdtwHIeeHX4e50cP6rD9HYh+hmZCN/AZXf93outOvM+ju7u+w/NUNtII6d9i7VDUTZUX8x9937ed
92KMP2us/36bDZKFhAOEic8G6v7vi/i7JH+d//35219feq9OzuvzYm6nl+fB+bV9/u6H9Pk//rk8
v3QiefnD+peXZ6++ffvP5XeXzI7gU+yo5PUyj4/eyOsXeXxewMYyOJVDO3T/DFvOiqRMVXpoiLId
1wtA1MdxNf5+vPl78dNfvPH4VD9cjf/Bn8fD8fj7X8bjslsVjg8v6HM4fkofJ+PxW/r813jMFE0+
aVaapFG+1uRq0q5KCg5Xi0rJ9KUOQ29UonLEu0PP+TytGiC80C6TyB1qWRpIh3nRCGsjUqJ+QiL9
z5LP1Id/VJ42ybMjBJy4IQsCizqqPsOfP2Cbn+DUgeP5gcuIR58UW12U5a+KKbpcKrVW1cbXOu6f
FNDv2PNbsizrtlIftbe2rT+BYLivQHrpbLa7DvjA34O5r8omz/JENjCd2pzbD4mXLJ9De2K5vxNw
Tc9viyZfHmbLUjZiJ2tzHH2G88gZVmDvnaFnRt80eXJ9oREuK4Ol24NwwXteYs+h60afAPLhQwIa
m6pNNp7yW1mrE6SJ9YtSpnDacIKPaFYLWpCSvJRd5nfgbizLDd+LP5DvbfaRM/ozeaKm3fsE7Q+S
Fm1ehmMmEMECyQDVL21eqc4/hvD464WspkdHJ9MjxuqIkToyOO2njttjRy8vxrR1D5vx+sng/cfh
QP2fZeD/F6kuCNIHfMiLm3J5o1bIsXBqCl4mzaCbJTp3zscMxSPig+tjVuz9zQaxLED6bCCefiMy
uazVEHvc4NG1q7bZWUorJ3sr3z/5Gw2HGKbPaG/6K2IXrFU1rxSoTA9ng19afJsNhuJHbPCsR09e
Irdc6pNtQtCzH10G7zKvIGC90qKFzqP4ee7e8IGo4e6ETpcFISkSRIKGtUJrDHZ5+9Q0i7wefbOC
iY6+gVJo/Th8wg+sIf+UVS7jpaqn0+fnL84+nLw5e3Z1dvrh4s3Z8/MfxFh8pY98JVcKT7PB+H4F
QjWSfYl9FAocF7/RePC/I78kz7KD++R3454/hviL189Ofy/eYR9vGui0gB58S6uGTyL8OPj4pYr7
UsV9qeK+VHFfqrgvVdyXKu5LFfelivtSxekqrqtqaipfTtXNVVku+Xsh6e5lOzQcbC5tBvbY9seU
+csWxVxVU165hSuulFwRZLnOacZDlLLoWRWU7KaDKUSMEiiFVhYpbcZcXWbNaX+Acube+cT6DSaU
eGPu8urZm6u3Fxi4VXGdN4TvomnWNXg0z5tFG4+TctWj+GgDAxnxXhG3JflBddcn3Nqj+z9E5sNU
m5R5S+rF68urd6/fvDjdIXbwkWpWWQFvuLE9MXRSZ5TukAgTDSzak7Ki3SEQtkMAjJOVbBb9EWSk
QBF7+2Pl6kNaNnCNO6Om9N8OtNWy/5zKZmcelRNw7Y/MV+v+40LWO7jkcAo3/YGfWVzb51WsTWRn
rKwaXoXnsYOBupFEUNpftE52+fBGZUu4lnwXfM0crXeHUsiqP3J58WLn+Pv6l2VBh5lvYjPVlNeq
yH/dZcHdnaGa0LUxcC9XxEVn7DD2v+ZrbXbR2KdHRKP+djzerXa5XhJ6jmW5tu1EGLg4fb1Delp+
YNT2BzGU7wqshLbW9c7Cy3y1XqofXu7QvIcBHik/2KNztbyt8j35rxvOJIjDnrGvi8We7i3a4pq9
vMNMcpkr+TzOC1ndYwgD4wlxgnoYaWwWEaikul83ZW8XmJVC0Fotid+WaTBRSb6jl+kDkeY7WsCs
cvtDlYL6k53NW61rHfz/pt7B64tEJosec2G9P+fNhxV3jyxwYrE2SNDxVLrKZc8x7dg22S2C4/Yq
HcyztbbEbb7E4Y5teWBS/SFVsB/Td+rqi8HUD3Ai3CRhqVSQpLHlh6kXp47CF9d3YldObMueTNwg
sOwosVzAbg0u73KkPLe1eHUlvn3z7NXV6OJE2BCe4MOFHVmeJw67Vbb1RDx7eRp4Ayayz7JfFduJ
t9GGxfpDSbrw7vzVqyvSP3q4zXWbDW4Ske8DZFjJKlfszmS6AEWVOiLHMMIa07eD4Y/t48C3LcfN
okz5jopUJh07CpNYZoHyQju1oyBUjjsh5YkrZDFHxhcCHWvsHHt+lDmT0Fa2tMIUIJQfxFZse55n
hYGy3NAPbOVm7OkgC3gZhByq6GOk+6MbuczhAalLCtZdF+VtcWw+SevmVVnX6gg0y7qgXs2NMwYn
jpXKvDCMIjv1XeWHKrCSyPe92Ipi27HsRPqxjJwoAAz440rVSlbJghmwkus129eNR7p3nGQS2Es7
hUQjLw08mcZREoRSekkcqcjxLEv5TMAj7QbgLrXngTX9tRvVjsg69ieuO0nTJPJcV1oKmbu0E7A1
8W2ZWT7+nbgplOpx2FtVHNgTwvUB/MSfOBMrSDJfuY7lTOwwBRnS9fFhZcoKkzSY2Knag89Ogb0F
yxEsPfZlMlFKRsArlmmYJl4UZn6iXC9RgRNNUl8FmJa7kB4VI+UA7nHgTcKJF0STIIgTKSeQUug7
nqNCP3HcxPEVuOBLZw8gpbLcNqwMataxFynpWm4UuSpLs9iNEhDnKMf2g9S3ADp0rEhNwj1I5bLc
woBeEP5BOgkyR7luGoS2m7hR6kSJ4yRekNgTZad72HD73rRIGFQAUKnE0Z60PNcL48i2VQiDUXFm
O36W2aApjJIk3EdnWVLK0KkL7I5Uz4uBSZhJ6HCK/6VREDhyAsaFVqBinKM86Se+uw9qzsiwHQRJ
ZDuJlUWW7ycwV8e1rVAlTmpPojgKMs/yEqD6AMKoF1Q0qMDOJuBjmGQuJJY4nvIUVMiRSarALos0
F4Lb09WNM/Agc28iHc9NoYoxbDC0oigNfBcfwSSCItlhaNu270W7IIq4MdHHPc4817Fj5VtpZksb
/M08BaP0nFA6CjYZKODjxN4uhO3XEadK2tEf/wGv/aDjoR2cN/aPQz/2lJ/EE9uepO5EWTbgwke4
Wea7sWM7kyABn8PHoFDfpEtajiPHkQHcYmwlQTJJpZQ+/RuCYgvKpxJv4oZS7TFYF6mGQfaxJZMw
S6AloZ14diTtLPAUDMxLiTjLgdFGyoliirVyVat7MoRt0kYu3zlO8Dfx4KnhNUJkQDFMybNiBAI/
UCpM3TgOgsSSWyBtm+sgRBYg08CNkwnc4iS1gLwbKdeCWyNMpBt6iQdv6lnkMatFu6ql7PY/9PD1
/Sori/sjyi/q+7pRlJbd+FAn2z2WiRX5QRR6HhyTFUkfBhLDlxIHYHluoiYT+D67B2ddLu8Baznq
8u4bkDwB0n4cJ6HjwrMksOAwsECjN4ELCYB+kik4AGgK0/wAVi+B7sCFMrVtLwvgjpSTRKEMY0u5
cRpZUCwncawJ1NR3vcfAIZqFVg/WRAZZ5mZ25EcxDEeqLEliL0DEyBz4OvzjZGnkBp+CZfdhWRPP
cvG/JFRkLXAsWTiJoHS2P5FWDGfj0DddJq3KX2XVHMHnqkpnBOyXbDuBYkeRF0HBs1C6oERNgKAV
gPWBRKwIYNX2DpA1PMGIggr7N5c8ZeRG2USl8CUJNDVGWLVSRbZk+WmIQIADrInj6ypto/J0iQMY
B4IqPIHiJsvnbcX9HX2tlJWV2En1ZsWBuFogyItaNQ0EVQtZKdEslCgLVeOLbEQii6JsRKxEXiTL
li6mAF63F8YItUgKGiRMBOuyXGFnRgD2YdYyU0NRYqaqCaSI4UWvxX3ZVgaWyDOBhDXPcj4BiRfd
ji7vCfArdbsBd4QkW7bLpha3ZfF1IygtkZVA5VzCqeYUWu8JQ7oh03TfLlQh2vW8kikAjGfFrOiA
TWeFEAfvFooQo/tkvouju2WtueABMq96yXeJPM2o6qgkwM+laphfSIXzRAkd9GhkRZDB8USNlpLS
9rma6otXmqgXbYMEthiZO76pmA1+nLWWJSdxV7ILU7HzaPVe6C/ZSJzXfO1dzUtgKKjQRxEui0TN
BkzOs+WyvBXLvCYShWnDiJtcin+0qrqnNb/Ql5GZ6uF1cMY9BrNJgBpBGbCAnMFKAhffCyMAWq9b
EqPNdB/UO9gZ9AjSkGkqkEtqoZEwqKsnVkpSz5OSagFRxYqwBkvVL63ku/15foO1SJFaJQ7NocKx
nhB0faIaVQrMakYQFl/uY5rPftWuYsgJuvisvi+SK1lfC2q8QvvGvOBtDYGSQXSU0rJFVRZlC5lj
eT2kDag4dLlEVjQUVCdU+raBeQMrprFVW5hGqgZ+yUoBmqCbVXmXQy8V2ACSWN+LDXLEW4PQeUYa
TmtIk4cib76mNxwq3paqhlqTpGh7m8UhaGhhbQ6zhckYGUqnDGpfwyVrR9UWBYkzpbq2XLMQuMKq
x+JU3ZjvYpXPF3ABlawXw77JGs0hjlRVu270qGYYMWYF3AxdLFyYMpdPqTYjeVPmKdB+HAPSEdI5
lDA5tGvcUzQsHulFU0FdMLLllcJp99qSv1uWMZSHumFCj8MOVnlDDmGl5jK+b8Bwcak5bTFv85pA
8/YrEtptzoxnhYKl3440oE7HaiYwy4Eh3BhfuBKYrFKqO1LrOITVkm2LeQk5leQ3SCnooDmjOWLU
psIiKnA6+22dXv6/p4DfPPgM/gtZpf8e/nVTrhkF43M3KBlwtYD3WFMITjcI0an7WLEDeMcWYZCr
v/4PoMc2wfiQtxBJi3BVIFwJdaeSlj1vqfHV1kjhbbNa3SVKpfWWHO20Xl+dTcXV9+eX4sX5y/Mr
8ezi4sX52aW4OHsj3r1+819nb4YCi8TVa6w6E+++f/3iTFy8eX1ydnk53jf/R5lxoaq85ABOLrgm
8pKFYmfMvNi4WRtsRwqRslfhJSM4QaUdLIM6KQtQCdcMRSJqP6VnWr9uFxSJwRFyPnoZQ9ZA4HS3
Lryza5zxmqIH5QW8YfxwNamBaYtDaGuVUPqg+UroaqnqvRsaoFlqXW9JdS1Da/3kcZQM5a6hfC6r
GEYx2hYI7Hse5y5bGaFjdgmzC157JYuWk5U+JkjkWmjgk2EXDfZVsFNCHVgzJOCNpne1tb6xeK29
vVZ3ZBtlu0w3uOQIH7eF2OJfa8BrRh+EBpZlaMVpz9lPPAiPrDoawoa2rCpXXZjVu82KUV8x+xIm
aowkH+iGeESldrTjskswSWQVTuJ0SCty2q7WOhvTKZ8wEyOa6OR1SovMBsad0ewowBMCPExdPsJg
hGuEPJxwAyWr61aRW2gWkNq8y07JX9FpW6yGnSB1dmCS0LHGhpZ+kk8reTfiXnXd4X4i1zSar5Ao
VhRYKwLeUBpIguzeJ2MstnwlezGsZIt5qGNIztcGIz5wRFlzi3BrOxuRnZZ6bl+pKS0ip6cP0Is7
G9LAzMI+aZw0jLiBvSHuFLhwmoLMkdgH9HRuoaGs+YUHofdoErfkYZthqCaoO5kWd+dqDi6pbjBw
Pw/qc4o4K8yl/tRECGRli3Kps8tYNsmCs3BGGQkTdMjEGHZuulQyszqyxGqTZ+rQdtAXUzdFfrW6
bwj4UIzsngRZenzwqOmQgd/2A+O2tyksX2pQ9phqyqn44RyfNmPQoDUW3yMNhDI95bxOnFy8HWIv
cIhhYLd5Cr3nPEG7zw38EcOfiqDLuLfJeM3c6a0di2cpPNVCLrMj1J66QkgVlNgchUP5vUhSsJ4l
bqNeD9hOQXNHbo2yS7kcC0Li7UVx0eXZ24qRyghC6hZRkza262I9Ms97hc1LY3Z1/qvayJMy8k6M
NUU8ky4hY9fq0YutXuToTU/G4sLsWcpqzhukKV2NLvCJWSXnRAJkArbV6yUnLFSProA8WbusSE4n
yxyrdIFN1/yqbsTLq7eMKYrGNZEdt42ggp5FuT1O1xXjztmsmnZEu6aMbb80VAXffLGtZ4I6CUiF
kKx2ZKJgzrI8GQsOUwtJWYDIV+BNQ7KDNPi3mvBTQ8YFQrthpBfECbhd9sSI0ZL9ea1FqnMJrG2M
jhIlSjcUjK8zhdTpa86RTs8vn32L9IjTqbZgHSKPzZUzX9rqLCEnZTTvZaf9UmNL59bWUxW382lX
r9HrzKjTTLq6gLvi+e693Vp3Iciai7rU0dtYhE3ANNYa2smiLGvuVHRlmuoKcXbj1P8WtbzpwgW+
ourmOe6Nbx0bIcbvB+iszTRxfi7zQjcDmFNfix/i8o4svxLnp+Lwh7fnp08gd5g9cMD6W4iNBJMj
3sM4qHyrUsMfnX/AGsqt7ApY+w/fvujgm9KuN/I1H0Z3fJw5sHhNLsK0lV1LycTRO+A3orchnpZZ
xsdiLs/uR3dtnm4Fwvwc7XZzrrgdo01N/yxY84A9vbGrtjZtIfOeOG00e0Z6z1SYK186RocQ4x7N
KRQDZTHf1CcFbVvux+Jht+omV7ejTYR+rIOmmftsVbbkPTId64wzAcs61lJwJ+/IXRCIn75Phceb
33Cs7m1mwgulq+5YaWCxysj267W8ZaUgHTUvKZNq0fAm6ntb8umgDfnwgULuo2reLMNpCvH0MSyt
x9GUFSClQnbqDmS7zfS5wcbda+7EyzJh863zVMcMokdCplC4uo37XJhTEMUKlerQyQ+b0MZdJqMc
MknUUnGpoNWbT13m1ziCamSpX9cH6fOqvG0W2o/hCCkWGlrPycH660aHZEZ2RNzoUBttWaNJOz+t
e3SRmybJa2hC3wFvyDTdpi7N4T07QgK8EVBEibx5yhO1+U7lwFa62zbXRsDjhxI2Hu1W5lzhIsKg
ANSqtS7X7bKzJfNASQCvMbHE5RySiyMinU+iMEzuDHmCKTtoxDT2pib/oT4kF9x6WKcPRt2AyNZt
p1tPSOY6oleB94Y23mJ32Lwj0Qv0cBIj/drXZuUCwpxqVMbr1Wo9zkvGGP7vfkUlI+y7ocZrUm9R
p9hl5sV2nklg3yfn80rNTYvR9CN134V+XHG9Tx/jBwf0+vQ1vcw3MpFCJw3k026VrkskLP+WT6wZ
8S0BPDbuXR0geG84367p1SotnAdMhUD1vNEwpEf0agQHuF4QOqEOv+r39oaIGOuFhK0ocvcV4dAl
qwgjmapQkYzIWRYUIfVsF9B0OJE7vULzfkovArdIzJHwsMPt/JoByFLW890ZD6Sq6eqLtclX27Bi
QjQBpfX847NaX6qQb6cDuQlqNnUN7/H2ADPTP6Hj3OeTABNhtCS1BfT6SwYGwDeGn10naWEGtd+r
NuWFcRnUlEcFl3JulGcbQPQKQFvpextyQV2DRbtjwDMuqwvCSNRkbYq3A50d1KYa5CpOJ16Ucafp
EGeukBqTBuAbilhqDEu+dGEomoCDZ4JEDmR4mBNaytPpXoq2cvKqkz+zX3fCDZAnHRT9KLrfCHJf
mblA2XlFQUMW9/soYHmCdBzr4/vN9cn+3RnUrlbLbGx6EZQPGMpkoQHpFk7OmvLje5QxFECQNB2C
p0rHJFL8/E5tT+Y1s96l3pTaoLOBRpoY1t3KyOJr3TU8gED1yekTLQLaMsWRHWonHYc6gZrlQ91E
0llYx37xL8iK2A0nxUdm5tpgwyVtjDk54RYrDjsinujTKMcbcuAknSKZ0dKOQEKBeE9v6yGVH7OS
MhzaR0V3W+uuWF3SLzq5s/iAKQYV2gLelJU+eWZeOabh3SVaHWRMEUX8uMfd9z0R0k3VVn50hWZM
jIEd1k+03PKGtdGoPKX+WGUcEg4w397rWbhiIxHO2rFvKPbPpQLkmlRnR6d1KozCsCWPB4TI4XzF
tT41vhm1jH4gt1kzFF857JJ045y6mkI1icaT7tNkCrqBSrkGoPc4XPy0GQbZ6u4nMfpG/IRpfuB9
11AEwr7NE1gMkJf3EMc5tXZ0YkkLAG420AD5cQvL7PtJ/BXfH91Ka2eDnzZI6kQHR9IDEfyV051K
V8zkA6iu/LmtSZf5ByKUPH7l/KVDYQuFgcPjIZUpUo0QQ90d3qD2Ofhm9V8Y1Y3oTH5PNyl35sp1
x5/o+zAJ6UJr0rKn1/SbUC2ZZr3lL6uFrlU29Uz/Nn3XfXFrWaduFFNV82hpITQ27IupicItSUSn
fL1Upi4yzRJJL+Dqc3lcfwVESgI8S5cZ2xOn4vmLZ1d6kLovCvbl/M28bjf0ozsoeqGG7l2aV82Q
c9G/meJXXz33G7k6haHcH4HF3LLI1sTcJUJVci/0rzjaqss6u+ZVtbmz5pQKcJChJ/wmQd3xadRd
eEOSutNx8JxzKT6K1+8A4VaBGfnQGxlxyd2rhUvdDmH516bvl1xT56jmHhdSuzhf5s29NuiNngCV
BlLRP8EZ6/4AUcnwUSxWm2SUXmHZFyq963GxFfEJv/DBbzzM4BAPLttCvIROh8KxppY/tWzx3csr
PDgOzXcvJTxVSC/xvCqb9Onm1YPL63v99gFXFeKK8ir9axpaq1EZkW99uvd7le0sZSlP7ch2nb3B
m4CHXRqeS2qrpupp3VY3OYowRkXemd5G/dRGSYChner5qR3Q2O0ib9SIfDT1CGjEdG745YanGhkz
lK9xqlmlX8rYnKzX0WUZXah3i9Y3azOT5tTOgrHcP2VKNrq/KSSeMj+5E8EseVHG8f12jGynt4Te
r3rKVlOZhJvCgjms1/bg58HH/wGjWfkk
===END CRASH DUMP===
