PocketMine-MP Crash Dump Sat Jan 14 00:37:04 GMT 2023

PocketMine-MP version: 4.12.2 [Protocol 560]
Git commit: 0ee6cdb058d4bd2e058352b3a710177366019c03
PHP version: 8.0.18
OS: WINNT, win

A PLUGIN WAS INVOLVED IN THIS CRASH
BAD PLUGIN: EmporiumPrison

Error: Target directory path does not exist or is not a directory
File: pmsrc/src/utils/Filesystem
Line: 245
Type: RuntimeException
Backtrace:
#0 pmsrc/src/utils/Config(243): pocketmine\utils\Filesystem::safeFilePutContents(string[89] C:/Users/brant/Desktop/EmporiumPrison/plugin_data/EmporiumPrison/PlayerData/Play, string[11] --- [].....)
#1 pmsrc/src/utils/Config(163): pocketmine\utils\Config->save()
#2 pmsrc/src/utils/Config(118): pocketmine\utils\Config->load(string[89] C:/Users/brant/Desktop/EmporiumPrison/plugin_data/EmporiumPrison/PlayerData/Play, int 2, array[0])
#3 plugins/EmporiumPrison/src/Emporium/Prison/Managers/DataManager(64): pocketmine\utils\Config->__construct(string[89] C:/Users/brant/Desktop/EmporiumPrison/plugin_data/EmporiumPrison/PlayerData/Play, int 2)
#4 plugins/EmporiumPrison/src/Emporium/Prison/listeners/player/PlayerListener(46): Emporium\Prison\Managers\DataManager::getOfflinePlayerData(object pocketmine\player\Player#27640, string[10] PlayerData, string[17] tutorial-complete)
#5 pmsrc/src/event/RegisteredListener(60): Emporium\Prison\listeners\player\PlayerListener->onJoin(object pocketmine\event\player\PlayerJoinEvent#153279)
#6 pmsrc/src/event/Event(62): pocketmine\event\RegisteredListener->callEvent(object pocketmine\event\player\PlayerJoinEvent#153279)
#7 pmsrc/src/player/Player(861): pocketmine\event\Event->call()
#8 pmsrc/src/network/mcpe/NetworkSession(741): pocketmine\player\Player->doFirstSpawn()
#9 pmsrc/src/network/mcpe/NetworkSession(734): pocketmine\network\mcpe\NetworkSession->onClientSpawnResponse()
#10 pmsrc/src/network/mcpe/handler/SpawnResponsePacketHandler(36): pocketmine\network\mcpe\NetworkSession->pocketmine\network\mcpe\{closure}()
#11 pmsrc/vendor/pocketmine/bedrock-protocol/src/SetLocalPlayerAsInitializedPacket(42): pocketmine\network\mcpe\handler\SpawnResponsePacketHandler->handleSetLocalPlayerAsInitialized(object pocketmine\network\mcpe\protocol\SetLocalPlayerAsInitializedPacket#153347)
#12 pmsrc/src/network/mcpe/NetworkSession(418): pocketmine\network\mcpe\protocol\SetLocalPlayerAsInitializedPacket->handle(object pocketmine\network\mcpe\handler\SpawnResponsePacketHandler#126356)
#13 pmsrc/src/network/mcpe/NetworkSession(374): pocketmine\network\mcpe\NetworkSession->handleDataPacket(object pocketmine\network\mcpe\protocol\SetLocalPlayerAsInitializedPacket#153347, string[2] q.)
#14 pmsrc/src/network/mcpe/raklib/RakLibInterface(183): pocketmine\network\mcpe\NetworkSession->handleEncoded(string[44] c*d4..........:...l.:..r....@...L.. ....{A4.)
#15 pmsrc/vendor/pocketmine/raklib-ipc/src/RakLibToUserThreadMessageReceiver(42): pocketmine\network\mcpe\raklib\RakLibInterface->onPacketReceive(int 0, string[53] .P.+;j.+.vUx.a......{.9...I."....?r.;..q.@.=3.+..5.Y.)
#16 pmsrc/src/network/mcpe/raklib/RakLibInterface(113): raklib\server\ipc\RakLibToUserThreadMessageReceiver->handle(object pocketmine\network\mcpe\raklib\RakLibInterface#25873)
#17 pmsrc/vendor/pocketmine/snooze/src/SleeperHandler(123): pocketmine\network\mcpe\raklib\RakLibInterface->pocketmine\network\mcpe\raklib\{closure}()
#18 pmsrc/vendor/pocketmine/snooze/src/SleeperHandler(82): pocketmine\snooze\SleeperHandler->processNotifications()
#19 pmsrc/src/Server(1703): pocketmine\snooze\SleeperHandler->sleepUntil(float 1673656624.2284)
#20 pmsrc/src/Server(1061): pocketmine\Server->tickProcessor()
#21 pmsrc/src/PocketMine(339): pocketmine\Server->__construct(object BaseClassLoader#4, object pocketmine\utils\MainLogger#3, string[38] C:\Users\brant\Desktop\EmporiumPrison\, string[46] C:\Users\brant\Desktop\EmporiumPrison\plugins\)
#22 pmsrc/src/PocketMine(362): pocketmine\server()
#23 pmsrc(11): require(string[82] phar://C:/Users/brant/Desktop/EmporiumPrison/PocketMine-MP.phar/src/PocketMine.p)

Code:
[236] 	 * new contents.
[237] 	 *
[238] 	 * @param resource|null $context Context to pass to file_put_contents
[239] 	 *
[240] 	 * @throws \RuntimeException if the operation failed for any reason
[241] 	 */
[242] 	public static function safeFilePutContents(string $fileName, string $contents, int $flags = 0, $context = null) : void{
[243] 		$directory = dirname($fileName);
[244] 		if(!is_dir($directory)){
[245] 			throw new \RuntimeException("Target directory path does not exist or is not a directory");
[246] 		}
[247] 		if(is_dir($fileName)){
[248] 			throw new \RuntimeException("Target file path already exists and is not a file");
[249] 		}
[250] 
[251] 		$counter = 0;
[252] 		do{
[253] 			//we don't care about overwriting any preexisting tmpfile but we can't write if a directory is already here
[254] 			$temporaryFileName = $fileName . ".$counter.tmp";
[255] 			$counter++;

Loaded plugins:
BuilderTools 1.4.0 by CzechPMDevs, VixikHD for API(s) 4.0.0
DevTools 1.15.0 by PocketMine Team for API(s) 4.0.0
EmporiumPrison 1.0.0 by  for API(s) 4.0.0
VanillaCoordinates 1.1.0 by Shelly7w7 for API(s) 4.0.0

uname -a: Windows NT BRANT-PC 10.0 build 19044 (Windows 10) AMD64
Zend version: 4.0.18
Composer libraries: 
- adhocore/json-comment 1.2.1@651023f9fe52e9efa2198cbaf6e481d1968e2377
- brick/math 0.10.2@459f2781e1a08d52ee56b0b1444086e038561e3f
- daverandom/callback-validator unknown@unknown
- fgrosse/phpasn1 v2.4.0@eef488991d53e58e60c9554b09b1201ca5ba9296
- netresearch/jsonmapper v4.1.0@cfa81ea1d35294d64adb9c68aa4cb9e92400e53f
- pocketmine/bedrock-data 1.13.0+bedrock-1.19.50@57337ddc9433a0e245a1ce48c51af05f0573d58d
- pocketmine/bedrock-protocol 17.1.0+bedrock-1.19.50@c572706cf5e3202718dd35a35dd30fe08cd671de
- pocketmine/binaryutils 0.2.4@5ac7eea91afbad8dc498f5ce34ce6297d5e6ea9a
- pocketmine/callback-validator 1.0.3@64787469766bcaa7e5885242e85c23c25e8c55a2
- pocketmine/classloader 0.2.0@49ea303993efdfb39cd302e2156d50aa78209e78
- pocketmine/color 0.2.0@09be6ea6d76f2e33d6813c39d29c22c46c17e1d2
- pocketmine/errorhandler 0.6.0@dae214a04348b911e8219ebf125ff1c5589cc878
- pocketmine/locale-data 2.11.0@4b33d8fa53eda53d9662a7478806ebae2e4a5c53
- pocketmine/log 0.4.0@e6c912c0f9055c81d23108ec2d179b96f404c043
- pocketmine/log-pthreads 0.4.0@61f709e8cf36bcc24e4efe02acded680a1ce23cd
- pocketmine/math 0.4.3@47a243d320b01c8099d65309967934c188111549
- pocketmine/nbt 0.3.3@f4321be50df1a18b9f4e94d428a2e68a6e2ac2b4
- pocketmine/pocketmine-mp 4.12.2@0ee6cdb058d4bd2e058352b3a710177366019c03
- pocketmine/raklib 0.14.5@85b4e5cb7117d37e010eeadb3ff53b21276c6f48
- pocketmine/raklib-ipc 0.1.1@922a6444b0c6c7daaa5aa5a832107e1ec4738aed
- pocketmine/snooze 0.3.1@0ac8fc2a781c419a1f64ebca4d5835028f59e29b
- ramsey/collection 1.2.2@cccc74ee5e328031b15640b51056ee8d3bb66c0a
- ramsey/uuid 4.6.0@ad63bc700e7d021039e30ce464eba384c4a1d40f
- rhumsaa/uuid unknown@unknown
- symfony/filesystem v5.4.13@ac09569844a9109a5966b9438fc29113ce77cf51
- symfony/polyfill-ctype v1.27.0@5bbc823adecdae860bb64756d639ecfec17b050a
- symfony/polyfill-mbstring v1.27.0@8ad114f6b39e2c98a8b0e3bd907732c207c2b534
- symfony/polyfill-php80 v1.27.0@7a6ff3f1959bb01aefccb463a0f2cd3d3d2fd936
- symfony/polyfill-php81 v1.27.0@707403074c8ea6e2edaf8794b0157a0bfa52157a
- webmozart/assert 1.11.0@11cb2199493b2f8a3b53e7f19068fc6aac760991
- webmozart/path-util 2.3.0@d939f7edc24c9a1bb9c0dee5cb05d8e859490725

----------------------REPORT THE DATA BELOW THIS LINE-----------------------

===BEGIN CRASH DUMP===
eNrtfItz28Z297+yl/ZMpEak8CbAjPPJsZzGrR+qJTe3DT3OAliQiEGAwUMSk+Z/7++cXZAgJfva
96adfjN2YgtY7J497xcW+n2UVfVKtu+uVd3kVTmaeSejNl+p0cwOpm7gB4HjTRzLcWz/ZNStzSN7
EkaR79mh74V+6EbhyaiQTfu0rqt6NPt91G7WmDZ63ZW04OltorAS0E9GK9U0ckEPr2S9UK1I81ol
bVVvxFq2S5FWqhFl1Qp1mzetqGqR63u5mwkwWVcU3+cFwVkvZT07PX0yO33TgIjTuJZle3qumvdt
tT59ulpXdd6tLuq8qcrTiyp5r9oXeanGLy4mtPS0qZPTrs2L5pQANpumVSs8WdMuZocVzblvHuYU
gDWaOR7Y09YywfVPoweWOFzzpCqzfHHkeO7xTKwZixVWzuf8eD7fwZzNGpkpur/oWixrVdk2R01b
5+XipzB6Kz6N0nXRLfLyXSpbeYcJhdyo+pye0OWJMMBt+60Yj8fip7cT+nMM6h7YH6LEDj5AiX4+
/raR1+qIYTgfhGGHH4dRVDL9nyU9L1vhnAhZ13Lzk/WW8XWFhtAcriYC+qFTM/ZCltBnoERAzc1R
4H2crnfvkqoEXV3S/i+Qx0R5n0NUAdtTJWGyZogG8HMzfOQFoK9fNJ/rVfN5z4v5fMCM2Qxm/irL
yFB2+B1V8S+w5j0m6b0Ajn8+cKaBZ+2U03ordst3w9O3ou3gFXJZjJNqtS5Uq5hgf6B16hpGdPpa
LYiAWqVbQgLrXkK29B8i1S8cf1uV/1Ll5X1k8GaHC2nyU3rwwPZdZxoxisEdFHnKUeAcqI8BeZeA
8beJLAq96h9CZTpAZU/mR2Fg348Nw9AIaDsPBzBK1d5U9fvTVbJWpy/1zSV8P6LA0dQ7hLiP4Pjb
tPo+r5v2ci1vSg07+lTY7qHpmdnzOU2fz/fnkxyfFDkI4b1eq2YNwzR+y7Y+tOlSlmkBFu0tupC0
6Q/60ZEbfB4eH5n6e1JUTVerPwxavU8G/9OqPt2tPI1VWuNuvK6rtkqqgjG/VO3zClLSzH3cPCvz
FtaS/6ZSjfKR53wcV0PufP5hesff6kkf2ew+BT3YqMcbO/0tpEl5XW+qOeJ8onZ4dwLO349AT/En
kPUJ/AMNgesHmhz3E8lxp5+p7BoRcqBG8v8TItn6Zuet+NVkEd6HKKrl+yKPT1/L98/z+BmSnTpD
EnVkh+7fQ9nTMqlStU0ZPO+tSP4p9SbbPzP8Lejfmu7O8Pf5ZCLo+vfHnsHV/6B5aWTH+VoTopG+
qihmXy1rJdMXOrt9rRKVX1Oc/BuGpQHCse+TT15Js9RAOqI4vouFvvtWTC4mX3/zy+TryfWb24nU
1P0+ifDvs8l8RHf/r558M5n8CiofuZg38Sf/YSgMPlcaNkmjRxbUXpMygw095h/hwWeYyQe48cDx
w6mrMZ9+UDZNWVW/Ke3wCqXWqu49se24f6cUPmHNoW8O/w4Ew0Mt0VNhcXvzgA+cO7j7smrzLE8k
lVSN2XcYHy9ZQEf21HI/EXBD929QrBVHGXLuVgyLPyf0dBpv3bOHdSc70E/G37Z58v5CI1zVphAY
VhO7UuzIdaMPABkmykaBvpONeoJqs3mO4gCO0zsR96iWSbhfyLx8Xi2Qhj5wt+bjhpRqz+eca8/n
nGwjZdXZNvKavfx4Pt+u84LPWmfy7flc0+58gPY7yZ62L8MxEwpggmSB6tcORfC2ZICD/TOq393w
ZH08evvHyUj97xXyn1NiAzNT/OTldVVcqxUSN6zOSw1y1D/H2D7peEKRgUhy3ACP5634J1GqG5GY
CnuCKY47NY/4Juznna1lLVdgf1N1daL+q+yKQjzklbeteGJ+thUobxr6SVS9W3ftux46w4sGwD1r
C7xd1tVNI+B/Drgs8ky0SyUqmCobu8gkAKciAzdluQFCUtPmeLYBd8p3Dt+tu7jIE2gvFici68qE
gXy4vSAeEuIv5Ur1Om+oxBRdSz7MCrloxCMKRlsGPBLEkGMxE9dVnv7OGLiMwbx9uFOLRyT4EsCP
ttscf8OTPTM5z47+kjfvMO1ot+74WEP0zaR5ywxj4d3l2dH8H9DH+cggFJi9/uC76Q69HrstAQa5
8DORo/UaL1lQ0NxotBqINd0hRrO2OEVDnHxSH76we0YnVUeRi2TDC3zHPEkrxtF3tzient4oMKT8
qhWJrJWQcdWBJfA6NzVyOoidtGtdK0aK7tvVmlGOMQ9rE0lrabIiJR2wkJDvSVqiUuWdve3OD2HR
sEtZb743HAS+W26KiUDq0lMywabzkaZlJ/z+6ddffzP640vP7UvP7UvP7UvP7UvP7UvP7UvP7UvP
7UvP7UvP7UvP7UvP7UvP7UvP7f+rnlvfuGqoQ/Vdlxfg8lVVFXxPPRPUv3vDJ6PtiZ2RPfEmFkZk
1y6ruqFq+MlvKllevDhX1zT13/Pb/P0P57SNXOf0HAuwBPeqlHGh0tEM8lYnoxQqWqYEAs+aKmvP
hwMrya21hICvVymAQyIaq5awms8PcKRaEgsuXl1e/fjq9fNzDN2ouMlbomfZtusGfFzk7bKLJygk
Tgdon+6BQqWPwUOObIf2uWH7h+zYcVtcKbn6sxjR708KeX1A8+XV49dXby7+FsU7zE63MEDsQfdy
R/KdtuaQcOuA7j+JzLu1mnYDf0vARMi/yzIvCvmkquo0L2WrhvK75+GBJA8FeblURbGZ3kz/LBE2
PcD5/C42n04odaapR4xC+FDjerNnDG9RQRJ1zIUnVU2rQ+BvhwAYJyvZLocjyPyAMdYOx6rVu7Rq
ERv3Rk2nfjfQ1cXwPpXt3vMsL4DrcGSxWg9vl7LZwyVHVLgeDvzCmrm7X8XaR+6NVfAMNAv3EwcD
TSuJoHQ4aZ3s8+G1ygrFverhaMMcbfaHUqjlcOTy4vne9pvm16KkzcyV2D5qq/eqRB69x4LbW0M1
oWtjYCNXxEVn4jD2v+VrrZfRxKdbpCPD5bi9Xe1zvSL0HMtybduJMHBx/mqP9LR6x6gdDmIo3xdY
BeVtmr2Jlzn1Xv76Yo/mAwxwSxniAZ2rgpu3e4PrlnNJ4rBnXMnF8kD3ll35nsO8w0xymSv5Ioa9
1BsMYWAyJU6oa1WksZlEoJJ6s26rwSowK4WgtVpaxtSpE5yXWbWnl+kdkeZ7WsCscodDtYL6k50t
Oq1rPfz/hDmJVxeJTJYD5sJ6f8nbdyt+Q2SBE8u1QYK2p56PLAZua8+2yW6RHe0O0IJ5ttYWDo2j
mWNbHpjUvEPAHM0yWTRwTn2JN5r5AXZERCAslQqSNLb8MPXi1FG4cH0nduXUtuwpssPAsqPEcgG7
M7j8mCPnvWnEyyvx3evHL6/GF0+EDeEJ3lzYkeV54qifZVvH4vGL88AbMZFDlv2m2E68rTYs1+8q
0oUfn718eUX6Rzc3uX6VhoiA1OcdZFjLOtdOXaZLUFSrU3IM1Bc0b+dg+BP7LPBty3GzKFO+oyKV
SceOwiSWWaC80E7tKAiV405JeeIaaeyp8YVAx5o4Z54fZc40tJUtrTAFCOUHsRXbnudZYaAsN/QD
W7kZezrIAl4G0ZX6ZDGKuvE1amZ4QHqpCda9L6ub8sz8JK1b1FXTqFPQLJuS3qhcO5RTnSmVeWEY
RXbqu8oPVWAlke97sRXFtmPZifRjGTlRABjwx7VqlKyTJTNgJddrtq9rj3TvLMkksJd2ColGXhp4
Mo2jJAil9JI4UpHjWZbymYB7mkvUeNaeB9b0dT+qHZF15k9dd5qmSeS5rrSU4/nSTsDWxLdlZvn4
f+qmUKr7Ye9UcWRPCdc78BN/6kytIMl85TqWM7XDFGRI18cPK1NWmKTB1E7VAXx2CuwtWI5g6Zkv
k6lSMgJesUzDNPGiMPMT5XqJCpxomvoqwGO5D+leMVK6454F3jScekE0DYI4kXIKKYW+4zkq9BPH
TRxfgQu+dA4AUi1TVMYtEmrWmRcp6VpuFLkqS7PYjRIQ5yjH9oPUtwA6dKxITcMDSFVR7WBALwj/
IJ0GmaNcNw1C203cKHWixHESL0jsqbLTA2z4bbvpVzGoAKBSia09aXmuF8aRbasQBqPizHb8LLNB
UxglSXiITkHNItWrC+yOVM+LgUmYSehwin/SCDWmnIJxoRWoGPsoT/qJ7x6CWjAybAdBEtlOYmWR
5fsJzNVxbStUiZPa0yiOgsyzvASo3oEwHgQVDSqwsyn4GCaZC4kljqc8BRVyZJIqsMsizYXgDnR1
6ww8yNybSsdzU6hiDBsMrShKA9/Fj2AaQZHsMLRt2/eifRBl3Jro455lnuvYsfKtNLOlDf5mnoJR
ek4oHQWbDBTwcWJvH8Lucsypknb0Z5/hte/0tbSD8yb+WejHnvKTeGrb09SdKssGXPgIN8t8N3Zs
Zxok4HN4HxTqjvVJy1nkODKAW4ytJEimqZTSp/9DUGxB+VTiTd1QqgMG6y6FYZB9ZskkzBJoSWgn
nh1JOws8BQPzUiLOcmC0kXKimGKtXDVqQ4awS9rI5TtnCf5MPXhqeI0QGVAMU/KsGIHAD5QKUzeO
gyCx5A5I1+U6CJEFyDRw42QKtzhNLSDvRsq14NYIE+mGXuLBm3oWecx62a0aKfv1dz18s1llVbk5
zXbnSuCZfaiT7Z7JxIr8IAo9D47JiqQPA4nhS4kDsDw3UdMpfJ89gLOuig1gFeM+774GyVMg7cdx
EjouPEsCCw4DCzR6U7iQAOgnmYIDgKYwzXdgDRLoHlwoU9v2sgDuSDlJFMowtpQbp5EFxXISx5pC
TX3Xuw8colloDWBNZZBlbmZHfhTDcKTKkiT2AkSMzIGvw39OlkZu8CFY9hCWNfUsF/8koSJrgWPJ
wmkEpbP9qbRiOBuHrnSZtKp+k3V7Cp+rap0RsF+y7QSKHUVeBAXPQumCEjUFglYA1gcSsSKAVdt7
QOjQxJiCCvs3lzxl5EbZVKXwJQk0NUZYtVJFtmT5aYhAgA2sqePrKm2r8pMNJ8oPhK7x6CBQli+6
/qQNnXagczZ7yd68fCCulgjzolEtHYxoBJ2f4EM6pWpwIelIRUnHN2Il8jIpOrg1XAjdYZog2CIt
aJEyEazLaoWVfMrnECYdSDgRFZ7UDYEUMfzoe7GputrAopMXSFnzLOcdkHrRGYxiQ4BfqpstuFOk
2bIr2kbc8JEPSkxkLVBVVys6GYTguiEM22XeaLpvlqoU3XpRSxTCi8m8nJc9sNm8FOLBj0tFiNFR
p4YyaoAwDTvwALlXQ2l9qh8zqjou0ambQrXMLyTDeaKEDns0siLI4HiixoWkxH2hZoKzZXrQLLsW
KWw5NufOZmI++mneWZacxn1/Qpj2BI/Wb4W+yMbiWSO6EjJeVHSWhSp/lOGyTNR8xOQ8LorqRhTm
rIvpxInrXIp/61S9oTm/0sXYPBrg9eApNx3MIj6+QzmwgJzBSgIXb4QRAM3XPYrx9vEQ1I+wNOgR
pCHTlE6baaGRMKixK1ZKUtub0mo6ZhMrwhosVb92siBmL/JrzEWS1ClxZDYVjnVM0PWOalwrMKsd
Q1jUoZ3hMe/9slvFkBN08XGzKZMr2bwX1HuH9k14wpvGHDzrKaVpy7oqqw4yx/TmhBag5tAFE1nR
iaBKodbvi5g3sGMaW3Wl6aVr4JesFHR0aA08b3PopQIbQBLre7lFjnhrEHqWkYbTHNLkE5G3X4F9
bc3LUtVSd5oU7WCxOAINHazNYbYwGWND6YxBHWq4ZO2ou7IkcaZU2VZrFgLXWM1EnKtrcy1W+WIJ
F1DLZnkyNFmjOcSRuu7WrR7VDCPGrICboYuFC1PmAirVZiTpZB3Qvh8D0hHSORQxObRrMlA0TB7r
STNBbTGy5ZXCbhttyf9cVDGUh9pjQo/DDlZ5Sw5hpRYy3rRguLjUnLaYt3lDoHn5FQntJmfGs0LB
0m/GGlCvY/pQW5bTQbNS8EEGPiNZK9VvqXUcwurItsWCzurRcTRWCtpowWiOGbWZsIgK7G48t04x
/8/TQH7n4xQsZZ3+YxQ0bbVmJIzf3SJlwDUCHoROqap0ixLteogXO4Ef2SoMcs1XfwJ6bBeMD3kM
kXQIWSVCllC3KunY+1YaX22R/QlYnq1uE6XSZkeOdlyvrp7OxNUPzy7F82cvnl2JxxcXz589vRQX
T1+LH1+9/tenr08EJomrV5j1VPz4w6vnT8XF61dPnl5eTg5dwL3MuFB1XnEQJzfMB3yTpWKHzLzY
ulobbEcakbJn4SljOEKlnSyDorOFeQn3DFUiaj+kaVrDbpYUjcERckB6GkPWQOB4d268t23s8Yoi
COUGvGBydzapgemVQ2hrlVAKoflK6Gqp6rVbGqBZat3sSHUtQ2tzfD9KhnLXUL6QdQyzGO/KBPY/
93OX7YzQMauEWQXPvZJlxwnLEBOkcx008PikjwiHKtgroQ6uGdLwVtNLBmAUfCJeaY+v1R0ZR9UV
6RaXHCHkphQ7/BsNeM3og9DAsgyt2O179hR3QiSrjoawpS2rq1UfavVqM2M8VMyhhIkaI8k7uiHu
Uak97bjsk0wSWY2dOCXSipx2q7XOyHTaJ8yDMT3o5XVOk8wCxp3R7CnAHYI8TF3ew2CEbIQ97HAN
JWuaTpFbaJeQ2qLPUMlf0W47rE56QeoMwSSiE40NTf0gn1bydswd66bH/Ylc02i+6ug0P6WEBLyl
VJAEKfSZOI3Fjq9kL4aVbDF3dQwJ+tpgxBuOKXPuEHJtZyuy80o/O1RqSo3I6ekN9OTehjQwM3FI
GicOY25jb4k7By6cqiB75DPblckvNJQ1H24Reo0mcUcelhmGaoL6nWlyv6/mYEG1g4H7cVAfU8R5
ac52zEyEQGa2rAqdYcayTZaciTPK/OmBMDGGnZsul8xTHVlitc01dWh7MBRT/4j8ar1pCfiJGNsD
CbL0eONx2yMDv+0Hxm3v0lh+tUEZZKoppwKI83xajEGD1kT8gFSQz+NTbieeXLw5wVrgEMPAbvIU
es+ZgnafW/hjhj8TQZ917xLyhrkzmDsRj1N4qqUsslPUn7pKSBWfQuatsKmgNicp2MASd1FvAGyv
qLklt0YZpiwmgpB4c1Fe9Ln2rmqkUoKQukHUpIXdulyPzf1BcfPCmF2T/6a28qSsvBdjQxHPJEzI
2rV6DGKrFzl60fFEXJg1BX1NQQukKV+NLvCOWS0XRAJkArY164ITFqpJV0CerF3WJCd9FlUX2XTa
QzWteHH1hjFF4bgmsum7ByrqWZS77XRtMemdzartxrRqxtgOy0NV8vsvtvVMUDcBqRDS1Z5MFM1Z
licTwWFqKSkLEPkKvGlJdpAG/54W+KkTxgVCu2akl8QJuF32xIjRkv15o0WqcwnMbY2OEiVKNxWM
rzPF1PkrzpHOn10+/g7pEadTXck6RB6bq2d+dauzhJyU0XyDlQ7LjR2dO1tPVdwtZn3N9q2wqVYz
6eoS7oqfC1PXN7oTQdZcNpWO3sYibAKmsdbQniyrquFuRV+qqb4YZzdOXXDRyOs+XNDXEWP9jDvk
O8dGiPGhAZ21mUbOL1Ve6oYAc+or8de4uiXLr8Wzc3H01zfPzo8hd5g9cMD8G4iNBJMj3hcbLuHq
1PBH5x+whmonuxLW/tfvnvfwTXk3GPmKN6M3fZw5sHhNLsK0VX1bycTRW+A3ptMSj6os423xLM82
49suT3cCYX6O9zs6V9yS0aamfyWQ5gF7emNXXWNaQwmcSKvdrFkz1mtmwrz4pW10CDHu0exCMVCW
i219UtKy4jAWn/SzrnN1M95G6Pu6aJq5j1f0URDX+BzvtTOhD/IMaym4k3fkTgjET9cz4fHi1xyr
B4uZ8FLpyjtWGlisMrL9hk4Tsyktez1j1aLhbdT3duTTRlvy4QOFPETVHDDEbgrx9D4srfvRlDUg
pUL26g5k+8X0c4uNe9DgiYsqYfNt8lTHDP7iiz4m/ArlYTzkAn2rRjNUqkMn32xDG3eajHLIJFGF
4lJBqzfvWuTvsQVVyeyJCgnSF3V10y61H5P0mdtSQxs4OVh/0+qQzMiOiRs9auMdazRpz86bAV3k
pknyGprQb4K3ZJqOU5/m8Jo9IQHeGCiiRN7e5YnaXlM5sJPurtW1FfDkroSNR7uR+ts6RBgUgFq1
1tW6K3pbMjeUBPAcE0tcziG5OCLSeScKw+TOkCeYsoNGTHNvZvIf6kVywa2Hdfpg1A2I7Nx2uvOE
ZK5jOtB9MLT1FvvD5qTEINDDSYz1ObftzCWEOdOoTNar1XqSV4wx/N9mRSUjf6HagMJmhzrFLvNc
7J4zCez75GJRq4VpM5qepO680CeB7w/pY/zggF6dv6IznWMTKXTSQD7tRum6RPK3m7Rjw4jvCOCx
yeAFAoL3lvPdmg5YaeHcYSoEqp8bDUN6RAckOMANgtAT6vKrYX/vBBFjvZSwFUXuviYc+mQVYSRT
NSqSMTnLkiKkftoHNB1O5F6/0JxSGUTgDok5Eh52uL1fMwBZyvp5v8cdqWq6hmJt89UurJgQTUBp
Pmk9RRGSIvl22pAboWZR3/Se7DYwT4Y79Jz7eBJgIoyWpLaAQX/JwAD41vCz7yQtzaD2e/W2vDAu
gxrzqOBSzo3ybAuIDgJ0tX53w58ZmwaLdseAZ1xWH4SRqMnGFG8PdHbQmGqQqzideFHGnaYn2HOF
1Jg0AFcoYqk5LPnFC0PRBDx4LEjkQIaHOaGlPJ3eTdFSTl518mfW6264AXLcQ9G3FNqh5Sl/xqu5
QNl5TUGDPg8+QAHTE6TjmB9vtq9QDt+fQe0aVWQT04ugfMBQJksNSLdwctaUn96ijKEAgqTpCDxV
OiaR4ue3arczz5kPXu3NqA06H2mkiWH9mxn6bFnvDIHqndNjLQJaMsOWPWpbDvUCNdNPdBNJZ2E9
+8V/QFbEbjgp3jIzrw62XNLGmJMTpl8ecNQTcax3K/mbewqc/D01ZtDUnkBCof86G6n8hJWU4dA6
Krq7RnfFmmqluLy9hykGFVoC3lS13nluTp7T8P4UrQ4ypogifjrg7tuBCOlt1U5+9BrNmBgDO2qO
tdzylrXRqDyl/phlHBI2MFdv9VO4YiMRztqx7kQc7ksFyHtSnT2d1qkwCsNupX9vATmch/bu1zMs
ufsKJPs5J+Khwy5JN86pqylUm2g86Z2aTEE3UKnWAPQWm4uft8MgW93+LMbfip/xmG943XsoAmHf
5QksBsjLDcTxjFo7OrGkCQA3H2mAfLuDZdb9LL7G9b1Lae589PMWSZ3oYEu6IYIfOv2u9JqZfADV
lb90DekyfyhEyeND5y89CjsoDBweD6lMmWqEGOr+8Ba1j8E3s//CqG5FZ/J7epfS/4qBPX+i34lJ
SBdak1YDvUYMMp6/Xe/4y2qha5VtPTN8o77vvri1rFM3iqmqvbe0EBob9sXUROGWJKJTvi6UqYtM
s0TSMVy9L4/rS0CkJMCzdJmx23Emvn/++EoPUvdFwb6cb8yhuxM/uoWil+rEvU3zuj3hXPQbU/zq
18/DRq5OYSj3R2Axb1lkZ2JugVCVbIT+mKer+6yzb17V2/fWnFIBDjL0hE8TND2fxv1Lb/odD9ol
fM+5FG/F8/eAcKtADL6XNyNjLrkHtXCl2yHm917ovl/ynjpHDfe4kNrFeZG3G23QWz0BKi2kor/E
muj+AFHJ8FEs1ttklA6yHAqVTnxc7ESsfzmA/kUbcIgPLrtSvIBOh8KxZpY/s2zxzy+uBP0CXHre
H0x4pJBe4n5Vtemjw+MHNZ2W4E+pyI8+OvhEafeUMpJHdmS7zsHgdcDDLg0vJLVQU/Wo6errHAUX
bytvTR+jeWQj/cfQXqX8yA5o7GaZt2pM/pj6ATRiujR8mOGRRsYM5WvsambpQxjbnfU8ejFGL9D7
SevrtXmS5tS6gmFsHjElWz3fFg2PmHfcdWCWPK/ieLMbIzsZTKETVY/YQmqTXFMIMJsNWhx8P/rj
vwGusofg
===END CRASH DUMP===
