PocketMine-MP Crash Dump Sat Jan 7 23:41:07 GMT 2023

PocketMine-MP version: 4.12.2 [Protocol 560]
Git commit: 0ee6cdb058d4bd2e058352b3a710177366019c03
PHP version: 8.0.18
OS: WINNT, win

THIS CRASH WAS CAUSED BY A PLUGIN
BAD PLUGIN: EmporiumPrison

Error: Class "Emporium\Prison\Listeners\PlayerFirstJoinListener" not found
File: plugins/EmporiumPrison/src/Emporium/Prison/Main
Line: 40
Type: Error
Backtrace:
#0 pmsrc/src/plugin/PluginBase(118): Emporium\Prison\Main->onEnable()
#1 pmsrc/src/plugin/PluginManager(454): pocketmine\plugin\PluginBase->onEnableStateChange(true)
#2 pmsrc/src/Server(1417): pocketmine\plugin\PluginManager->enablePlugin(object Emporium\Prison\Main#21932)
#3 pmsrc/src/Server(1030): pocketmine\Server->enablePlugins(object pocketmine\plugin\PluginEnableOrder#21902)
#4 pmsrc/src/PocketMine(339): pocketmine\Server->__construct(object BaseClassLoader#4, object pocketmine\utils\MainLogger#3, string[38] C:\Users\brant\Desktop\EmporiumPrison\, string[46] C:\Users\brant\Desktop\EmporiumPrison\plugins\)
#5 pmsrc/src/PocketMine(362): pocketmine\server()
#6 pmsrc(11): require(string[82] phar://C:/Users/brant/Desktop/EmporiumPrison/PocketMine-MP.phar/src/PocketMine.p)

Code:
[31]         if(!file_exists(Variables::DIRECTORY . "Server/settings.yml")) {
[32]             new Config(Variables::DIRECTORY . "Server/settings.yml", Config::YAML, $this->defaultServerSettingsData);
[33]             $this->getLogger()->info(Variables::FILE_CREATED_PREFIX . " SERVER SETTINGS FILE");
[34]         } else {
[35]             $this->getLogger()->info(Variables::FILE_LOADED_PREFIX . " SERVER SETTINGS FILE");
[36]         }
[37] 
[38]         $this->getLogger()->info(TF::BOLD . TF::GREEN . Variables::PLUGIN_VERSION . " Enabled!");
[39] 
[40]         $this->getServer()->getPluginManager()->registerEvents(new PlayerFirstJoinListener($this), $this);
[41]     }
[42] 
[43]     public function onDisable(): void {
[44]         $this->getLogger()->info(TF::BOLD . TF::RED . "Emporium Prison Disabled!");
[45]     }
[46] }

Loaded plugins:
DevTools 1.15.0 by PocketMine Team for API(s) 4.0.0
EmporiumPrison 1.0.0 by  for API(s) 4.0.0

uname -a: Windows NT BRANT-PC 10.0 build 19044 (Windows 10) AMD64
Zend version: 4.0.18
Composer libraries: 
- adhocore/json-comment 1.2.1@651023f9fe52e9efa2198cbaf6e481d1968e2377
- brick/math 0.10.2@459f2781e1a08d52ee56b0b1444086e038561e3f
- daverandom/callback-validator unknown@unknown
- fgrosse/phpasn1 v2.4.0@eef488991d53e58e60c9554b09b1201ca5ba9296
- netresearch/jsonmapper v4.1.0@cfa81ea1d35294d64adb9c68aa4cb9e92400e53f
- pocketmine/bedrock-data 1.13.0+bedrock-1.19.50@57337ddc9433a0e245a1ce48c51af05f0573d58d
- pocketmine/bedrock-protocol 17.1.0+bedrock-1.19.50@c572706cf5e3202718dd35a35dd30fe08cd671de
- pocketmine/binaryutils 0.2.4@5ac7eea91afbad8dc498f5ce34ce6297d5e6ea9a
- pocketmine/callback-validator 1.0.3@64787469766bcaa7e5885242e85c23c25e8c55a2
- pocketmine/classloader 0.2.0@49ea303993efdfb39cd302e2156d50aa78209e78
- pocketmine/color 0.2.0@09be6ea6d76f2e33d6813c39d29c22c46c17e1d2
- pocketmine/errorhandler 0.6.0@dae214a04348b911e8219ebf125ff1c5589cc878
- pocketmine/locale-data 2.11.0@4b33d8fa53eda53d9662a7478806ebae2e4a5c53
- pocketmine/log 0.4.0@e6c912c0f9055c81d23108ec2d179b96f404c043
- pocketmine/log-pthreads 0.4.0@61f709e8cf36bcc24e4efe02acded680a1ce23cd
- pocketmine/math 0.4.3@47a243d320b01c8099d65309967934c188111549
- pocketmine/nbt 0.3.3@f4321be50df1a18b9f4e94d428a2e68a6e2ac2b4
- pocketmine/pocketmine-mp 4.12.2@0ee6cdb058d4bd2e058352b3a710177366019c03
- pocketmine/raklib 0.14.5@85b4e5cb7117d37e010eeadb3ff53b21276c6f48
- pocketmine/raklib-ipc 0.1.1@922a6444b0c6c7daaa5aa5a832107e1ec4738aed
- pocketmine/snooze 0.3.1@0ac8fc2a781c419a1f64ebca4d5835028f59e29b
- ramsey/collection 1.2.2@cccc74ee5e328031b15640b51056ee8d3bb66c0a
- ramsey/uuid 4.6.0@ad63bc700e7d021039e30ce464eba384c4a1d40f
- rhumsaa/uuid unknown@unknown
- symfony/filesystem v5.4.13@ac09569844a9109a5966b9438fc29113ce77cf51
- symfony/polyfill-ctype v1.27.0@5bbc823adecdae860bb64756d639ecfec17b050a
- symfony/polyfill-mbstring v1.27.0@8ad114f6b39e2c98a8b0e3bd907732c207c2b534
- symfony/polyfill-php80 v1.27.0@7a6ff3f1959bb01aefccb463a0f2cd3d3d2fd936
- symfony/polyfill-php81 v1.27.0@707403074c8ea6e2edaf8794b0157a0bfa52157a
- webmozart/assert 1.11.0@11cb2199493b2f8a3b53e7f19068fc6aac760991
- webmozart/path-util 2.3.0@d939f7edc24c9a1bb9c0dee5cb05d8e859490725

----------------------REPORT THE DATA BELOW THIS LINE-----------------------

===BEGIN CRASH DUMP===
eNrtW+ty20aWfpUeOVWRakgKdwKcckqOJGe0K1taSR5nNko5DaBBIgIBBhdJzFTefb9zukGCtJyq
zGxt7Y9xHAtodJ/7HdA/DrKqXsr206Oqm7wqD2be6KDNl+pgZgdT13a9MJhOIjtywmB00K30I2vi
Tu2p41uh40ZTL7AinCpk057XdVUfzP5x0K5X2Heg70cHS9U0ck4rp9jWiPuD8+WqqvNueX9/XedN
Vd7fX+ZNq0qQgaVCrlX9Nq+b9j+qvOyf3B+IsmpFVnVlCqBZVxRv84Khzu7vPzR8Nq5l2d7fn6nm
oa1W9/c9oh7Nqujmedl8/qCpk+3ilqx3Mi8nq8WKEGpkBsLxLoBjnN8sHZs1OoyDRV7ioGdBtLVM
cPnDwStLrJZ0hP7XEI+v+ce3slGHth0ezcTL1Iy/qcrzUsaFOjwC8Ff2lyC9kyWEXh96vgdgqyp5
UO0SpPRCIEH3GLdAb1vZqtOFLOfqsK07xTicAY5bVcNaDm3Pnv4uWIN+/I1iuHrxsIp/Vkn7BdZe
OXbkOozRfQGj5Vp7GPWTXRRNj+PLpGlOr+pU1YTS0ii9AcprPvsOZw9dN/oC1k+fkqpsIKSk7XGS
LNnGLytJ0L2ReIGars2LRrN8Wc0hpFfuSABQXs5/cMMfxR+w5805L/hD5zZ+wKz7X2A9cPZYb7Qq
+FCgD8FYsalWv3R5rQ4NNaHzo1gtZD07Pj6dHTNNx0zSsaFo3322WMfvrid0dI+Yyero4MffRgfq
/zTG/KsuD4L14U95+VgVj2qpyhYQU8gqaQ/6p8THDmw8SapUEZ+ujafC/Mmzwz8RUZ/UMyhuDv8m
65xsuZnNzi5uzk/vrm7+LiZgXtvocaPaFvpoJutlcX9wdCT+AciuM4BIf0r1JE6rMsvnfxDgyByb
zf7+5t3lSHzVLvJm/E2qMtkVrT5ya06cyVYe/YXQu3vozam5arU3HB6Nv8nLrBoS8/bi8vzT6c35
m7vzs0/XN+dvL75nssTt+c3fzm/w4+7u4v13t4I2glNG5A0Q/SZU0SjNv//PEnB59ebsD+APhvhp
YYoF+hkOHnwR+d3b2ezbq8sz4KHL727Oz9/jekDT9eWH7y7efwL+24ur95oeHdvSP/U0RBqlZ72I
0oTWI77ZTRtYq9Wc/KI+f4TVNodkJl/wm0MGeWQsgDF7vd0S555jyOh1v+riIk9E1pVJi8JDVOVZ
3uikNhOPVZ6ypjzvnxDUzfkZi6L3KKFdShgEG9F4/pBA0tVvB7/9O0f/O0f/O0f/Kzm6z2kNJa8z
9XhXVQVfl5Kah+3S6GDTdRzYE9ufWFiSXbuo6ob8bwtX3Cm5JMhyldMTb2JhM+61TaUHM/KC0UGq
VqpM6TCeNVXWng0XlpITbY+fBL+hpIAp4Nnt3Zubuw/XWHhScZO3RO+ibVcNZDTP20UXT5JqOeD4
eAMDkWMvhW9Z/iy3Dxm39vj+X2LzZe/dsnp9dXv38erm8myH2YPfqGKRNehG3N9TQ691JukZcZ94
YNWeVjWdDkGwHQJgnKCpXAxXElmARJwdrlXLT2nVlqrdWTWF3Xahq4vhfSrbneeoh0DrcGW+XA1v
F7LZoSVHSHgcLvzM6treL2PtIjtrVd3yLtxPHCw0rSSG0uGmVbIrhxuVFYoT3HC1YYk2u0spdDVc
ub2+3EG/bn4pSkJmrsTmUVs9qDL/dVcEz8+GayLXxsJaLkmKzsRh6n/NV9rtoolPt0UeD4/j9nm5
K/WKyHMsy7VtJ8LC9dnVDutp9YlJ21/EUr6rsArW2jQ7G2/z5apQ37/b4XmPAtzWiiL23uJTne/p
f9UuaCdJ2DP+db3Ys71FVz5wjHdYSC5LJZ/HeSnrNZawMJmSJNSjKtLYbCJQSb1etdXgFISFirfQ
ZknytkzrQNXJjl2mn6k037ECFpU7XEKb0HGsmHfa1nr4/w13ElfXiUwWA+HCe3/O209L7h0sSGKx
MkQQeqrUZDEITDu+TX6L1LidBUF4traWuMsLIHdsy4OQmk+pgv9kEgU1UNRVWyUVwPoBMCJMEpVK
BUkaW36YenHqKFy4vhO7cmpb9nTqBoFlR4nlAnZnaPmYl2n11Ij3d+Lbmzfv78bXp8KG8gQjFygB
PE8c9rts60i8eXcWeAfM5FBkvyr2E29jDYvVp4ps4ePF+/d3ZH9085TrJgthEpnvE3RYo7BWHM5k
ugBHtTqmwDDGHtO1wfEn9kng25bjZlGmfEdFaHVQnoRJLLNAeaGd2lEQKsedkvHEdZ48HJtYCHKs
iXPi+VHmTENb2dIKU4BQfhBbse15nhUGynJDP7CVm3Gkgy4QZZByED+LWCYP40dZ5IiA1ANDdA9l
9VSemJ9kdfO6ahp1DJ5lU1IF/uhMIIkTpTIvDKPITn1X+aEKrCTyfS+2oth2LDuRfiwjJwoAA/G4
Vo2SdbJgASzlasX+9eiR7Z0kmQT10k6h0chLA0+mcZQEoZReEkcqcjzLUj4zsC1LjmOV1rgbg3ap
Iw+86c/9qg5E1ok/dd1pmiaR57rSUo7nSzuBWBPflpnl4+/UTWFUL8PemuKBPSVaP4Of+FNnagVJ
5ivXsZypHaZgQ7o+fliZssIkDaY2nGcXPgcFjhasR4j0xJfJVCkZga5YpmGaeFGY+YlyvUQFTjRN
fRXgsdyF9KIaqQZwTwJvGk69IJoGQZxIOYWWQt/xHBX6ieMmjq8gBV86ewCpkC0qExaJNOvEi5R0
LTeKXJWlWexGCZhzlGP7QepbAB06VqSm4R6kqqi2MGAXRH+QToPMUa6bBqHtJm6UOlHiOIkXJPZU
2ekeNTycQV+SFoacAKBSCdSetDzXC+PItlUIh1FxZjt+ltngKYySJNwnp6ioZOjNBX5HpufFoCTM
JGw4xT9pFASOnEJwoRWoGHiUJ/3Ed/dBzZkY9oMgiWwnsbLI8v0E7uq4thWqxEntaRRHQeZZXgJS
P4MwHiQVDSqwsynkGCaZC40ljqc8BRNyZJIqiMsiy4Xi9mx1Eww86NybSsdzU5hiDB8MrShKA9/F
j2AawZDsMLRt2/eiXRBl3Jrs455knuvYsfKtNLOlDflmnoJTek4oHQWfDBTocWJvF8L2csylkg70
J38gag+A1fJBVw8IcN7EPwn92FN+Ek9te5q6U2XZgIsY4WaZ78aO7UyDBHIOX4IyzldJX7ScRI4j
A4TF2EqCZJpKKX36G4JjC8anEm/qhlLtCbgpq+pXZQRkn1gyCbMEVhLaiWdH0s4CT8HBvJSYsxw4
baScKKZcK5eNWpMjbIs2CvnOSYI/Uw+RGlEjRAUUw5U8K0Yi8AOlwtSN4yBILLkF0nW5TkLkATIN
3DiZIixOUwvEu5FyLYQ1okS6oZd4iKaeRRGzXnTLRsr+/OcRvlkvs6pcH1N90aybVlFZ9ujDnGz3
RCZW5AdR6HkITFYkfThIjFhKEoDnuYmaThH77AGcVVWsAasY93X3I1iegmg/jpPQcRFZEnhwGFjg
0ZsihAQgP8kUAgAshXn+DNaggO7BhTK1bS8LEI6Uk0ShDGNLuXEaWTAsJ3GsKczUd72XwCGbhdYA
1lQGWeZmduRHMRxHqixJYi9AxsgcxDr852Rp5AZfgmUPYVlTz3LxTxIq8hYEliycRjA6259KK0aw
cehKt0nL6ldZt8eIuarWFQHHJdtOYNhR5EUw8CyULjhRUxBoBRB9IJErAni1vQNkhUgwpqTC8c2l
SBm5UTZVKWJJAkuNkVatVJEvWX4aIhEAgTV1fN2lbUyeZrGA8UpQhycSnsh2teS5GpmJyKpa7JR6
9+UrcbdAkhf9PFfIWol2oURVqgYXshWJLGkWHiuRl0nRIajhQujpwgSpFkVBi4KJYN1WS5zMCMA+
zEZmaiQqPKkbAiliRNEHsa662sASeSZQsOZZzhhQeNFsvFgT4PfqaQPu2IyVG/FUlV+3gsoSWQt0
zhWCak6pdU0U0phQ8/20UKXoVvNapgAwuS/vyx7Y7L4U4tXHhSLCRFsBC+ppgDCzGsgAlVdDRX2q
HzOpOisJyLNQLcsLpXCeKKGTHq0sCTIknqhxIalsn6uZ4FqZHjSLrkUBW47N+4qZuD/44b6zLDmN
9waWerX+UeiLbCwuGtGVyPTzChQKavTRhMsyUfcHzM6boqieRJE3xKIwYxjxmEvxX52q17TnF7oY
m0cDul7peZs5JMCNoApYQM8QJYGL18IogPbrkcR483gI6iP8DHYEbcg0FagltdJIGVDTg1gq2XQ1
vwoRUFWsiGqIVP3SyYKEPc8fsRclUqfEoUEqHOuIoGuMalwrCKsdQ1k0nJvhMeN+3y1j6Am2+KZZ
l8mdbB5gLvUDrG/CGz40UCg5RM8pbVvUVVl10Dm2NyM6gI5Dt0vkRSNBfQIYob6IZQMvprVlV8Lu
aIsGfstGAZ5gm3X1nMMuFcQAltjeyw1xJFtD0EVGFk57yJJHIm+/hvjamo+lqqXBJBna3mFxCB46
eJvDYmE2xobTGYPat3DJ1lF3ZUnqTKmvrVasBO6wmok4U4/mWizz+QIhoJbNYjR0WWM5JJG67lat
XtUCI8EsQZvhi5ULV+b2KdVuJHm03zUvU0A2QjaHFiaHdU0GhobNY71pJmgKRr68VMC21p78XVHF
MB6ahgm9Dj9Y5i0FhKWay3jdQuDiVkvaYtnq9wF8/I6U9pSz4Nmg4OlPYw2ot7GGGcxyUIgwpuid
CIHJaqV6lNrGoayOfFvMK+iporhBRkGI5kzmmEmbCYu4AHaO27q8/H/PAUWd36N/Iev0X6O/aasV
k2Bi7oYkA64RiB4rSsHphiDCuk8VB4CP7BGGuObr/wXy2CeYHooWIumQrkqkK6GeVdJx5K00vdob
Kb1tdqvnRKm02bKjg9bV3flM3P314lZcXry7uBNvrq8vL85vxfX5jfh4dfOf5zcjgU3i7gq7zsXH
v15dnovrm6vT89vbyb77vyiMa1XnFSdwCsENsZcsFAdjlsUmzNoQO0qIlKMKbxkjCCodYBnUaVWC
S4RmGBJx+yU70/b1tKBMDIlQ8NHbGLIGgqC7DeG9XwPHFWUPqgv4wOTz3WQGZiwOpa1UQuWDliuR
q7Wqz254gGWpVbNl1bUMr83RyyQZzl3D+VzWMZxivG0QOPa8LF32MiLHnBLmFKL2UpYdFytDSlDI
dbDAo1GfDfZNsDdCnVgzFOCt5ne59b6JuNLRXps7qo2qK9INLTnSx1MptvQ3GvCKyQejgWUZXoHt
LceJz9Ijm46GsOEtq6tln2b1abNjPDTMoYaJG6PJz2xDvGBSO9bRf1LAKquBicshbchpt1zpakyX
fMI8GNODXl9ntMkcYNqZzJ4D3CHBw9XlCwJGukbKA4ZHGFnTdIrCQruA1uZ9dUrxirBtqRr1itTV
gSlCJ5oa2vpFOS3l85hn1U1P+6lc0Wq+RKFYU2KtCXhLZSApEhma3tBrKrZyJX8xomSP+dzGUJyv
DEWMcExVc4d0azsblZ1V+tm+Ues3+D0Cvbn3IQ3MbByyxkXDmAfYG+boHT2XKagcSXwgT9cWGspK
UhMj9BnN4pY9HDMC1Qz1mGlzj1dLsKC+wcD9fVC/Z4j3Zala0tjMZAhUZYuq0NVlLNtkwVU4k4yC
CTZkcgwHN90qmac6s8RqU2fq1PZqqKb+EcXVet0S8JEY2wMNsvYY8bjtiUHc9gMTtrclLL/UoOox
1ZxT88M1Ph3GoiFrIv6KMhDG9JrrOnF6/WGEs6AhhoM95SnsnusEHT438McMfyaCvuLeFuMNS2ew
dyLepIhUC1lkx+g9dYeQKhixQQWkggacZGADT9xmvQGwnYbmmcIaVZeymAgi4sN1ed3X2duOkdoI
IuoJWZMOdqtyNTb3e43NO+N2Tf6r2uiTKvJejQ1lPFMuoWLX5jHIrV7k6ENHE3FtzhSynvMBaVpX
YwuMMavlnFiATiC2ZlVwwUL96BLEk7fLmvR0WuT0iQ432PSaXzWteHf3gSlF07gituOu5Y/bWJVb
dLqvmPTBZtl2Yzo1Y2qHraEq+c0X+3omaJKAUgjFas8mGuYsy5OJ4DS1kFQFiHwJ2bSkO2iDPzZG
nBoxLVAaf1eErQmHXY7EyNGS43mjVaprCextjY0SJ0oPFEysM43U2RXXSGcXt2++RXnE5VRXsg1R
xObOmV/a6iohJ2M0X+Wlw1Zjy+fW11MVd/NZ3699I2zq00y5ukC44ufC9PSNnkKQN5dNpbO38Qib
gGmqNbTTRVU1PKno2zTVN+Icxmn+LRr52KcLXKLr5mc8G98GNiKMvw/QVZsZ4vxc5aUeBrCkvhbf
x9UzeX4tLs7E4fcfLs6OoHe4PWjA/ieojRSTI9/DOah9q1MjH11/wBuqre5KePv331728E1rN1j5
mpHROz6uHFi9phZh3qp+pGTy6DPoG9PXEK+rLGO0eJZn6/Fzl6dbhbA8x7vTnDsex2hX09+1axlw
pDd+1TVmLJQgiLQ6zJozY31mJswrX0KjU4gJjwYL5UD69KrvT0o6Vuzn4lG/6zFXT+NNhn5pgqaF
+2ZZdRQ9Mp3rTDCByHrRUnKn6MhTEKifrmfC48M3nKsHh5nxUumuO1YaWKwy8v1mJZ/YKMhGNXQ2
LVreZH1vyz4h2rCPGCjkPqngJeGsJRTy6UtUWi+TKWv60lbI3txBbH+Yfm6ocfeGO3FRJey+TZ7q
nEH8SOgUBtd08VAKc0qi2KFSnTr5ZpPaeMpkjEMmiSoUtwravBlrkT8ABfXIHIkKCdbndfXULnQc
AwopFhraIMjB+5tWp2QmdkzS6Ekbb0WjWbs4awZ8UZgmzWtoQr8D3rBppk19mcNndpQEeGOQiBZ5
c5cnanNN7cBWu9sx10bBk881bCLak8y5w0WGQQOoTWtVrbqi9yVzQ0UA7zG5xOUakpsjYp0xURqm
cIY6wbQdtGIGezNT/9AckhtuvazLB2NuIGQbttNtJCR3HdPn03tLm2ixu2y+kRgkegSJsf7sa7Nz
AWXONCmT1XK5muQVU4z4t15Sywj/bmnwmjRb0il3medi+5xZ4Ngn5/Nazc2I0cwj9dyFPkJ92OeP
6UMAujq7oo/5xiZT6KKBYtqT0n2J5C+6CWPDhG8Z4LXJ4NUBkvdG8t2KPq3SyvlMqFCofm4sDOUR
fRrBCW6QhE5pwq+Gs70RMsZqIeErisJ9TTT0xSrSSKZqdCRjCpYlZUj9tE9oOp3InVmh+T5lkIE7
FOYoeDjg9nHNAGQt6+c9js+0qvkaqrXNl9u0YlI0AaX9ZPWURUiLFNsJIQ9BzaF+4D3ZIjBPhhh6
yf1+EWAyjNak9oDBfMnAAPjWyLOfJC3Moo579aa9MCGDhvLo4FKujfJsA4g+Aehq/d6GQlA/YNHh
GPBMyOqTMAo12Zjm7ZWuDhrTDXIXpwsvqrjTdAScS5TGZAG4QhNLg2HJL10Yimbg1RtBKgcxvMwF
LdXp9F6KjnLxqos/c15Pwg2Qox6KvqXUDitPBc+VWQpUndeUNGS53icB2xOU49gfrzevT/bfncHs
GlVkEzOLoHrAcCZLDUiPcHK2lB9+RBtDCQRF0yFkqnROIsPPn9UWM++5H7zUm9EY9P5AE00C69/K
yPJrPTV8BYVqzOmRVgEdmQFlT9ppL6FeoWb7SA+RdBXWi1/8HboicSNIMcrMvDbYSEk7Y05BuMOO
w56JI42NarwRJ06yKdIZbe0ZJBJI9vS1Hkr5CRspw6Fz1HR3jZ6KNdVScXv7glAMKXQEsqlqjfne
fHJMy7tbtDnImDKK+GFPuj8OVEhvqrb6o1doxsUY2GFzpPWWt2yNxuSp9McuE5CAwFz9qJ8iFBuN
cNWOcyOxj5cakAcynR2b1qUwGsOOIh4IooDzFff6NPhm0jL6HYzNnpH4yuGQpAfnNNUUqk00nfQ+
TabgG6RUKwD6EcjFT5tlsK2efxLjb8RPeMw3fO4BhkDUd3kCjwHxcg11XNBoRxeWtAHg7g80QL7d
wjLnfhJ/xvWLR2nv/cFPGyJ1oQOUdEMMf+X0WOkVM8UA6it/7hqy5URhFxWPXzl/6knYQmHgiHgo
ZcpUE8RQd5c3pP0efLP7T0zqRnWmvqc3Kc/mletOPNHvwyS0C6tJq4Fd028iac20q6182Sx0r7Lp
Z4Zv03fDF4+WdelGOVW1L7YWQlPDsZiGKDySRHbKV4UyfZEZlkj6AFfj5XV9CYhUBHiWbjO2GGfi
7eWbO71I0xcF/3L+Yj63G/nRMwy9VCP3Oc3rdsS16F9M86tfPQ8HubqEodoficW8ZZGdybkFUlWy
Fvp3OLq6rzr74VW9eWfNJRXgoEJP+EuCppfTuH/hDU3qScert1xLMSrevwOERwVm5dNgZcwt96AX
rvQ4RP8ynpn7JQ80OWp4xoXSLs6LvF1rh97YCUhpoRWu/HTi01wyfDSL9aYYpU9Y9pVK33pcb1Ws
fwWPv3i4R0B8dduV4h1sOhSONbP8mWWL797d4cZx6Hn/UcJrhfIS98uqTV9vPj24fVjrrw+4qxB3
VFfp36WhvZqUMcXW13u/rbJ9SlXKazuyXWdv8THgZZeW55LGqql63XT1Y44mjEmRz2a20by20RJg
aad7fm0HtPa0yFs1phhNMwJaMZMb/rjhtSbGLOUrYDW79EcZG8x6H70soxfq/abV48o8SXMaZ8FZ
1q+Zk43tbxqJ1yxPnkSwSC6rOF5v18h3Blvo+6rX7DW1KbgpLRhkg7EH3x/89j9i8lyr
===END CRASH DUMP===
