PocketMine-MP Crash Dump Sat Jan 7 23:47:56 GMT 2023

PocketMine-MP version: 4.12.2 [Protocol 560]
Git commit: 0ee6cdb058d4bd2e058352b3a710177366019c03
PHP version: 8.0.18
OS: WINNT, win

THIS CRASH WAS CAUSED BY A PLUGIN
BAD PLUGIN: EmporiumPrison

Error: Class "Emporium\Prison\Listeners\PlayerFirstJoinListener" not found
File: plugins/EmporiumPrison/src/Emporium/Prison/Main
Line: 40
Type: Error
Backtrace:
#0 pmsrc/src/plugin/PluginBase(118): Emporium\Prison\Main->onEnable()
#1 pmsrc/src/plugin/PluginManager(454): pocketmine\plugin\PluginBase->onEnableStateChange(true)
#2 pmsrc/src/Server(1417): pocketmine\plugin\PluginManager->enablePlugin(object Emporium\Prison\Main#21932)
#3 pmsrc/src/Server(1030): pocketmine\Server->enablePlugins(object pocketmine\plugin\PluginEnableOrder#21902)
#4 pmsrc/src/PocketMine(339): pocketmine\Server->__construct(object BaseClassLoader#4, object pocketmine\utils\MainLogger#3, string[38] C:\Users\brant\Desktop\EmporiumPrison\, string[46] C:\Users\brant\Desktop\EmporiumPrison\plugins\)
#5 pmsrc/src/PocketMine(362): pocketmine\server()
#6 pmsrc(11): require(string[82] phar://C:/Users/brant/Desktop/EmporiumPrison/PocketMine-MP.phar/src/PocketMine.p)

Code:
[31]         if(!file_exists(Variables::DIRECTORY . "Server/settings.yml")) {
[32]             new Config(Variables::DIRECTORY . "Server/settings.yml", Config::YAML, $this->defaultServerSettingsData);
[33]             $this->getLogger()->info(Variables::FILE_CREATED_PREFIX . " SERVER SETTINGS FILE");
[34]         } else {
[35]             $this->getLogger()->info(Variables::FILE_LOADED_PREFIX . " SERVER SETTINGS FILE");
[36]         }
[37] 
[38]         $this->getLogger()->info(TF::BOLD . TF::GREEN . Variables::PLUGIN_VERSION . " Enabled!");
[39] 
[40]         $this->getServer()->getPluginManager()->registerEvents(new PlayerFirstJoinListener($this), $this);
[41]     }
[42] 
[43]     public function onDisable(): void {
[44]         $this->getLogger()->info(TF::BOLD . TF::RED . "Emporium Prison Disabled!");
[45]     }
[46] }

Loaded plugins:
DevTools 1.15.0 by PocketMine Team for API(s) 4.0.0
EmporiumPrison 1.0.0 by  for API(s) 4.0.0

uname -a: Windows NT BRANT-PC 10.0 build 19044 (Windows 10) AMD64
Zend version: 4.0.18
Composer libraries: 
- adhocore/json-comment 1.2.1@651023f9fe52e9efa2198cbaf6e481d1968e2377
- brick/math 0.10.2@459f2781e1a08d52ee56b0b1444086e038561e3f
- daverandom/callback-validator unknown@unknown
- fgrosse/phpasn1 v2.4.0@eef488991d53e58e60c9554b09b1201ca5ba9296
- netresearch/jsonmapper v4.1.0@cfa81ea1d35294d64adb9c68aa4cb9e92400e53f
- pocketmine/bedrock-data 1.13.0+bedrock-1.19.50@57337ddc9433a0e245a1ce48c51af05f0573d58d
- pocketmine/bedrock-protocol 17.1.0+bedrock-1.19.50@c572706cf5e3202718dd35a35dd30fe08cd671de
- pocketmine/binaryutils 0.2.4@5ac7eea91afbad8dc498f5ce34ce6297d5e6ea9a
- pocketmine/callback-validator 1.0.3@64787469766bcaa7e5885242e85c23c25e8c55a2
- pocketmine/classloader 0.2.0@49ea303993efdfb39cd302e2156d50aa78209e78
- pocketmine/color 0.2.0@09be6ea6d76f2e33d6813c39d29c22c46c17e1d2
- pocketmine/errorhandler 0.6.0@dae214a04348b911e8219ebf125ff1c5589cc878
- pocketmine/locale-data 2.11.0@4b33d8fa53eda53d9662a7478806ebae2e4a5c53
- pocketmine/log 0.4.0@e6c912c0f9055c81d23108ec2d179b96f404c043
- pocketmine/log-pthreads 0.4.0@61f709e8cf36bcc24e4efe02acded680a1ce23cd
- pocketmine/math 0.4.3@47a243d320b01c8099d65309967934c188111549
- pocketmine/nbt 0.3.3@f4321be50df1a18b9f4e94d428a2e68a6e2ac2b4
- pocketmine/pocketmine-mp 4.12.2@0ee6cdb058d4bd2e058352b3a710177366019c03
- pocketmine/raklib 0.14.5@85b4e5cb7117d37e010eeadb3ff53b21276c6f48
- pocketmine/raklib-ipc 0.1.1@922a6444b0c6c7daaa5aa5a832107e1ec4738aed
- pocketmine/snooze 0.3.1@0ac8fc2a781c419a1f64ebca4d5835028f59e29b
- ramsey/collection 1.2.2@cccc74ee5e328031b15640b51056ee8d3bb66c0a
- ramsey/uuid 4.6.0@ad63bc700e7d021039e30ce464eba384c4a1d40f
- rhumsaa/uuid unknown@unknown
- symfony/filesystem v5.4.13@ac09569844a9109a5966b9438fc29113ce77cf51
- symfony/polyfill-ctype v1.27.0@5bbc823adecdae860bb64756d639ecfec17b050a
- symfony/polyfill-mbstring v1.27.0@8ad114f6b39e2c98a8b0e3bd907732c207c2b534
- symfony/polyfill-php80 v1.27.0@7a6ff3f1959bb01aefccb463a0f2cd3d3d2fd936
- symfony/polyfill-php81 v1.27.0@707403074c8ea6e2edaf8794b0157a0bfa52157a
- webmozart/assert 1.11.0@11cb2199493b2f8a3b53e7f19068fc6aac760991
- webmozart/path-util 2.3.0@d939f7edc24c9a1bb9c0dee5cb05d8e859490725

----------------------REPORT THE DATA BELOW THIS LINE-----------------------

===BEGIN CRASH DUMP===
eNrtW3tz28a1/yobOjORpiSFNwF2nJEjyal6ZUtXkuv0Rh5lASxIRCTA4CGJ6eS73985uyBBWs5M
2s6d+0cdxwIWu+f9BvSPQVZWS9ncP6qqzstiMPWGgyZfqsHUDiau7frOJBg7XuS7/nDQrvQja+xO
7Ek0sUIvtELXi4LhYCHr5qyqymow/cegWa+wbaDvh4Olqms5o5UTbKvF3eBsuSqrvF3e3V1VeV0W
d3cXed2oAlRgaSHXqnqbV3Xz1zIvuid3A1GUjcjKtkgBNGsXi7f5gqFO7+4+1Hw2rmTR3N2dqvqh
KVd3dx2iDs1q0c7yov78QV0l28UtWe9kXoxX8xUh1MgMhKNdAEc4v1k6Mmt0GAcXeYGDngXJVjLB
5Y+DV5ZYLekI/a8hHl3xj+9krQ5sOzycipepGX1bFmeFjBfq4BDAX9lfgvROFhB6deD5HoCtyuRB
NUuQ0gmBBN1h3AK9aWSjTuaymKmDpmoV43B6OG5UBWM5sD178rtgDfrRt4rh6sWDMv5ZJc0XWHvl
2JHrMEb3BYyWa+1h1E92UdQdji+Tpjm9rFJVEUpLo/R6KK/47DucPXDd6AtY7++TsqghpKTpcJIs
2cYvSknQvaF4gZq2yRe1ZvminEFIr9yhAKC8mP3ohp/EH7DnzTkv+EPnNn7ArPtfYD1w9livtSr4
UKAPwVixqVK/tHmlDgw1ofNJrOaymh4dnUyPmKYjJunIULTvPluso3dXYzq6R8x4dTj49NtwoP5P
Y8y/6vIgWB++z4vHcvGolqpoADGFrJJm0D0lPnZg40lSpor4dG08FeZPnh18RUTdq2dQXB/8TVY5
2XI9nZ6eX5+d3F5e/12Mwby20aNaNQ30UY/Xy8Xd4PBQ/AOQXacHkf4U6kmclEWWz/4gwKE5Np3+
/c27i6H4upnn9ejbVGWyXTT6yI05cSobefhnQu/uoTenZqrR3nBwOPo2L7KyT8zb84uz+5Prsze3
Z6f3V9dnb89/YLLEzdn1386u8eP29vz99zeCNoJTRuT1EP0m1KJWmn//nyXg4vLN6R/AH/Tx08IE
C/Qz7D34IvLbt9Ppd5cXp8BDl99fn529x3WPpquLD9+fv78H/pvzy/eaHh3b0q86GiKN0rNeRGlC
6yHf7KYNrFVqRn5RnT3CausDMpMv+M0Bgzw0FsCYvc5uiXPPMWR0ul+18SJPRNYWSYO6Q5TFaV7r
pDYVj2WesqY8758Q1PXZKYui8yihXUoYBBvReH6fQNLVb4Pf/pOj/5Oj/5Oj/5Uc3eW0mpLXqXq8
LcsFXxeSeoft0nCwaToG9tj2xxaWZNvMy6om/9vCFbdKLgmyXOX0xBtb2Ix7bVPpYEpeMBykaqWK
lA7jWV1mzWl/YSk50Xb4SfAbShYwBTy7uX1zffvhCgtPKq7zhuidN82qhoxmeTNv43FSLnscH21g
IHLspfAty5/l9j7j1h7f/yY2X/beLatXlze3Hy+vL053mB38RhWLrEA34v6eGjqtM0nPiPvEA6v2
pKzodAiC7RAA4wQ95by/ksgFSMTZ/lq5vE/LplDNzqop7LYLbbXo36ey2XmOegi09ldmy1X/di7r
HVpyhITH/sLPrK7t/TLWLrKzVlYN78L92MFC3UhiKO1vWiW7crhW2UJxguuv1izRencpha76KzdX
Fzvo1/Uvi4KQmSuxedSUD6rIf90VwfOz4ZrItbGwlkuSojN2mPpf85V2u2js0+0ij/vHcfu83JV6
SeQ5luXathNh4er0cof1tLxn0vYXsZTvKqyEtdb1zsabfLlaqB/e7fC8RwFuK0URe2/xqcr39L9q
5rSTJOwZ/7qa79nevC0eOMY7LCSXpZLP4ryQ1RpLWBhPSBLqUS3S2GwiUEm1XjVl7xSEhYp3oc2S
5G2Z1oGqkx27TD9Tab5jBSwqt7+ENqHlWDFrta118P8H7iQurxKZzHvChff+nDf3S+4dLEhivjJE
EHqq1OSiF5h2fJv8FqlxOwqC8GxtLXGbL4DcsS0PQqrvUwX/ySQKaqCoyqZMSoD1A2BEmCQqlQqS
NLb8MPXi1FG4cH0nduXEtuzJxA0Cy44SywXs1tDyMS/S8qkW72/Fd9dv3t+Ork6EDeUJRi5QAnie
OOh22dahePPuNPAGzGRfZL8q9hNvYw3z1X1JtvDx/P37W7I/unnKdZOFMInMdw8dViisFYczmc7B
UaWOKDCMsMd0bXD8sX0c+LbluFmUKd9REVodlCdhEsssUF5op3YUhMpxJ2Q8cZUnD0cmFoIca+wc
e36UOZPQVra0whQglB/EVmx7nmeFgbLc0A9s5WYc6aALRBmkHMTPRSyTh9GjXOSIgNQDQ3QPRflU
HJufZHWzqqxrdQSeZV1QBf7ojCGJY6UyLwyjyE59V/mhCqwk8n0vtqLYdiw7kX4sIycKAAPxuFK1
klUyZwEs5WrF/vXoke0dJ5kE9dJOodHISwNPpnGUBKGUXhJHKnI8y1I+M7AtS45ilVa4G4F2qSMP
vOlP3aoORNaxP3HdSZomkee60lKO50s7gVgT35aZ5ePvxE1hVC/D3priwJ4QrZ/BT/yJM7GCJPOV
61jOxA5TsCFdHz+sTFlhkgYTG86zC5+DAkcL1iNEeuzLZKKUjEBXLNMwTbwozPxEuV6iAieapL4K
8FjuQnpRjVQDuMeBNwknXhBNgiBOpJxAS6HveI4K/cRxE8dXkIIvnT2AVMguShMWiTTr2IuUdC03
ilyVpVnsRgmYc5Rj+0HqWwAdOlakJuEepHJRbmHALoj+IJ0EmaNcNw1C203cKHWixHESL0jsibLT
PWp4OIO+JF0YcgKASiVQe9LyXC+MI9tWIRxGxZnt+Flmg6cwSpJwn5xFSSVDZy7wOzI9LwYlYSZh
wyn+SaMgcOQEggutQMXAozzpJ767D2rGxLAfBElkO4mVRZbvJ3BXx7WtUCVOak+iOAoyz/ISkPoZ
hFEvqWhQgZ1NIMcwyVxoLHE85SmYkCOTVEFcFlkuFLdnq5tg4EHn3kQ6npvCFGP4YGhFURr4Ln4E
kwiGZIehbdu+F+2CKOLGZB/3OPNcx46Vb6WZLW3IN/MUnNJzQuko+GSgQI8Te7sQtpcjLpV0oD/+
A1G7B6ySD7p6QIDzxv5x6Mee8pN4YtuT1J0oywZcxAg3y3w3dmxnEiSQc/gSlFG+Srqi5ThyHBkg
LMZWEiSTVErp098QHFswPpV4EzeUak/AdVGWvyojIPvYkkmYJbCS0E48O5J2FngKDualxJzlwGkj
5UQx5Vq5rNWaHGFbtFHId44T/Jl4iNSIGiEqoBiu5FkxEoEfKBWmbhwHQWLJLZC2zXUSIg+QaeDG
yQRhcZJaIN6NlGshrBEl0g29xEM09SyKmNW8XdZSduc/j/D1epmVxfqI6ot6XTeKyrJHH+Zku8cy
sSI/iELPQ2CyIunDQWLEUpIAPM9N1GSC2Gf34KzKxRqwFqOu7n4EyxMQ7cdxEjouIksCDw4DCzx6
E4SQAOQnmUIAgKUwz5/B6hXQHbhQprbtZQHCkXKSKJRhbCk3TiMLhuUkjjWBmfqu9xI4ZLPQ6sGa
yCDL3MyO/CiG40iVJUnsBcgYmYNYh/+cLI3c4Euw7D4sa+JZLv5JQkXegsCShZMIRmf7E2nFCDYO
Xek2aVn+KqvmCDFXVboi4Lhk2wkMO4q8CAaehdIFJ2oCAq0Aog8kckUAr7Z3gKwQCUaUVDi+uRQp
IzfKJipFLElgqTHSqpUq8iXLT0MkAiCwJo6vu7SNydMsFjBeCerwRMIT2baSPFcjMxFZWYmdUu+u
eCVu50jyopvnClkp0cyVKAtV40I2IpEFzcJjJfIiWbQIargQerowRqpFUdCgYCJYN+USJzMCsA+z
lpkaihJPqppAihhR9EGsy7YysESeCRSseZYzBhReNBtfrAnwe/W0AXdkxsq1eCqLbxpBZYmsBDrn
EkE1p9S6JgppTKj5fpqrQrSrWSVTABjfFXdFB2x6Vwjx6uNcEWGiKYEF9TRAmFkNZIDKq6aiPtWP
mVSdlQTkuVANywulcJ4ooZMerSwJMiSeqNFCUtk+U1PBtTI9qOdtgwK2GJn3FVNxN/jxrrUsOYn3
BpZ6tfok9EU2Eue1aAtk+lkJCgU1+mjCZZGouwGz82axKJ/EIq+JRWHGMOIxl+K/W1Wtac8vdDEy
j3p0vdLzNnNIgBtBFbCAniFKAhevhVEA7dcjidHmcR/UR/gZ7AjakGkqUEtqpZEyoKYHsVSybit+
FSKgqlgR1RCp+qWVCxL2LH/EXpRIrRIHBqlwrEOCrjGqUaUgrGYEZdFwborHjPt9u4yhJ9jim3pd
JLeyfoC5VA+wvjFv+FBDoeQQHae0bV6VRdlC59heD+kAOg7dLpEXDQX1CWCE+iKWDbyY1pZtAbuj
LRr4DRsFeIJtVuVzDrtUEANYYnsvNsSRbA1B5xlZOO0hSx6KvPkG4msqPpaqhgaTZGh7h8UBeGjh
bQ6LhdkYGU6nDGrfwiVbR9UWBakzpb62XLESuMOqx+JUPZprscxnc4SAStbzYd9ljeWQRKqqXTV6
VQuMBLMEbYYvVi5cmdunVLuR5NF+W79MAdkI2RxamBzWNe4ZGjaP9KapoCkY+fJSAdtae/L3izKG
8dA0TOh1+MEybyggLNVMxusGAhc3WtIWy1a/D+Djt6S0p5wFzwYFT38aaUCdjdXMYJaDQoQxRe9E
CExWKdWh1DYOZbXk22JWQk8lxQ0yCkI0YzJHTNpUWMQFsHPc1uXl/3sOKOr8Hv1zWaX/Gv11U66Y
BBNzNyQZcLVA9FhRCk43BBHWfao4AHxkjzDE1d/8G8hjn2B6KFqIpEW6KpCuhHpWScuRt9T0am+k
9LbZrZ4TpdJ6y44OWpe3Z1Nx+5fzG3Fx/u78Vry5uro4P7sRV2fX4uPl9X+dXQ8FNonbS+w6Ex//
cnlxJq6uL0/Obm7G++7/ojCuVJWXnMApBNfEXjJXHIxZFpswa0PsKCFSjiq8ZYQgqHSAZVAnZQEu
EZphSMTtl+xM29fTnDIxJELBR29jyBoIgu42hHd+DRyXlD2oLuAD4893kxmYsTiUtlIJlQ9arkSu
1qo+u+EBlqVW9ZZV1zK81ocvk2Q4dw3nM1nFcIrRtkHg2POydNnLiBxzSphTiNpLWbRcrPQpQSHX
wgIPh1022DfBzgh1Ys1QgDea3+XW+8biUkd7be6oNsp2kW5oyZE+ngqxpb/WgFdMPhgNLMvwCmxv
OU58lh7ZdDSEDW9ZVS67NKtPmx2jvmH2NUzcGE1+ZhviBZPasY7ukwJWWQVMXA5pQ07b5UpXY7rk
E+bBiB50+jqlTeYA085kdhzgDgkeri5fEDDSNVIeMDzCyOq6VRQWmjm0NuuqU4pXhG1L1bBTpK4O
TBE61tTQ1i/KaSmfRzyrrjvaT+SKVvMlCsWKEmtFwBsqA0mRyND0hl5TsZUr+YsRJXvM5zaG4nxl
KGKEI6qaW6Rb29mo7LTUz/aNWr/B7xDozZ0PaWBmY581LhpGPMDeMEfv6LlMQeVI4gN5urbQUFaS
mhihz2gWt+zhmBGoZqjDTJs7vFqCC+obDNzfB/V7hnhXFKohjU1NhkBVNi8XurqMZZPMuQpnklEw
wYZMjuHgplsl81Rnllht6kyd2l711dQ9orharRsCPhQju6dB1h4jHjUdMYjbfmDC9raE5ZcaVD2m
mnNqfrjGp8NYNGSNxV9QBsKYXnNdJ06uPgxxFjTEcLCnPIXdc52gw+cG/ojhT0XQVdzbYrxm6fT2
jsWbFJFqLhfZEXpP3SGkCkZsUAGpoAEnGVjPE7dZrwdsp6F5prBG1aVcjAUR8eGquOrq7G3HSG0E
EfWErEkH21WxGpn7vcbmnXG7Ov9VbfRJFXmnxpoynimXULFr8+jlVi9y9KHDsbgyZxaymvEBaVpX
YwuMMavkjFiATiC2erXggoX60SWIJ2+XFenpZJHTJzrcYNNrflU34t3tB6YUTeOK2I7bhj9uY1Vu
0em+YtwFm2XTjujUlKntt4aq4Ddf7OuZoEkCSiEUqx2baJizLE/GgtPUXFIVIPIlZNOQ7qAN/tYY
cWrItEBp/F0RtiYcdjkSI0dLjue1VqmuJbC3MTZKnCg9UDCxzjRSp5dcI52e37z5DuURl1NtwTZE
EZs7Z35pq6uEnIzRfJWX9luNLZ9bX09V3M6mXb/2rbCpTzPl6hzhip8L09PXegpB3lzUpc7exiNs
Aqap1tBO5mVZ86Sia9NU14hzGKf5t6jlY5cucImum5/xbHwb2Igw/j5AV21miPNzmRd6GMCS+kb8
EJfP5PmVOD8VBz98OD89hN7h9qAB+5+gNlJMjnwP56D2rUqNfHT9AW8ot7or4O0/fHfRwTetXW/l
G0ZG7/i4cmD1mlqEeSu7kZLJo8+gb0RfQ7wus4zR4lmerUfPbZ5uFcLyHO1Oc255HKNdTX/WrmXA
kd74VVubsVCCINLoMGvOjPSZqTCvfAmNTiEmPBoslAPp06uuPyno2GI/Fw+7XY+5ehptMvRLEzQt
3DfLsqXokelcZ4IJRNaJlpI7RUeegkD9dD0VHh++5lzdO8yMF0p33bHSwGKVke/XK/nERkE2qqGz
adHyJut7W/YJ0YZ9xEAh90kFLwlnLaGQT1+i0nqZTFnRl7ZCduYOYrvD9HNDjbs33IkXZcLuW+ep
zhnEj4ROYXB1G/elMKMkih0q1amTbzapjadMxjhkkqiF4lZBmzdjXeQPQEE9MkeihQTrs6p8auY6
jgGFFHMNrRfk4P11o1MyEzsiaXSkjbai0aydn9Y9vihMk+Y1NKHfAW/YNNOmrszhMztKArwRSESL
vLnLE7W5pnZgq93tmGuj4PHnGjYR7Unm3OEiw6AB1Ka1KlftovMlc0NFAO8xucTlGpKbI2KdMVEa
pnCGOsG0HbRiBntTU//QHJIbbr2sywdjbiBkG7bTbSQkdx3R59N7S5tosbtsvpHoJXoEiZH+7Guz
cw5lTjUp49VyuRrnJVOM+LdeUssI/25o8JrUW9Ipd5nnYvucWeDYJ2ezSs3MiNHMI/XchT5Cfdjn
j+lDALo8vaSP+UYmU+iigWLak9J9ieQvugljzYRvGeC1ce/VAZL3RvLtij6t0sr5TKhQqH5uLAzl
EX0awQmul4ROaMKv+rO9ITLGai7hK4rCfUU0dMUq0kimKnQkIwqWBWVI/bRLaDqdyJ1Zofk+pZeB
WxTmKHg44HZxzQBkLevnHY7PtKr56qu1yZfbtGJSNAGl/WT1lEVIixTbCSEPQc2hbuA93iIwT/oY
Osn9fhFgMozWpPaA3nzJwAD4xsizmyTNzaKOe9WmvTAhg4by6OBSro3ybAOIPgFoK/3ehkJQN2DR
4RjwTMjqkjAKNVmb5u2Vrg5q0w1yF6cLL6q403QInEuUxmQBuEITS4NhyS9dGIpm4NUbQSoHMbzM
BS3V6fReio5y8aqLP3NeT8INkMMOir6l1A4rTwXPlVkKVJ1XlDRksd4nAdsTlOPYH683r0/2353B
7Gq1yMZmFkH1gOFMFhqQHuHkbCk/fkIbQwkERdMBZKp0TiLDz5/VFjPvueu91JvSGPRuoIkmgXVv
ZWTxjZ4avoJCNeb0UKuAjkyBsiPtpJNQp1CzfaiHSLoK68Qv/g5dkbgRpBhlZl4bbKSknTGnINxi
x0HHxKHGRjXekBMn2RTpjLZ2DBIJJHv6Wg+l/JiNlOHQOWq621pPxepyqbi9fUEohhQ6AtmUlcZ8
Zz45puXdLdocZEwZRfy4J91PPRXSm6qt/ugVmnExBnZQH2q95Q1bozF5Kv2xywQkIDBXn/RThGKj
Ea7acW4o9vFSA/JAprNj07oURmPYUsQDQRRwvuZenwbfTFpGv4Ox2TMUXzsckvTgnKaaQjWJppPe
p8kUfIOUcgVAn4Bc/LRZBtvq+Scx+lb8hMd8w+ceYAhEfZsn8BgQL9dQxzmNdnRhSRsA7m6gAfLt
FpY595P4E65fPEp77wY/bYjUhQ5Q0g0x/LXTYaVXzBQDqK/8ua3JlhOFXVQ8fu181ZGwhcLAEfFQ
yhSpJoih7i5vSPs9+Gb3V0zqRnWmvqc3Kc/mletOPNHvwyS0C6tJy55d028iac00q6182Sx0r7Lp
Z/pv03fDF4+WdelGOVU1L7YWQlPDsZiGKDySRHbKVwtl+iIzLJH0Aa7Gy+v6EhCpCPAs3WZsMU7F
24s3t3qRpi8K/uX82XxuN/SjZxh6oYbuc5pXzZBr0T+b5le/eu4PcnUJQ7U/Eot5yyJbk3MXSFXJ
Wujf4WirrurshlfV5p01l1SAgwo94S8J6k5Oo+6FNzSpJx2v3nItxah4/w4QHhWYlfveyohb7l4v
XOpxiP5lPDP3Sx5oclTzjAulXZwv8matHXpjJyClgVa48tOJT3PJ8NEsVptilD5h2VcqfetxtVWx
/hU8/uLhDgHx1U1biHew6VA41tTyp5Ytvn93ixvHoefdRwmvFcpL3C/LJn29+fTg5mGtvz7grkLc
Ul2lf5eG9mpSRhRbX+/9tsr2KVUpr+3Idp29xceAl11ankkaq6bqdd1WjzmaMCZFPpvZRv3aRkuA
pZ3u+bUd0NrTPG/UiGI0zQhoxUxu+OOG15oYs5SvgNXs0h9lbDDrffSyjF6od5tWjyvzJM1pnAVn
Wb9mTja2v2kkXrM8eRLBIrko43i9XSPf6W2h76tes9dUpuCmtGCQ9cYefD/47X8BMMdcdg==
===END CRASH DUMP===
