PocketMine-MP Crash Dump Sun Jan 8 01:04:45 GMT 2023

PocketMine-MP version: 4.12.2 [Protocol 560]
Git commit: 0ee6cdb058d4bd2e058352b3a710177366019c03
PHP version: 8.0.18
OS: WINNT, win

THIS CRASH WAS CAUSED BY A PLUGIN
BAD PLUGIN: EmporiumPrison

Error: Object of class pocketmine\block\CoalOre could not be converted to int
File: plugins/EmporiumPrison/src/Emporium/Prison/Listeners/Player/PlayerListener
Line: 51
Type: ErrorException
Backtrace:
#0 (): pocketmine\errorhandler\ErrorToExceptionHandler::handle(int 8, string[70] Object of class pocketmine\block\CoalOre could not be converted to int, string[116] C:\Users\brant\Desktop\EmporiumPrison\plugins\EmporiumPrison\src\Emporium\Prison, int 51)
#1 plugins/EmporiumPrison/src/Emporium/Prison/Listeners/Player/PlayerListener(51): in_array(object pocketmine\block\CoalOre#149877, array[3])
#2 pmsrc/src/event/RegisteredListener(60): Emporium\Prison\Listeners\Player\PlayerListener->onBlockBreak(object pocketmine\event\block\BlockBreakEvent#150994)
#3 pmsrc/src/event/Event(62): pocketmine\event\RegisteredListener->callEvent(object pocketmine\event\block\BlockBreakEvent#150994)
#4 pmsrc/src/world/World(1849): pocketmine\event\Event->call()
#5 pmsrc/src/player/Player(1685): pocketmine\world\World->useBreakOn(object pocketmine\math\Vector3#150987, object pocketmine\item\Pickaxe#149941, object pocketmine\player\Player#26096, true)
#6 pmsrc/src/network/mcpe/handler/InGamePacketHandler(451): pocketmine\player\Player->breakBlock(object pocketmine\math\Vector3#150992)
#7 pmsrc/src/network/mcpe/handler/InGamePacketHandler(257): pocketmine\network\mcpe\handler\InGamePacketHandler->handleUseItemTransaction(object pocketmine\network\mcpe\protocol\types\inventory\UseItemTransactionData#150991)
#8 pmsrc/vendor/pocketmine/bedrock-protocol/src/PlayerAuthInputPacket(251): pocketmine\network\mcpe\handler\InGamePacketHandler->handlePlayerAuthInput(object pocketmine\network\mcpe\protocol\PlayerAuthInputPacket#150957)
#9 pmsrc/src/network/mcpe/NetworkSession(418): pocketmine\network\mcpe\protocol\PlayerAuthInputPacket->handle(object pocketmine\network\mcpe\handler\InGamePacketHandler#147898)
#10 pmsrc/src/network/mcpe/NetworkSession(374): pocketmine\network\mcpe\NetworkSession->handleDataPacket(object pocketmine\network\mcpe\protocol\PlayerAuthInputPacket#150957, string[179] .. !.A.5.A.-.C...@xZ.C.........5.A.........;............{.......................)
#11 pmsrc/src/network/mcpe/raklib/RakLibInterface(183): pocketmine\network\mcpe\NetworkSession->handleEncoded(string[116] ..g......2..3r100.1.$.&....a...a3..F..s...=..t....ov...w.)..7...FF&.k.....{At5.,)
#12 pmsrc/vendor/pocketmine/raklib-ipc/src/RakLibToUserThreadMessageReceiver(42): pocketmine\network\mcpe\raklib\RakLibInterface->onPacketReceive(int 0, string[125] ..Kv..........^$J...i."..GWw+..|..SEOt.T*/7.$..wJ!M.f....:.>.n#m~....5!...1..H..)
#13 pmsrc/src/network/mcpe/raklib/RakLibInterface(113): raklib\server\ipc\RakLibToUserThreadMessageReceiver->handle(object pocketmine\network\mcpe\raklib\RakLibInterface#24567)
#14 pmsrc/vendor/pocketmine/snooze/src/SleeperHandler(123): pocketmine\network\mcpe\raklib\RakLibInterface->pocketmine\network\mcpe\raklib\{closure}()
#15 pmsrc/vendor/pocketmine/snooze/src/SleeperHandler(82): pocketmine\snooze\SleeperHandler->processNotifications()
#16 pmsrc/src/Server(1703): pocketmine\snooze\SleeperHandler->sleepUntil(float 1673139885.1577)
#17 pmsrc/src/Server(1061): pocketmine\Server->tickProcessor()
#18 pmsrc/src/PocketMine(339): pocketmine\Server->__construct(object BaseClassLoader#4, object pocketmine\utils\MainLogger#3, string[38] C:\Users\brant\Desktop\EmporiumPrison\, string[46] C:\Users\brant\Desktop\EmporiumPrison\plugins\)
#19 pmsrc/src/PocketMine(362): pocketmine\server()
#20 pmsrc(11): require(string[82] phar://C:/Users/brant/Desktop/EmporiumPrison/PocketMine-MP.phar/src/PocketMine.p)

Code:
[42]     public function onBlockBreak(BlockBreakEvent $event) {
[43] 
[44]         $blocks = array(ItemIds::COAL_ORE, ItemIds::IRON_ORE, ItemIds::GOLD_ORE);
[45]         $player = $event->getPlayer();
[46]         $playerLevel = DataManager::getData($player, "Players", "data.level");
[47]         $block = $event->getBlock();
[48]         $file = new Config(Variables::DIRECTORY . $player . ".yml");
[49]         $world = $event->getPlayer()->getWorld();
[50] 
[51]         if(in_array($block, $blocks)) {
[52]             if($world == "Mine") {
[53]                 switch($block) {
[54]                     case ItemIds::COAL_ORE:
[55]                         DataManager::addData($player, "Players", "xp", 2);
[56]                         $player->sendTip("+2 xp");
[57]                         break;
[58]                     case ItemIds::IRON_ORE:
[59]                         if($playerLevel < 2) {
[60]                             $event->cancel();
[61]                         } else {

Loaded plugins:
DevTools 1.15.0 by PocketMine Team for API(s) 4.0.0
EmporiumPrison 1.0.0 by  for API(s) 4.0.0

uname -a: Windows NT BRANT-PC 10.0 build 19044 (Windows 10) AMD64
Zend version: 4.0.18
Composer libraries: 
- adhocore/json-comment 1.2.1@651023f9fe52e9efa2198cbaf6e481d1968e2377
- brick/math 0.10.2@459f2781e1a08d52ee56b0b1444086e038561e3f
- daverandom/callback-validator unknown@unknown
- fgrosse/phpasn1 v2.4.0@eef488991d53e58e60c9554b09b1201ca5ba9296
- netresearch/jsonmapper v4.1.0@cfa81ea1d35294d64adb9c68aa4cb9e92400e53f
- pocketmine/bedrock-data 1.13.0+bedrock-1.19.50@57337ddc9433a0e245a1ce48c51af05f0573d58d
- pocketmine/bedrock-protocol 17.1.0+bedrock-1.19.50@c572706cf5e3202718dd35a35dd30fe08cd671de
- pocketmine/binaryutils 0.2.4@5ac7eea91afbad8dc498f5ce34ce6297d5e6ea9a
- pocketmine/callback-validator 1.0.3@64787469766bcaa7e5885242e85c23c25e8c55a2
- pocketmine/classloader 0.2.0@49ea303993efdfb39cd302e2156d50aa78209e78
- pocketmine/color 0.2.0@09be6ea6d76f2e33d6813c39d29c22c46c17e1d2
- pocketmine/errorhandler 0.6.0@dae214a04348b911e8219ebf125ff1c5589cc878
- pocketmine/locale-data 2.11.0@4b33d8fa53eda53d9662a7478806ebae2e4a5c53
- pocketmine/log 0.4.0@e6c912c0f9055c81d23108ec2d179b96f404c043
- pocketmine/log-pthreads 0.4.0@61f709e8cf36bcc24e4efe02acded680a1ce23cd
- pocketmine/math 0.4.3@47a243d320b01c8099d65309967934c188111549
- pocketmine/nbt 0.3.3@f4321be50df1a18b9f4e94d428a2e68a6e2ac2b4
- pocketmine/pocketmine-mp 4.12.2@0ee6cdb058d4bd2e058352b3a710177366019c03
- pocketmine/raklib 0.14.5@85b4e5cb7117d37e010eeadb3ff53b21276c6f48
- pocketmine/raklib-ipc 0.1.1@922a6444b0c6c7daaa5aa5a832107e1ec4738aed
- pocketmine/snooze 0.3.1@0ac8fc2a781c419a1f64ebca4d5835028f59e29b
- ramsey/collection 1.2.2@cccc74ee5e328031b15640b51056ee8d3bb66c0a
- ramsey/uuid 4.6.0@ad63bc700e7d021039e30ce464eba384c4a1d40f
- rhumsaa/uuid unknown@unknown
- symfony/filesystem v5.4.13@ac09569844a9109a5966b9438fc29113ce77cf51
- symfony/polyfill-ctype v1.27.0@5bbc823adecdae860bb64756d639ecfec17b050a
- symfony/polyfill-mbstring v1.27.0@8ad114f6b39e2c98a8b0e3bd907732c207c2b534
- symfony/polyfill-php80 v1.27.0@7a6ff3f1959bb01aefccb463a0f2cd3d3d2fd936
- symfony/polyfill-php81 v1.27.0@707403074c8ea6e2edaf8794b0157a0bfa52157a
- webmozart/assert 1.11.0@11cb2199493b2f8a3b53e7f19068fc6aac760991
- webmozart/path-util 2.3.0@d939f7edc24c9a1bb9c0dee5cb05d8e859490725

----------------------REPORT THE DATA BELOW THIS LINE-----------------------

===BEGIN CRASH DUMP===
eNrtXAt32zaW/iuo3DO1txLN90OzyXFqp61nktgbu5POVNkUJEGJNUWqfNhWu93fvt8FQImSnWzb
6Z7dczZuE4sgcHHfL0D5eZRV9ZK3725F3eRVOZq641GbL8VoavmBYzlRGHqGZQdBFIxH3Uq/cgzX
sQM3ikLfd0PPH48K3rTP67qqR9OfR+16hVkj+fz8PhFYBtDj0VI0DZ/Tq4v4B5G0rMpYgpUNW1XJ
jWiXeSlms7jAw2x2WvHiohYsqboiZWXVspgeSmDaipS1FcvLFkCzrii+zAuCejqdzb5pQAmA1Lxs
Z7Mz0dy01Wo2e75cVXXeLS/rvKnK2WxVdPO8bB6+aOpkOzib9cMv8qYVpQR9WfC1qPvf/QtjtVgR
NgoTDf54F/oxgG+GjvXYBvKxAni8CxcwC7BlNPUsSKbmCT5+Nzow2eHRdIdtgri94GVaEHKS99fV
hvtfqxfTqZpxCN6xcMyats7L+XeB+Zb9USLZALUs/y37HxPJmPZinnUEBh1Y7I9j+CFgTgH8Ha9r
vj6sFFvez40Dy43CIBgzOf87563EyGarJW1Of8StKNvj12JOO9Qi3ezkm9jpd+ja5GlVfkFIfFEL
fvMYinLLDabbuc9p/MDyzChyJZ7OAzzllEPf3lcvBfEhFZOnCS8KteqfwcQdYHJX1UV6/Ib+PrRC
N3ocFwlCbX8oQXgDEKuhbA8tP/T2gMg9ZjO5yeRp1wiJ1kX5GBHwkIvZ7G8YrmpHIh1C4I9MzFtB
gsyTG34vNSNyrUcnrnYEe2D7ZuSPWVt3QlLiDygpRQtcb46XyUocawM/Pi+/4ktxyQmitu1DV2ru
+3eZPI2JRCmDX0dlZEtsgt+Dje0Fe9jopdgIa2ezja96ZPXkqXoL13EOll7DdTQ8IUf2GOJ7gFd1
1VZJVcxmFIhgRXlJmlLVa+mL9gCe8ZYrYpUvCTWxWJJW9fF2n+NYpDWeJj18yQ/F2mdduzgvV12r
qADx1j9P/B7o30T5o2hJMiEWIjN6n0xfqYcrxGpit2uFH6bkv9mzJ+ZXYP8hnsCWgjAKlbc3fyXu
TuB+GPfd+T2qpBFajn8Uy7dBMYjeMsNgnxjPDA9/JsapYRgn9/+Qv9UPjfc/fzYGPz8bj/8orljv
40rNb4o8Pn7Nb17k8XkJ750hjYBjdX4Pd56XSZWK9HAY5Q1jrjCxDcOpLdM0LONT4080wumPYxhf
GkaDj08Mo6Xh6hZ/3RlHhhHgw5df/sm4USQ+az1jrAiy32uJiqJJvlLUKsquK0o0rhfwcelLlWm+
FonIb8k12h8mVQFEeNvlEQVaJUcNSeZN5laatkfE//V2K4t///Qv+Ds3ZiPD+OrN3eeG8R+GcfX8
ojWu/+U4AFeMu7988tLIaO7UeGqUB8v/lEL/BH9ZhvF1L07nt4rTInH2hIATt2RKYFFP1Qf48xuM
9D2cOrBdz1eexXLfK7emrKqfhCTpqhBiJeo+Wli28zsl9CvW/JwUVdPV4heVJlje70Aw3NcgNXU2
250HfBAjwN1XVZtnecIpxDR632FUv5ICOrQC0/mVgBt6/qZs8+IwKyresmGF5gWa+cEje5j+fjRS
byZPW2QqlwrhqtZYhgMIl3LNS6w5dJzoPUDevUMNAIvoko3D/II34pTKiBcVT+G93UeToA60IDy/
5Hn5oprPMc/ZmJYT/qbiYbPO/Z1Fh6I9eg/tD9JhZV+KY7aORzBBskDxY5fXovePof2WrRa8nh4f
n06PJVbHEqljjdN+ybLddvLy0qCle9gYq6PR21/GI/G/U27/Dxa4IErBfYeMrSpuxRJpGzZLwc+E
NldvidadbfGGYhLxwrXxluFn1cVFnrCsK2WWx3Yqpr0yhH0qK4oj9jMguQ4g0G9XQ6KfTyWXGvZE
VXmHlEOep810enrx7MW7i9fPx2wzdP764tXe0FcXL85o6OjPBNgbAlYpOgArHCZP56LVRYua7T+c
/QJTCyyhROUlLyFjFPZYR8+Hes6YzUYKTjMb0UOKl0ZBK2cjBTl4QOAuGqpQUHPD4VzSAUwtxR07
rcosnx/+jdc5jwsBWs/OXz8/vb54/XdmbKgzsL+xXm52jobQZCH2OAPkgyoD5ULPVLLxrAGAPDvc
VOuKjHEvryMlUs8eTNdL+m2fADWyKqCm5jp7c+mnucvbZKGh63nuI/PoJ4HrYw/0Y0pLvPcsoZ8d
WfI0/aAs71f021Y88T8AVQNA8ECou85Xh7PR5zaj5Wpt8IG1sliUs8JfRWqv95LU6AOAiftDRf5X
UCJ56psfWCXJEX3JXyaiUDrhWx9Y9AsTBXD8efTLx+bZx+bZx+bZx+bZx+bZx+bZx+bZx+bZx+bZ
x+bZx+bZx+bZx+bZ/7/mWd9IaqhjdCZur6uqkJ9LTtdbtkPj0eZezMiCnhgmhjiCVFU3VElu4bJr
wZcEma9yeuMaJibjWZTUF0lHU0pPx6MUWlmmtBjvmiprz4YDSy67W/3+xPoNJtBaQBldXT97ff3N
JQbuRNwgZcbYom1XDXg0z9tFFxtJtRxQfLyBgRp4r2+2JflBQ21IuLlH9x9E5sPijZR5S+rlxdX1
m4vXL852iB39Qm1CXgNvuLE9MfRSlyjdo8QiGqRoT6uaVodA2AoBME4oYx+OoBQCilg7HKuW79Kq
hWvcGdUd1+1AVxfD55S3O++zvACuw5H5cjV8XPBmB5ecGgPDgR+kuLbPy1iZyM5YVbdyFmUQNgaa
lhNB6XDSKtnlw2uRFULm8sPRRnK02R1KIavhyNXli53t182PRUmb6U9s86qtbkSZ/7TLgvt7TTWh
a2FgzZfERRuJEGH/U75SZhcZHj0iGg2X4/F+ucv1itCzTdOxLDvCwOXZxQ7pafVOorY/iKF8V2AV
tLVpdiZe5ctVIb59uUPzHgZ4pARhj85lcVfne/JftTKVIA672r4uF3u6t+jKG+nlbckkR3Iln8d5
yes1hjBgBMQJ6qKlsZ5EoJJ6vWqrwSowK4WglVoSv03dys/LrNrRy/SBSPMdLZCscoZDtYD6k53N
O6VrPfx/wJzYxWXCk8WAubDeH/L23VI27E1wYrHSSND21BThxcAx7dg22S2C4/a2IphnKW2Ju7zA
5rZlumBS8y4VsJ+MFw28UV9mjKaejx3hJglLIfwkjU0vTN04tQU+OJ4dOzywTCsIHN83rSgxHcDu
NC5vcqQ8dw17dc2+eP3s1fXk8pRZEB6TmzMrMl2XHfazLPOIPXt55rsjSeSQZT8JaSfuRhsWq3cV
6cKb81evrkn/6OEuVycbcJOIfO8gw5rXuZDujKcLUFSLY3IME8zRRyUwfMM68T3LtJ0syoRni0hk
3LaiMIl55gs3tFIr8kNhOwEpT1wjiznWvhDomIZ94npRZgehJSxuhilACM+PzdhyXdcMfWE6oedb
wsmkp4Ms4GUQcqiVFCPfn9zyIocHpMMpsO6mrO7KE/2btG5eV00jjkEzb0pq3t7aBjhxIkTmhmEU
WannCC8UvplEnufGZhRbtmkl3It5ZEc+YMAf16IRvE4WkgFLvlpJ+7p1SfdOkowDe26lkGjkpr7L
0zhK/JBzN4kjEdmuaQpPEvBIi4JOSpTngTV93o8qR2SeeIHjBGmaRK7jcFMgdedWArYmnsUz08P/
gZNCqR6HvVXFkRUQrg/gJ15gB6afZJ5wbNMOrDAFGdzx8MvMhBkmqR9YMJ5d+NIpSG8h5QiWnng8
CYTgEfCKeRqmiRuFmZcIx02Eb0dB6gkfr/kupEfFSDmAc+K7QRi4fhT4fpxwHkBKoWe7tgi9xHYS
2xPggsftPYCUyhaVdouEmnniRoI7phNFjsjSLHaiBMTZwrY8P/VMgA5tMxJBuAepKqotDOgF4e+n
gZ/ZwnFSP7ScxIlSO0psO3H9xAqEle5hM+z0S1A+QKUcW7vcdB03jCPLEiEMRsQZStQss0BTGCVJ
uI9OUVHK0KsL7I5Uz42BSZhx6HCKv9LI920egHGh6YsY+wiXe4nn7IOaS2SkHfhJZNmJmUWm5yUw
V9uxzFAkdmoFURz5mWu6CVB9AGEyCCoKlG9lAfgYJpkDiSW2K1wBFbJ5kgqwyyTNheD2dHXjDFzI
3A247TopVDGGDYZmFKW+5+CXH0RQJCsMLcvy3GgXRBm3Ovo4J5nr2FYsPDPNLG6Bv5krYJSuHXJb
wCZ9AXzs2N2FsP04kamScvQnv8FrP2h5KAfnGt5J6MWu8JI4sKwgdQJhWoALH+FkmefEtmUHfgI+
h49BocZJn7ScRLbNfbjF2Ez8JEg55x79H4JiE8onEjdwQi72GKyKVM0g68TkSZgl0JLQSlwr4lbm
uwIG5qZEnGnDaCNhRzHFWr5sxJoMYZu0kcu3TxL8BC48NbxGiAwohim5ZoxA4PlChKkTx76fmHwL
pOtyFYTIAnjqO3ESwC0GqQnknUg4JtwaYcKd0E1ceFPXJI9ZL7plw3m//qGHb9bLrCrXx5RfNOum
FZSW3XpQJ8s54YkZeX4Uui4ckxlxDwYSw5cSB2B5TiKCAL7PGsBZVcUasIpJn3ffguQASHtxnIS2
A8+SwIJD3wSNbgAX4gP9JBNwANAUSfMDWIMEugcX8tSy3MyHOxJ2EoU8jE3hxGlkQrHsxDYDqKnn
uI+BQzQLzQGsgPtZ5mRW5EUxDIeLLEli10fEyGz4OvxnZ2nk+O+DZQ1hmYFrOvgrCQVZCxxLFgYR
lM7yAm7GcDY2fVJl0rL6idftMXyuqFVGIP2SZSVQ7ChyIyh4FnIHlIgACJo+WO9zxAqf2vg7QFbw
BBMKKtK/OeQpIyfKApHClyTQ1Bhh1UwF2ZLppSECATYwA9tTVdpG5enwHzAOGFV4dOqZ5fOulv0d
Jm8TZFXNdlK9WXnArhcI8qwRbQtBNYzXgrULwapSNPjAW5bwUh+k5mVSdHBq+MBUe8FAqEVS0CJh
IlhX1VLQ+Wz7EGbDMzFmFd7UDYFUJ99sXXW1hsXyjCFhzbNc7oDEiy6kFGsC/ErcbcAdI8nmXdE2
7K4qP2sZpSW8ZqicKzjVnELrmjBsF3mj6L5biJJ1q3nNUwAwZuWs7IFNZyVjB28WghCj82E6w2cA
obs14AEdxFBSn6rXElUVlRj4WYhW8gupcJ4IpoIejSwJMjieiEnBKW2fiymTuTK9aBZdiwS2nOj7
Q1M2G30360yTB3FfsjNdscvR+i1TH7IJO29YVyLSzytgyKjQRxFOp/WzkSTnWVFUd6zIGyKxP3hm
tzln/9aJek1zfqQPE/1qgNfBc9lj0IsYqGGUATPIGawkcPGaaQHQfNWSmGxeD0G9gZ1BjyANnqYM
uaQSGgmDunpsKTj1PCmpZhBVLAhrsFT82PGCmD3PbzEXKVIn2KHelNnmEUFXO4pJLcCsdgJhUXtu
itdy71fdMoacoIvPmnWZXPPmhlHjFdpnyAnfNBAoGURPKU1b1FVZdZA5pjdjpm6vqHKJrGjMqE6o
1WmD5A2smMaWXakbqQr4lVQK0ATdrKv7HHopwAaQJPW93CBHvNUInWek4TSHNHnM8vYzsK+t5bJU
tNSaJEXbW8wOQUMHa7MlWyQZE03pVILa13AutaPuypLEmVJdW62kEGSF1RjsTNzqz2yZzxdwATVv
FuOhyWrNIY7Udbdq1ahiGDFmCdw0XVK4MGVZPqXKjPhtladA+3EMSEdI51DC5NAuY6BomDxRk6by
LJpseSmw21pZ8ldFFUN5qBvG1DjsYJm35BCWYs7jdQuGsyvFaVPyNm8ItFx+TUK7yyXjpULB0u8m
ClCvY40kMMuBIdyYPOknMFktRL+l0nEIqyPbZvMKcqrIb5BS0EZzieZEojZlJlGB3aXfVunl/3kK
yOt8CP8Fr9N/Dv+mrVYSBe1zNyhpcA2D91hRCE43CNGu+1hJB/BGWoRGrvnsD0BP2oTEh7wFSzqE
qxLhiol7kXTS81YKX2WNFN42s8V9IkTabMlRTuvi+vmUXX99fsVenL88v2bPLi9fnD+/YpfPX7M3
F6//+vz1mGESu77ArOfszdcXL56zy9cXp8+vrox983+UGZeizisZwMkFN0ReshDSGUtebNysBbYj
hUilV5FTJnCCQjlYCeq0KkElXDMUiah9n54p/bpbUCQGR8j5qGkSsgICp7t14b1dY48Lih6UF8gF
xsPZpAa6LQ6hrURC6YPiK6GrpKrWbmiAZolVsyXVMTWtzdHjKGnKHU35nNcxjGKyLRCk73mcu9LK
CB29iulV8NpLXnYyWRligkSugwYejftosK+CvRKqwJohAW8Vvcut9RnsQnl7pe7INuR9uB6XHOHj
rmRb/BsFeCXRB6G+aWpasduX0k88CI9SdRSEDW1ZXS37MKtW6xmToWIOJUzUaEk+0A32iErtaMdV
n2CSyGrsJNMhpchpt1ypbEylfEy/mNCLXl5nNEkvkLhLNHsK8IQAD1PnjzAY4RohDzvcQsmaphPk
FtoFpDbvs1PyV7TbFqtxL0iVHegk1FDY0NT38mnJ7yeyV930uJ/yFY3mSySKNQXWmoC3lAaSIJm+
FSyx2PKV7EWzUlrMQx1Dcr7SGMkNJ5Q1dwi3lr0R2Vml3u0rtboD3m+gJvc2pIDpiUPSZNIwkQ3s
DXFnwEWmKcgciX1AT+UWCspK3nhgao0icUselmmGKoL6nWlyv6/iYEF1g4b7YVAfUsRZqQ/1pzpC
ICtbVIXKLmPeJguZhUuUG7oUynSMkc5NlUr6rYos8sqqyjNVaDsYiql/RX61XrcEfMwm1kCCUnpy
40nbIwO/7fnabW9TWHmoQdljqiin4kfm+LQYgxotg32NNFBeoKe8jp1efjPGWuAQw8Du8hR6L/ME
5T438CcS/pT5fca9TcYbyZ3BXIM9S+GpFrzIjlF7qgohFVBivRU2ZdTgJAUbWOI26g2A7RQ09+TW
KLvkhcEIiW8uy8s+z95WjFRGEFJ3iJq0sFuVq4l+3itsXmqza/KfxEaelJH3Ymwo4ul0CRm7Uo9B
bHUjWy06MtilXlPwei4XcF26al2QO2Y1nxMJkAnY1qwKmbBQPboE8mTtvCY5nRY5ZqkCm475RdOy
l9ffSExRNK6I7Lhr5c1oKcrtdqquMHpns2y7Ca2aSmyHpaEo5cmXtPWMUScBqRCS1Z5MFMxZlicG
k2FqwSkLYPkSvGlJdpCG/Ocw4KfGEhcI7VYivSBOwO1KT4wYzaU/b5RIVS6Bua3WUaJEqIaC9nW6
kDq7kDnS2fnVsy+QHsl0qiulDpHHlpWzPLRVWUJOyqi/CpMOS40tnVtbT0Xczad9vfaUWVSn6XR1
AXcl3zNd0zeqCyEvoDeVit7aIiwCprBW0E4XVdXITkVfpom+EJdunPrfrOG3fbjAR1Td6tIsvds6
NkJM3g9QWZtu4vxQ5aVqBkhOfca+jat7svyanZ+xw2+/OT87gtxh9sAB8+8gNhJMjngP46DyrU41
f1T+AWuotrIrYe3ffvGih69Lu8HIZ3IzOuOTmYMUr85FJG1V31LScfQe+E3oNsSTKsvktniXZ+vJ
fZenW4FIfk52uznXsh2jTE39yyuKB9LTa7vqGt0WSuBEWuVm9ZqJWjNl+siXtlEhRLtHvQvFQF7O
N/VJScuK/Vg87mfd5uJusonQj3XQFHOfLauuVN9ykPFeOROwrGctBXfyjrILAvHT5ylz5eLXMlYP
FkvCS6Gq7lgoYLHIyPabFb+TSkE6qi9ik2rR8Cbqu1vyaaMN+fCBjO+jqm+WYTeBePoYlubjaPIa
kFLGe3UHsv1i+r3Bxtlr7uhvjOVlk6cqZhA9HDKFwjVdPOTCnIIoZohUhU75sAltssuklYMniSiE
LBWUestdi/wGW1CNLD1RwUH6vK7u2oXyY9iCs4WCNnBysP6mVSFZIjshbvSoTbasUaSdnzUDushN
k+QVNKbOgDdk6m5Tn+bINTtCArwJUESJvHnKE7H5TOXAVrrbNtdGwMZDCWuPdsdzWeEiwqAAVKq1
qlZd0duSfqAkQM7RscSROaQsjoh0uROFYXJnyBN02UEjurE31fkP9SFlwa2GVfqg1Q2IbN12uvWE
ZK4Tugq8N7TxFrvD+o7EINDDSUzUta/NzAWEOVWoGKvlcmXklcQY/m+9pJIR9t1S4zVptqhT7NLv
2fa9JEH6Pj6f12KuW4y6H6n6LvR1qpt9+iR+cEAXZxd0mW+iI4VKGsin3QlVl3D57UHasZGIbwmQ
Y8bg6ADBe8P5bkVXq5RwHjAVAlXvtYYhPaKrETLADYLQKXX4xbC3N0bEWC04bEWQu68Jhz5ZRRjJ
RI2KZELOsqQIqd72AU2FE77TK9T3UwYRuENijoRHOtzer2mAUsrqfb/HA6kquoZibfPlNqzoEE1A
aT5pPUURkiL5dtpQNkH1or7hbWw30G+GO/Sc+3ASoCOMkqSygEF/ScMA+Fbzs+8kLfSg8nv1przQ
LoOa8qjgUpkb5dkGEF0B6Gp1bkMuqG+wKHcMeNpl9UEYiRpvdPF2oLKDRleDsopTiRdl3Gk6xp5L
pMakAfiEIpYaw1weukgoioCDZ4xEDmTksExoKU+ncylaKpNXlfzp9aoTroEc9VDUI4V2aHnKZF9Z
coGy85qCBi/X+yhgeoJ0HPPj9eb4ZP/sDGrXiCIzdC+C8gFNGS8VINXCyaWmfPcWZQwFECRNh+Cp
UDGJFD+/F9ud5ZzZ4FBvSm3Q2UghTQzrT2V4+ZnqGh5AoGrn9EiJgJZMsWWP2mnPoV6gevpYNZFU
Ftazn/0dsiJ2w0nJLTN9bLDhkjLGnJxwhxmHPRFHajfK8cYycJJOkcxoak8goUC8p9t6SOUNqaQS
Dq2jortrVFesqZZClrePMEWjQkvAm6pWO8/0lWMa3p2i1IHHFFHYd3vcfTsQIZ1UbeVHR2jaxCSw
w+ZIyS1vpTZqlafUH7O0Q8IG+tNb9RauWEtEZu1YN2b7+1IBckOqs6PTKhVGYdiRxwNC5HA+lbU+
Nb4laojiQLKfM2af2tIlqcY5dTWZaBOFJ52n8RR0A5VqBUBvsTn7fjMMssX992zylH2P1/JBrruB
IhD2XZ7AYoA8X0Mc59TaUYklTQC42UgBlI9bWHrd9+xzfH50Kc2djb7fIKkSHWxJD0Twp3a/Kx0x
kw+guvKHriFdlt8QoeTxU/uTHoUtFAkcHg+pTJkqhCTU3eENah+Cr2d/IlHdiE7n93SScq+PXHf8
iToP45AutCatBnpNX5tWkmlXW/5KtVC1yqaeGZ6m77ov2VpWqRvFVNE+WlowhY30xdREkS1JRKd8
VQhdF+lmCacLuGpfOa4+AiIlAa6pyoztjlP25Ytn12qQui8C9mX/WV+3G3vRPRS9FGPnPs3rdixz
0T/r4lcdPQ8buSqFodwfgUWfsvBOx9wCoSpZM/Utjq7us86+eVVvzqxlSgU4yNATeZOg6fk06Q+8
IUnV6Tj4UuZScis5fweIbBXokXeDkYksuQe1cKXaIVL+je77JTfUOWpkjwupXZwXebtWBr3RE6DS
QirqKziG6g8QlRI+isV6k4zSFZZ9odJdj8utiNW/EiFvPMzgEA+uupK9hE6HzDanpjc1LfbVy2s8
2Da97y8lPBFIL/G8rNr0yebqwdXNWt0+UP9kxTXlVerbNDRXoTIh3/pk7/sq27eUpTyxIsux9wZv
fTns0PCcU1s1FU+arr7NUYRJVPi97m00TyyUBBjaqZ6fWD6N3S3yVkzIR1OPgEZ050ZebniikNFD
+Qq76lnqUsZmZzWPDsvoQL2ftLpd6TdpTu0sGMv6iaRko/ubQuKJ5KfsREiWvKjieL0dI9sZTKH7
VU+k1dQ64aawoDcbtD3k8+iX/wKQ+i2I
===END CRASH DUMP===
