PocketMine-MP Crash Dump Sun Jan 8 00:34:52 GMT 2023

PocketMine-MP version: 4.12.2 [Protocol 560]
Git commit: 0ee6cdb058d4bd2e058352b3a710177366019c03
PHP version: 8.0.18
OS: WINNT, win

THIS CRASH WAS CAUSED BY A PLUGIN
BAD PLUGIN: EmporiumPrison

Error: Class "Emporium\Prison\Listeners\PlayerListener" not found
File: plugins/EmporiumPrison/src/Emporium/Prison/Main
Line: 44
Type: Error
Backtrace:
#0 pmsrc/src/plugin/PluginBase(118): Emporium\Prison\Main->onEnable()
#1 pmsrc/src/plugin/PluginManager(454): pocketmine\plugin\PluginBase->onEnableStateChange(true)
#2 pmsrc/src/Server(1417): pocketmine\plugin\PluginManager->enablePlugin(object Emporium\Prison\Main#21932)
#3 pmsrc/src/Server(1030): pocketmine\Server->enablePlugins(object pocketmine\plugin\PluginEnableOrder#21902)
#4 pmsrc/src/PocketMine(339): pocketmine\Server->__construct(object BaseClassLoader#4, object pocketmine\utils\MainLogger#3, string[38] C:\Users\brant\Desktop\EmporiumPrison\, string[46] C:\Users\brant\Desktop\EmporiumPrison\plugins\)
#5 pmsrc/src/PocketMine(362): pocketmine\server()
#6 pmsrc(11): require(string[82] phar://C:/Users/brant/Desktop/EmporiumPrison/PocketMine-MP.phar/src/PocketMine.p)

Code:
[35]             new Config(Variables::DIRECTORY . "Server/settings.yml", Config::YAML, $this->defaultServerSettingsData);
[36]             $this->getLogger()->info(Variables::FILE_CREATED_PREFIX . " SERVER SETTINGS FILE");
[37]         } else {
[38]             $this->getLogger()->info(Variables::FILE_LOADED_PREFIX . " SERVER SETTINGS FILE");
[39]         }
[40] 
[41]         $this->getLogger()->info(TF::BOLD . TF::GREEN . Variables::PLUGIN_VERSION . " Enabled!");
[42] 
[43]         $this->getServer()->getPluginManager()->registerEvents(new PlayerFirstJoinListener($this), $this);
[44]         $this->getServer()->getPluginManager()->registerEvents(new PlayerListener($this), $this);
[45]     }
[46] 
[47]     public function onDisable(): void {
[48]         $this->getLogger()->info(TF::BOLD . TF::RED . "Emporium Prison Disabled!");
[49]     }
[50] }

Loaded plugins:
DevTools 1.15.0 by PocketMine Team for API(s) 4.0.0
EmporiumPrison 1.0.0 by  for API(s) 4.0.0

uname -a: Windows NT BRANT-PC 10.0 build 19044 (Windows 10) AMD64
Zend version: 4.0.18
Composer libraries: 
- adhocore/json-comment 1.2.1@651023f9fe52e9efa2198cbaf6e481d1968e2377
- brick/math 0.10.2@459f2781e1a08d52ee56b0b1444086e038561e3f
- daverandom/callback-validator unknown@unknown
- fgrosse/phpasn1 v2.4.0@eef488991d53e58e60c9554b09b1201ca5ba9296
- netresearch/jsonmapper v4.1.0@cfa81ea1d35294d64adb9c68aa4cb9e92400e53f
- pocketmine/bedrock-data 1.13.0+bedrock-1.19.50@57337ddc9433a0e245a1ce48c51af05f0573d58d
- pocketmine/bedrock-protocol 17.1.0+bedrock-1.19.50@c572706cf5e3202718dd35a35dd30fe08cd671de
- pocketmine/binaryutils 0.2.4@5ac7eea91afbad8dc498f5ce34ce6297d5e6ea9a
- pocketmine/callback-validator 1.0.3@64787469766bcaa7e5885242e85c23c25e8c55a2
- pocketmine/classloader 0.2.0@49ea303993efdfb39cd302e2156d50aa78209e78
- pocketmine/color 0.2.0@09be6ea6d76f2e33d6813c39d29c22c46c17e1d2
- pocketmine/errorhandler 0.6.0@dae214a04348b911e8219ebf125ff1c5589cc878
- pocketmine/locale-data 2.11.0@4b33d8fa53eda53d9662a7478806ebae2e4a5c53
- pocketmine/log 0.4.0@e6c912c0f9055c81d23108ec2d179b96f404c043
- pocketmine/log-pthreads 0.4.0@61f709e8cf36bcc24e4efe02acded680a1ce23cd
- pocketmine/math 0.4.3@47a243d320b01c8099d65309967934c188111549
- pocketmine/nbt 0.3.3@f4321be50df1a18b9f4e94d428a2e68a6e2ac2b4
- pocketmine/pocketmine-mp 4.12.2@0ee6cdb058d4bd2e058352b3a710177366019c03
- pocketmine/raklib 0.14.5@85b4e5cb7117d37e010eeadb3ff53b21276c6f48
- pocketmine/raklib-ipc 0.1.1@922a6444b0c6c7daaa5aa5a832107e1ec4738aed
- pocketmine/snooze 0.3.1@0ac8fc2a781c419a1f64ebca4d5835028f59e29b
- ramsey/collection 1.2.2@cccc74ee5e328031b15640b51056ee8d3bb66c0a
- ramsey/uuid 4.6.0@ad63bc700e7d021039e30ce464eba384c4a1d40f
- rhumsaa/uuid unknown@unknown
- symfony/filesystem v5.4.13@ac09569844a9109a5966b9438fc29113ce77cf51
- symfony/polyfill-ctype v1.27.0@5bbc823adecdae860bb64756d639ecfec17b050a
- symfony/polyfill-mbstring v1.27.0@8ad114f6b39e2c98a8b0e3bd907732c207c2b534
- symfony/polyfill-php80 v1.27.0@7a6ff3f1959bb01aefccb463a0f2cd3d3d2fd936
- symfony/polyfill-php81 v1.27.0@707403074c8ea6e2edaf8794b0157a0bfa52157a
- webmozart/assert 1.11.0@11cb2199493b2f8a3b53e7f19068fc6aac760991
- webmozart/path-util 2.3.0@d939f7edc24c9a1bb9c0dee5cb05d8e859490725

----------------------REPORT THE DATA BELOW THIS LINE-----------------------

===BEGIN CRASH DUMP===
eNrtW3lz20aW/yo9dKoi1ZAUbgKcckqOJGe0K1taSR5nNko5DaBBIgIBBoeOTOW77++9bpAgLacq
O1Nb+8c4jgU0ut99A/rHKKvqlWw/Pai6yatyNPfGozZfqdHcDmau7YZW5EydmRV6/njUrfUja+rZ
VjibRZ5ruWHkWZ47HhWyac/quqpH83+M2uc19o30/Xi0Uk0jF7Rygm2NuBudrdZVnXeru7urOm+q
8u7uIm9aVYIMLBXyWdX9wt1IlFUrsqorU8DKuqJ4mxcMbH5396HhI3Ety/bu7lQ19221vrvr4ffQ
10W3yMvm8wdNnWwXt9S8k3k5XS/XhFAjMxCOdgEc4fxm6cis0WEcLPISBz2SaC0TXP4wemWJ9YqO
0P8a4tEV//hWNurAtsPDuXiZmsk3VXlWyrhQB4cA/sr+EqR3soSs6wPP9wBsXSX3ql2BlF4IJN8e
4xboTStbdbKU5UIdtHWnGIczwHGjahjJge3Zs98Fa9BPvlEMVy8eVPHPKmm/wNorx45chzG6L2C0
XGsPo36yi6LpcXyZNM3pZZ2qmlBaGqU3QHnFZ9/h7IHrRl/A+ulTUpUNhJS0PU6SJZv2RSUJujcW
L1DTtXnRaJYvqgWE9ModCwDKy8UPbvij+AP2vDnnBX/o3MYPmHX/C6wHzh7rjVYFHwr0IRgrNtXq
ly6v1YGhJnR+FOulrOdHRyfzI6bpiEk6MhTtu88W6+Td1ZSO7hEzXR+OfvxtPFL/F6Hln/V00KkP
f8rLh6p4UCtVtoCYQkRJO+qfEvk7sPEkqVJF7Lk+norBn1I9ipOqzPLFwd9knZMFN/P56fn12cnt
5fXfxRQsa8s8alTbQgvN9HlV3I3G5th8/vc37y7G4qt2mTeTb1KVya5o9ZEbc+JUtvLwLyDDDfbQ
m1ML1WqTPTicfJOXWTUk5u35xdmnk+uzN7dnp5+urs/enn/PZImbs+u/nV3jx+3t+fvvbgRtvBtp
RLMBot+EKhol/kHr4f+WgIvLN6d/AH80xI8Fz8IC/bQHD76I/PbtfP7t5cUp8NDld9dnZ+9xPaDp
6uLDd+fvPwH/zfnle02PDkDpnwwNnmNQui+iNPHvkG92YzvWarUgK67PHmBjzQGZiTbut3ndtP9R
IcYYKz9gkIfGAjRm71+J8fcQ9ebMIg4Mv73u111c5InIujJpUX2IqjzNG53i5uKhylM2CS/8X2jk
+uyUZd47mtCeJgyCrQ6iAYE+2cBvo9/+nbH/nbH/nbH/mYzdp7qGctqperitqoKvS0kdxHZpPNq0
HiN7avtTC0uya5dV3ZD/beGKWyVXBFmuc3riTS1sxr22qXQ0Jy8Yj1K1VmVKh/GsqbL2dLiwkpx/
e/wk+A0lBUwBz25u31zffrjCwqOKm7wlepdtu24go0XeLrt4mlSrAcdHGxiIHHuZfcvyZyl/yLi1
x/e/iM2XvXfL6tXlze3Hy+uL0x1mR79RISNr0I1wv6eGXutM0hPiPvHAqj2pajodgmA7BMA4QWe5
HK4ksgCJODtcq1af0qotVbuzasq87UJXF8P7VLY7z1G7gdbhymK1Ht4uZbNDS46Q8DBc+JnVtb1f
xdpFdtaquuVduJ86WGhaSQylw03rZFcO1yorFCe44WrDEm12l1Loarhyc3Wxg/65+aUoCZm5EptH
bXWvyvzXXRE8PRmuiVwbC89yRVJES8/U/5qvtdtFU59uizweHsft02pX6hWR51iWa9tOhIWr08sd
1tPqE5O2v4ilfFdhFay1aXY23uSrdaG+f7fD8x4FuK0VRey9xcc639P/ul3STpKwZ/zrarlne8uu
vOcY77CQXJZKvojzUtbPWMLCdEaSUA+qSGOziUAl9fO6rQanICyU1oU2S5K3ZToKqk527DL9TKX5
jhWwqNzhErqHjmPFotO21sP/b7iTuLxKZLIcCBfe+3PeflpxS2FBEsu1IYLQU6Umi0Fg2vFt8luk
xu1ACMKztbXEXV4AuWNbHoTUfEoV/CeTqNyBoq7aKqkA1g+AEWGSqFQqSNLY8sPUi1NH4cL1ndiV
M9uyZzM3CCw7SiwXsDtDy8e8TKvHRry/Fd9ev3l/O7k6ETaUJxi5QAngeeKg32Vbh+LNu9PAGzGT
Q5H9qthPvI01LNefKrKFj+fv39+S/dHNY657L4RJZL5P0GGNCl5xOJPpEhzV6ogCwwR7TDMHx5/a
x4FvW46bRZnyHRWhp0J5EiaxzALlhXZqR0GoHHdGxhPXeXJ/ZGIhyLGmzrHnR5kzC21lSytMAUL5
QWzFtud5Vhgoyw39wFZuxpEOukCUQcpB/CximdxPHmSRIwJSRwzR3ZfVY3lsfpLVLeqqadQReJZN
Sf3MgzOFJI6VyrwwjCI79V3lhyqwksj3vdiKYtux7ET6sYycKAAMxONaNUrWyZIFsJLrNfvXg0e2
d5xkEtRLO4VGIy8NPJnGURKEUnpJHKnI8SxL+czAtiw5ilVa424C2qWOPPCmP/erOhBZx/7MdWdp
mkSe60pLOZ4v7QRiTXxbZpaPvzM3hVG9DHtriiN7RrR+Bj/xZ87MCpLMV65jOTM7TMGGdH38sDJl
hUkazGw4zy58DgocLViPEOmxL5OZUjICXbFMwzTxojDzE+V6iQqcaJb6KsBjuQvpRTVSDeAeB94s
nHlBNAuCOJFyBi2FvuM5KvQTx00cX0EKvnT2AFIhW1QmLBJp1rEXKelabhS5Kkuz2I0SMOcox/aD
1LcAOnSsSM3CPUhVUW1hwC6I/iCdBZmjXDcNQttN3Ch1osRxEi9I7Jmy0z1qeFSDviQtDDkBQKUS
qD1pea4XxpFtqxAOo+LMdvwss8FTGCVJuE9OUVHJ0JsL/I5Mz4tBSZhJ2HCKf9IoCBw5g+BCK1Ax
8ChP+onv7oNaMDHsB0ES2U5iZZHl+wnc1XFtK1SJk9qzKI6CzLO8BKR+BmEySCoaVGBnM8gxTDIX
GkscT3kKJuTIJFUQl0WWC8Xt2eomGHjQuTeTjuemMMUYPhhaUZQGvosfwSyCIdlhaNu270W7IMq4
NdnHPc4817Fj5VtpZksb8s08Baf0nFA6Cj4ZKNDjxN4uhO3lhEslHeiP/0DUHgCr5b2uHhDgvKl/
HPqxp/wkntn2LHVnyrIBFzHCzTLfjR3bmQUJ5By+BGWSr5O+aDmOHEcGCIuxlQTJLJVS+vQ3BMcW
jE8l3swNpdoTcFNW1a/KCMg+tmQSZgmsJLQTz46knQWegoN5KTFnOXDaSDlRTLlWrhr1TI6wLdoo
5DvHCf7MPERqRI0QFVAMV/KsGInAD5QKUzeOgyCx5BZI1+U6CZEHyDRw42SGsDhLLRDvRsq1ENaI
EumGXuIhmnoWRcx62a0aKfvzn0f45nmVVeXzEdUXzXPTKirLHnyYk+0ey8SK/CAKPQ+ByYqkDweJ
EUtJAvA8N1GzGWKfPYCzropnwComfd39AJZnINqP4yR0XESWBB4cBhZ49GYIIQHITzKFAABLYZ4/
gzUooHtwoUxt28sChCPlJFEow9hSbpxGFgzLSRxrBjP1Xe8lcMhmoTWANZNBlrmZHflRDMeRKkuS
2AuQMTIHsQ7/OVkaucGXYNlDWNbMs1z8k4SKvAWBJQtnEYzO9mfSihFsHLrSbdKq+lXW7RFirqp1
RcBxybYTGHYUeREMPAulC07UDARaAUQfSOSKAF5t7wBZIxJMKKlwfHMpUkZulM1UiliSwFJjpFUr
VeRLlp+GSARAYM0cX3dpG5OnoS9gvBLU4YmER79dLXmuRmYisqoWO6XeXflK3C6R5EU/OBayVqJd
KlGVqsGFbEUiSxqRx0rkZVJ0CGq4EHq6MEWqRVHQomAiWDfVCiczArAPs5GZGosKT+qGQIoYUfRe
PFddbWCJPBMoWPMsZwwovGhkXjwT4PfqcQPuyMyvG/FYlV+3gsoSWQt0zhWCak6p9ZkopDGh5vtx
qUrRrRe1TAFgelfelT2w+V0pxKuPS0WEibYCFtTTAGFmNZABKq+GivpUP2ZSdVYSkGehWpYXSuE8
UUInPVpZEWRIPFGTQlLZvlBzwbUyPWiWXYsCtpyYtxdzcTf64a6zLDmL9waWerX+UeiLbCLOG9GV
yPSLChQKavTRhMsyUXcjZudNUVSPosgbYlGYMYx4yKX4r07Vz7TnF7qYmEcDul7peZs5JMCNoApY
QM8QJYGLn4VRAO3XI4nJ5vEQ1Ef4GewI2pBpKlBLaqWRMqCme7FSsulqfkMioKpYEdUQqfqlkwUJ
e5E/YC9KpE6JA4NUONYhQdcY1aRWEFY7gbJoODfHY8b9vlvF0BNs8U3zXCa3srmHudT3sL4pb/jQ
QKHkED2ntG1ZV2XVQefY3ozpADoO3S6RF40F9QlghPoilg28mNZWXQm7oy0a+A0bBXiCbdbVUw67
VBADWGJ7LzfEkWwNQecZWTjtIUsei7z9GuJraz6WqpYGk2Roe4fFAXjo4G0Oi4XZmBhO5wxq38Il
W0fdlSWpM6W+tlqzErjDaqbiVD2Ya7HKF0uEgFo2y/HQZY3lkETqulu3elULjASzAm2GL1YuXJnb
p1S7keTRfte8TAHZCNkcWpgc1jUdGBo2T/SmuaApGPnySgHbs/bk74oqhvHQNEzodfjBKm8pIKzU
QsbPLQQubrSkLZatfh/Ax29JaY85C54NCp7+ONGAehtrmMEsB4UIY4pehRCYrFaqR6ltHMrqyLfF
ooKeKoobZBSEaMFkTpi0ubCIC2DnuK3Ly//3HFDU+T36l7JO/zn6m7ZaMwkm5m5IMuAageixphSc
bggirPtUcQD4yB5hiGu+/heQxz7B9FC0EEmHdFUiXQn1pJKOI2+l6dXeSOlts1s9JUqlzZYdHbQu
b8/m4vav5zfi4vzd+a14c3V1cX52I67OrsXHy+v/PLseC2wSt5fYdSY+/vXy4kxcXV+enN3cTPfd
/0VhXKk6rziBUwhuiL1kqTgYsyw2YdaG2FFCpBxVeMsEQVDpAMugTqoSXCI0w5CI2y/ZmbavxyVl
YkiEgo/expA1EATdbQjv/Ro4Lil7UF3AB6af7yYzMGNxKG2tEioftFyJXK1VfXbDAyxLrZstq65l
eG0OXybJcO4azheyjuEUk22DwLHnZemylxE55pQwpxC1V7LsuFgZUoJCroMFHo77bLBvgr0R6sSa
oQBvNb+rrfdNxaWO9trcUW1UXZFuaMmRPh5LsaW/0YDXTD4YDSzL8ApsbzlOfJYe2XQ0hA1vWV2t
+jSrT5sdk6FhDjVM3BhNfmYb4gWT2rGO/tsFVlkNTFwOaUNOu9VaV2O65BPmwYQe9Po6pU3mANPO
ZPYc4A4JHq4uXxAw0jVSHjA8wMiaplMUFtoltLboq1OKV4RtS9W4V6SuDkwROtXU0NYvymklnyY8
q2562k/kmlbzFQrFmhJrTcBbKgNJkcjQ9GJeU7GVK/mLESV7zOc2huJ8bShihBOqmjukW9vZqOy0
0s/2jVq/we8R6M29D2lgZuOQNS4aJjzA3jBH7+i5TEHlSOIDebq20FDWkpoYoc9oFrfs4ZgRqGao
x0ybe7xaggX1DQbu74P6PUO8K0vVksbmJkOgKltWha4uY9kmS67CmWQUTLAhk2M4uOlWyTzVmSVW
mzpTp7ZXQzX1jyiu1s8tAR+LiT3QIGuPEU/anhjEbT8wYXtbwvJLDaoeU805NT9c49NhLBqypuKv
KANhTK+5rhMnVx/GOAsaYjjYY57C7rlO0OFzA3/C8Oci6CvubTHesHQGe6fiTYpItZRFdoTeU3cI
qYIRG1RAKmjASQY28MRt1hsA22loniisUXUpi6kgIj5clVd9nb3tGKmNIKIekTXpYLcu1xNzv9fY
vDNu1+S/qo0+qSLv1dhQxjPlEip2bR6D3OpFjj50OBVX5kwh6wUfkKZ1NbbAGLNaLogF6ARia9YF
FyzUj65APHm7rElPJ0VOX+Zwg02v+VXTine3H5hSNI1rYjvuWv7mjVW5Raf7imkfbFZtN6FTc6Z2
2Bqqkt98sa9ngiYJKIVQrPZsomHOsjyZCk5TS0lVgMhXkE1LuoM2+ItjxKkx0wKl8edE2Jpw2OVI
jBwtOZ43WqW6lsDe1tgocaL0QMHEOtNInV5yjXR6fvPmW5RHXE51JdsQRWzunPmlra4ScjJG87Fe
Omw1tnxufT1VcbeY9/3aN8KmPs2Uq0uEK34uTE/f6CkEeXPZVDp7G4+wCZimWkM7WVZVw5OKvk1T
fSPOYZzm36KRD326wCW6bn7Gs/FtYCPC+PsAXbWZIc7PVV7qYQBL6mvxfVw9kefX4vxUHHz/4fz0
EHqH24MG7H+E2kgxOfI9nIPatzo18tH1B7yh2uquhLd//+1FD9+0doOVrxkZvePjyoHVa2oR5q3q
R0omjz6Bvgl9DfG6yjJGi2d59jx56vJ0qxCW52R3mnPL4xjtavrjdi0DjvTGr7rGjIUSBJFWh1lz
ZqLPzIV55UtodAox4dFgoRxIn171/UlJx4r9XDzudz3k6nGyydAvTdC0cN+sqo6iR6ZznQkmEFkv
WkruFB15CgL10/VceHz4mnP14DAzXirddcdKA4tVRr7frOUjGwXZqIbOpkXLm6zvbdknRBv2EQOF
3CcVvCSctYRCPn2JSutlMmVNH+AK2Zs7iO0P088NNe7ecCcuqoTdt8lTnTOIHwmdwuCaLh5KYUFJ
FDtUqlMn32xSG0+ZjHHIJFGF4lZBmzdjLfJ7oKAemSNRIcH6oq4e26WOY0AhxVJDGwQ5eH/T6pTM
xE5IGj1pk61oNGvnp82ALwrTpHkNTeh3wBs2zbSpL3P4zI6SAG8CEtEib+7yRG2uqR3Yanc75too
ePq5hk1Ee5Q5d7jIMGgAtWmtq3VX9L5kbqgI4D0ml7hcQ3JzRKwzJkrDFM5QJ5i2g1bMYG9u6h+a
Q3LDrZd1+WDMDYRsw3a6jYTkrhP6qnpvaRMtdpfNNxKDRI8gMdGffW12LqHMuSZlul6t1tO8YooR
/55X1DLCv1savCbNlnTKXea52D5nFjj2ycWiVgszYjTzSD13oY9Q7/f5Y/oQgC5PL+ljvonJFLpo
oJj2qHRfIvnTccLYMOFbBnhtOnh1gOS9kXy3pk+rtHI+EyoUqp8bC0N5RJ9GcIIbJKETmvCr4Wxv
jIyxXkr4iqJwXxMNfbGKNJKpGh3JhIJlSRlSP+0Tmk4ncmdWaL5PGWTgDoU5Ch4OuH1cMwBZy/p5
j+MzrWq+hmpt89U2rZgUTUBpP1k9ZRHSIsV2QshDUHOoH3hPtwjMkyGGXnK/XwSYDKM1qT1gMF8y
MAC+NfLsJ0lLs6jjXr1pL0zIoKE8OriUa6M82wCiTwC6Wr+3oRDUD1h0OAY8E7L6JIxCTTameXul
q4PGdIPcxenCiyruNB0D5wqlMVkArtDE0mBY8ksXhqIZePVGkMpBDC9zQUt1Or2XoqNcvOriz5zX
k3AD5LCHom8ptcPKU8FzZZYCVec1JQ1ZPu+TgO0JynHsj583r0/2353B7BpVZFMzi6B6wHAmSw1I
j3BytpQffkQbQwkERdMBZKp0TiLDz5/UFjPvuRu81JvTGPRupIkmgfVvZWT5tZ4avoJCNeb0UKuA
jsyBsiftpJdQr1CzfayHSLoK68Uv/g5dkbgRpBhlZl4bbKSknTGnINxhx0HPxKHGRjXemBMn2RTp
jLb2DBIJJHv6Wg+l/JSNlOHQOWq6u0ZPxZpqpbi9fUEohhQ6AtlUtcZ8Zz45puXdLdocZEwZRfyw
J90fByqkN1Vb/dErNONiDOygOdR6y1u2RmPyVPpjlwlIQGCuftRPEYqNRrhqx7mx2MdLDcg9mc6O
TetSGI1hRxEPBFHA+Yp7fRp8M2kZ/bLHZs9YfOVwSNKDc5pqCtUmmk56nyZT8A1SqjUA/Qjk4qfN
MthWTz+JyTfiJzzmGz53D0Mg6rs8gceAePkMdZzTaEcXlrQB4O5GGiDfbmGZcz+JP+P6xaO09270
04ZIXegAJd0Qw185PVZ6xUwxgPrKn7uGbDlR2EXF41fOn3oStlAYOCIeSpky1QQx1N3lDWm/B9/s
/hOTulGdqe/pTcqTeeW6E0/0+zAJ7cJq0mpg1/QrT1oz7XorXzYL3ats+pnh2/Td8MWjZV26UU5V
7YuthdDUcCymIQqPJJGd8nWhTF9khiWSPsDVeHldXwIiFQGepduMLca5eHvx5lYv0vRFwb+cv5jP
7cZ+9ARDL9XYfUrzuh1zLfoX0/zqV8/DQa4uYaj2R2Ixb1lkZ3JugVSVPAv9Oxxd3Ved/fCq3ryz
5pIKcFChJ/wlQdPLadK/8IYm9aTj1VuupRgV798BwqMCs/JpsDLhlnvQC1d6HML6b8zcL7mnyVHD
My6UdnFe5O2zduiNnYCUFlrhyk8nPs0lw0ezWG+KUfqEZV+p9K3H1VbF+nf9+IuHOwTEVzddKd7B
pkPhWHPLn1u2+O7dLW4ch573HyW8Vigvcb+q2vT15tODm/tn/fUBdxXiluoq/bs0tFeTMqHY+nrv
t1W2T6lKeW1HtuvsLT4EvOzS8kLSWDVVr5uufsjRhDEp8snMNprXNloCLO10z6/tgNYel3mrJhSj
aUZAK2Zywx83vNbEmKV8Daxml/4oY4NZ76OXZfRCvd+0flibJ2lO4yw4y/Nr5mRj+5tG4jXLkycR
LJKLKo6ft2vkO4Mt9H3Va/aa2hTclBYMssHYg+9Hv/0PsCterQ==
===END CRASH DUMP===
