PocketMine-MP Crash Dump Sun Jan 8 01:50:29 GMT 2023

PocketMine-MP version: 4.12.2 [Protocol 560]
Git commit: 0ee6cdb058d4bd2e058352b3a710177366019c03
PHP version: 8.0.18
OS: WINNT, win

A PLUGIN WAS INVOLVED IN THIS CRASH
BAD PLUGIN: EmporiumPrison

Error: Position world is null or has been unloaded
File: pmsrc/src/world/Position
Line: 70
Type: pocketmine\utils\AssumptionFailedError
Backtrace:
#0 pmsrc/src/entity/Entity(1428): pocketmine\world\Position->getWorld()
#1 pmsrc/src/player/Player(2420): pocketmine\entity\Entity->teleport(object pocketmine\world\Position#171735, null, null)
#2 plugins/EmporiumPrison/src/Emporium/Prison/Commands/SpawnCommand(29): pocketmine\player\Player->teleport(object pocketmine\world\Position#171735)
#3 pmsrc/src/command/SimpleCommandMap(205): Emporium\Prison\Commands\SpawnCommand->execute(object pocketmine\player\Player#27053, string[5] spawn, array[0])
#4 pmsrc/src/Server(1444): pocketmine\command\SimpleCommandMap->dispatch(object pocketmine\player\Player#27053, string[5] spawn)
#5 pmsrc/src/player/Player(1441): pocketmine\Server->dispatchCommand(object pocketmine\player\Player#27053, string[5] spawn)
#6 pmsrc/src/network/mcpe/handler/InGamePacketHandler(729): pocketmine\player\Player->chat(string[6] /spawn)
#7 pmsrc/vendor/pocketmine/bedrock-protocol/src/CommandRequestPacket(51): pocketmine\network\mcpe\handler\InGamePacketHandler->handleCommandRequest(object pocketmine\network\mcpe\protocol\CommandRequestPacket#167991)
#8 pmsrc/src/network/mcpe/NetworkSession(418): pocketmine\network\mcpe\protocol\CommandRequestPacket->handle(object pocketmine\network\mcpe\handler\InGamePacketHandler#151801)
#9 pmsrc/src/network/mcpe/NetworkSession(374): pocketmine\network\mcpe\NetworkSession->handleDataPacket(object pocketmine\network\mcpe\protocol\CommandRequestPacket#167991, string[27] M./spawn..J.Y?_%.qN..%.....)
#10 pmsrc/src/network/mcpe/raklib/RakLibInterface(183): pocketmine\network\mcpe\NetworkSession->handleEncoded(string[30] ..e./.H,.c..u#.>^.b._.:...~...)
#11 pmsrc/vendor/pocketmine/raklib-ipc/src/RakLibToUserThreadMessageReceiver(42): pocketmine\network\mcpe\raklib\RakLibInterface->onPacketReceive(int 0, string[39] ..Wu..........a...p..t..a./....U.=.&8..)
#12 pmsrc/src/network/mcpe/raklib/RakLibInterface(113): raklib\server\ipc\RakLibToUserThreadMessageReceiver->handle(object pocketmine\network\mcpe\raklib\RakLibInterface#25503)
#13 pmsrc/vendor/pocketmine/snooze/src/SleeperHandler(123): pocketmine\network\mcpe\raklib\RakLibInterface->pocketmine\network\mcpe\raklib\{closure}()
#14 pmsrc/vendor/pocketmine/snooze/src/SleeperHandler(82): pocketmine\snooze\SleeperHandler->processNotifications()
#15 pmsrc/src/Server(1703): pocketmine\snooze\SleeperHandler->sleepUntil(float 1673142629.3472)
#16 pmsrc/src/Server(1061): pocketmine\Server->tickProcessor()
#17 pmsrc/src/PocketMine(339): pocketmine\Server->__construct(object BaseClassLoader#4, object pocketmine\utils\MainLogger#3, string[38] C:\Users\brant\Desktop\EmporiumPrison\, string[46] C:\Users\brant\Desktop\EmporiumPrison\plugins\)
#18 pmsrc/src/PocketMine(362): pocketmine\server()
#19 pmsrc(11): require(string[82] phar://C:/Users/brant/Desktop/EmporiumPrison/PocketMine-MP.phar/src/PocketMine.p)

Code:
[61] 	}
[62] 
[63] 	/**
[64] 	 * Returns the position's world if valid. Throws an error if the world is unexpectedly invalid.
[65] 	 *
[66] 	 * @throws AssumptionFailedError
[67] 	 */
[68] 	public function getWorld() : World{
[69] 		if($this->world === null || !$this->world->isLoaded()){
[70] 			throw new AssumptionFailedError("Position world is null or has been unloaded");
[71] 		}
[72] 
[73] 		return $this->world;
[74] 	}
[75] 
[76] 	/**
[77] 	 * Checks if this object has a valid reference to a loaded world
[78] 	 */
[79] 	public function isValid() : bool{
[80] 		if($this->world !== null && !$this->world->isLoaded()){

Loaded plugins:
BuilderTools 1.4.0 by CzechPMDevs, VixikHD for API(s) 4.0.0
DevTools 1.15.0 by PocketMine Team for API(s) 4.0.0
EmporiumPrison 1.0.0 by  for API(s) 4.0.0
LiveXYZ 1.0.1 by dktapps for API(s) 4.0.0

uname -a: Windows NT BRANT-PC 10.0 build 19044 (Windows 10) AMD64
Zend version: 4.0.18
Composer libraries: 
- adhocore/json-comment 1.2.1@651023f9fe52e9efa2198cbaf6e481d1968e2377
- brick/math 0.10.2@459f2781e1a08d52ee56b0b1444086e038561e3f
- daverandom/callback-validator unknown@unknown
- fgrosse/phpasn1 v2.4.0@eef488991d53e58e60c9554b09b1201ca5ba9296
- netresearch/jsonmapper v4.1.0@cfa81ea1d35294d64adb9c68aa4cb9e92400e53f
- pocketmine/bedrock-data 1.13.0+bedrock-1.19.50@57337ddc9433a0e245a1ce48c51af05f0573d58d
- pocketmine/bedrock-protocol 17.1.0+bedrock-1.19.50@c572706cf5e3202718dd35a35dd30fe08cd671de
- pocketmine/binaryutils 0.2.4@5ac7eea91afbad8dc498f5ce34ce6297d5e6ea9a
- pocketmine/callback-validator 1.0.3@64787469766bcaa7e5885242e85c23c25e8c55a2
- pocketmine/classloader 0.2.0@49ea303993efdfb39cd302e2156d50aa78209e78
- pocketmine/color 0.2.0@09be6ea6d76f2e33d6813c39d29c22c46c17e1d2
- pocketmine/errorhandler 0.6.0@dae214a04348b911e8219ebf125ff1c5589cc878
- pocketmine/locale-data 2.11.0@4b33d8fa53eda53d9662a7478806ebae2e4a5c53
- pocketmine/log 0.4.0@e6c912c0f9055c81d23108ec2d179b96f404c043
- pocketmine/log-pthreads 0.4.0@61f709e8cf36bcc24e4efe02acded680a1ce23cd
- pocketmine/math 0.4.3@47a243d320b01c8099d65309967934c188111549
- pocketmine/nbt 0.3.3@f4321be50df1a18b9f4e94d428a2e68a6e2ac2b4
- pocketmine/pocketmine-mp 4.12.2@0ee6cdb058d4bd2e058352b3a710177366019c03
- pocketmine/raklib 0.14.5@85b4e5cb7117d37e010eeadb3ff53b21276c6f48
- pocketmine/raklib-ipc 0.1.1@922a6444b0c6c7daaa5aa5a832107e1ec4738aed
- pocketmine/snooze 0.3.1@0ac8fc2a781c419a1f64ebca4d5835028f59e29b
- ramsey/collection 1.2.2@cccc74ee5e328031b15640b51056ee8d3bb66c0a
- ramsey/uuid 4.6.0@ad63bc700e7d021039e30ce464eba384c4a1d40f
- rhumsaa/uuid unknown@unknown
- symfony/filesystem v5.4.13@ac09569844a9109a5966b9438fc29113ce77cf51
- symfony/polyfill-ctype v1.27.0@5bbc823adecdae860bb64756d639ecfec17b050a
- symfony/polyfill-mbstring v1.27.0@8ad114f6b39e2c98a8b0e3bd907732c207c2b534
- symfony/polyfill-php80 v1.27.0@7a6ff3f1959bb01aefccb463a0f2cd3d3d2fd936
- symfony/polyfill-php81 v1.27.0@707403074c8ea6e2edaf8794b0157a0bfa52157a
- webmozart/assert 1.11.0@11cb2199493b2f8a3b53e7f19068fc6aac760991
- webmozart/path-util 2.3.0@d939f7edc24c9a1bb9c0dee5cb05d8e859490725

----------------------REPORT THE DATA BELOW THIS LINE-----------------------

===BEGIN CRASH DUMP===
eNrtXGt7G8d1/isT0o2plAD2fkEeqpRFOVarCytSlVNDlWd3Z4E1gV14L7w4cX9733NmFliAlGK7
fp72g5zEBGZnzrznMue2g/ztIK/qlWw/XKu6KaryYOodH7TFSh1M7SB0bc8JnHjsur7n+ccH3Vo/
cuOxY/ueHUW2H9hOGB8fLGXTPqvrqj6Y/u2gvVtj1sG6Sq9UuypKNZt1bbFsZrMnTdOtQKUqv5bF
UmV6yfHBSjWNnNOi86op6Lm4qeplJopGlN1yKapaLGQjEqVK0ZXLSmYqw7ocz74GIdptIevpZPJ0
OnnbgJlJUsuynZyp5qqt1pNnq3VVF93qvC6aqpycM7SXgDZ6eT6mpZOmTie856SHgPE17WHor2jG
/VmYsQSdg2loQXS1TPHxu4NDS2wXqLIt2rvJM/5zBKFGj6ZiKB2mOJv1JEeP56p9R2NHj0D+0B7Q
Wi/lnaon5/znyPEca4+W3mw207uNHrdqqcB7e1QlP6i0/dS+h3Zoh65/zCLX/+b9HbFedvOibPbF
SID6oYkZe1qtVrLMmsnFWt6U5tuRE+/B1Hxgb/77W2AyNHcgmlTvNbkoVuulMju/lOsjx/Kxew8U
hBjpbNZDnc2GWEeP1a1Ku1Y9BGUX9qETWr57LJq2Lsr5d/570RChYyHrWt59Z71njN4A44WqcdRg
A563JxCDHlj24I8eZwXItuniNwNiGP5HrQho7D00Gud2616P/ysEwQBBqVqo9WqyStdqsgDpJfA8
L/8iV+pcEvFv9NhR+A9NJ13I9sjsF7wXk+2GodnwWpVZVU+2RCaJymp8G63rqq3SasmYDJNv1I+d
aloN48jfF41BPpsR9NnMYJ/NHgA/eqyf7hJ+SIh7RHtYGxvdwXQI3xzHNrMYfUymr/SXC3hWnJkj
eOtP8/HpLXtOfgH2Twnk0PbtyNLI41+I3A29TyPfnd8jPZOtNCr8neS9MWonfC9ejrWdjcf/Ov7r
v3z4p/GPr8bjfxrTP9pnWx9jr5ZXyyKZvJFXL4rkedmqOkfQOLIj97ew+axMK8TC3v5d670Yj9V4
Mv7meJyOx93h+PF/jZPxh/EUyP57g87+6MnQ8EbFWkPXMC8rCqqXi1rJ7KWO1W9UqgryZZ7zadya
4Gy2x/DocVVq8RpKR0XZCmsjZDcmTt51480/Ev9bj8ctfZrQwNvxyfiPUc+S82sFbpPAe3QNO7zZ
DHz3UD/B9K84Dh9h/9DxfcvVyN2PKqMpq+onpSPHUqm1qnu3aDvubxT7L1jzt3RZNV2tfjb5h/cb
AEb7ZqGnIrTszAMeOGJI91XVFnmRSorwjdnXfyByhpb7Cwk39P0t0qDlUY6MsRXDlNYLHb1H8MAe
VvCxeNgW6dW5BlzVBmU4oLBNLI9cN/4IkQ8fUvDY1l268U1fyUY9RRLdvKDUtj70jsUDpmWy6Jey
KF9U8znmbSOtG70XT6ezGWe/sxmnv7OZyX+RDu5kbrPZZp0X/Kp1JhOczTTv0Ud4D+5pX4tWrzKu
H0eQTiBcbVGr3oNFznvxe+Ty2+Hx+tHB+5+PD9T/QX3yi2sH4NOi/VCU19XyWq2QyGNpUWYQTtoe
9M8xtisAPKEQQIwFNp7O2p8xFDj4SH9dHpr86U/0xeMv4k/ijWq7umxEu1BQk0bzZdMzlYtruSyy
sYDzq24aIUvBwqMntGLDe1eq2zXQqWx5JwCcV9FGvtmIPgf9pqetJvcxKQehmTmhLxF/WXfJskhF
3pUpi31bGYmp4E9/o8kxT57BhRx90S6KZvRYYzw5OdEK+vvfxR+GT0aPC33WQOkRkQgtQ2LWMkxR
qpuHkR7Nfo0VzA4e/ZnI24Y8KSc0ygldM1izOsQQIC/yNvoMfbMkGOgz7AUmni5UetVo/QCN8R0E
Rmpd4pjlqlZlqkRbYVCD0/iJUjQQfRg/KPqi+Q+ixJJPqmpJUousjwj+D73g//jHTwr+589F8+ei
+XPR/Llo/lw0fy6aPxfNn4vmz0Xz56L5c9H8/6No7mvOhorLr7piCSlfIvPn76Wkd4G7w8cHmxeJ
B/bYG1sYkV27qOqGEvynP6l0cf7yTF3T1P8obourb85oG7ku6DkWYAm+q1ImKLcOptC3Oj7IYKJI
OTEFz5oqb8+GAyvJVXFKxNerDMShEY2qJVSz2R5Gqn2olH99cfnu9ZsXZxi6UQnyZOJn0bbrBnKc
F+2iS8bIMCcD2JMdUiheMLgvkc3QrjRsf18cW2mLSyVXv5cg+v3JIK/3eL64fPLm8u35P+J4i2yy
oQFm9xoPW5bvdSSGjFt7fP9ObN4vTeiI/yP1EhsvEI2+/et/DvD3I/vA7V2FZVetXK+b30tRhtxs
ZrbffPjHTFC7SNYAjwi1Z0v9gWZUt60qiR+2z6dVTasjYiwCwSRdyXYxHEnlEiixdjhWrT5kVYuo
tzNqmmjbga5eDr9nst15nhdLYB2OzFfr4deFbHawFPD318OBH9jmtt9XifZ+O2OohnkWvo8dDDSt
JIay4aR1uiuHNypfKu5xDEcblmizO5TB4IYjF+cvdra/a35clrSZ+SQ2j9rqSpXFT7siuL01XBNc
MrY7uSIpOmOH0f9UrLXviMc+fUWiMVyOr7erXalXBM+xLNe2nRgD52evd1jPqg8MbX8QQ8WuwioY
bNPsTNRV9rcvd3jeQ4CvlPvt8bla3tTFnv7XLWeJJGHPOInzxZ7tLbryigO4w0JyWSrFPClKWd9h
CAPjkCShrtUyS8wkIpXWd+u2GqyCsDIoWpslydsyDdqizKsdu8zuqbTYsQIWlTscqhXMn87ZvNO2
1tP/Txwn8fo8leliIFyc3h+K9sOK27YWJLFYGxC0vSpVLZcD77RztuncIu/Z3tiB8GxtLRz0DqaO
bXkQUvMBofBgmstlA4fUF2sHUz/AjvD1hFKpIM0Sy48yL8kchQ+u7ySuDG3LDkM3CCw7Ti0XtDuD
5V2BbPamEa8uxVdvnry6HJ0/FTaUJ3hzYceW54mjfpZtPRJPXp4F3gEzORTZT4rPibexhsX6Q0W2
8O75q1eXZH/05abQ/W34eiQ1H6DDWtaFYncmswU4qtWEHMOIWkG6ZY6DP7ZPA9+2HDePc+U7Kla5
dOw4ShOZB8qL7MyOg0g5bkjGk9RIUCfGFwKONXZOPT/OnTCylS2tKAMJ5QeJlVAPyooCZbmRH9jK
zdnTQRfwMoib8J/LBPXZiHuusqX3DRDdVVndlKfmL1ndvK6aRk3As2xK6gxfO5QtnSqVe1GEsjnz
XeVHKrDS2Pe9xIoT27HsVPqJjJ04AA3441o1StbpggWwQijh83Xtke2dprkEemln0GjsZYEnsyRO
g0hKL01iFTueZSmfGXigxQPsUnsenKZ/7ke1I7JO/dB1wyxLY891paUcz5d2CrGmvi1zy8d/QzeD
UT1Me2uKB3ZIWO/RT/3QCa0gzX3lOpYT2lEGNqTr44+VKytKsyC0cXh26bNTYG/BeoRIT32ZhkrJ
GLgSmUVZ6sVR7qfK9VKFkibMfBXgsdyl9KAaKR9wTwMvjEIviMMgSFIpQ2gp8h3PUZGfOm7q+ApS
8KWzR5CqFG651waaderFSrqWG8euyrM8ceMUzDnKsf0g8y2QjhwrVmG0R6laVlsasAvCH2RhkDvK
dbMgst3UjTMnTh0n9YLUDpWd7aHhdzmm48SkApDKJLb2pOW5XpTEtq0iHBiV5Lbj57kNnqI4TaN9
OMuKUobeXHDuyPS8BEiiXMKGM/wri4PAkSEEF1mBSrCP8qSf+u4+qTmD4XMQpLHtpFYeW76f4rg6
rm1FKnUyO4yTOMg9y0sB9R6F0SCoaFKBnYeQY5TmLjSWOp7yFEzIkWmmIC6LLBeK27PVjTPwoHMv
lI7nZjDFBGcwsuI4C3wXf4IwhiHRPUjb9r14l0SZtCb6uKe55zp2onwry21pQ765p3AoPSeSjsKZ
DBTwOIm3S2H7ccSpknb0p7/Ca99rUWkH543908hPPOWnSWjbYeaGyrJBFz7CzXPfTRzbCYMUco4e
okKNrj5pOY0dRwZwi4mVBmmYSSl9+m8Eji0Yn0q90I2k2hOw7j8YAdmnlkyjPIWVRHbq2bG088BT
OGBeRsxZDg5trJw4oVgrV426o4OwTdrI5TunKf4JPXhqeI0IGVCCo+RZCQKBHygVZW6SBEFqyS2R
rit0EKITILPATdIQbjHMLIB3Y+VacGuERLqRl3rwpp5FHrNedKtGyn79fQ/f3K3yqrybUH7R3DWt
orTs2oc52e6pTK3YD+LI8+CYrFj6OCAJfClJACfPTVUYwvfZAzrrankHWstRn3dfg+UQoP0kSSPH
hWdJcYKjwAKPXggXEgB+mis4AFgK83yP1iCB7slFMrNtLw/gjpSTxpGMEku5SRZbMCwndawQZuq7
3kPkEM34dWBPK5RBnru5HftxgoMjVZ6miRcgYuQOfB3+4+RZ7AYfo2UPaVmhZ7n4VxopOi1wLHkU
xjA62w+llcDZOPRJl0mr6idZtxP4XFXrjID9km2nMOw49mIYeB5JF5yoEACtAKIPJGJFgFNt7xBZ
wxOMKKiwf3PJU8ZunIcqgy9JYakJwqqVKTpLlp9FCATYwAodX1dpG5Mf33GifCioTBUobvJi3tXc
uhNkJiKvarGT6s3KQ3G5QJAXjWpbKKoRslb8Br4qFb28l61IZVlWrUiUKMp02dFLXZDXnaMxQi2S
ghYJE9G6qFZYya/w92k2MlfHosKTuiGSIoEXvRJ3VVcbWvRuGQlrkRe8AxIvupawvCPCr9TNhtwE
Sbbsli1dJii/bAWlJbIWqKIrONWCQitdFdDvqZnvmwW9Ll/Pa5mBwHhWzsqe2HRWCnH4bqEIGL24
biifBgnTiIMMkHk1lNRn+jFD1VGJXscvVcvyQipcpErooEcjK6IMiadqtJSUts/VVHCuTA+aRdci
gS1H5uLHVMwOvpt1liXDpO87CNN24NH6vdAf8pF4TvciEOnnFRAKqvVRhMsyVbMDZufJclndiGXR
EIv9W2JxXUjx752q72jOj/RhZB4NcB0+4zaDWSTAjaAMWEDPECWRS+6EUQDN112J0ebxkNS7gm4s
lNCGzOh6QKOVRsqghq1YKUntbEqq6YJDogg1RKp+7OSShD0vrjEXKVKnxJHZVDjWI6Kud1Sjmt9P
j6As6rxO8Zj3ftWtEugJtvikuSvTS9lc0VWEK1jfmCe8baBQOhA9pzRtUVdl1UHnmN4cm7sXulyi
U3QsqE6o9aselg1OMY2tutL0yDXxCzYK8ATbrKvbAnapIAawxPZebsCRbA2g5zlZON+dgCUfi6L9
EuJra16WqZa6zmRoe4vFEXjocNocFguzMTKcTpnUvoVLto66K0tSZ0Z1bbVmJXCF1YzFmbo2n8Wq
mC/gAmrZLI6HR9ZYDkmkrrt1q0e1wEgwK2AzfLFycZS5fMr0MZLXVZEB9sMIyEZqvjbUFLCu8cDQ
MHmkJ00FNcLoLK8UdrvTJ/kvyyqB8VBDTOhxnINV0ZJDWKm5TO5aCFxcaElbLNuiIdK8/JKUdlOw
4NmgcNJvRppQb2MNM5gXQEjXlq4JN8jktVL9ltrGoayOzraYV9BTRX6DjII2mjPMEUObCou4wO7s
t3V6+f+eA/I6n8K/kHX2v8PftNWaIRifu4FkyDUC3mNNITjbAKJd91GxA3jHJ8KAa778HeDxmWA8
5C1E2iFclQhXQt9TIcuuyv4y25XaXG3j2eo2VSprtuxop/X68tlUXH7z/EK8eP7y+aV4cn7+4vmz
C3H+7I149/rNvz17cywwSVy+xqxn4t03r188E+dvXj99dnEx3j/+DwrjXNVFxQGcXHBD7KV0s6uX
xcbN2hA7UoiMvQpPGcEJKu1gmdTTqgSXcM0wJOL2Y3am7etmQZEYEiHno6cxZU0ETnfrwvtzjT1e
U/SgvIAXjO/PJjMwnXEoba1SSh+0XAmu1qpeu+EBlqXWzZZV1zK8No8ehmQ4dw3nc1knOBSjbYHA
vudh6fIpIzhmlTCr4LVXsuw4WRkiQSLXwQIfHffRYN8EeyPUgTVHAt5qflfb0zcWr7W31+aObKPq
ltkGS4HwcVOKLf5GE14zfDAaWJbhFbt9zX7iXnhk09EUNrzldbXqw6xebWaMhoY51DBxYzR5zzbE
Aya1Yx0XfYJJKquxE6dD2pCzbrXW2ZhO+YR5MKIHvb7OaJJZwNgZZs8BviHA46jLBwSMcI2Qhx2u
YWRN0ylyC+0CWpv32Sn5K9pti+q4V6TODkwSOtZoaOpH5bSStyPuVTc99qdyTaPFColiTYG1JuIt
pYGkSKHvY2kUW7nSeTGi5BNz38aQnK8NIt5wRFlzh3BrOxuVnVX62b5RU1pETk9voCf3Z0gTMxOH
rOlLm9zA3jB3BiycpiBzJPEBns4tNJU131AReo1mccselhmBaob6nWlyv6+W4JLqBkP306Q+ZYiz
0tzXmJoIgaxsUS11dpnQNT3OwhkyEibYkIkx7Nx0qWSe6siSqE2eqUPb4VBN/SPyq/VdS8SPxcge
aJC1xxuP2h4M/LYfGLe9TWH5pQZlj5nmnIofzvFpMQYNrLH4BmkgjOmE8zrx9PztMdYCQ4IDdlNk
sHvOE7T73NAfMf2pCPqMe5uMNyydwdyxeJLBUy3kMp+g9tQVQqZgxGYrbMp3isnABidxG/UGxHYK
mltya5RdyuVYEIi35+V5n2dvK0YqIwjUDaImLezW5Xpkvu8VNi/NsWuKn9RGn5SR92psKOKZdAkZ
uzaPQWz1YkcvejQW52bNUtZzXiBN6WpsgXfMazknFqATiK1ZLzlhoXp0BfB02mVNenq6LDBLF9i1
viwnXl6+ZaQoGtfEdtK1ggp6VuV2O11XjHtns2q7Ea2aMtphaahKfvPFZz0X1ElAKoRktWcTBXOe
Fynd7S8afUO8FMUKsmlJd9AG/yQcfuqYsUBp1wx6QZKA22VPjBgt2Z83WqU6l8Dc1tgocaJ0Q8H4
OlNInb3mHOns+cWTr5AecTrVlWxD5LG5cuaXtjpLKMgYzU8ismGpseVze9YzlXTzaV+vPRY21Wkm
XV3AXfFzYWr6Rnch6DSXTaWjtzkRNhHTqDW1p4uqarhT0Zdpqi/E2Y1T/1s08roPF/iIqltftaVn
W8dGwPiKgM7aTBPnh6oodTOAJfWl+Dapbunk1+L5mTj69u3zs0fQO449MGD+DdRGiikQ73E4qHyr
MyMfnX/gNFRb3ZU47d9+9aKnb0q7wciXvBm94+PMgdVrchHmrepbSiaO3gLfiG5GnFR5ztviWZHf
jW67ItsqhOU52u3mXHI7Rh81/f8+oGXAnt6cq64xbaEUTqTVbtasGek1U2Fe+dI2OoQY92h2oRgo
y/mmPilp2XI/Fh/3s64LdTPaROiHOmhauE9WVUfeI9exzjgTiKwXLQV38o7cBYH66fNUeLz4Dcfq
wWJmvFS66k6UJpaonM4+35Tlo7To7YxNi4Y3Ud/bsk8bbdiHDxRyH6q5NIjdFOLpQyith2HKGpQy
IXtzB9h+Mf3doHH3mjvJsuJfpZRNkemYQfxI6BQG13TJUApzCqKYoTIdOvnLJrRxl8kYh0xTtVRc
Kmjz5l2XxRW2oBqZPdFSgvV5Xd20C+3HsIUUC01t4ORw+ptWh2QGOyJp9NBGW9Fo1p6fNQO+yE2T
5jU1od8Bb9g03aY+zeE1O0oCvREgokTefCtStflM5cBWu9s210bB4/saNh7tRhZc4SLCdMqY1rpa
d8v+LJkvlATwHBNLXM4huTgi1nknCsPkzpAnmLKDRkxjb2ryH+pDcsGth3X6YMwNQLZuO9t6Qjqu
I7qHvTe08Ra7w+aOxCDQw0mM9N21zcwFlDnVUMbr1Wo9LipGDP93t6KSEee7pcZr2myhU+wyz8X2
ObPAvk/O57Wamxaj6Ufqvgv9culqnz/GBwf0+uw13dMcmUihkwbyaTdK1yWSf2JGOzYMfMsAj40H
rw4QvDeS79Z0tUor555QoVD93FgY0iO6GsEBbhCEnlKHXw17e8eIGOuFxFlR5O5rwtAnq2v+7Rgq
khE5y5IipH7aBzQdTuROr9DcTxlE4A6JORIedri9XzMEWcv6eb/HPa1qvoZqbYvVNqyYEE1EaT5Z
PUUR0iL5dtqQm6BmUd/wHm83ME+GO/SS+3QSYCKM1qQ+AYP+kqEB8q2RZ99JWphB7ffqTXlhXAY1
5VHBZZwbFfmGEF0B6Gr93oZcUN9g0e4Y9IzL6oMwEjXZmOLtUGcHjakGuYrTiRdl3Fl2jD1XSI3J
AvAJRaz5iZUwVDQDh08EqRxgeJgTWsrT6b0ULeXkVSd/Zr3uhBsij3oq+iuFdlh5JrivzFKg7Lym
oCHLu30ImJ4iHcf85G7z+mT/3RnMrlHLfGx6EZQPGM5kqQnpFk7BlvLde5QxFECQNB1BpkrHJDL8
4lZtd+Y5s8FLvSm1QWcHGjQJrH8rI8svddfwEArVO2ePtApoyRRb9tD6X9RtFGqmH+smks7CevGL
v0JXJG44Kd4yN68NNlLSh7EgJ0y/vzzqmXikd6Mc75gDJ9kU6Yym9gwSBJI93dZDKj9mI2U6tI5/
8tvorlhTrRSXtw8IxUChJZBNVeudZ+Y2OQ3vTtHmIBOKKOK7Pem+H6iQ3lRt9Uev0MwR0z+0ax5p
vRUtW6MxeUr9Mcs4JGxgPr3XT+GKjUY4a5f0K879fakAuSLT2bFpnQqjMOzI4wEQOZwvuNanxjdD
QxQHyH7OsfjCYZekG+fU1RSqTTVOep8mM/ANKNUahN5jc/H9Zhhsq9vvxeix+B6P+Quvu4IhEPqu
SHFiAF7eQR3PqbWjE0uaAHKzA02Qv25pmXXfi3/G5weX0tzZwfcbkDrRwZb0hRj+wul3pVfM5AOo
rvyha8iW+cc/lDx+4fyhh7ClwsTh8ZDKlJkGxFR3hzfQPkXfzP4DQ92ozuT39Cbl1rxy3fEn+n2Y
hHZhNVk1sGvEIOP52/VWvmwWulbZ1DPDt+m77otbyzp1o5iq2gdLC6HRsC+mJgq3JBGdivXS/Ni+
Mc0SSRdw9b48rj+CIiUBnqXLjO2OU/H1iyeXepC6Lwrny/mzuW537Me3MPRSHbu3WVG3x5yL/tkU
v/rV87CRq1MYyv0RWMxbFtmZmLtEqErvhP6BTlf3WWffvKo376w5pQIdZOgp3yRoejmN+hfe0KTu
dBx+zbkUb8Xzd4hwq8CMfBiMjLjkHtTClW6HsP4b0/dLr6hz1HCPC6ldUiyL9k4f6I2dAEoLrehf
V411f4C4ZPooFutNMkpXWPaVSnc9zrcqfsoXPvjGwwwO8fCiK8VL2HQkHGtq+VPLFn95eYkvjkPP
+0sJJwrpJb6vqjY72Vw9uLi607cPuKoQl5RX6R9K0VwNZUS+9WTvp0jbp5SlnNix7Tp7g9cBD7s0
PJfUVs3USdPV1wWKMIYib01vozmxURJgaKd6PrEDGrtZFK0akY+mHgGNmM4NX2440WDMULHGrmaW
vpSx2VnPo5dl9EK9n7S+XpsnWUHtLByWuxPmZGP7m0LihOXJnQgWCWUIzXaMzs5gCt2vOuFTU5uE
m8KC2WzQ9uDvBz//D4p2wBI=
===END CRASH DUMP===
