PocketMine-MP Crash Dump Sun Jan 8 01:49:21 GMT 2023

PocketMine-MP version: 4.12.2 [Protocol 560]
Git commit: 0ee6cdb058d4bd2e058352b3a710177366019c03
PHP version: 8.0.18
OS: WINNT, win

A PLUGIN WAS INVOLVED IN THIS CRASH
BAD PLUGIN: EmporiumPrison

Error: Position world is null or has been unloaded
File: pmsrc/src/world/Position
Line: 70
Type: pocketmine\utils\AssumptionFailedError
Backtrace:
#0 pmsrc/src/entity/Entity(1428): pocketmine\world\Position->getWorld()
#1 pmsrc/src/player/Player(2420): pocketmine\entity\Entity->teleport(object pocketmine\world\Position#167569, null, null)
#2 plugins/EmporiumPrison/src/Emporium/Prison/Commands/MinesCommand(30): pocketmine\player\Player->teleport(object pocketmine\world\Position#167569)
#3 pmsrc/src/command/SimpleCommandMap(205): Emporium\Prison\Commands\MinesCommand->execute(object pocketmine\player\Player#27031, string[5] mines, array[0])
#4 pmsrc/src/Server(1444): pocketmine\command\SimpleCommandMap->dispatch(object pocketmine\player\Player#27031, string[5] mines)
#5 pmsrc/src/player/Player(1441): pocketmine\Server->dispatchCommand(object pocketmine\player\Player#27031, string[5] mines)
#6 pmsrc/src/network/mcpe/handler/InGamePacketHandler(729): pocketmine\player\Player->chat(string[6] /mines)
#7 pmsrc/vendor/pocketmine/bedrock-protocol/src/CommandRequestPacket(51): pocketmine\network\mcpe\handler\InGamePacketHandler->handleCommandRequest(object pocketmine\network\mcpe\protocol\CommandRequestPacket#165568)
#8 pmsrc/src/network/mcpe/NetworkSession(418): pocketmine\network\mcpe\protocol\CommandRequestPacket->handle(object pocketmine\network\mcpe\handler\InGamePacketHandler#152962)
#9 pmsrc/src/network/mcpe/NetworkSession(374): pocketmine\network\mcpe\NetworkSession->handleDataPacket(object pocketmine\network\mcpe\protocol\CommandRequestPacket#165568, string[27] M./mines._LKJ.i.1.O..,.....)
#10 pmsrc/src/network/mcpe/raklib/RakLibInterface(183): pocketmine\network\mcpe\NetworkSession->handleEncoded(string[30] ..e....K-f.......2....W.u}....)
#11 pmsrc/vendor/pocketmine/raklib-ipc/src/RakLibToUserThreadMessageReceiver(42): pocketmine\network\mcpe\raklib\RakLibInterface->onPacketReceive(int 0, string[39] ........l..2.c5...."X..)...D}......J...)
#12 pmsrc/src/network/mcpe/raklib/RakLibInterface(113): raklib\server\ipc\RakLibToUserThreadMessageReceiver->handle(object pocketmine\network\mcpe\raklib\RakLibInterface#25503)
#13 pmsrc/vendor/pocketmine/snooze/src/SleeperHandler(123): pocketmine\network\mcpe\raklib\RakLibInterface->pocketmine\network\mcpe\raklib\{closure}()
#14 pmsrc/vendor/pocketmine/snooze/src/SleeperHandler(82): pocketmine\snooze\SleeperHandler->processNotifications()
#15 pmsrc/src/Server(1703): pocketmine\snooze\SleeperHandler->sleepUntil(float 1673142561.4744)
#16 pmsrc/src/Server(1061): pocketmine\Server->tickProcessor()
#17 pmsrc/src/PocketMine(339): pocketmine\Server->__construct(object BaseClassLoader#4, object pocketmine\utils\MainLogger#3, string[38] C:\Users\brant\Desktop\EmporiumPrison\, string[46] C:\Users\brant\Desktop\EmporiumPrison\plugins\)
#18 pmsrc/src/PocketMine(362): pocketmine\server()
#19 pmsrc(11): require(string[82] phar://C:/Users/brant/Desktop/EmporiumPrison/PocketMine-MP.phar/src/PocketMine.p)

Code:
[61] 	}
[62] 
[63] 	/**
[64] 	 * Returns the position's world if valid. Throws an error if the world is unexpectedly invalid.
[65] 	 *
[66] 	 * @throws AssumptionFailedError
[67] 	 */
[68] 	public function getWorld() : World{
[69] 		if($this->world === null || !$this->world->isLoaded()){
[70] 			throw new AssumptionFailedError("Position world is null or has been unloaded");
[71] 		}
[72] 
[73] 		return $this->world;
[74] 	}
[75] 
[76] 	/**
[77] 	 * Checks if this object has a valid reference to a loaded world
[78] 	 */
[79] 	public function isValid() : bool{
[80] 		if($this->world !== null && !$this->world->isLoaded()){

Loaded plugins:
BuilderTools 1.4.0 by CzechPMDevs, VixikHD for API(s) 4.0.0
DevTools 1.15.0 by PocketMine Team for API(s) 4.0.0
EmporiumPrison 1.0.0 by  for API(s) 4.0.0
LiveXYZ 1.0.1 by dktapps for API(s) 4.0.0

uname -a: Windows NT BRANT-PC 10.0 build 19044 (Windows 10) AMD64
Zend version: 4.0.18
Composer libraries: 
- adhocore/json-comment 1.2.1@651023f9fe52e9efa2198cbaf6e481d1968e2377
- brick/math 0.10.2@459f2781e1a08d52ee56b0b1444086e038561e3f
- daverandom/callback-validator unknown@unknown
- fgrosse/phpasn1 v2.4.0@eef488991d53e58e60c9554b09b1201ca5ba9296
- netresearch/jsonmapper v4.1.0@cfa81ea1d35294d64adb9c68aa4cb9e92400e53f
- pocketmine/bedrock-data 1.13.0+bedrock-1.19.50@57337ddc9433a0e245a1ce48c51af05f0573d58d
- pocketmine/bedrock-protocol 17.1.0+bedrock-1.19.50@c572706cf5e3202718dd35a35dd30fe08cd671de
- pocketmine/binaryutils 0.2.4@5ac7eea91afbad8dc498f5ce34ce6297d5e6ea9a
- pocketmine/callback-validator 1.0.3@64787469766bcaa7e5885242e85c23c25e8c55a2
- pocketmine/classloader 0.2.0@49ea303993efdfb39cd302e2156d50aa78209e78
- pocketmine/color 0.2.0@09be6ea6d76f2e33d6813c39d29c22c46c17e1d2
- pocketmine/errorhandler 0.6.0@dae214a04348b911e8219ebf125ff1c5589cc878
- pocketmine/locale-data 2.11.0@4b33d8fa53eda53d9662a7478806ebae2e4a5c53
- pocketmine/log 0.4.0@e6c912c0f9055c81d23108ec2d179b96f404c043
- pocketmine/log-pthreads 0.4.0@61f709e8cf36bcc24e4efe02acded680a1ce23cd
- pocketmine/math 0.4.3@47a243d320b01c8099d65309967934c188111549
- pocketmine/nbt 0.3.3@f4321be50df1a18b9f4e94d428a2e68a6e2ac2b4
- pocketmine/pocketmine-mp 4.12.2@0ee6cdb058d4bd2e058352b3a710177366019c03
- pocketmine/raklib 0.14.5@85b4e5cb7117d37e010eeadb3ff53b21276c6f48
- pocketmine/raklib-ipc 0.1.1@922a6444b0c6c7daaa5aa5a832107e1ec4738aed
- pocketmine/snooze 0.3.1@0ac8fc2a781c419a1f64ebca4d5835028f59e29b
- ramsey/collection 1.2.2@cccc74ee5e328031b15640b51056ee8d3bb66c0a
- ramsey/uuid 4.6.0@ad63bc700e7d021039e30ce464eba384c4a1d40f
- rhumsaa/uuid unknown@unknown
- symfony/filesystem v5.4.13@ac09569844a9109a5966b9438fc29113ce77cf51
- symfony/polyfill-ctype v1.27.0@5bbc823adecdae860bb64756d639ecfec17b050a
- symfony/polyfill-mbstring v1.27.0@8ad114f6b39e2c98a8b0e3bd907732c207c2b534
- symfony/polyfill-php80 v1.27.0@7a6ff3f1959bb01aefccb463a0f2cd3d3d2fd936
- symfony/polyfill-php81 v1.27.0@707403074c8ea6e2edaf8794b0157a0bfa52157a
- webmozart/assert 1.11.0@11cb2199493b2f8a3b53e7f19068fc6aac760991
- webmozart/path-util 2.3.0@d939f7edc24c9a1bb9c0dee5cb05d8e859490725

----------------------REPORT THE DATA BELOW THIS LINE-----------------------

===BEGIN CRASH DUMP===
eNrtXPtz28a1/le2UqaRW5HC+8GOPXIsp3Frx7qWUqcNPc4CWJCIQIDFQ4+0+d/vd84uSJCS3STN
zL0/2M3Y5GL37Hcee15Y9l8Hed2sZPf+WjVtUVcHM+/4oCtW6mBmB6Fre44f2NPACcLAPz7o1/qR
hyHbji0n9h079hwbi0rZds+bpm4OZv866O7WmHawrtMr1a2KSs3nfVeU7Xz+tG37FcjU1ZeyKFWm
lxwfrFTbygUtOq/bgp6Lm7opM1G0ourLUtSNWMpWJEpVoq/KWmYqw7ocz74EIdptKZvZycmz2ck3
Lbg5SRpZdSdnqr3q6vXJ89W6bop+dd4UbV2dnDO0V4A2eXU+paUnbZOe8J4nAwSMr2kPQ39FM+7P
wowSdA5moQXZNTLFx+8ODi2xXaCqrujuTp7zP0eQavRoJsbSYYrz+UBy8mShurc0dvQI5A/tEa11
Ke9Uc3LO/xw5nmPt0dKbzed6t8mTTpUKvHdHdfKDSruP7XsIpftBfMwi13/z/o5Yl/2iqNp9MRKg
YejEjD2rVytZZe0JSbc1347cfZiaD+zN//4amAzNHYkm1XudXBSrdanMzq/k+sixfOw+AAUhRjqf
D1Dn8zHWyRN1q9K+Uw9B2YV96ISWax+LtmuKavGd/07QrPZYyKaRd99Z7xijN8J4oRqcNdiA5+0J
xKCfz/fhT55kRbuWXbr81YAYhv9BKwIaew+NxrndetDjf4UgGCGoVAe1Xp2s0rU6WYJ0CTwvqj/L
lTqXRPwrPXYUOvF/MJ10Kbsjs1/wTpxsNwzNhteqyurmZEvkJFFZg2+TdVN3dVqXjMkw+Ub9s1dt
p2Ec+fuiMcjnc4I+nxvs8/kD4CdP9NNdwg8JcY/oAGtjozuYcAB8P4iYxehDMv1af7mAZ8WZOfLs
6ON8fHzLgZOfgf1jAjm0fScOHEYe/0zkbuh9HPnu/AHpmeykUeFvJO+NUTvhO/Fqqu1s+v7lX/8y
Lab29PV0ejylP9pnWx9ir5FXZZGcvJFXL4vkRdWpJkfQOLIj99ew+bxKa8TCwf5d652YThXB+Osk
n+o/Dv31dtr/tEVnf/BkaHiTYq2ha5iXNQXVy2WjZPZKx+o3KlUF+TLP+ThuTXA+32N48qSutHgN
paOi6oS1EbIbEyf6T0k8pD59nB98Cx7w4ewn/ewvG56cXypxmyQ+wGvZ483nYHzA+hGuf8F5+AD/
h47vW65G7n5QG21V1z8qHTpKpdaqGfyi7bi/Uu4/Y82/0rJu+0b9ZBIQ71cAjPbtQk9FbNmZBzzw
xJDu13VX5EUqKcS3Zl//gdCJ+PIzCbf0/RvkQeVRjpSxE6Ok1gsRgXmP4IE9rOBDAbEr0qtzDbhu
DMpwRGGbWR65bvwBIu/fp+Cxa/p045y+kK16hiy6fUm5bXPoHYsHTMuk0a9kUb2sFwvMc7cHJnon
ns3mc05/53POf+dzkwAjH9xJ3ebzzTov+EXrTCo4n2veow/wHtzTvhatXmV8P44gnUD42qJRgwuL
nHfit0jmt8PT9aODdz8dH6j/gwLlZxcPwKdF+76oruvyWq2QyWNpUWUQTtodDM8xtisAPKEYQIwF
Np7Ou58wFDj4SP+6PHTyhz/QF4+/iD+IN6rrm6oV3VJBTRrN5+3AVC6uZVlkUwHnV9+0QlaChUdP
aMWG975St2ugU1l5JwCcV9FGvtmIPgfDpqedJvchKQehmXlCXyL+su6TskhF3lcpi31bGomZ4E//
oskxT57DhRx91i2LdvJEY3z8+LFW0L//LX43fjJ5UuizBkqPiERoGRLzjmGKSt08jPRo/kusYH7w
6E9E3jbkSTmhUU7omsGG1SHGAHmRt9Fn6JslwUif4SAw8Wyp0qtW6wdojO8gMFLrEscsV42qUiW6
GoManMZPlKKR6MP4QdEX7d+IEks+qeuSpBZZHxD87wbB//73HxX8T5+q5k9V86eq+VPV/Klq/lQ1
f6qaP1XNn6rmT1Xzp6r5/0nVPBSdLVWXX/RFCSlfIvXn75Wk14G7w8cHm3eJB7CXqYUR2XfLumkp
w3/2o0qX56/O1DVN/VtxW1x9dUbbyHVBz7EAS/BdVTJBvXUwg77V8UEGE0XOiSl41tZ5dzYeWEku
i1Mivl5lIA6NaFQdoZrP9zBS8UO1/OuLy7ev37w8w9CNSpAoEz/Lrlu3kOOi6JZ9MkWKeTKCfbJD
CtULBvclshnalYbt74tjK21xqeTqtxLEsD8Z5PUezxeXT99cfnP+nzjeIjvZ0ACze52HLcv3WhJj
xq09vn8jNu/XJnTE/5N6iY2XiEbf/v0fI/zDyD5we1dh2VUn1+v2t1KUITefm+03H/4zE9Qvkg3A
I0Lt2dJwoBnVbacq4oft81nd0OqIGItAMElXsluOR1JZAiXWjsfq1fus7hD1dkZNF2070Dfl+Hsm
u53neVEC63hksVqPvy5lu4OlgL+/Hg/8wDa3/b5KtPfbGUM5zLPwfepgoO0kMZSNJ63TXTm8UXmp
uMkxHm1Zou3uUAaDG49cnL/c2f6u/WdZ0Wbmk9g86uorVRU/7org9tZwTXDJ2O7kiqToIHcj9D8W
a+074qlPX5FojJfj6+1qV+o1wXMs1JO2E2Pg/Oz1DutZ/Z6h7Q9iqNhVWA2DbdudibrM/vbVDs97
CPCVcr89PlflTVPs6X/dcZZIEvaMkzhf7tnesq+uOIA7LCSXpVIskqKSzR2GMDANSRLqWpVZYiYR
qbS5W3f1aBWElUHR2ixJ3pbp0BZVXu/YZXZPpcWOFbCo3PFQo2D+dM4Wvba1gf4/cJzE6/NUpsuR
cHF6fyi69yvu21qQxHJtQND2qlKNLEfeaeds07lF3rO9tAPh2dpaOOgdzBzb8iCk9j1C4cEsl2UL
hzRUawczP8CO8PWEUqkgzRLLjzIvyRyFD67vJK4MbcsOQzcILDtOLRe0e4PlbYFs9qYVX1+KL948
/fpycv5M2FCe4M2FHVueJ46GWbb1SDx9dRZ4B8zkWGQ/Kj4n3sYaluv3NdnC2xdff31J9kdfbgrd
4IavR1LzHjpsZFModmcyW4KjRp2QY5hQL0j3zHHwp/Zp4NuW4+ZxrnxHxSqXjh1HaSLzQHmRndlx
ECnHDcl4kgYJ6onxhYBjTZ1Tz49zJ4xsZUsrykBC+UFiJdSEsqJAWW6EjFi5OXs66AJeBnET/rNM
UKBNuOkqO3rhANFdVfVNdWr+JatbNHXbqhPwLNuKWsPXDmVLp0rlXhTFsZ35rvIjFVhp7PteYsWJ
7Vh2Kv1Exk4cgAb8caNaJZt0yQJYIZTw+br2yPZO01wCvbQzaDT2ssCTWRKnQSSllyaxih3PspTP
DDzQ4wF2qT0PTtMfh1HtiKxTP3TdMMvS2HNdaSnH86WdQqypb8vc8vFf6GYwqodpb03xwA4J6z36
qR86oRWkua9cx3JCO8rAhnR9/GPlyorSLAhtHJ5d+uwU2FuwHiHSU1+moVIyBq5EZlGWenGU+6ly
vVQFThxmvgrwWO5SelCNlA+4p4EXRqEXxGEQJKmUIbQU+Y7nqMhPHTd1fAUp+NLZI0hVCvfcGwPN
OvViJV3LjWNX5VmeuHEK5hzl2H6Q+RZIR44VqzDao1SX9ZYG7ILwB1kY5I5y3SyIbDd148yJU8dJ
vSC1Q2Vne2j4ZY5pOTGpAKQyia09aXmuFyWxbasIB0Ylue34eW6DpyhO02gfTllTyjCYC84dmZ6X
AEmUS9hwhr+yOAgcGUJwkRWoBPsoT/qp7+6TWjAYPgdBGttOauWx5fspjqvj2lakUiezwziJg9yz
vBRQ71GYjIKKJhXYeQg5RmnuQmOp4ylPwYQcmWYK4rLIcqG4PVvdOAMPOvdC6XhuBlNMcAYjK46z
wHfxTxDGMCQ7imzb9r14l0SVdCb6uKe55zp2onwry21pQ765p3AoPSeSjsKZDBTwOIm3S2H7ccKp
knb0p7/Aa9/rUWkH503908hPPOWnSWjbYeaGyrJBFz7CzXPfTRzbCYMUco4eokKdriFpOY0dRwZw
i4mVBmmYSSl9+i8CxxaMT6Ve6EZS7QlY9x+MgOxTS6ZRnsJKIjv17FjaeeApHDAvI+YsB4c2Vk6c
UKyVq1bd0UHYJm3k8p3TFH9CD54aXiNCBpTgKHlWgkDgB0pFmZskQZBackuk7wsdhOgEyCxwkzSE
WwwzC+DdWLkW3BohkW7kpR68qWeRx2yW/aqVclh/38O3d6u8ru5OKL9o79pOUVp27cOcbPdUplbs
B3HkeXBMVix9HJAEvpQkgJPnpioM4fvsEZ11Xd6BVjkZ8u5rsBwCtJ8kaeS48CwpTnAUWODRC+FC
AsBPcwUHAEthnu/RGiXQA7lIZrbt5QHckXLSOJJRYik3yWILhuWkjhXCTH3Xe4gcohm/DxxohTLI
cze3Yz9OcHCkytM08QJEjNyBr8P/nDyL3eBDtOwxLSv0LBd/pZGi0wLHkkdhDKOz/VBaCZyNQ590
mbSqf5RNdwKfqxqdEbBfsu0Uhh3HXgwDzyPpghMVAqAVQPSBRKwIcKrtHSJreIIJBRX2by55ytiN
81Bl8CUpLDVBWLUyRWfJ8rMIgQAbWKHj6yptY/LTO06UDwWVqQLFTV4s+oZbd4LMROR1I3ZSvXl1
KC6XCPKiVV0HRbVCNopfwdeVorf3shOprKq6E4kSRZWWPb3VBXndOZoi1CIp6JAwEa2LeoWV/A5/
n2Yrc3UsajxpWiIpEnjRK3FX942hRS+XkbAWecE7IPGiewnlHRH+Wt1syJ0gyZZ92dFtgurzTlBa
IhuBKrqGUy0otNJdAf2imvm+WdL78vWikRkITOfVvBqIzeaVEIdvl4qA0ZvrlvJpkDCNOMgAmVdL
SX2mHzNUHZXofXypOpYXUuEiVUIHPRpZEWVIPFWTUlLavlAzwbkyPWiXfYcEtpqYmx8zMT/4bt5b
lgyToe8gTNuBR5t3Qn/IJ+IFXYxApF/UQCio1kcRLqtUzQ+YnadlWd+IsmiJxeE1sbgupPifXjV3
NOef9GFiHo1wHT7nNoNZJMCNoAxYQM8QJZFL7oRRAM3XXYnJ5vGY1NuCrixU0IbM6H5Aq5VGyqCG
rVgpSe1sSqrphkOiCDVEqv7Zy5KEvSiuMRcpUq/EkdlUONYjoq53VJOGX1BPoCzqvM7wmPf+ul8l
0BNs8Wl7V6WXsr2iuwhXsL4pT/imhULpQAyc0rRlU1d1D51jentsLl/ocolO0bGgOqHR73pYNjjF
NLbqK9Mj18Qv2CjAE2yzqW8L2KWCGMAS23u1AUeyNYBe5GThfHkClnwsiu5ziK9reFmmOuo6k6Ht
LRZH4KHHaXNYLMzGxHA6Y1L7Fi7ZOpq+qkidGdW19ZqVwBVWOxVn6tp8FqtisYQLaGS7PB4fWWM5
JJGm6dedHtUCI8GsgM3wxcrFUebyKdPHSF7XRQbYDyMgG2n43lBbwLqmI0PD5ImeNBPUCKOzvFLY
7U6f5D+XdQLjoYaY0OM4B6uiI4ewUguZ3HUQuLjQkrZYtkVLpHn5JSntpmDBs0HhpN9MNKHBxlpm
MC+AkO4tXRNukMkbpYYttY1DWT2dbbGooaea/AYZBW20YJgThjYTFnGB3dlv6/Ty/z0H5HU+hn8p
m+y/w9929ZohGJ+7gWTItQLeY00hONsAol33UbEDeMsnwoBrP/8N4PGZYDzkLUTaI1xVCFdCX1Qh
y66r4TbbldrcbePZ6jZVKmu37Gin9fry+UxcfvXiQrx88erFpXh6fv7yxfMLcf78jXj7+s1fn785
FpgkLl9j1nPx9qvXL5+L8zevnz2/uJjuH/8HhXGumqLmAE4uuCX2UrraNchi42ZtiB0pRMZehadM
4ASVdrBM6lldgUu4ZhgScfshO9P2dbOkSAyJkPPR05iyJgKnu3Xhw7nGHq8pelBewAum92eTGZjO
OJS2VimlD1quBFdrVa/d8ADLUut2y6prGV7bRw9DMpy7hvOFbBIcism2QGDf87B0+ZQRHLNKmFXw
2itZ9ZysjJEgkethgY+Oh2iwb4KDEerAmiMB7zS/q+3pm4rX2ttrc0e2UfdltsFSIHzcVGKLv9WE
1wwfjAaWZXjFbl+yn7gXHtl0NIUNb3lTr4Ywq1ebGZOxYY41TNwYTd6zDfGASe1Yx8WQYJLKGuzE
6ZA25KxfrXU2plM+YR5M6MGgrzOaZBYwdoY5cIBvCPA46vIBASNcI+Rhh2sYWdv2itxCt4TWFkN2
Sv6KdtuiOh4UqbMDk4RONRqa+kE5reTthHvV7YD9mVzTaLFCothQYG2IeEdpIClS6AtZGsVWrnRe
jCj5xNy3MSTna4OIN5xQ1twj3NrORmVntX62b9SUFpHT0xvoycMZ0sTMxDFr+tYmN7A3zJ0BC6cp
yBxJfICncwtNZc1XVIReo1ncsodlRqCaoWFnmjzsqyVYUt1g6H6c1McMcV6Z+xozEyGQlS3rUmeX
Cd3T4yycISNhgg2ZGMPOTZdK5qmOLIna5Jk6tB2O1TQ8Ir/a3HVE/FhM7JEGWXu88aQbwMBv+4Fx
29sUll9qUPaYac6p+OEcnxZj0MCaiq+QBsKYHnNeJ56df3OMtcCQ4IDdFBnsnvME7T439CdMfyaC
IePeJuMtS2c0dyqeZvBUS1nmJ6g9dYWQKRix2Qqb8qViMrDRSdxGvRGxnYLmltwaZZeynAoC8c15
dT7k2duKkcoIAnWDqEkL+3W1npjve4XNK3Ps2uJHtdEnZeSDGluKeCZdQsauzWMUW73Y0YseTcW5
WVPKZsELpCldjS3wjnkjF8QCdAKxteuSExaqR1cAT6ddNqSnZ2WBWbrAbvRtOfHq8htGiqJxTWwn
fSeooGdVbrfTdcV0cDarrp/QqhmjHZeGquI3X3zWc0GdBKRCSFYHNlEw53mR0uX+otVXxCtRrCCb
jnQHbfCvwuGnjhkLlHbNoJckCbhd9sSI0ZL9eatVqnMJzO2MjRInSjcUjK8zhdTZa86Rzl5cPP0C
6RGnU33FNkQemytnfmmrs4SCjNH8JiIblxpbPrdnPVNJv5gN9doTYVOdZtLVJdwVPxempm91F4JO
c9XWOnqbE2ETMY1aU3u2rOuWOxVDmaaGQpzdOPW/RSuvh3CBj6i69V1berZ1bASMrwjorM00cX6o
i0o3A1hSn4tvk/qWTn4jXpyJo2+/eXH2CHrHsQcGzL+B2kgxBeI9DgeVb01m5KPzD5yGequ7Cqf9
2y9eDvRNaTca+Zw3o3d8nDmwek0uwrzVQ0vJxNFb4JvQzYjHdZ7ztnhW5HeT277ItgpheU52uzmX
3I7RR03/HxBoGbCnN+eqb01bKIUT6bSbNWsmes1MmFe+tI0OIcY9ml0oBspqsalPKlpW7sfi42HW
daFuJpsI/VAHTQv36aruyXvkOtYZZwKRDaKl4E7ekbsgUD99ngmPF7/hWD1azIxXSlfdidLEEpXT
2W/X8oaNgn+ko+9vk2nR8Cbqe1v2aaMN+/CBQu5DNZcGsZtCPH0IpfUwTNmAUibkYO4AOyymfzdo
3L3mTlLW/LOUqi0yHTOIHwmdwuDaPhlLYUFBFDNUpkMnf9mENu4yGeOQaapKxaWCNm/etSyusAXV
yOyJSgnWF0190y21H8MWUiw1tZGTw+lvOx2SGeyEpDFAm2xFo1l7cdaO+CI3TZrX1IR+B7xh03Sb
hjSH1+woCfQmgIgSefOtSNXmM5UDW+1u21wbBU/va9h4tBtZcIWLCNMrY1rret2Xw1kyXygJ4Dkm
lricQ3JxRKzzThSGyZ0hTzBlB42Yxt7M5D/Uh+SCWw/r9MGYG4Bs3Xa29YR0XCd0EXtvaOMtdofN
HYlRoIeTmOi7a5uZSyhzpqFM16vVelrUjBj+725FJSPOd0eN17TdQqfYZZ6L7XNmgX2fXCwatTAt
RtOP1H0X+unS1T5/jA8O6PXZa7qnOTGRQicN5NNulK5LJP/GjHZsGfiWAR6bjl4dIHhvJN+v6WqV
Vs49oUKh+rmxMKRHdDWCA9woCD2jDr8a9/aOETHWS4mzosjdN4RhSFbX/OMxVCQTcpYVRUj9dAho
OpzInV6huZ8yisA9EnMkPOxwB79mCLKW9fNhj3ta1XyN1doVq21YMSGaiNJ8snqKIqRF8u20ITdB
zaKh4T3dbmCejHcYJPfxJMBEGK1JfQJG/SVDA+Q7I8+hk7Q0g9rvNZvywrgMasqjgss4NyryDSG6
AtA3+r0NuaChwaLdMegZlzUEYSRqsjXF26HODlpTDXIVpxMvyriz7Bh7rpAakwXgE4pY8xsrYaho
Bg6fClI5wPAwJ7SUp9N7KVrKyatO/sx63Qk3RB4NVPRXCu2w8kxwX5mlQNl5Q0FDVnf7EDA9RTqO
+cnd5vXJ/rszmF2rynxqehGUDxjOZKUJ6RZOwZby3TuUMRRAkDQdQaZKxyQy/OJWbXfmOfPRS70Z
tUHnBxo0CWx4KyOrz3XX8BAK1Ttnj7QKaMkMWw7Qhp/UbRRqph/rJpLOwgbxi79DVyRuOCneMjev
DTZS0oexICdMP8A8Gph4pHejHO+YAyfZFOmMpg4MEgSSPd3WQyo/ZSNlOrSOf/Pb6q5YW68Ul7cP
CMVAoSWQTd3onefmNjkN707R5iATiijiuz3pvhupkN5UbfVHr9DMEdO/tGsfab0VHVujMXlK/THL
OCRsYD6900/hio1GOGuX9DPO/X2pALki09mxaZ0KozDsyeMBEDmcz7jWp8Y3Q0MUB8hhzrH4zGGX
pBvn1NUUqks1TnqfJjPwDSj1GoTeYXPx/WYYbKvb78Xkifgej/kLr7uCIRD6vkhxYgBe3kEdL6i1
oxNLmgBy8wNNkL9uaZl134s/4vODS2nu/OD7DUid6GBL+kIMf+YMu9IrZvIBVFf+0Ldky/zjH0oe
P3N+N0DYUmHi8HhIZapMA2Kqu8MbaB+jb2b/jqFuVGfye3qTcmteue74E/0+TEK7sJqsHtk1YpDx
/N16K182C12rbOqZ8dv0XffFrWWdulFMVd2DpYXQaNgXUxOFW5KITsW6NL+2b02zRNIFXL0vj+uP
oEhJgGfpMmO740x8+fLppR6k7ovC+XL+ZK7bHfvxLQy9UsfubVY03THnon8yxa9+9Txu5OoUhnJ/
BBbzlkX2JuaWCFXpndA/0OmbIescmlfN5p01p1Sggww95ZsE7SCnyfDCG5rUnY7DLzmX4q14/g4R
bhWYkfejkQmX3KNauNbtENZ/a/p+6RV1jlrucSG1S4qy6O70gd7YCaB00Ir+ddVU9weIS6aPYrHZ
JKN0hWVfqXTX43yr4md84YNvPMzhEA8v+kq8gk1HwrFmlj+zbPHnV5f44jj0fLiU8FghvcT3Vd1l
jzdXDy6u7vTtA64qxCXlVfqHUjRXQ5mQb32891Ok7VPKUh7bse06e4PXAQ+7NLyQ1FbN1OO2b64L
FGEMRd6a3kb72EZJgKGd6vmxHdDYzbLo1IR8NPUIaMR0bvhyw2MNxgwVa+xqZulLGZud9Tx6WUYv
1IdJ6+u1eZIV1M7CYbl7zJxsbH9TSDxmeXIngkXysk6Su+0YnZ3RFLpf9ZhPTWMSbgoLZrNR24O/
H/z0v2SBvm4=
===END CRASH DUMP===
