PocketMine-MP Crash Dump Sun Jan 8 01:01:09 GMT 2023

PocketMine-MP version: 4.12.2 [Protocol 560]
Git commit: 0ee6cdb058d4bd2e058352b3a710177366019c03
PHP version: 8.0.18
OS: WINNT, win

THIS CRASH WAS CAUSED BY A PLUGIN
BAD PLUGIN: EmporiumPrison

Error: Object of class pocketmine\block\CoalOre could not be converted to int
File: plugins/EmporiumPrison/src/Emporium/Prison/Listeners/Player/PlayerListener
Line: 49
Type: ErrorException
Backtrace:
#0 (): pocketmine\errorhandler\ErrorToExceptionHandler::handle(int 8, string[70] Object of class pocketmine\block\CoalOre could not be converted to int, string[116] C:\Users\brant\Desktop\EmporiumPrison\plugins\EmporiumPrison\src\Emporium\Prison, int 49)
#1 plugins/EmporiumPrison/src/Emporium/Prison/Listeners/Player/PlayerListener(49): in_array(object pocketmine\block\CoalOre#165492, array[3])
#2 pmsrc/src/event/RegisteredListener(60): Emporium\Prison\Listeners\Player\PlayerListener->onBlockBreak(object pocketmine\event\block\BlockBreakEvent#164304)
#3 pmsrc/src/event/Event(62): pocketmine\event\RegisteredListener->callEvent(object pocketmine\event\block\BlockBreakEvent#164304)
#4 pmsrc/src/world/World(1849): pocketmine\event\Event->call()
#5 pmsrc/src/player/Player(1685): pocketmine\world\World->useBreakOn(object pocketmine\math\Vector3#164298, object pocketmine\item\Pickaxe#164317, object pocketmine\player\Player#26076, true)
#6 pmsrc/src/network/mcpe/handler/InGamePacketHandler(451): pocketmine\player\Player->breakBlock(object pocketmine\math\Vector3#164395)
#7 pmsrc/src/network/mcpe/handler/InGamePacketHandler(257): pocketmine\network\mcpe\handler\InGamePacketHandler->handleUseItemTransaction(object pocketmine\network\mcpe\protocol\types\inventory\UseItemTransactionData#164322)
#8 pmsrc/vendor/pocketmine/bedrock-protocol/src/PlayerAuthInputPacket(251): pocketmine\network\mcpe\handler\InGamePacketHandler->handlePlayerAuthInput(object pocketmine\network\mcpe\protocol\PlayerAuthInputPacket#164412)
#9 pmsrc/src/network/mcpe/NetworkSession(418): pocketmine\network\mcpe\protocol\PlayerAuthInputPacket->handle(object pocketmine\network\mcpe\handler\InGamePacketHandler#129690)
#10 pmsrc/src/network/mcpe/NetworkSession(374): pocketmine\network\mcpe\NetworkSession->handleDataPacket(object pocketmine\network\mcpe\protocol\PlayerAuthInputPacket#164412, string[180] ..0..Ap..A.-.C...@vZ.C........p..A............."......h.8w......................)
#11 pmsrc/src/network/mcpe/raklib/RakLibInterface(183): pocketmine\network\mcpe\NetworkSession->handleEncoded(string[127] ..g......2..3r100.1.$.&....a...a...F.9....-w|...,.}.CYT.3L.H....0221L`Y~Di....{w)
#12 pmsrc/vendor/pocketmine/raklib-ipc/src/RakLibToUserThreadMessageReceiver(42): pocketmine\network\mcpe\raklib\RakLibInterface->onPacketReceive(int 0, string[136] ..(.....T.{..?..8....2U7..R.`..&B..iQ.....Z..W*..,R.......y$t.....,..@+........Q)
#13 pmsrc/src/network/mcpe/raklib/RakLibInterface(113): raklib\server\ipc\RakLibToUserThreadMessageReceiver->handle(object pocketmine\network\mcpe\raklib\RakLibInterface#24567)
#14 pmsrc/vendor/pocketmine/snooze/src/SleeperHandler(123): pocketmine\network\mcpe\raklib\RakLibInterface->pocketmine\network\mcpe\raklib\{closure}()
#15 pmsrc/vendor/pocketmine/snooze/src/SleeperHandler(82): pocketmine\snooze\SleeperHandler->processNotifications()
#16 pmsrc/src/Server(1703): pocketmine\snooze\SleeperHandler->sleepUntil(float 1673139669.0505)
#17 pmsrc/src/Server(1061): pocketmine\Server->tickProcessor()
#18 pmsrc/src/PocketMine(339): pocketmine\Server->__construct(object BaseClassLoader#4, object pocketmine\utils\MainLogger#3, string[38] C:\Users\brant\Desktop\EmporiumPrison\, string[46] C:\Users\brant\Desktop\EmporiumPrison\plugins\)
#19 pmsrc/src/PocketMine(362): pocketmine\server()
#20 pmsrc(11): require(string[82] phar://C:/Users/brant/Desktop/EmporiumPrison/PocketMine-MP.phar/src/PocketMine.p)

Code:
[40]      */
[41]     public function onBlockBreak(BlockBreakEvent $event) {
[42] 
[43]         $blocks = array(BlockLegacyIds::COAL_ORE, BlockLegacyIds::IRON_ORE, BlockLegacyIds::GOLD_ORE);
[44]         $player = $event->getPlayer();
[45]         $playerLevel = DataManager::getData($player, "Players", "data.level");
[46]         $block = $event->getBlock();
[47]         $file = new Config(Variables::DIRECTORY . $player . ".yml");
[48] 
[49]         if(in_array($block, $blocks)) {
[50]             switch($block) {
[51]                 case BlockLegacyIds::COAL_ORE:
[52]                     DataManager::addData($player, "Players", "xp", 2);
[53]                     $player->sendTip("+2 xp");
[54]                     break;
[55]                 case BlockLegacyIds::IRON_ORE:
[56]                     if($playerLevel < 2) {
[57]                         $event->cancel();
[58]                     } else {
[59]                         DataManager::addData($player, "Players", "xp", 4);

Loaded plugins:
DevTools 1.15.0 by PocketMine Team for API(s) 4.0.0
EmporiumPrison 1.0.0 by  for API(s) 4.0.0

uname -a: Windows NT BRANT-PC 10.0 build 19044 (Windows 10) AMD64
Zend version: 4.0.18
Composer libraries: 
- adhocore/json-comment 1.2.1@651023f9fe52e9efa2198cbaf6e481d1968e2377
- brick/math 0.10.2@459f2781e1a08d52ee56b0b1444086e038561e3f
- daverandom/callback-validator unknown@unknown
- fgrosse/phpasn1 v2.4.0@eef488991d53e58e60c9554b09b1201ca5ba9296
- netresearch/jsonmapper v4.1.0@cfa81ea1d35294d64adb9c68aa4cb9e92400e53f
- pocketmine/bedrock-data 1.13.0+bedrock-1.19.50@57337ddc9433a0e245a1ce48c51af05f0573d58d
- pocketmine/bedrock-protocol 17.1.0+bedrock-1.19.50@c572706cf5e3202718dd35a35dd30fe08cd671de
- pocketmine/binaryutils 0.2.4@5ac7eea91afbad8dc498f5ce34ce6297d5e6ea9a
- pocketmine/callback-validator 1.0.3@64787469766bcaa7e5885242e85c23c25e8c55a2
- pocketmine/classloader 0.2.0@49ea303993efdfb39cd302e2156d50aa78209e78
- pocketmine/color 0.2.0@09be6ea6d76f2e33d6813c39d29c22c46c17e1d2
- pocketmine/errorhandler 0.6.0@dae214a04348b911e8219ebf125ff1c5589cc878
- pocketmine/locale-data 2.11.0@4b33d8fa53eda53d9662a7478806ebae2e4a5c53
- pocketmine/log 0.4.0@e6c912c0f9055c81d23108ec2d179b96f404c043
- pocketmine/log-pthreads 0.4.0@61f709e8cf36bcc24e4efe02acded680a1ce23cd
- pocketmine/math 0.4.3@47a243d320b01c8099d65309967934c188111549
- pocketmine/nbt 0.3.3@f4321be50df1a18b9f4e94d428a2e68a6e2ac2b4
- pocketmine/pocketmine-mp 4.12.2@0ee6cdb058d4bd2e058352b3a710177366019c03
- pocketmine/raklib 0.14.5@85b4e5cb7117d37e010eeadb3ff53b21276c6f48
- pocketmine/raklib-ipc 0.1.1@922a6444b0c6c7daaa5aa5a832107e1ec4738aed
- pocketmine/snooze 0.3.1@0ac8fc2a781c419a1f64ebca4d5835028f59e29b
- ramsey/collection 1.2.2@cccc74ee5e328031b15640b51056ee8d3bb66c0a
- ramsey/uuid 4.6.0@ad63bc700e7d021039e30ce464eba384c4a1d40f
- rhumsaa/uuid unknown@unknown
- symfony/filesystem v5.4.13@ac09569844a9109a5966b9438fc29113ce77cf51
- symfony/polyfill-ctype v1.27.0@5bbc823adecdae860bb64756d639ecfec17b050a
- symfony/polyfill-mbstring v1.27.0@8ad114f6b39e2c98a8b0e3bd907732c207c2b534
- symfony/polyfill-php80 v1.27.0@7a6ff3f1959bb01aefccb463a0f2cd3d3d2fd936
- symfony/polyfill-php81 v1.27.0@707403074c8ea6e2edaf8794b0157a0bfa52157a
- webmozart/assert 1.11.0@11cb2199493b2f8a3b53e7f19068fc6aac760991
- webmozart/path-util 2.3.0@d939f7edc24c9a1bb9c0dee5cb05d8e859490725

----------------------REPORT THE DATA BELOW THIS LINE-----------------------

===BEGIN CRASH DUMP===
eNrtfAtz20a25l/pK6du5DskhDcBztprR3ImqpUtjSRfz0zochpAg0RMAhw89Eg2+9v3O6cbJEjJ
3iSTW7tVayW2iH6cPu9Xg/75IK/qlWw/3Ki6KaryYOqPDtpipQ6mTjjxHC8Ow9iyXdtzRwfdWs/4
nmVHk4nrRK4f+kEch6ODpWzaV3Vd1QfTnw/a+zWWHfDzq7tUYR9Ajw5WqmnknKbOkx9V2ooqFyl2
NmJdpR9VuypKNZslSzzMZseVXJ7XSqRVt8xEWbUioYcSmLYqE20lirIF0LxbLr8tlgT1eDqbvW1A
CYDUsmxnsxPVfGyr9Wz2arWu6qJbXdRFU5Wz2XrZzYuyeTjR1Ol2cDbrh8+KplUlg75YyntV97/7
CWu9WBM2GhMD/mgX+hGAb4aOzNgG8pEGeLQLFzCXYAu4HkMytUzx8fuDJ7Y4fDrdYZsibi9kmS0J
Oeb9dbXh/nd6YjrVKw7BOxGNRNPWRTn/fmK/F3+USDZAHSd8L/7LRDKis4QfPwWDnjjij2P4IWBO
AfyDrGt5f1hptnyaG0+cMPBjdyR4/ffee8bIFesVHU5/1I0q26NLNacTapVtTgptnPQ7dG38vCq/
ISS+qZX8+BiKfOQG0+3aVzQOjH3P9hlP7wGevOQwdPfVS0N8SMX4eSqXS73rX8HEH2ByW9XL7Ogd
/X3oRCyQR2AyCH38IYMIBiDWQ9keOmEU7AHhM2YzPmT8vGsUo3VePkYEPORiNvtPDFe1R0i7MYzn
kYVFq0iQRfpR3immzpk8unC9I9gnbmhPwpFo604xJeGAklK1wPXj0SpdqyNj4Een5V/kSl1Igmhs
+9APnD0ad08ZP0+IRJbBr6LSiwPGZvJ7sHGDyR42ZisOwt7ZbOOrHtk9fq5n4TpOwdJruI5GpuTI
HkN8D/C6rtoqrZazGQUiWFFRkqZU9T37oj2AJ7KVTKzrMrGRIRZbsqo+2p5zlKisxtO4h8/80Kx9
2bWL03LdtZoKEO/868Tvgf5NlD+KFpHpO5rM+FMyfaMfrhCrid2+E32ekv/DmT0xvwL7z/HkiePG
YWxrb2//Sty9if953HfX96iSRhg5/lEs3wbFCKHWsmzLernGH2tsHVuW9eLmH/ybf3h8+DM70L8X
VnRrPfqj2eJ8ii21/LgskqNL+fGsSE5LuO8ceQQ8q/d72POqTKtMZYc9Re6EKJprTFzL8mrHti3H
+sr6dxqR5s+3VkyP49v/ib9H1i/W8d+vLe/M+o5Gbdd1zn74+/86Kejp51tNkPtJU9QUjYu1plZT
dl1RpnG9gJPLXutU81Klqrgh3+h+nlQNEPFtl0cUabUgDSROnOytOL2QiD9k2q+tny3rv1tWxIx4
O7GsS+sHy/r3byyr+Cuv+IdlvfsPUH9p5Hb/Vcu/R1CBP/XC/Ksm3vut0nRImj0dYMQNmRI41BP1
Gfb8BiP9BKOeuH4QTjTm/ifF1pRV9ZNikq6WSq1V3UcLx/V+p4B+xZ6f02XVdLX6RacJTvA7EIz2
FUgvnc121wEfxAhw903VFnmRSgoxjTl3GNWvWECHzsT2fiXghp7flm2xPMyXlWzFsEILbB2qnckj
Z9jhfjTSM+PnLTKVC41wVRssowGEC97zGnsOPS/+BJAPH1ADwCC6dOMwv5GNOqYy4qySGby3/2gS
1IEWhOfXsijPqvkc67yNZXnRbyoeNvv831l0aNrjT9D+IB3W9qU55pp4BBMkC1T/7Ipa9e4xct+L
9ULW06Oj4+kRY3XESB0ZnPZLlu2x49cXFm3dw8ZaPz14/8voQP3fKbf/CwtcEKXhfkDGVi1v1App
Gw7LwM+UDtezROvOsZihkES88G3MCvr5jyMM+455XHfJskhF3pWc9ImdAmqvKhFfcYHxVPxMEFxA
oN9eDxg/XzHTGvFMF30awJmay/T+NGum0+Pzl2cfzi9fjcT+zOnl+ZvHZ/5yfnZCM0//TKf5w9N0
Go/TNGLj53PVmsJGrw4erj7D0iW2UDLzWpbQAxT/2EfPh2bNSMwONJxmdkAPGSatJe2cHWjI4QOq
d9HQxYReOxmuJT3B0lLdiuOqzIv54X/KupDJUoHWk9PLV8fX55d/F9aGOgvnW/erzcmR4Xs8gFrk
h5vCXGMz6mXxVIsrsAfL6ae5Ldp0YVabNc7eGvpJ4bHEp+Q4pV3uI7voZ4fDMss+y+G7Nf12mcTA
+wREsxkuHwHqulgfzg7+5Araqvf5n9jH5R2vCH4thb0+MoXhJ+CC7Tta9d9AgObk5BM7mArV1+dl
qpZaR4LoExt+EWoJ9Bho/Bmgv4PZPk7+5Uvv7Evv7Evv7Evv7Evv7Evv7Evv7Evv7Evv7Evv7Evv
7Evv7Evv7P+/3lnfR2qoYXSibq6rasmfS0mvt2yHRgeb12IOHMsJLBtDEkGqqhuqJLdwxbWSK4Is
1wXN+IhSNj2rkloe2cGU0tPRQQatLDPajLmmytuT4cBKcnOrP59Yv8EEWgsoB1fXLy+v315g4FYl
DVJmjC3adt2AR/OiXXSJlVarAcVHGxiogffaZluSH/TThoTbe3T/QWQ+LN5ImbekXpxfXb87vzw7
2SH24BfqEsoaeMON7YmhlzqjdIcSi2hg0R5XNe2OgLATAWCSUsY+HEEpBBSxdzhWrT5kVQvXuDNq
Gq7bga5eDp8z2e7M58USuA5H5qv18HEhmx1cCmoMDAd+ZHFtn1eJNpGdsapueRUlEC4GmlYSQdlw
0Trd5cOlypeKc/nhaMMcbXaHMshqOHJ1cbZz/H3zz2VJh5lPYjPVVh9VWfy0y4K7O0M1oetg4F6u
iIsu8iDC/qdirc0utgJ6RDQabsfj3WqX6xWh59q25yDhxcDFyfkO6Vn1gVHbH8RQsSuwCtraNDsL
r4rVeqn+9nqH5j0M8EgJwh6dq+VtXezJf91yKkEc9o19XSz2dG/RlR/Zy7vMJI+5UsyTopT1PYYw
YE2IE9STyxKziECl9f26rQa7wKwMgtZqSfy2TSe/KPNqRy+zByItdrSAWeUNh2oF9Sc7m3da13r4
/4A5ifOLVKaLAXNhvT8W7YcV9+ttcGKxNkjQ8dQUkcuBY9qxbbJbBMfty4pgnqO1JemKJQ53HdsH
k5oPmYL95HLZwBv1ZcbBNAhxItwkYalUmGaJHUSZn2SuwgcvcBNPThzbmUy8MLSdOLU9wO4MLu8K
pDy3jXhzLb65fPnmenxxLBwIT/Dhwolt3xeH/SrHfipevj4J/QMmcsiynxTbib/RhsX6Q0W68O70
zZtr0j96uC30xQbcJCLfB8iwlnWh2J3JbAGKanVEjmGMNeamBIZvOS/CwLFdL49zFbgqVrl0nThK
E5mHyo+czInDSLnehJQnqZHFHBlfCHRsy33hB3HuTiJHOdKOMoBQQZjYieP7vh2FyvaiIHSUl7On
gyzgZRByqJWUIN0f38hlAQ9Id1Ng3ceyui1fmN+kdfO6ahp1BJplU1In/sa1wIkXSuV+FMWxkwWe
CiIV2mkcBH5ix4nj2k4qg0TGKGQBA/64Vo2SdbpgBqzkes32deOT7r1IcwnspZNBorGfhb7MkjgN
Iyn9NIlV7Pq2rQIm4JEWBV2CaM8Da/pTP6odkf0imHjeJMvS2Pc8aSuk7tJJwdY0cGRuB/h/4mVQ
qsdhb1XxwJkQrg/gp8HEndhhmgfKc2134kQZyJBegF92ruwozcKJA+PZhc9Ogb0FyxEsfRHIdKKU
jIFXIrMoS/04yoNUeX6qQjeeZIEKMS13IT0qRsoBvBehP4kmfhhPwjBJpZxASlHg+q6KgtT1UjdQ
4EIg3T2AlMouK+MWCTX7hR8r6dleHHsqz/LEi1MQ5yrXCcIssAE6cu1YTaI9SNWy2sKAXhD+YTYJ
c1d5XhZGjpd6cebGqeumfpg6E+Vke9gMO/0MKgSoTOJoX9q+50dJ7DgqgsGoJHfcIM8d0BTFaRrt
o7OsKGXo1QV2R6rnJ8AkyiV0OMNfGSoMV07AuMgOVYJzlC+DNPD2Qc0ZGbaDMI0dN7Xz2A6CFObq
eo4dqdTNnEmcxGHu234KVB9AGA+CigYVOvkEfIzS3IPEUtdXvoIKuTLNFNhlk+ZCcHu6unEGPmTu
T6TrexlUMYENRnYcZ2Hg4Vc4iaFIThQ5jhP48S6IMmlN9PFe5L7nOokK7Cx3pAP+5r6CUfpuJF0F
mwwV8HETfxfC9uOYUyXt6F/8Bq/9oOOhHZxvBS+iIPFVkCYTx5lk3kTZDuDCR3h5HniJ67iTMAWf
o8egUN+kT1pexK4rQ7jFxE7DdJJJKQP6PwLFNpRPpf7Ei6TaY7AuUg2DnBe2TKM8hZZETuo7sXTy
0FcwMD8j4mwXRhsrN04o1spVo+7JELZJG7l890WKn4kPTw2vESEDSmBKvp0gEAShUlHmJUkYprbc
Aum6QgchsgCZhV6STuAWJ5kN5L1YeTbcGmEivchPfXhT3yaPWS+6VSNlv/+hh2/uV3lV3h9RftHc
N62itOwmgDo53guZ2nEQxpHvwzHZsQxgIAl8KXEAluelajKB73MGcNbV8h6wluM+774ByRMgHSRJ
GrkePEsKC45CGzT6E7iQEOinuYIDgKYwzQ9gDRLoHlwkM8fx8xDuSLlpHMkosZWXZLENxXJT155A
TQPPfwwcollkD2BNZJjnXu7EQZzAcKTK0zTxQ0SM3IWvw39unsVe+ClYzhCWPfFtD3+lkSJrgWPJ
o0kMpXOCibQTOBuXPukyaVX9JOv2CD5X1TojYL/kOCkUO479GAqeR9IDJWoCBO0QrA8lYkUIq3Z2
gKzhCcYUVNi/eeQpYy/OJyqDL0mhqQnCqp0psiU7yCIEAhxgT9xAV2kblad7fcB4IqjCo1vPvJh3
Nfd3BL8okFe12En1ZuUTcb1AkBeNalsIqhGyVqJdKFGVqsEH2YpUluYitSjTZQenhg9CtxcshFok
BS0SJoJ1Va0U3c+2D2E2MlcjUWGmbgikvkYX91VXG1iiyAUS1iIv+AQkXvQ+yvKeAL9RtxtwR0iy
ZbdsG3FblV+3gtISWQtUzhWcakGh9Z4wbBdFo+m+XahSdOt5LTMAsGblrOyBTWelEE/eLRQhRvfD
9DKAAAjTrQEP6CKGkvpMTzOqOioJ8HOpWuYXUuEiVUIHPRpZEWRwPFXjpaS0fa6mgnNlmmgWXYsE
thyb14emYnbw/ayzbTlJ+pJdmIqdR+v3Qn/Ix+K0EV2JSD+vgKGgQh9FON3/zw6YnJfLZXUrlkVD
JPYXz+KmkOKvnarvac0/6cPYTA3wevKKewxmkwA1gjJgATmDlQQuuRdGALRetyTGm+khqHewM+gR
pCGzTCCX1EIjYVBXT6yUpJ4nJdUCokoUYQ2Wqn92cknMnhc3WIsUqVPi0BwqXPspQdcnqnGtwKx2
DGFRe26KaT77TbdKICfo4svmvkyvZfNRUOMV2mfxgrcNBEoG0VNKyxZ1VVYdZI7lzUjwBazQ5RJZ
0UhQnVDrywbmDayYxlZdaRqpGvgVKwVogm7W1V0BvVRgA0hifS83yBFvDUKnOWk4rSFNHomi/Rrs
a2velqmWWpOkaHubxSFo6GBtLrOFyRgbSqcMal/DJWtH3ZUliTOjurZasxC4wmoscaJuzGexKuYL
uIBaNovR0GSN5hBH6rpbt3pUM4wYswJuhi4WLkyZy6dMm5G8qYoMaD+OAekI6RxKmALaZQ0UDYvH
etGU76LJllcKp91rS/7LskqgPNQNE3ocdrAqWnIIKzWXyX0LhosrzWmbeVs0BJq3X5PQbgtmPCsU
LP12rAH1OtYwgXkBDOHG+KafwOS1Uv2RWschrI5sW8wryKkiv0FKQQfNGc0xozYVNlGB09lv6/Ty
/3kKyOt8Dv+FrLN/Df+mrdaMgvG5G5QMuEbAe6wpBGcbhOjUfazYAbxjizDINV//AeixTTA+5C1E
2iFclQhXQt2ptGPPW2l8tTVSeNusVnepUlmzJUc7rfPrV1Nx/d3plTg7fX16LV5eXJydvroSF68u
xbvzy//x6nIksEhcn2PVK/Huu/OzV+Li8vz41dWVtW/+jzLjQtVFxQGcXHBD5KULxc6YebFxsw7Y
jhQiY6/CS8Zwgko7WAZ1XJWgEq4ZikTUfkrPtH7dLigSgyPkfPQyhqyBwOluXXhv1zjjnKIH5QW8
wXq4mtTAtMUhtLVKKX3QfCV0tVT13g0N0Cy1brakerahtXn6OEqGcs9QPpd1AqMYbwsE9j2Pc5et
jNAxu4TZBa+9kmXHycoQEyRyHTTw6aiPBvsq2CuhDqw5EvBW07vaWp8lzrW31+qObIPfh+txKRA+
bkuxxb/RgNeMPggNbdvQitO+ZT/xIDyy6mgIG9ryulr1YVbvNivGQ8UcSpioMZJ8oBviEZXa0Y6r
PsEkkdU4idMhrchZt1rrbEynfMJMjGmil9cJLTIbGHdGs6cATwjwMHX5CIMRrhHycMINlKxpOkVu
oV1AavM+OyV/RadtsRr1gtTZgUlCLY0NLf0kn1bybsy96qbH/ViuabRYIVGsKbDWBLylNJAEKcwL
v4zFlq9kL4aVbDEPdQzJ+dpgxAeOKWvuEG4ddyOyk0rP7Su1fue7P0Av7m1IAzMLh6Rx0jDmBvaG
uBPgwmkKMkdiH9DTuYWGsuYXHoTeo0nckodthqGaoP5kWtyfqzm4pLrBwP08qM8p4qw0l/pTEyGQ
lS2qpc4uE9mmC87CGeWGXgoVJsawc9OlkpnVkYVfWdV5pg5tT4Zi6qfIr9b3LQEfibEzkCBLjw8e
tz0y8NtBaNz2NoXlSw3KHjNNORU/nOPTZgwatCzxHdJAfjee8jpxfPF2hL3AIYGB3RYZ9J7zBO0+
N/DHDH8qwj7j3ibjDXNnsNYSLzN4qoVc5keoPXWFkCkosTkKhwpqcJKCDSxxG/UGwHYKmjtya5Rd
yqUlCIm3F+VFn2dvK0YqIwipW0RN2tity/XYPO8VNq+N2TXFT2ojT8rIezE2FPFMuoSMXavHILb6
sas3PbXEhdmzlPWcN0hTuhpd4BPzWs6JBMgEbGvWS05YqB5dAXmydlmTnI6XBVbpApuu+VXTitfX
bxlTFI1rIjvpWn4zmkW5PU7XFVbvbFZtN6ZdU8Z2WBqqkm++2NZzQZ0EpEJIVnsyUTDneZFagsPU
QlIWIIoVeNOS7CAN/tcw4KdGjAuEdsNIL4gTcLvsiRGjJfvzRotU5xJY2xodJUqUbigYX2cKqZNz
zpFOTq9efoP0iNOprmQdIo/NlTNf2uosoSBlNN+EyYalxpbOra1nKunm075eey4cqtNMurqAu+J5
YWr6Rnch+AX0ptLR21iEQ8A01hra8aKqGu5U9GWa6gtxduPU/xaNvOnDBT6i6tYvzdLc1rERYvx+
gM7aTBPnx6oodTOAOfW1+FtS3ZHl1+L0RBz+7e3pyVPIHWYPHLD+FmIjwRSI9zAOKt/qzPBH5x+w
hmoruxLW/rdvznr4prQbjHzNh9EdH2cOLF6TizBtVd9SMnH0DviN6W2IZ1We87GYK/L78V1XZFuB
MD/Hu92ca27HaFPT//CK5gF7emNXXWPaQimcSKvdrNkz1numwlz50jE6hBj3aE6hGCjL+aY+KWnb
cj8Wj/pVN4W6HW8i9GMdNM3cl6uqK/W3HDjea2cClvWspeBO3pG7IBA/fZ4KnzdfcqwebGbCS6Wr
7kRpYInKyfabtbxlpSAdNS9ik2rR8Cbq+1vy6aAN+fCBQu6jat4sw2kK8fQxLO3H0ZQ1IGVC9uoO
ZPvN9HuDjbfX3DHfECvKpsh0zCB6JGQKhWu6ZMiFOQVRrFCZDp38sAlt3GUyyiHTVC0VlwpavfnU
ZfERR1CNzJ5oKUH6vK5u24X2YzhCioWGNnBysP6m1SGZkR0TN3rUxlvWaNJOT5oBXeSmSfIamtB3
wBsyTbepT3N4z46QAG8MFFEib56KVG0+Uzmwle62zbURsPVQwsaj3cqCK1xEGBSAWrXW1bpb9rZk
HigJ4DUmlnicQ3JxRKTzSRSGyZ0hTzBlB42Yxt7U5D/Uh+SCWw/r9MGoGxDZuu1s6wnJXMf0JvDe
0MZb7A6bdyQGgR5OYqxf+9qsXECYU42KtV6t1lZRMcbwf/crKhlh3y01XtNmizrFLjMvtvNMAvs+
OZ/Xam5ajKYfqfsu9HWqj/v0MX5wQOcn5/Qy39hECp00kE+7VboukfzFQDqxYcS3BPCYNbg6QPDe
cL5b06tVWjgPmAqB6nmjYUiP6NUIDnCDIHRMHX417O2NEDHWCwlbUeTua8KhT1YRRnJVoyIZk7Ms
KULq2T6g6XAid3qF5v2UQQTukJgj4WGH2/s1A5ClrOf7Mx5IVdM1FGtbrLZhxYRoAkrrSespipAU
ybfTgdwENZv6hre1PcDMDE/oOff5JMBEGC1JbQGD/pKBAfCt4WffSVqYQe336k15YVwGNeVRwWWc
GxX5BhC9AtDV+t6GXFDfYNHuGPCMy+qDMBI12Zji7YnODhpTDXIVpxMvyrizbIQzV0iNSQPwCUUs
NYYlX7owFE3Ak5eCRA5keJgTWsrT6V6KtnLyqpM/s193wg2Qpz0U/UihHVqeCe4rMxcoO68paMjy
fh8FLE+RjmN9cr+5Ptm/O4PaNWqZW6YXQfmAoUyWGpBu4RSsKd+/RxlDAQRJ0yF4qnRMIsUv7tT2
ZF4zG1zqTakNOjvQSBPD+lsZWX6tu4ZPIFB9cvZUi4C2THFkj9pxz6FeoGb5SDeRdBbWs1/8HbIi
dsNJ8ZG5uTbYcEkbY0FOuMOKw56Ip/o0yvFGHDhJp0hmtLQnkFAg3tPbekjlLVZShkP7qOjuGt0V
a6qV4vL2EaYYVGgLeFPV+uSZeeWYhneXaHWQCUUU8f0ed98PREg3VVv50RWaMTEGdtg81XIrWtZG
o/KU+mOVcUg4wHx6r2fhio1EOGvHvpHYP5cKkI+kOjs6rVNhFIYdeTwgRA7nK671qfHNqCGKA8l+
zUh85bJL0o1z6moK1aYaT7pPkxnoBirVGoDe43Dxw2YYZKu7H8T4ufgB0/zA+z5CEQj7rkhhMUBe
3kMcp9Ta0YklLQC42YEGyI9bWGbfD+JP+PzoVlo7O/hhg6ROdHAkPRDBX7n9qXTFTD6A6sofu4Z0
mb8hQsnjV+6/9ShsoTBweDykMmWmEWKou8Mb1D4H36z+N0Z1IzqT39NNyp25ct3xJ/o+TEK60Jqs
Gug1fRlbS6Zdb/nLaqFrlU09M7xN33Vf3FrWqRvFVNU+WloIjQ37YmqicEsS0alYL5Wpi0yzRNIL
uPpcHtcfAZGSAN/WZcb2xKn49uzltR6k7ouCfbl/Nq/bjYL4DopeqpF3lxV1O+Jc9M+m+NVXz8NG
rk5hKPdHYDG3LLIzMXfJX6cX+lscXd1nnX3zqt7cWXNKBTjI0FN+k6Dp+TTuL7whSd3pePIt51J8
FK/fAcKtAjPyYTAy5pJ7UAtXuh3C8m9M3y/9SJ2jhntcSO2SYlm099qgN3oCVFpIRX8Fx9L9AaKS
4aNYrDfJKL3Csi9UetfjYiti/Q9A8BsPMzjEJ1ddKV5DpyPh2lM7mNqO+Mvrazy4Ls33LyU8U0gv
8byq2uzZ5tWDq4/3+u0D/a9RXFNepb9NQ2s1KmPyrc/2vq+ynaUs5ZkTO567N3gT8rBHw3NJbdVM
PWu6+qZAEcaoyDvT22ieOSgJMLRTPT9zQhq7XRStGpOPph4BjZjODb/c8EwjY4aKNU41q/RLGZuT
9Tq6LKML9X7R+mZtZrKC2lkwlvtnTMlG9zeFxDPmJ3cimCVnVZLcb8fIdgZL6P2qZ2w1tUm4KSyY
wwZtD34++OV/A4C4M+I=
===END CRASH DUMP===
