PocketMine-MP Crash Dump Sun Jan 8 00:35:29 GMT 2023

PocketMine-MP version: 4.12.2 [Protocol 560]
Git commit: 0ee6cdb058d4bd2e058352b3a710177366019c03
PHP version: 8.0.18
OS: WINNT, win

A PLUGIN WAS INVOLVED IN THIS CRASH
BAD PLUGIN: EmporiumPrison

Error: Position world is null or has been unloaded
File: pmsrc/src/world/Position
Line: 70
Type: pocketmine\utils\AssumptionFailedError
Backtrace:
#0 pmsrc/src/entity/Entity(1428): pocketmine\world\Position->getWorld()
#1 pmsrc/src/player/Player(2420): pocketmine\entity\Entity->teleport(object pocketmine\world\Position#130969, null, null)
#2 plugins/EmporiumPrison/src/Emporium/Prison/Listeners/Player/PlayerListener(33): pocketmine\player\Player->teleport(object pocketmine\world\Position#130969)
#3 pmsrc/src/event/RegisteredListener(60): Emporium\Prison\Listeners\Player\PlayerListener->onJoin(object pocketmine\event\player\PlayerJoinEvent#129119)
#4 pmsrc/src/event/Event(62): pocketmine\event\RegisteredListener->callEvent(object pocketmine\event\player\PlayerJoinEvent#129119)
#5 pmsrc/src/player/Player(861): pocketmine\event\Event->call()
#6 pmsrc/src/network/mcpe/NetworkSession(741): pocketmine\player\Player->doFirstSpawn()
#7 pmsrc/src/network/mcpe/NetworkSession(734): pocketmine\network\mcpe\NetworkSession->onClientSpawnResponse()
#8 pmsrc/src/network/mcpe/handler/SpawnResponsePacketHandler(36): pocketmine\network\mcpe\NetworkSession->pocketmine\network\mcpe\{closure}()
#9 pmsrc/vendor/pocketmine/bedrock-protocol/src/SetLocalPlayerAsInitializedPacket(42): pocketmine\network\mcpe\handler\SpawnResponsePacketHandler->handleSetLocalPlayerAsInitialized(object pocketmine\network\mcpe\protocol\SetLocalPlayerAsInitializedPacket#129122)
#10 pmsrc/src/network/mcpe/NetworkSession(418): pocketmine\network\mcpe\protocol\SetLocalPlayerAsInitializedPacket->handle(object pocketmine\network\mcpe\handler\SpawnResponsePacketHandler#133217)
#11 pmsrc/src/network/mcpe/NetworkSession(374): pocketmine\network\mcpe\NetworkSession->handleDataPacket(object pocketmine\network\mcpe\protocol\SetLocalPlayerAsInitializedPacket#129122, string[2] q.)
#12 pmsrc/src/network/mcpe/raklib/RakLibInterface(183): pocketmine\network\mcpe\NetworkSession->handleEncoded(string[42] c*d4.......a.,;...g....@4.......$Al.....h.)
#13 pmsrc/vendor/pocketmine/raklib-ipc/src/RakLibToUserThreadMessageReceiver(42): pocketmine\network\mcpe\raklib\RakLibInterface->onPacketReceive(int 0, string[51] .3MT.m..1..;.&U..{.!.................T...~=...w[...)
#14 pmsrc/src/network/mcpe/raklib/RakLibInterface(113): raklib\server\ipc\RakLibToUserThreadMessageReceiver->handle(object pocketmine\network\mcpe\raklib\RakLibInterface#24567)
#15 pmsrc/vendor/pocketmine/snooze/src/SleeperHandler(123): pocketmine\network\mcpe\raklib\RakLibInterface->pocketmine\network\mcpe\raklib\{closure}()
#16 pmsrc/vendor/pocketmine/snooze/src/SleeperHandler(82): pocketmine\snooze\SleeperHandler->processNotifications()
#17 pmsrc/src/Server(1703): pocketmine\snooze\SleeperHandler->sleepUntil(float 1673138129.2465)
#18 pmsrc/src/Server(1061): pocketmine\Server->tickProcessor()
#19 pmsrc/src/PocketMine(339): pocketmine\Server->__construct(object BaseClassLoader#4, object pocketmine\utils\MainLogger#3, string[38] C:\Users\brant\Desktop\EmporiumPrison\, string[46] C:\Users\brant\Desktop\EmporiumPrison\plugins\)
#20 pmsrc/src/PocketMine(362): pocketmine\server()
#21 pmsrc(11): require(string[82] phar://C:/Users/brant/Desktop/EmporiumPrison/PocketMine-MP.phar/src/PocketMine.p)

Code:
[61] 	}
[62] 
[63] 	/**
[64] 	 * Returns the position's world if valid. Throws an error if the world is unexpectedly invalid.
[65] 	 *
[66] 	 * @throws AssumptionFailedError
[67] 	 */
[68] 	public function getWorld() : World{
[69] 		if($this->world === null || !$this->world->isLoaded()){
[70] 			throw new AssumptionFailedError("Position world is null or has been unloaded");
[71] 		}
[72] 
[73] 		return $this->world;
[74] 	}
[75] 
[76] 	/**
[77] 	 * Checks if this object has a valid reference to a loaded world
[78] 	 */
[79] 	public function isValid() : bool{
[80] 		if($this->world !== null && !$this->world->isLoaded()){

Loaded plugins:
DevTools 1.15.0 by PocketMine Team for API(s) 4.0.0
EmporiumPrison 1.0.0 by  for API(s) 4.0.0

uname -a: Windows NT BRANT-PC 10.0 build 19044 (Windows 10) AMD64
Zend version: 4.0.18
Composer libraries: 
- adhocore/json-comment 1.2.1@651023f9fe52e9efa2198cbaf6e481d1968e2377
- brick/math 0.10.2@459f2781e1a08d52ee56b0b1444086e038561e3f
- daverandom/callback-validator unknown@unknown
- fgrosse/phpasn1 v2.4.0@eef488991d53e58e60c9554b09b1201ca5ba9296
- netresearch/jsonmapper v4.1.0@cfa81ea1d35294d64adb9c68aa4cb9e92400e53f
- pocketmine/bedrock-data 1.13.0+bedrock-1.19.50@57337ddc9433a0e245a1ce48c51af05f0573d58d
- pocketmine/bedrock-protocol 17.1.0+bedrock-1.19.50@c572706cf5e3202718dd35a35dd30fe08cd671de
- pocketmine/binaryutils 0.2.4@5ac7eea91afbad8dc498f5ce34ce6297d5e6ea9a
- pocketmine/callback-validator 1.0.3@64787469766bcaa7e5885242e85c23c25e8c55a2
- pocketmine/classloader 0.2.0@49ea303993efdfb39cd302e2156d50aa78209e78
- pocketmine/color 0.2.0@09be6ea6d76f2e33d6813c39d29c22c46c17e1d2
- pocketmine/errorhandler 0.6.0@dae214a04348b911e8219ebf125ff1c5589cc878
- pocketmine/locale-data 2.11.0@4b33d8fa53eda53d9662a7478806ebae2e4a5c53
- pocketmine/log 0.4.0@e6c912c0f9055c81d23108ec2d179b96f404c043
- pocketmine/log-pthreads 0.4.0@61f709e8cf36bcc24e4efe02acded680a1ce23cd
- pocketmine/math 0.4.3@47a243d320b01c8099d65309967934c188111549
- pocketmine/nbt 0.3.3@f4321be50df1a18b9f4e94d428a2e68a6e2ac2b4
- pocketmine/pocketmine-mp 4.12.2@0ee6cdb058d4bd2e058352b3a710177366019c03
- pocketmine/raklib 0.14.5@85b4e5cb7117d37e010eeadb3ff53b21276c6f48
- pocketmine/raklib-ipc 0.1.1@922a6444b0c6c7daaa5aa5a832107e1ec4738aed
- pocketmine/snooze 0.3.1@0ac8fc2a781c419a1f64ebca4d5835028f59e29b
- ramsey/collection 1.2.2@cccc74ee5e328031b15640b51056ee8d3bb66c0a
- ramsey/uuid 4.6.0@ad63bc700e7d021039e30ce464eba384c4a1d40f
- rhumsaa/uuid unknown@unknown
- symfony/filesystem v5.4.13@ac09569844a9109a5966b9438fc29113ce77cf51
- symfony/polyfill-ctype v1.27.0@5bbc823adecdae860bb64756d639ecfec17b050a
- symfony/polyfill-mbstring v1.27.0@8ad114f6b39e2c98a8b0e3bd907732c207c2b534
- symfony/polyfill-php80 v1.27.0@7a6ff3f1959bb01aefccb463a0f2cd3d3d2fd936
- symfony/polyfill-php81 v1.27.0@707403074c8ea6e2edaf8794b0157a0bfa52157a
- webmozart/assert 1.11.0@11cb2199493b2f8a3b53e7f19068fc6aac760991
- webmozart/path-util 2.3.0@d939f7edc24c9a1bb9c0dee5cb05d8e859490725

----------------------REPORT THE DATA BELOW THIS LINE-----------------------

===BEGIN CRASH DUMP===
eNrtXHlz20aW/yodOTWRMyKFiziYkkuO5Uy860Nryevshi6nATRIRCDA4JDEZLKffX/vdYMEKdkT
z8zWzh92EpNodL9+99XN/HaQVfVStu+vVd3kVXkw9Y4O2nypDqa2H7i2G9pONHYcb+IERwfdyrxy
xrYTBL4delboWK7tHB0Usmmf1nVVH0x/O2jXK0w7WFXJlWqXealms67Ni2Y2e9w03RJgqvI7mRcq
1UuODpaqaeScFp1XTU7vxU1VF6nIG1F2RSGqWixkI2KlStGVRSVTlWJdhnffARDttpD19Pj4yfT4
TQNqjuNalu3xmWqu2mp1/HS5quq8W57XeVOVx+eM2gugNnpxPqalx02dHPOexz0KGF/RHgb+kmbc
nYUZBeAcTAMLvKtlgq8/HjywxHaBKtu8XR8/5Y9D23PCh1Mx5A5DnM16kKNHc9W+pbHDhwD/wB7A
WhVyrerjc/44dDzH2oOlN5vN9G6jR60qFGhvD6v4Z5W0H9v3ge1akR8dMcv137y/I1ZFN8/LZp+N
hFA/dGzGnudNq0qSwPkQ1X740HX3ENYUAQv+/HsQZiTdIcOvwYXj12pOm9Yq3WzuE7d6jAGHUZ7N
Njj3WPSf/YvRo6r8tyov78OJN9sngyY/pRcPYEG2rVH07qDIUw59Z1+GGuRdAkaPElkUetU/hMrk
gyoV+vb92DAMjYBWS38Ao1QtZHN1vExW6vilfriAUUNIh4Fn/w2Rp9V3ed20Fyt5U2rYwR+F7Xp7
sM3s2Yymz2a780mOT4ochPBer1WzqspG6T3DD+25kGVagEM7a84l7fm9fnXo+p+Gxkem/pYUVdPV
6neNVWSwAvfTqj7eLjyOVVrjabSqq7ZKqoIRv1Dt8woy0qx93DwrYSmyyH9Vqcb40HM+jqqhdjb7
MLmjR3rSRza7Tz33Nurxxk5/C2lWXcfR3tD6g7rh2eHHKf0EBHqK/wBZf4B/8FuuYweaHPsPkuMG
n6jqGpEz2Uoj+f8LkRyJpq3zcv6j8078MtYUOR+iqJZXRR4fv5ZXz/P4WQnXliFeHtqh+/dQ9rRM
KqQBhwYBDxgkX6feWP+R46Nv8DGn76f94JePC/5cGEzdDxqXRnWUrzQZGuXLinKLy0WtZPpCpyyv
VaJypE9/06w0QDj1XeLJI2mGGkiHedkKa8PWif1OjN0Xl+PleGyPx9+M//RmPP5t/MV4/88l/vuf
E/x18yP+0uR5nyoImwTRYwpSr0mPwYMe7Y8w4BMs5AOseIA80zdGMfmgYJqyqn5V2tcVSq1U3ftg
23H/ThH8gTV7Xtn2/w4Ew30V0VNhbDvzgA/8Orj7smrzLE8kpTqN2XcYGC9YQId2YLl/EHBDz2+Q
GRaHGZLoVgzTfM+f6D3Ce/aw7qQF+g3ytTy5OtcIV7XBMhpA2ObayP2iDwB5/z4BjW3dJRs39a1s
1BPUFc1zyvbrB96RuEe1TGHxQubl82o+xzx3Yztu+E48mc5mXBDMZlwRzGamJEBCs5PMzmabdZ7/
SetMcjyb6WTZ+gDtd7I8bV+aY46JAjBBskD1S5fXqvdsITzbP6O82Q6PVw8P3v1+dKD+H0q2P1xO
AT/N2vd5eV0V12qJvA1L8zIFc5L2oH+PsV0G4A2FBiLMt/F21v6OId/BV/p0eej466/pweMH8bV4
rdquLhvRLhTEpLH5qumJysQ1ol86FnB+1U0jZCmYefSGVmxo70p1uwJ2Ki3WAojzKtpoYjai736/
6WmrwX2Iy35gZh7TQ8gPqy4u8kRkXZkw27fFopgK/vYbTY548gwu5PDLdpE3o0cax5OTEy2gv/5V
fDF8M3qUa1sDpIcEIrAMiFnLaIpS3dyP6eHsU7RgdvDwGwJvG/AknMAIJ3DNYM3iEEMEeZG3kWcw
MUv8gTyDnmHiyUIlV42WD7AxvoOQkVqWMLMMxVWZKNFWGNTIafwJUjhgfRDdy/q8+U+CxJyPq6og
roXWBxj/Rc/4P/3po4z//XMf4XMf4XMf4XMf4XMf4XMf4XMf4XMf4XMf4XMf4XMf4XMf4V+0j9CX
4Q3V22fq+hKFEH8vJR0Xb4eODjbnzAf22J6MLQzJrl1UdUPFzhauuFRySZDlKqc33tjCZDyrUsYo
Og+mELE6OkihlWVKi/GuqbL2bDiwlNwb6Pcn1m8woWIP7y4uH7++fHOOgRsVoxggfBdtu2rAo3ne
Lrp4nFTLAcXHGxgo0/a6DluS77QjhoRbe3T/k8i8W46QMm9JPX91cfn21evnZzvEHvxObRZZA2+4
sT0x9FJnlG5RORANLNonVU2rQyBshwAYJ0vZLoYjiPlAEWuHY9XyfVq1cI07o6b5tB3o6mL4nMp2
532WF8B1ODJfroaPKPJ3cMnhFK6HAz+zuLbPy1ibyM4Yakeeheexg4GmlURQOpy0Snb58FplheLe
wHC0YY42u0MpZDUcuTh/vrP9uvmlKGkz801sXrXVlSqRQe2w4PbWUE3o2hhYyyVx0Rk7jP2v+Uqb
XTSe0COi0XA5Hm+Xu1yvCD3Hslwbbh0D52evdkhPq/eM2v4ghvJdgVXQ1qbZmXiRL1eF+uHFDs17
GOCREoQ9OpfFTZ3vyX/VcipBHPaMfZ0v9nRv0ZVX7OUdZpLLXMnncV7Keo0hDIwD4gTq1CKNzSQC
ldTrVVsNVoFZKQSt1ZL4bZnGZl5m1Y5epndEmu9oAbPKHQ7VCupPdjbvtK718P8b5iRenScyWQyY
C+v9OW/fL7ndaYETi5VBgranWl8WA8e0Y9tktwiO29s/YJ6ttSXu8gKbO7blgUnN+1TBfjJZNPBG
fXJ/MJ342BFukrBUyk/S2JqEqRenjsIXd+LErgxsyw4C1/ctO0osF7A7g8vbHCnPTSNeXopvXz9+
eTk6fyJsCE/w5sKOLM8Th/0s23ooHr84870DJnLIsl8V24m30YbF6n1FuvD22cuXl6R/9HCT674w
3CQi33vIsJZ1rtidyXQBimp1TI5hhDmm1QzDH9un/sS2HDeLMjVxVKQy6dhRmMQy85UX2qkd+aFy
3ICUJ66RxRwbXwh0rLFz6k2izAlCW9nSClOAUBM/tmLb8zwr9JXlhhPfVm7Gng6ygJdByKH+SIyE
fsS9StlSnx6suyqrm/LUfJLWzeuqadQxaJZNSR3Va2cMTpwqlXlhGEV2OnHVJFS+lUSTiRdbUWw7
lp3ISSwjJ/IBA/64Vo2SdbJgBizlasX2de2R7p0mmQT20k4h0chLfU+mcZT4oZReEkcqcjzLUhMm
4J62AnCX2vPAmv7cj2pHZJ1OAtcN0jSJPNeVlkLqLu0EbE0mtsysCf4N3BRKdT/srSoe2AHhegd+
MgmcwPKTbKJcx3ICO0xBhnQn+LAyZYVJ6gc2jGcXPjsF9hYsR7D0dCKTQCkZAa9YpmGaeFGYTRLl
eonynShIJ8rHa7kL6V4xUg7gnvpeEAaeHwW+HydSBpBSOHE8R4WTxHETZ6LAhYl09gBSKsut6tqg
Zp16kZKu5UaRq7I0i90oAXGOcuyJn04sgA4dK1JBuAepKqotDOgF4e+ngZ85ynVTP7TdxI1SJ0oc
J/H8xA6Une5hw2cgplPBoHyASiW29qTluV4YR7atQhiMijPbmWSZDZrCKEnCfXQKahOoXl1gd6R6
XgxMwkxCh1P8lUa+78gAjAstX8XYR3lykkzcfVBzRobtwE8i20msLLImkwTm6ri2FarESe0giiM/
8ywvAap3IIwGQUWD8u0sAB/DJHMhscTxlKegQo5MUgV2WaS5ENyerm6cgQeZe4F0PDeFKsawwdCK
otSfuPjwgwiKZIehbdsTL9oFUcatiT7uaea5jh2riZVmtrTB38xTMErPCaWjYJO+Aj5O7O1C2H4d
caqkHf3pJ3jtOz0N7eC88eQ0nMSemiRxYNtB6gbKsgEXPsLNsokbO7YT+An4HN4HhTojfdJyGjmO
9OEWYyvxkyCVUk7o3xAUW1A+lXiBG0q1x2BdpBoG2aeWTMIsgZaEduLZkbQz31MwMC8l4iwHRhsp
J4op1splo9ZkCNukjVy+c5rgT+DBU8NrhMiAYpiSZ8UIBBNfqTB149j3E0tugXRdroMQWYBMfTdO
ArjFILWAvBsp14JbI0ykG3qJB2/qWeQx60W3bKTs19/18M16mVXl+pjyi2bdtIrSsusJ1Ml2T2Vi
RRM/Cj0PjsmK5AQGEsOXEgdgeW6iggC+zx7AWVXFGrCKUZ93X4PkAEhP4jgJHReeJYEFh74FGr0A
LsQH+kmm4ACgKUzzHViDBLoHF8rUtr3MhztSThKFMowt5cZpZEGxnMSxAqjpxPXuA4doxsdoPaxA
+lnmZnY0iWIYjlRZksSej4iROfB1+MfJ0sj1PwTLHsKyAs9y8VcSKrIWOJYsDCIonT0JpBXD2Tj0
TZdJy+pXWbfH8Lmq1hkB+yXbTqDYUeRFUPAslC4oUQEQtHyw3peIFT6s2t4BsoInGFFQYf/mkqeM
3CgLVApfkkBTY4RVK1VkS9YkDREIsIEVOBNdpW1UfrzmRPmBoApPoLjJ8nlXc39HkJqIrKrFTqo3
Kx+IywWCvGhU20JQjZC14pPrqlR06C1bkciyrFoRK5GXSdHRYSjA6/bCGKEWSUGLhIlgXVRLrOSj
732YjczUkajwpm4IpIjhRa/EuupqA4vOZJGw5lnOOyDxouP8Yk2AX6qbDbhjJNmyK1o6hC+/agWl
JbIWqJwrONWcQisdsevzXab7ZkHHzKt5LVMAGM/KWdkDm85KIR68XShCjA58G8qnAcJ0a8ADZF4N
JfWpfs2o6qhEx9iFaplfSIXzRAkd9GhkSZDB8USNCklp+1xNBefK9KJZdC0S2HJkLkxMxezgx1ln
WTKI+5JdmIqdR+t3Qn/JRuIZ3SdApJ9XwFBQoY8iXJaJmh0wOY+LoroRRd4Qif3pqrjOpfiPTtVr
mvMLfRmZVwO8HjzlHoNZJECNoAxYQM5gJYGL18IIgObrlsRo83oI6m1OJ/0lpCFTOlZvtNBIGNTV
E0slqedJSTVdDIgVYQ2Wql86WRCz5/k15iJF6pQ4NJsKx3pI0PWOalTzae4IwqL23BSvee+X3TKG
nKCLj5t1mVzK5oqO8K+gfWOe8KaBQMkgekpp2qKuyqqDzDG9OTJ3FnS5RFZ0JKhOqPU5AfMGVkxj
y640jVQN/IKVAjRBN+vqNodeKrABJLG+lxvkiLcGoWcZaTjfOYAmH4m8/Qrsa2telqqWWpOkaHuL
xSFo6GBtDrOFyRgZSqcMal/DJWtH3ZUliTOlurZasRC4wmrG4kxdm+9imc8XcAG1bBZHQ5M1mkMc
qetu1epRzTBizBK4GbpYuDBlLp9SbUbyuspToH0/BqQjNV+3aXJo13igaJg80pOmgrpgZMtLhd3W
2pL/UlQxlIe6YUKPww6WeUsOYanmMl63YLi40Jy2mLd5Q6B5+SUJ7SZnxrNCwdJvRhpQr2MNE5jl
wJCu+9C5NYHJaqX6LbWOQ1gd2baYV5BTRX6DlII2mjOaI0ZtKiyiAruz39bp5b88BeR1Pob/Qtbp
P4Z/01YrRsH43A1KBlwj4D1WFILTDUK06z5W7ADeskUY5Jqv/gnosU0wPuQtRNIhXJUIV0LdqqRj
z1uV/SWwK7W5Esaz1W2iVNpsydFO69Xl06m4/P7ZhXj+7MWzS/H4/Pz5s6cX4vzpa/H21et/f/r6
SGCSuHyFWU/F2+9fPX8qzl+/evL04mK8b/73MuNc1XnFAZxccEPkJXQjqufFxs3aYDtSiJS9Ck8Z
wQkq7WAZ1JOqBJVwzVAkovZDeqb162ZBkRgcIeejpzFkDQROd+vCe7vGHq8oelBewAvGd2eTGpi2
OIS2UgmlD5qvhK6Wql67oQGapVbNllTXMrQ2D+9HyVDuGsrnso5hFKNtgcC+537uspUROmaVMKvg
tZey7DhZGWKCRK6DBj486qPBvgr2SqgDa4YEvNX0LrfWNxavtLfX6o5so+qKdINLjvBxU4ot/o0G
vGL0QahvWYZW7PYd+4k74ZFVR0PY0JbV1bIPs3q1mTEaKuZQwkSNkeQd3RD3qNSOdlz0CSaJrMZO
nA5pRU675UpnYzrlE+bFiF708jqjSWYB485o9hTgCQEepi7vYTDCNUIedriGkjVNp8gttAtIbd5n
p+SvaLctVke9IHV2YJLQscaGpn6QT0t5O+JeddPj/kSuaDRfIlGsKbDWBLylNJAEKfQtKI3Flq9k
L4aVbDF3dQzJ+cpgxBuOKGvuEG5tZyOys0q/21dqSovI6ekN9OTehjQwM3FImr7syA3sDXFnwIXT
FGSOxD6gp3MLDWXFVxqEXqNJ3JKHZYahmqB+Z5rc76s5WFDdYOB+HNTHFHFWmkP9qYkQyMoWVaGz
y1i2yYKzcEYZCRN0yMQYdm66VDJvdWSJ1SbP1KHtwVBM/Svyq/W6JeBHYmQPJMjS441HbY8M/PbE
N257m8LyoQZlj6mmnIofzvFpMQYNWmPxPdJAKNMJ53XiyfmbI6wFDjEM7CZPofecJ2j3uYE/YvhT
4fcZ9zYZb5g7g7lj8TiFp1rIIjtG7akrhFRBic1W2JTv4pKCDSxxG/UGwHYKmltya5RdymIsCIk3
5+V5n2dvK0YqIwipG0RNWtitytXIPO8VNi+M2TX5r2ojT8rIezE2FPFMuoSMXavHILZ6kaMXPRyL
c7OmkPWcF0hTuhpd4B2zWs6JBMgEbGtWBScsVI8ugTxZu6xJTvr2oS6w6ZhfNa14cfmGMUXRuCKy
464VVNCzKLfb6bpi3DubZduNaNWUsR2Whqrkky+29UxQJwGpEJLVnkwUzFmWJ3QnPm/0zepS5Evw
piXZQRr883L4qSPGBUK7ZqQXxAm4XfbEiNGS/XmjRapzCcxtjY4SJUo3FIyvM4XU2SvOkc6eXTz+
FukRp1NdyTpEHpsrZz601VlCTspofkqQDkuNLZ1bW09V3M2nfb32SNhUp5l0dQF3xe+Fqekb3YUg
ay6bSkdvYxE2AdNYa2hPFlXVcKeiL9NUX4izG6f+t2jkdR8u8BVVt77gSu+2jo0Q4/sBOmszTZyf
q7zUzQDm1Ffih7i6JcuvxbMzcfjDm2dnDyF3mD1wwPwbiI0EkyPewziofKtTwx+df8Aaqq3sSlj7
D98+7+Gb0m4w8hVvRmd8nDmweE0uwrRVfUvJxNFb4Dei2xAnVZbxtniXZ+vRbZenW4EwP0e73ZxL
bsdoU9P/JwPNA/b0xq66xrSFEjiRVrtZs2ak10yFOfKlbXQIMe7R7EIxUJbzTX1S0rJiPxYf9bOu
c3Uz2kTo+zpomrmPl1VH3iPTsc44E7CsZy0Fd/KO3AWB+On7VHi8+DXH6sFiJrxUuuqOlQYWq4xs
v6EbpGxKi17PWLVoeBP1vS35tNGGfPhAIfdRNTfLsJtCPL0PS+t+NGUNSKmQvboD2X4xfW6wcfea
O3FR8a85yiZPdcwgeiRkCoVrunjIhTkFUcxQqQ6d/LAJbdxlMsohk0QViksFrd68a5FfYQuqkdkT
FRKkz+vqpl1oP4YtpFhoaAMnB+tvWh2SGdkRcaNHbbRljSbt2VkzoIvcNEleQxP6DHhDpuk29WkO
r9kREuCNgCJK5M1TnqjNdyoHttLdtrk2Ah7flbDxaDcy5woXEaZTRrVW1aorelsyD5QE8BwTS1zO
Ibk4ItJ5JwrD5M6QJ5iyg0ZMY29q8h/qQ3LBrYd1+mDUDYhs3Xa69YRkriO6xLs3tPEWu8PmjsQg
0MNJjPS1r83MBYQ51aiMV8vlapxXjDH833pJJSPsu6XGa9JsUafYZd6L7XsmgX2fnM9rNTctRtOP
1H0X+sXP1T59jB8c0KuzV3SZb2QihU4ayKfdKF2XSP5pFu3YMOJbAnhsPDg6QPDecL5b0dUqLZw7
TIVA9XujYUiP6GoEB7hBEHpCHX417O0dIWKsFhK2osjd14RDn6yu+DdXqEhG5CxLipD6bR/QdDiR
O71Ccz9lEIE7JOZIeNjh9n7NAGQp6/f9HnekqukairXNl9uwYkI0AaX5pPUURUiK5NtpQ26CmkV9
w3u83cC8Ge7Qc+7jSYCJMFqS2gIG/SUDA+Bbw8++k7Qwg9rv1ZvywrgMasqjgks5N8qzDSC6AtDV
+tyGXFDfYNHuGPCMy+qDMBI12Zji7YHODhpTDXIVpxMvyrjT9Ah7LpEakwbgG4pYagxLPnRhKJqA
B48FiRzI8DAntJSn07kULeXkVSd/Zr3uhBsgD3so+pFCO7Q8FdxXZi5Qdl5T0JDleh8FTE+QjmN+
vN4cn+yfnUHtGlVkY9OLoHzAUCZLDUi3cHLWlB/foYyhAIKk6RA8VTomkeLnt2q7M8+ZDQ71ptQG
nR1opIlh/amMLL/SXcMHEKjeOX2oRUBLptiyR+1Jz6FeoGb6kW4i6SysZ7/4L8iK2A0nxVtm5thg
wyVtjDk5Yfrd4mFPxEO9G+V4Rxw4SadIZjS1J5BQIN7TbT2k8mNWUoZD6/inso3uijXVUnF5ew9T
DCq0BLypar3zzFw5puHdKVodZEwRRfy4x913AxHSSdVWfnSEZkyMgR02D7Xc8pa10ag8pf6YZRwS
NjDf3um3cMVGIpy1S/r14/6+VIBckers6LROhVEYduTxgBA5nC+51qfGN6OW0W/bNnOOxJcOuyTd
OKeuplBtovGk8zSZgm6gUq0A6B02Fz9thkG2uv1JjB6Jn/CaH3jdFRSBsO/yBBYD5OUa4nhGrR2d
WNIEgJsdaID8uIVl1v0k/ozv9y6lubODnzZI6kQHW9IDEfyl0+9KR8zkA6iu/LlrSJf5FyKUPH7p
fNGjsIXCwOHxkMqUqUaIoe4Ob1D7GHwz+wtGdSM6k9/TScqtOXLd8Sf6PExCutCatBroNWKQ8fzt
astfVgtdq2zqmeFp+q774tayTt0opqr23tJCaGzYF1MThVuSiE75qjA/Um9Ms0TSBVy9L4/rr4BI
SYBn6TJju+NUfPf88aUepO6Lgn0535jrdkeT6BaKXqoj9zbN6/aIc9FvTPGrj56HjVydwlDuj8Bi
TllkZ2JugVCVrIX+FUdX91ln37yqN2fWnFIBDjL0hG8SND2fRv2BNySpOx0PvuNcirfi+TtAuFVg
Rt4PRkZccg9q4Uq3Q1j+jen7JVfUOWq4x4XULs6LvF1rg97oCVBpIRX9E5yx7g8QlQwfxWK9SUbp
Csu+UOmux/lWxE/4wgffeJjBIT646ErxAjodCseaWpOpZYu/vLjEg+PQ+/5SwolCeonnZdWmJ5ur
BxdXa337gKsKcUl5lf41Dc3VqIzIt57s/V5l+5aylBM7sl1nb/Da52GXhueS2qqpOmm6+jpHEcao
yFvT22hObJQEGNqpnk9sn8ZuFnmrRuSjqUdAI6Zzw5cbTjQyZihfYVczS1/K2Oys59FhGR2o95NW
1yvzJs2pnQVjWZ8wJRvd3xQSJ8xP7kQwS55XcbzejpHtDKbQ/aoTtpraJNwUFsxmg7YHPx/8/r98
Zfsy
===END CRASH DUMP===
